[2016-12-07T17:09:12,867][INFO ][o.e.n.Node               ] [] initializing ...
[2016-12-07T17:09:12,985][INFO ][o.e.e.NodeEnvironment    ] [nwthU-R] using [1] data paths, mounts [[/ (/dev/disk1)]], net usable_space [43.7gb], net total_space [111.8gb], spins? [unknown], types [hfs]
[2016-12-07T17:09:12,986][INFO ][o.e.e.NodeEnvironment    ] [nwthU-R] heap size [1.9gb], compressed ordinary object pointers [true]
[2016-12-07T17:09:12,988][INFO ][o.e.n.Node               ] [nwthU-R] node name [nwthU-R] derived from node ID; set [node.name] to override
[2016-12-07T17:09:12,994][INFO ][o.e.n.Node               ] [nwthU-R] version[5.0.1], pid[879], build[080bb47/2016-11-11T22:08:49.812Z], OS[Mac OS X/10.12.1/x86_64], JVM[Oracle Corporation/Java HotSpot(TM) 64-Bit Server VM/1.8.0_111/25.111-b14]
[2016-12-07T17:09:14,536][INFO ][o.e.p.PluginsService     ] [nwthU-R] loaded module [aggs-matrix-stats]
[2016-12-07T17:09:14,536][INFO ][o.e.p.PluginsService     ] [nwthU-R] loaded module [ingest-common]
[2016-12-07T17:09:14,536][INFO ][o.e.p.PluginsService     ] [nwthU-R] loaded module [lang-expression]
[2016-12-07T17:09:14,536][INFO ][o.e.p.PluginsService     ] [nwthU-R] loaded module [lang-groovy]
[2016-12-07T17:09:14,537][INFO ][o.e.p.PluginsService     ] [nwthU-R] loaded module [lang-mustache]
[2016-12-07T17:09:14,537][INFO ][o.e.p.PluginsService     ] [nwthU-R] loaded module [lang-painless]
[2016-12-07T17:09:14,537][INFO ][o.e.p.PluginsService     ] [nwthU-R] loaded module [percolator]
[2016-12-07T17:09:14,537][INFO ][o.e.p.PluginsService     ] [nwthU-R] loaded module [reindex]
[2016-12-07T17:09:14,537][INFO ][o.e.p.PluginsService     ] [nwthU-R] loaded module [transport-netty3]
[2016-12-07T17:09:14,537][INFO ][o.e.p.PluginsService     ] [nwthU-R] loaded module [transport-netty4]
[2016-12-07T17:09:14,538][INFO ][o.e.p.PluginsService     ] [nwthU-R] no plugins loaded
[2016-12-07T17:09:17,557][INFO ][o.e.n.Node               ] [nwthU-R] initialized
[2016-12-07T17:09:17,558][INFO ][o.e.n.Node               ] [nwthU-R] starting ...
[2016-12-07T17:09:22,846][INFO ][o.e.t.TransportService   ] [nwthU-R] publish_address {127.0.0.1:9300}, bound_addresses {[fe80::1]:9300}, {[::1]:9300}, {127.0.0.1:9300}
[2016-12-07T17:09:25,943][INFO ][o.e.c.s.ClusterService   ] [nwthU-R] new_master {nwthU-R}{nwthU-RSRJmrdHRK1B-nHg}{WqPn3s4JT1Kpf3T-T-Ux7g}{127.0.0.1}{127.0.0.1:9300}, reason: zen-disco-elected-as-master ([0] nodes joined)
[2016-12-07T17:09:25,990][INFO ][o.e.h.HttpServer         ] [nwthU-R] publish_address {127.0.0.1:9200}, bound_addresses {[fe80::1]:9200}, {[::1]:9200}, {127.0.0.1:9200}
[2016-12-07T17:09:25,991][INFO ][o.e.n.Node               ] [nwthU-R] started
[2016-12-07T17:09:26,017][INFO ][o.e.g.GatewayService     ] [nwthU-R] recovered [0] indices into cluster_state
[2016-12-07T17:38:54,135][INFO ][o.e.c.m.MetaDataCreateIndexService] [nwthU-R] [scraped_test] creating index, cause [api], templates [], shards [5]/[1], mappings []
[2016-12-07T17:38:54,355][INFO ][o.e.c.s.IndexScopedSettings] [nwthU-R] updating [index.refresh_interval] from [1s] to [-1]
[2016-12-07T17:38:54,357][INFO ][o.e.c.s.IndexScopedSettings] [nwthU-R] updating [index.refresh_interval] from [1s] to [-1]
[2016-12-07T17:38:54,676][INFO ][o.e.c.m.MetaDataMappingService] [nwthU-R] [scraped_test/uCNsDxRERPKp461FTW_eVQ] create_mapping [sentiments]
[2016-12-07T17:38:54,980][INFO ][o.e.c.s.IndexScopedSettings] [nwthU-R] updating [index.refresh_interval] from [-1] to [1s]
[2016-12-07T17:38:54,982][INFO ][o.e.c.s.IndexScopedSettings] [nwthU-R] updating [index.refresh_interval] from [-1] to [1s]
[2016-12-07T17:38:55,279][INFO ][o.e.c.m.MetaDataCreateIndexService] [nwthU-R] [update_log] creating index, cause [api], templates [], shards [5]/[1], mappings []
[2016-12-07T17:38:55,360][INFO ][o.e.c.m.MetaDataMappingService] [nwthU-R] [update_log/if1LA2j4S-OIcQ_R8lQg0g] create_mapping [entry]
[2016-12-07T20:26:17,672][INFO ][o.e.n.Node               ] [nwthU-R] stopping ...
[2016-12-07T20:26:18,307][INFO ][o.e.n.Node               ] [nwthU-R] stopped
[2016-12-07T20:26:18,308][INFO ][o.e.n.Node               ] [nwthU-R] closing ...
[2016-12-07T20:26:18,663][INFO ][o.e.n.Node               ] [nwthU-R] closed
