[2017-01-31T18:41:29,575][INFO ][o.e.n.Node               ] [] initializing ...
[2017-01-31T18:41:29,691][INFO ][o.e.e.NodeEnvironment    ] [nwthU-R] using [1] data paths, mounts [[/ (/dev/disk1)]], net usable_space [7.9gb], net total_space [111.8gb], spins? [unknown], types [hfs]
[2017-01-31T18:41:29,692][INFO ][o.e.e.NodeEnvironment    ] [nwthU-R] heap size [1.9gb], compressed ordinary object pointers [true]
[2017-01-31T18:41:29,804][INFO ][o.e.n.Node               ] [nwthU-R] node name [nwthU-R] derived from node ID; set [node.name] to override
[2017-01-31T18:41:29,809][INFO ][o.e.n.Node               ] [nwthU-R] version[5.0.1], pid[1987], build[080bb47/2016-11-11T22:08:49.812Z], OS[Mac OS X/10.12.3/x86_64], JVM[Oracle Corporation/Java HotSpot(TM) 64-Bit Server VM/1.8.0_111/25.111-b14]
[2017-01-31T18:41:31,228][INFO ][o.e.p.PluginsService     ] [nwthU-R] loaded module [aggs-matrix-stats]
[2017-01-31T18:41:31,228][INFO ][o.e.p.PluginsService     ] [nwthU-R] loaded module [ingest-common]
[2017-01-31T18:41:31,229][INFO ][o.e.p.PluginsService     ] [nwthU-R] loaded module [lang-expression]
[2017-01-31T18:41:31,229][INFO ][o.e.p.PluginsService     ] [nwthU-R] loaded module [lang-groovy]
[2017-01-31T18:41:31,229][INFO ][o.e.p.PluginsService     ] [nwthU-R] loaded module [lang-mustache]
[2017-01-31T18:41:31,229][INFO ][o.e.p.PluginsService     ] [nwthU-R] loaded module [lang-painless]
[2017-01-31T18:41:31,229][INFO ][o.e.p.PluginsService     ] [nwthU-R] loaded module [percolator]
[2017-01-31T18:41:31,229][INFO ][o.e.p.PluginsService     ] [nwthU-R] loaded module [reindex]
[2017-01-31T18:41:31,229][INFO ][o.e.p.PluginsService     ] [nwthU-R] loaded module [transport-netty3]
[2017-01-31T18:41:31,229][INFO ][o.e.p.PluginsService     ] [nwthU-R] loaded module [transport-netty4]
[2017-01-31T18:41:31,230][INFO ][o.e.p.PluginsService     ] [nwthU-R] no plugins loaded
[2017-01-31T18:41:34,040][INFO ][o.e.n.Node               ] [nwthU-R] initialized
[2017-01-31T18:41:34,041][INFO ][o.e.n.Node               ] [nwthU-R] starting ...
[2017-01-31T18:41:39,280][INFO ][o.e.t.TransportService   ] [nwthU-R] publish_address {127.0.0.1:9300}, bound_addresses {[fe80::1]:9300}, {[::1]:9300}, {127.0.0.1:9300}
[2017-01-31T18:41:42,342][INFO ][o.e.c.s.ClusterService   ] [nwthU-R] new_master {nwthU-R}{nwthU-RSRJmrdHRK1B-nHg}{J7FH2sjTTGSn2ZaiCq-AQw}{127.0.0.1}{127.0.0.1:9300}, reason: zen-disco-elected-as-master ([0] nodes joined)
[2017-01-31T18:41:42,365][INFO ][o.e.h.HttpServer         ] [nwthU-R] publish_address {127.0.0.1:9200}, bound_addresses {[fe80::1]:9200}, {[::1]:9200}, {127.0.0.1:9200}
[2017-01-31T18:41:42,365][INFO ][o.e.n.Node               ] [nwthU-R] started
[2017-01-31T18:41:42,701][INFO ][o.e.g.GatewayService     ] [nwthU-R] recovered [9] indices into cluster_state
[2017-01-31T18:41:44,013][INFO ][o.e.c.r.a.AllocationService] [nwthU-R] Cluster health status changed from [RED] to [YELLOW] (reason: [shards started [[footballdata][2]] ...]).
[2017-01-31T18:42:12,457][WARN ][o.e.c.r.a.DiskThresholdMonitor] [nwthU-R] high disk watermark [90%] exceeded on [nwthU-RSRJmrdHRK1B-nHg][nwthU-R][/Users/Javier/Desktop/JAVIER/elasticsearch-5.0.1/data/nodes/0] free: 7.9gb[7%], shards will be relocated away from this node
[2017-01-31T18:42:12,458][INFO ][o.e.c.r.a.DiskThresholdMonitor] [nwthU-R] rerouting shards: [high disk watermark exceeded on one or more nodes]
[2017-01-31T18:42:42,502][WARN ][o.e.c.r.a.DiskThresholdMonitor] [nwthU-R] high disk watermark [90%] exceeded on [nwthU-RSRJmrdHRK1B-nHg][nwthU-R][/Users/Javier/Desktop/JAVIER/elasticsearch-5.0.1/data/nodes/0] free: 7.9gb[7%], shards will be relocated away from this node
[2017-01-31T18:43:12,535][WARN ][o.e.c.r.a.DiskThresholdMonitor] [nwthU-R] high disk watermark [90%] exceeded on [nwthU-RSRJmrdHRK1B-nHg][nwthU-R][/Users/Javier/Desktop/JAVIER/elasticsearch-5.0.1/data/nodes/0] free: 7.9gb[7%], shards will be relocated away from this node
[2017-01-31T18:43:12,537][INFO ][o.e.c.r.a.DiskThresholdMonitor] [nwthU-R] rerouting shards: [high disk watermark exceeded on one or more nodes]
[2017-01-31T18:43:42,571][WARN ][o.e.c.r.a.DiskThresholdMonitor] [nwthU-R] high disk watermark [90%] exceeded on [nwthU-RSRJmrdHRK1B-nHg][nwthU-R][/Users/Javier/Desktop/JAVIER/elasticsearch-5.0.1/data/nodes/0] free: 7.9gb[7%], shards will be relocated away from this node
[2017-01-31T18:44:12,608][WARN ][o.e.c.r.a.DiskThresholdMonitor] [nwthU-R] high disk watermark [90%] exceeded on [nwthU-RSRJmrdHRK1B-nHg][nwthU-R][/Users/Javier/Desktop/JAVIER/elasticsearch-5.0.1/data/nodes/0] free: 7.9gb[7%], shards will be relocated away from this node
[2017-01-31T18:44:12,609][INFO ][o.e.c.r.a.DiskThresholdMonitor] [nwthU-R] rerouting shards: [high disk watermark exceeded on one or more nodes]
[2017-01-31T18:44:42,643][WARN ][o.e.c.r.a.DiskThresholdMonitor] [nwthU-R] high disk watermark [90%] exceeded on [nwthU-RSRJmrdHRK1B-nHg][nwthU-R][/Users/Javier/Desktop/JAVIER/elasticsearch-5.0.1/data/nodes/0] free: 7.9gb[7%], shards will be relocated away from this node
[2017-01-31T18:45:12,669][WARN ][o.e.c.r.a.DiskThresholdMonitor] [nwthU-R] high disk watermark [90%] exceeded on [nwthU-RSRJmrdHRK1B-nHg][nwthU-R][/Users/Javier/Desktop/JAVIER/elasticsearch-5.0.1/data/nodes/0] free: 7.9gb[7%], shards will be relocated away from this node
[2017-01-31T18:45:12,669][INFO ][o.e.c.r.a.DiskThresholdMonitor] [nwthU-R] rerouting shards: [high disk watermark exceeded on one or more nodes]
[2017-01-31T18:45:42,698][WARN ][o.e.c.r.a.DiskThresholdMonitor] [nwthU-R] high disk watermark [90%] exceeded on [nwthU-RSRJmrdHRK1B-nHg][nwthU-R][/Users/Javier/Desktop/JAVIER/elasticsearch-5.0.1/data/nodes/0] free: 7.9gb[7%], shards will be relocated away from this node
[2017-01-31T18:46:12,725][WARN ][o.e.c.r.a.DiskThresholdMonitor] [nwthU-R] high disk watermark [90%] exceeded on [nwthU-RSRJmrdHRK1B-nHg][nwthU-R][/Users/Javier/Desktop/JAVIER/elasticsearch-5.0.1/data/nodes/0] free: 7.9gb[7%], shards will be relocated away from this node
[2017-01-31T18:46:12,725][INFO ][o.e.c.r.a.DiskThresholdMonitor] [nwthU-R] rerouting shards: [high disk watermark exceeded on one or more nodes]
[2017-01-31T18:46:42,751][WARN ][o.e.c.r.a.DiskThresholdMonitor] [nwthU-R] high disk watermark [90%] exceeded on [nwthU-RSRJmrdHRK1B-nHg][nwthU-R][/Users/Javier/Desktop/JAVIER/elasticsearch-5.0.1/data/nodes/0] free: 7.9gb[7%], shards will be relocated away from this node
[2017-01-31T18:47:12,773][WARN ][o.e.c.r.a.DiskThresholdMonitor] [nwthU-R] high disk watermark [90%] exceeded on [nwthU-RSRJmrdHRK1B-nHg][nwthU-R][/Users/Javier/Desktop/JAVIER/elasticsearch-5.0.1/data/nodes/0] free: 7.9gb[7%], shards will be relocated away from this node
[2017-01-31T18:47:12,774][INFO ][o.e.c.r.a.DiskThresholdMonitor] [nwthU-R] rerouting shards: [high disk watermark exceeded on one or more nodes]
[2017-01-31T18:47:42,804][WARN ][o.e.c.r.a.DiskThresholdMonitor] [nwthU-R] high disk watermark [90%] exceeded on [nwthU-RSRJmrdHRK1B-nHg][nwthU-R][/Users/Javier/Desktop/JAVIER/elasticsearch-5.0.1/data/nodes/0] free: 7.9gb[7%], shards will be relocated away from this node
[2017-01-31T18:48:12,829][WARN ][o.e.c.r.a.DiskThresholdMonitor] [nwthU-R] high disk watermark [90%] exceeded on [nwthU-RSRJmrdHRK1B-nHg][nwthU-R][/Users/Javier/Desktop/JAVIER/elasticsearch-5.0.1/data/nodes/0] free: 7.9gb[7%], shards will be relocated away from this node
[2017-01-31T18:48:12,831][INFO ][o.e.c.r.a.DiskThresholdMonitor] [nwthU-R] rerouting shards: [high disk watermark exceeded on one or more nodes]
[2017-01-31T18:48:42,853][WARN ][o.e.c.r.a.DiskThresholdMonitor] [nwthU-R] high disk watermark [90%] exceeded on [nwthU-RSRJmrdHRK1B-nHg][nwthU-R][/Users/Javier/Desktop/JAVIER/elasticsearch-5.0.1/data/nodes/0] free: 7.9gb[7%], shards will be relocated away from this node
[2017-01-31T18:49:12,874][WARN ][o.e.c.r.a.DiskThresholdMonitor] [nwthU-R] high disk watermark [90%] exceeded on [nwthU-RSRJmrdHRK1B-nHg][nwthU-R][/Users/Javier/Desktop/JAVIER/elasticsearch-5.0.1/data/nodes/0] free: 7.9gb[7%], shards will be relocated away from this node
[2017-01-31T18:49:12,874][INFO ][o.e.c.r.a.DiskThresholdMonitor] [nwthU-R] rerouting shards: [high disk watermark exceeded on one or more nodes]
[2017-01-31T18:49:42,899][WARN ][o.e.c.r.a.DiskThresholdMonitor] [nwthU-R] high disk watermark [90%] exceeded on [nwthU-RSRJmrdHRK1B-nHg][nwthU-R][/Users/Javier/Desktop/JAVIER/elasticsearch-5.0.1/data/nodes/0] free: 7.9gb[7%], shards will be relocated away from this node
[2017-01-31T18:50:12,926][WARN ][o.e.c.r.a.DiskThresholdMonitor] [nwthU-R] high disk watermark [90%] exceeded on [nwthU-RSRJmrdHRK1B-nHg][nwthU-R][/Users/Javier/Desktop/JAVIER/elasticsearch-5.0.1/data/nodes/0] free: 7.9gb[7%], shards will be relocated away from this node
[2017-01-31T18:50:12,926][INFO ][o.e.c.r.a.DiskThresholdMonitor] [nwthU-R] rerouting shards: [high disk watermark exceeded on one or more nodes]
[2017-01-31T18:50:42,949][WARN ][o.e.c.r.a.DiskThresholdMonitor] [nwthU-R] high disk watermark [90%] exceeded on [nwthU-RSRJmrdHRK1B-nHg][nwthU-R][/Users/Javier/Desktop/JAVIER/elasticsearch-5.0.1/data/nodes/0] free: 7.9gb[7%], shards will be relocated away from this node
[2017-01-31T18:51:12,977][WARN ][o.e.c.r.a.DiskThresholdMonitor] [nwthU-R] high disk watermark [90%] exceeded on [nwthU-RSRJmrdHRK1B-nHg][nwthU-R][/Users/Javier/Desktop/JAVIER/elasticsearch-5.0.1/data/nodes/0] free: 7.9gb[7%], shards will be relocated away from this node
[2017-01-31T18:51:12,977][INFO ][o.e.c.r.a.DiskThresholdMonitor] [nwthU-R] rerouting shards: [high disk watermark exceeded on one or more nodes]
[2017-01-31T18:51:43,007][WARN ][o.e.c.r.a.DiskThresholdMonitor] [nwthU-R] high disk watermark [90%] exceeded on [nwthU-RSRJmrdHRK1B-nHg][nwthU-R][/Users/Javier/Desktop/JAVIER/elasticsearch-5.0.1/data/nodes/0] free: 7.9gb[7%], shards will be relocated away from this node
[2017-01-31T18:52:13,047][WARN ][o.e.c.r.a.DiskThresholdMonitor] [nwthU-R] high disk watermark [90%] exceeded on [nwthU-RSRJmrdHRK1B-nHg][nwthU-R][/Users/Javier/Desktop/JAVIER/elasticsearch-5.0.1/data/nodes/0] free: 7.9gb[7%], shards will be relocated away from this node
[2017-01-31T18:52:13,048][INFO ][o.e.c.r.a.DiskThresholdMonitor] [nwthU-R] rerouting shards: [high disk watermark exceeded on one or more nodes]
[2017-01-31T18:52:43,070][WARN ][o.e.c.r.a.DiskThresholdMonitor] [nwthU-R] high disk watermark [90%] exceeded on [nwthU-RSRJmrdHRK1B-nHg][nwthU-R][/Users/Javier/Desktop/JAVIER/elasticsearch-5.0.1/data/nodes/0] free: 7.9gb[7%], shards will be relocated away from this node
[2017-01-31T18:53:13,097][WARN ][o.e.c.r.a.DiskThresholdMonitor] [nwthU-R] high disk watermark [90%] exceeded on [nwthU-RSRJmrdHRK1B-nHg][nwthU-R][/Users/Javier/Desktop/JAVIER/elasticsearch-5.0.1/data/nodes/0] free: 7.9gb[7%], shards will be relocated away from this node
[2017-01-31T18:53:13,097][INFO ][o.e.c.r.a.DiskThresholdMonitor] [nwthU-R] rerouting shards: [high disk watermark exceeded on one or more nodes]
[2017-01-31T18:53:43,118][WARN ][o.e.c.r.a.DiskThresholdMonitor] [nwthU-R] high disk watermark [90%] exceeded on [nwthU-RSRJmrdHRK1B-nHg][nwthU-R][/Users/Javier/Desktop/JAVIER/elasticsearch-5.0.1/data/nodes/0] free: 7.9gb[7%], shards will be relocated away from this node
[2017-01-31T18:54:13,155][WARN ][o.e.c.r.a.DiskThresholdMonitor] [nwthU-R] high disk watermark [90%] exceeded on [nwthU-RSRJmrdHRK1B-nHg][nwthU-R][/Users/Javier/Desktop/JAVIER/elasticsearch-5.0.1/data/nodes/0] free: 7.9gb[7%], shards will be relocated away from this node
[2017-01-31T18:54:13,156][INFO ][o.e.c.r.a.DiskThresholdMonitor] [nwthU-R] rerouting shards: [high disk watermark exceeded on one or more nodes]
[2017-01-31T18:54:43,179][WARN ][o.e.c.r.a.DiskThresholdMonitor] [nwthU-R] high disk watermark [90%] exceeded on [nwthU-RSRJmrdHRK1B-nHg][nwthU-R][/Users/Javier/Desktop/JAVIER/elasticsearch-5.0.1/data/nodes/0] free: 7.9gb[7%], shards will be relocated away from this node
[2017-01-31T18:55:13,203][WARN ][o.e.c.r.a.DiskThresholdMonitor] [nwthU-R] high disk watermark [90%] exceeded on [nwthU-RSRJmrdHRK1B-nHg][nwthU-R][/Users/Javier/Desktop/JAVIER/elasticsearch-5.0.1/data/nodes/0] free: 7.9gb[7%], shards will be relocated away from this node
[2017-01-31T18:55:13,205][INFO ][o.e.c.r.a.DiskThresholdMonitor] [nwthU-R] rerouting shards: [high disk watermark exceeded on one or more nodes]
[2017-01-31T18:55:43,230][WARN ][o.e.c.r.a.DiskThresholdMonitor] [nwthU-R] high disk watermark [90%] exceeded on [nwthU-RSRJmrdHRK1B-nHg][nwthU-R][/Users/Javier/Desktop/JAVIER/elasticsearch-5.0.1/data/nodes/0] free: 7.9gb[7%], shards will be relocated away from this node
[2017-01-31T18:56:13,258][WARN ][o.e.c.r.a.DiskThresholdMonitor] [nwthU-R] high disk watermark [90%] exceeded on [nwthU-RSRJmrdHRK1B-nHg][nwthU-R][/Users/Javier/Desktop/JAVIER/elasticsearch-5.0.1/data/nodes/0] free: 7.9gb[7%], shards will be relocated away from this node
[2017-01-31T18:56:13,259][INFO ][o.e.c.r.a.DiskThresholdMonitor] [nwthU-R] rerouting shards: [high disk watermark exceeded on one or more nodes]
[2017-01-31T18:56:43,282][WARN ][o.e.c.r.a.DiskThresholdMonitor] [nwthU-R] high disk watermark [90%] exceeded on [nwthU-RSRJmrdHRK1B-nHg][nwthU-R][/Users/Javier/Desktop/JAVIER/elasticsearch-5.0.1/data/nodes/0] free: 7.8gb[7%], shards will be relocated away from this node
[2017-01-31T18:57:13,302][WARN ][o.e.c.r.a.DiskThresholdMonitor] [nwthU-R] high disk watermark [90%] exceeded on [nwthU-RSRJmrdHRK1B-nHg][nwthU-R][/Users/Javier/Desktop/JAVIER/elasticsearch-5.0.1/data/nodes/0] free: 7.8gb[7%], shards will be relocated away from this node
[2017-01-31T18:57:13,302][INFO ][o.e.c.r.a.DiskThresholdMonitor] [nwthU-R] rerouting shards: [high disk watermark exceeded on one or more nodes]
[2017-01-31T18:57:43,328][WARN ][o.e.c.r.a.DiskThresholdMonitor] [nwthU-R] high disk watermark [90%] exceeded on [nwthU-RSRJmrdHRK1B-nHg][nwthU-R][/Users/Javier/Desktop/JAVIER/elasticsearch-5.0.1/data/nodes/0] free: 7.8gb[7%], shards will be relocated away from this node
[2017-01-31T18:58:13,351][WARN ][o.e.c.r.a.DiskThresholdMonitor] [nwthU-R] high disk watermark [90%] exceeded on [nwthU-RSRJmrdHRK1B-nHg][nwthU-R][/Users/Javier/Desktop/JAVIER/elasticsearch-5.0.1/data/nodes/0] free: 7.8gb[7%], shards will be relocated away from this node
[2017-01-31T18:58:13,352][INFO ][o.e.c.r.a.DiskThresholdMonitor] [nwthU-R] rerouting shards: [high disk watermark exceeded on one or more nodes]
[2017-01-31T18:58:43,375][WARN ][o.e.c.r.a.DiskThresholdMonitor] [nwthU-R] high disk watermark [90%] exceeded on [nwthU-RSRJmrdHRK1B-nHg][nwthU-R][/Users/Javier/Desktop/JAVIER/elasticsearch-5.0.1/data/nodes/0] free: 7.8gb[7%], shards will be relocated away from this node
[2017-01-31T18:59:13,400][WARN ][o.e.c.r.a.DiskThresholdMonitor] [nwthU-R] high disk watermark [90%] exceeded on [nwthU-RSRJmrdHRK1B-nHg][nwthU-R][/Users/Javier/Desktop/JAVIER/elasticsearch-5.0.1/data/nodes/0] free: 7.8gb[7%], shards will be relocated away from this node
[2017-01-31T18:59:13,400][INFO ][o.e.c.r.a.DiskThresholdMonitor] [nwthU-R] rerouting shards: [high disk watermark exceeded on one or more nodes]
[2017-01-31T18:59:43,424][WARN ][o.e.c.r.a.DiskThresholdMonitor] [nwthU-R] high disk watermark [90%] exceeded on [nwthU-RSRJmrdHRK1B-nHg][nwthU-R][/Users/Javier/Desktop/JAVIER/elasticsearch-5.0.1/data/nodes/0] free: 7.8gb[7%], shards will be relocated away from this node
[2017-01-31T19:00:13,446][WARN ][o.e.c.r.a.DiskThresholdMonitor] [nwthU-R] high disk watermark [90%] exceeded on [nwthU-RSRJmrdHRK1B-nHg][nwthU-R][/Users/Javier/Desktop/JAVIER/elasticsearch-5.0.1/data/nodes/0] free: 7.8gb[7%], shards will be relocated away from this node
[2017-01-31T19:00:13,447][INFO ][o.e.c.r.a.DiskThresholdMonitor] [nwthU-R] rerouting shards: [high disk watermark exceeded on one or more nodes]
[2017-01-31T19:00:43,471][WARN ][o.e.c.r.a.DiskThresholdMonitor] [nwthU-R] high disk watermark [90%] exceeded on [nwthU-RSRJmrdHRK1B-nHg][nwthU-R][/Users/Javier/Desktop/JAVIER/elasticsearch-5.0.1/data/nodes/0] free: 7.8gb[7%], shards will be relocated away from this node
[2017-01-31T19:01:13,494][WARN ][o.e.c.r.a.DiskThresholdMonitor] [nwthU-R] high disk watermark [90%] exceeded on [nwthU-RSRJmrdHRK1B-nHg][nwthU-R][/Users/Javier/Desktop/JAVIER/elasticsearch-5.0.1/data/nodes/0] free: 7.8gb[7%], shards will be relocated away from this node
[2017-01-31T19:01:13,494][INFO ][o.e.c.r.a.DiskThresholdMonitor] [nwthU-R] rerouting shards: [high disk watermark exceeded on one or more nodes]
[2017-01-31T19:01:43,519][WARN ][o.e.c.r.a.DiskThresholdMonitor] [nwthU-R] high disk watermark [90%] exceeded on [nwthU-RSRJmrdHRK1B-nHg][nwthU-R][/Users/Javier/Desktop/JAVIER/elasticsearch-5.0.1/data/nodes/0] free: 7.8gb[7%], shards will be relocated away from this node
[2017-01-31T19:02:13,542][WARN ][o.e.c.r.a.DiskThresholdMonitor] [nwthU-R] high disk watermark [90%] exceeded on [nwthU-RSRJmrdHRK1B-nHg][nwthU-R][/Users/Javier/Desktop/JAVIER/elasticsearch-5.0.1/data/nodes/0] free: 7.8gb[7%], shards will be relocated away from this node
[2017-01-31T19:02:13,542][INFO ][o.e.c.r.a.DiskThresholdMonitor] [nwthU-R] rerouting shards: [high disk watermark exceeded on one or more nodes]
[2017-01-31T19:02:43,569][WARN ][o.e.c.r.a.DiskThresholdMonitor] [nwthU-R] high disk watermark [90%] exceeded on [nwthU-RSRJmrdHRK1B-nHg][nwthU-R][/Users/Javier/Desktop/JAVIER/elasticsearch-5.0.1/data/nodes/0] free: 7.8gb[7%], shards will be relocated away from this node
[2017-01-31T19:03:13,591][WARN ][o.e.c.r.a.DiskThresholdMonitor] [nwthU-R] high disk watermark [90%] exceeded on [nwthU-RSRJmrdHRK1B-nHg][nwthU-R][/Users/Javier/Desktop/JAVIER/elasticsearch-5.0.1/data/nodes/0] free: 7.8gb[7%], shards will be relocated away from this node
[2017-01-31T19:03:13,592][INFO ][o.e.c.r.a.DiskThresholdMonitor] [nwthU-R] rerouting shards: [high disk watermark exceeded on one or more nodes]
[2017-01-31T19:03:43,618][WARN ][o.e.c.r.a.DiskThresholdMonitor] [nwthU-R] high disk watermark [90%] exceeded on [nwthU-RSRJmrdHRK1B-nHg][nwthU-R][/Users/Javier/Desktop/JAVIER/elasticsearch-5.0.1/data/nodes/0] free: 7.8gb[7%], shards will be relocated away from this node
[2017-01-31T19:04:13,644][WARN ][o.e.c.r.a.DiskThresholdMonitor] [nwthU-R] high disk watermark [90%] exceeded on [nwthU-RSRJmrdHRK1B-nHg][nwthU-R][/Users/Javier/Desktop/JAVIER/elasticsearch-5.0.1/data/nodes/0] free: 7.8gb[7%], shards will be relocated away from this node
[2017-01-31T19:04:13,644][INFO ][o.e.c.r.a.DiskThresholdMonitor] [nwthU-R] rerouting shards: [high disk watermark exceeded on one or more nodes]
[2017-01-31T19:04:43,670][WARN ][o.e.c.r.a.DiskThresholdMonitor] [nwthU-R] high disk watermark [90%] exceeded on [nwthU-RSRJmrdHRK1B-nHg][nwthU-R][/Users/Javier/Desktop/JAVIER/elasticsearch-5.0.1/data/nodes/0] free: 7.8gb[7%], shards will be relocated away from this node
[2017-01-31T19:05:13,697][WARN ][o.e.c.r.a.DiskThresholdMonitor] [nwthU-R] high disk watermark [90%] exceeded on [nwthU-RSRJmrdHRK1B-nHg][nwthU-R][/Users/Javier/Desktop/JAVIER/elasticsearch-5.0.1/data/nodes/0] free: 7.8gb[7%], shards will be relocated away from this node
[2017-01-31T19:05:13,698][INFO ][o.e.c.r.a.DiskThresholdMonitor] [nwthU-R] rerouting shards: [high disk watermark exceeded on one or more nodes]
[2017-01-31T19:05:43,720][WARN ][o.e.c.r.a.DiskThresholdMonitor] [nwthU-R] high disk watermark [90%] exceeded on [nwthU-RSRJmrdHRK1B-nHg][nwthU-R][/Users/Javier/Desktop/JAVIER/elasticsearch-5.0.1/data/nodes/0] free: 7.8gb[7%], shards will be relocated away from this node
[2017-01-31T19:06:13,750][WARN ][o.e.c.r.a.DiskThresholdMonitor] [nwthU-R] high disk watermark [90%] exceeded on [nwthU-RSRJmrdHRK1B-nHg][nwthU-R][/Users/Javier/Desktop/JAVIER/elasticsearch-5.0.1/data/nodes/0] free: 7.8gb[7%], shards will be relocated away from this node
[2017-01-31T19:06:13,751][INFO ][o.e.c.r.a.DiskThresholdMonitor] [nwthU-R] rerouting shards: [high disk watermark exceeded on one or more nodes]
[2017-01-31T19:06:43,778][WARN ][o.e.c.r.a.DiskThresholdMonitor] [nwthU-R] high disk watermark [90%] exceeded on [nwthU-RSRJmrdHRK1B-nHg][nwthU-R][/Users/Javier/Desktop/JAVIER/elasticsearch-5.0.1/data/nodes/0] free: 7.8gb[7%], shards will be relocated away from this node
[2017-01-31T19:07:13,804][WARN ][o.e.c.r.a.DiskThresholdMonitor] [nwthU-R] high disk watermark [90%] exceeded on [nwthU-RSRJmrdHRK1B-nHg][nwthU-R][/Users/Javier/Desktop/JAVIER/elasticsearch-5.0.1/data/nodes/0] free: 7.8gb[7%], shards will be relocated away from this node
[2017-01-31T19:07:13,805][INFO ][o.e.c.r.a.DiskThresholdMonitor] [nwthU-R] rerouting shards: [high disk watermark exceeded on one or more nodes]
[2017-01-31T19:07:43,834][WARN ][o.e.c.r.a.DiskThresholdMonitor] [nwthU-R] high disk watermark [90%] exceeded on [nwthU-RSRJmrdHRK1B-nHg][nwthU-R][/Users/Javier/Desktop/JAVIER/elasticsearch-5.0.1/data/nodes/0] free: 7.8gb[7%], shards will be relocated away from this node
[2017-01-31T19:08:13,859][WARN ][o.e.c.r.a.DiskThresholdMonitor] [nwthU-R] high disk watermark [90%] exceeded on [nwthU-RSRJmrdHRK1B-nHg][nwthU-R][/Users/Javier/Desktop/JAVIER/elasticsearch-5.0.1/data/nodes/0] free: 7.8gb[6.9%], shards will be relocated away from this node
[2017-01-31T19:08:13,859][INFO ][o.e.c.r.a.DiskThresholdMonitor] [nwthU-R] rerouting shards: [high disk watermark exceeded on one or more nodes]
[2017-01-31T19:08:43,889][WARN ][o.e.c.r.a.DiskThresholdMonitor] [nwthU-R] high disk watermark [90%] exceeded on [nwthU-RSRJmrdHRK1B-nHg][nwthU-R][/Users/Javier/Desktop/JAVIER/elasticsearch-5.0.1/data/nodes/0] free: 7.6gb[6.8%], shards will be relocated away from this node
[2017-01-31T19:09:13,916][WARN ][o.e.c.r.a.DiskThresholdMonitor] [nwthU-R] high disk watermark [90%] exceeded on [nwthU-RSRJmrdHRK1B-nHg][nwthU-R][/Users/Javier/Desktop/JAVIER/elasticsearch-5.0.1/data/nodes/0] free: 7.6gb[6.7%], shards will be relocated away from this node
[2017-01-31T19:09:13,917][INFO ][o.e.c.r.a.DiskThresholdMonitor] [nwthU-R] rerouting shards: [high disk watermark exceeded on one or more nodes]
[2017-01-31T19:09:43,949][WARN ][o.e.c.r.a.DiskThresholdMonitor] [nwthU-R] high disk watermark [90%] exceeded on [nwthU-RSRJmrdHRK1B-nHg][nwthU-R][/Users/Javier/Desktop/JAVIER/elasticsearch-5.0.1/data/nodes/0] free: 7.5gb[6.7%], shards will be relocated away from this node
[2017-01-31T19:10:13,977][WARN ][o.e.c.r.a.DiskThresholdMonitor] [nwthU-R] high disk watermark [90%] exceeded on [nwthU-RSRJmrdHRK1B-nHg][nwthU-R][/Users/Javier/Desktop/JAVIER/elasticsearch-5.0.1/data/nodes/0] free: 7.5gb[6.7%], shards will be relocated away from this node
[2017-01-31T19:10:13,979][INFO ][o.e.c.r.a.DiskThresholdMonitor] [nwthU-R] rerouting shards: [high disk watermark exceeded on one or more nodes]
[2017-01-31T19:10:44,003][WARN ][o.e.c.r.a.DiskThresholdMonitor] [nwthU-R] high disk watermark [90%] exceeded on [nwthU-RSRJmrdHRK1B-nHg][nwthU-R][/Users/Javier/Desktop/JAVIER/elasticsearch-5.0.1/data/nodes/0] free: 7.5gb[6.7%], shards will be relocated away from this node
[2017-01-31T19:11:14,032][WARN ][o.e.c.r.a.DiskThresholdMonitor] [nwthU-R] high disk watermark [90%] exceeded on [nwthU-RSRJmrdHRK1B-nHg][nwthU-R][/Users/Javier/Desktop/JAVIER/elasticsearch-5.0.1/data/nodes/0] free: 7.5gb[6.7%], shards will be relocated away from this node
[2017-01-31T19:11:14,032][INFO ][o.e.c.r.a.DiskThresholdMonitor] [nwthU-R] rerouting shards: [high disk watermark exceeded on one or more nodes]
[2017-01-31T19:11:44,058][WARN ][o.e.c.r.a.DiskThresholdMonitor] [nwthU-R] high disk watermark [90%] exceeded on [nwthU-RSRJmrdHRK1B-nHg][nwthU-R][/Users/Javier/Desktop/JAVIER/elasticsearch-5.0.1/data/nodes/0] free: 7.5gb[6.7%], shards will be relocated away from this node
[2017-01-31T19:12:14,083][WARN ][o.e.c.r.a.DiskThresholdMonitor] [nwthU-R] high disk watermark [90%] exceeded on [nwthU-RSRJmrdHRK1B-nHg][nwthU-R][/Users/Javier/Desktop/JAVIER/elasticsearch-5.0.1/data/nodes/0] free: 7.5gb[6.7%], shards will be relocated away from this node
[2017-01-31T19:12:14,083][INFO ][o.e.c.r.a.DiskThresholdMonitor] [nwthU-R] rerouting shards: [high disk watermark exceeded on one or more nodes]
[2017-01-31T19:12:44,111][WARN ][o.e.c.r.a.DiskThresholdMonitor] [nwthU-R] high disk watermark [90%] exceeded on [nwthU-RSRJmrdHRK1B-nHg][nwthU-R][/Users/Javier/Desktop/JAVIER/elasticsearch-5.0.1/data/nodes/0] free: 7.5gb[6.7%], shards will be relocated away from this node
[2017-01-31T19:13:14,142][WARN ][o.e.c.r.a.DiskThresholdMonitor] [nwthU-R] high disk watermark [90%] exceeded on [nwthU-RSRJmrdHRK1B-nHg][nwthU-R][/Users/Javier/Desktop/JAVIER/elasticsearch-5.0.1/data/nodes/0] free: 7.5gb[6.7%], shards will be relocated away from this node
[2017-01-31T19:13:14,143][INFO ][o.e.c.r.a.DiskThresholdMonitor] [nwthU-R] rerouting shards: [high disk watermark exceeded on one or more nodes]
[2017-01-31T19:13:44,173][WARN ][o.e.c.r.a.DiskThresholdMonitor] [nwthU-R] high disk watermark [90%] exceeded on [nwthU-RSRJmrdHRK1B-nHg][nwthU-R][/Users/Javier/Desktop/JAVIER/elasticsearch-5.0.1/data/nodes/0] free: 7.5gb[6.7%], shards will be relocated away from this node
[2017-01-31T19:14:14,200][WARN ][o.e.c.r.a.DiskThresholdMonitor] [nwthU-R] high disk watermark [90%] exceeded on [nwthU-RSRJmrdHRK1B-nHg][nwthU-R][/Users/Javier/Desktop/JAVIER/elasticsearch-5.0.1/data/nodes/0] free: 7.5gb[6.7%], shards will be relocated away from this node
[2017-01-31T19:14:14,201][INFO ][o.e.c.r.a.DiskThresholdMonitor] [nwthU-R] rerouting shards: [high disk watermark exceeded on one or more nodes]
[2017-01-31T19:14:44,232][WARN ][o.e.c.r.a.DiskThresholdMonitor] [nwthU-R] high disk watermark [90%] exceeded on [nwthU-RSRJmrdHRK1B-nHg][nwthU-R][/Users/Javier/Desktop/JAVIER/elasticsearch-5.0.1/data/nodes/0] free: 7.5gb[6.7%], shards will be relocated away from this node
[2017-01-31T19:15:14,255][WARN ][o.e.c.r.a.DiskThresholdMonitor] [nwthU-R] high disk watermark [90%] exceeded on [nwthU-RSRJmrdHRK1B-nHg][nwthU-R][/Users/Javier/Desktop/JAVIER/elasticsearch-5.0.1/data/nodes/0] free: 7.8gb[6.9%], shards will be relocated away from this node
[2017-01-31T19:15:14,255][INFO ][o.e.c.r.a.DiskThresholdMonitor] [nwthU-R] rerouting shards: [high disk watermark exceeded on one or more nodes]
[2017-01-31T19:15:44,287][WARN ][o.e.c.r.a.DiskThresholdMonitor] [nwthU-R] high disk watermark [90%] exceeded on [nwthU-RSRJmrdHRK1B-nHg][nwthU-R][/Users/Javier/Desktop/JAVIER/elasticsearch-5.0.1/data/nodes/0] free: 7.8gb[6.9%], shards will be relocated away from this node
[2017-01-31T19:16:14,312][WARN ][o.e.c.r.a.DiskThresholdMonitor] [nwthU-R] high disk watermark [90%] exceeded on [nwthU-RSRJmrdHRK1B-nHg][nwthU-R][/Users/Javier/Desktop/JAVIER/elasticsearch-5.0.1/data/nodes/0] free: 7.7gb[6.9%], shards will be relocated away from this node
[2017-01-31T19:16:14,312][INFO ][o.e.c.r.a.DiskThresholdMonitor] [nwthU-R] rerouting shards: [high disk watermark exceeded on one or more nodes]
[2017-01-31T19:16:44,336][WARN ][o.e.c.r.a.DiskThresholdMonitor] [nwthU-R] high disk watermark [90%] exceeded on [nwthU-RSRJmrdHRK1B-nHg][nwthU-R][/Users/Javier/Desktop/JAVIER/elasticsearch-5.0.1/data/nodes/0] free: 7.7gb[6.9%], shards will be relocated away from this node
[2017-01-31T19:17:14,362][WARN ][o.e.c.r.a.DiskThresholdMonitor] [nwthU-R] high disk watermark [90%] exceeded on [nwthU-RSRJmrdHRK1B-nHg][nwthU-R][/Users/Javier/Desktop/JAVIER/elasticsearch-5.0.1/data/nodes/0] free: 7.7gb[6.9%], shards will be relocated away from this node
[2017-01-31T19:17:14,363][INFO ][o.e.c.r.a.DiskThresholdMonitor] [nwthU-R] rerouting shards: [high disk watermark exceeded on one or more nodes]
[2017-01-31T19:17:44,390][WARN ][o.e.c.r.a.DiskThresholdMonitor] [nwthU-R] high disk watermark [90%] exceeded on [nwthU-RSRJmrdHRK1B-nHg][nwthU-R][/Users/Javier/Desktop/JAVIER/elasticsearch-5.0.1/data/nodes/0] free: 7.7gb[6.9%], shards will be relocated away from this node
[2017-01-31T19:18:14,417][WARN ][o.e.c.r.a.DiskThresholdMonitor] [nwthU-R] high disk watermark [90%] exceeded on [nwthU-RSRJmrdHRK1B-nHg][nwthU-R][/Users/Javier/Desktop/JAVIER/elasticsearch-5.0.1/data/nodes/0] free: 7.7gb[6.9%], shards will be relocated away from this node
[2017-01-31T19:18:14,417][INFO ][o.e.c.r.a.DiskThresholdMonitor] [nwthU-R] rerouting shards: [high disk watermark exceeded on one or more nodes]
[2017-01-31T19:18:44,441][WARN ][o.e.c.r.a.DiskThresholdMonitor] [nwthU-R] high disk watermark [90%] exceeded on [nwthU-RSRJmrdHRK1B-nHg][nwthU-R][/Users/Javier/Desktop/JAVIER/elasticsearch-5.0.1/data/nodes/0] free: 7.7gb[6.9%], shards will be relocated away from this node
[2017-01-31T19:19:14,468][WARN ][o.e.c.r.a.DiskThresholdMonitor] [nwthU-R] high disk watermark [90%] exceeded on [nwthU-RSRJmrdHRK1B-nHg][nwthU-R][/Users/Javier/Desktop/JAVIER/elasticsearch-5.0.1/data/nodes/0] free: 7.7gb[6.9%], shards will be relocated away from this node
[2017-01-31T19:19:14,469][INFO ][o.e.c.r.a.DiskThresholdMonitor] [nwthU-R] rerouting shards: [high disk watermark exceeded on one or more nodes]
[2017-01-31T19:19:44,497][WARN ][o.e.c.r.a.DiskThresholdMonitor] [nwthU-R] high disk watermark [90%] exceeded on [nwthU-RSRJmrdHRK1B-nHg][nwthU-R][/Users/Javier/Desktop/JAVIER/elasticsearch-5.0.1/data/nodes/0] free: 7.7gb[6.9%], shards will be relocated away from this node
[2017-01-31T19:20:14,524][WARN ][o.e.c.r.a.DiskThresholdMonitor] [nwthU-R] high disk watermark [90%] exceeded on [nwthU-RSRJmrdHRK1B-nHg][nwthU-R][/Users/Javier/Desktop/JAVIER/elasticsearch-5.0.1/data/nodes/0] free: 7.7gb[6.9%], shards will be relocated away from this node
[2017-01-31T19:20:14,524][INFO ][o.e.c.r.a.DiskThresholdMonitor] [nwthU-R] rerouting shards: [high disk watermark exceeded on one or more nodes]
[2017-01-31T19:20:44,548][WARN ][o.e.c.r.a.DiskThresholdMonitor] [nwthU-R] high disk watermark [90%] exceeded on [nwthU-RSRJmrdHRK1B-nHg][nwthU-R][/Users/Javier/Desktop/JAVIER/elasticsearch-5.0.1/data/nodes/0] free: 7.7gb[6.9%], shards will be relocated away from this node
[2017-01-31T19:21:14,576][WARN ][o.e.c.r.a.DiskThresholdMonitor] [nwthU-R] high disk watermark [90%] exceeded on [nwthU-RSRJmrdHRK1B-nHg][nwthU-R][/Users/Javier/Desktop/JAVIER/elasticsearch-5.0.1/data/nodes/0] free: 7.7gb[6.9%], shards will be relocated away from this node
[2017-01-31T19:21:14,577][INFO ][o.e.c.r.a.DiskThresholdMonitor] [nwthU-R] rerouting shards: [high disk watermark exceeded on one or more nodes]
[2017-01-31T19:21:44,605][WARN ][o.e.c.r.a.DiskThresholdMonitor] [nwthU-R] high disk watermark [90%] exceeded on [nwthU-RSRJmrdHRK1B-nHg][nwthU-R][/Users/Javier/Desktop/JAVIER/elasticsearch-5.0.1/data/nodes/0] free: 7.7gb[6.9%], shards will be relocated away from this node
[2017-01-31T19:22:14,634][WARN ][o.e.c.r.a.DiskThresholdMonitor] [nwthU-R] high disk watermark [90%] exceeded on [nwthU-RSRJmrdHRK1B-nHg][nwthU-R][/Users/Javier/Desktop/JAVIER/elasticsearch-5.0.1/data/nodes/0] free: 7.7gb[6.9%], shards will be relocated away from this node
[2017-01-31T19:22:14,635][INFO ][o.e.c.r.a.DiskThresholdMonitor] [nwthU-R] rerouting shards: [high disk watermark exceeded on one or more nodes]
[2017-01-31T19:22:44,671][WARN ][o.e.c.r.a.DiskThresholdMonitor] [nwthU-R] high disk watermark [90%] exceeded on [nwthU-RSRJmrdHRK1B-nHg][nwthU-R][/Users/Javier/Desktop/JAVIER/elasticsearch-5.0.1/data/nodes/0] free: 7.7gb[6.9%], shards will be relocated away from this node
[2017-01-31T19:23:14,697][WARN ][o.e.c.r.a.DiskThresholdMonitor] [nwthU-R] high disk watermark [90%] exceeded on [nwthU-RSRJmrdHRK1B-nHg][nwthU-R][/Users/Javier/Desktop/JAVIER/elasticsearch-5.0.1/data/nodes/0] free: 7.7gb[6.9%], shards will be relocated away from this node
[2017-01-31T19:23:14,697][INFO ][o.e.c.r.a.DiskThresholdMonitor] [nwthU-R] rerouting shards: [high disk watermark exceeded on one or more nodes]
[2017-01-31T19:23:44,726][WARN ][o.e.c.r.a.DiskThresholdMonitor] [nwthU-R] high disk watermark [90%] exceeded on [nwthU-RSRJmrdHRK1B-nHg][nwthU-R][/Users/Javier/Desktop/JAVIER/elasticsearch-5.0.1/data/nodes/0] free: 7.7gb[6.9%], shards will be relocated away from this node
[2017-01-31T19:24:14,751][WARN ][o.e.c.r.a.DiskThresholdMonitor] [nwthU-R] high disk watermark [90%] exceeded on [nwthU-RSRJmrdHRK1B-nHg][nwthU-R][/Users/Javier/Desktop/JAVIER/elasticsearch-5.0.1/data/nodes/0] free: 7.7gb[6.9%], shards will be relocated away from this node
[2017-01-31T19:24:14,751][INFO ][o.e.c.r.a.DiskThresholdMonitor] [nwthU-R] rerouting shards: [high disk watermark exceeded on one or more nodes]
[2017-01-31T19:24:44,777][WARN ][o.e.c.r.a.DiskThresholdMonitor] [nwthU-R] high disk watermark [90%] exceeded on [nwthU-RSRJmrdHRK1B-nHg][nwthU-R][/Users/Javier/Desktop/JAVIER/elasticsearch-5.0.1/data/nodes/0] free: 7.7gb[6.9%], shards will be relocated away from this node
[2017-01-31T19:25:14,822][WARN ][o.e.c.r.a.DiskThresholdMonitor] [nwthU-R] high disk watermark [90%] exceeded on [nwthU-RSRJmrdHRK1B-nHg][nwthU-R][/Users/Javier/Desktop/JAVIER/elasticsearch-5.0.1/data/nodes/0] free: 7.7gb[6.9%], shards will be relocated away from this node
[2017-01-31T19:25:14,824][INFO ][o.e.c.r.a.DiskThresholdMonitor] [nwthU-R] rerouting shards: [high disk watermark exceeded on one or more nodes]
[2017-01-31T19:25:44,902][WARN ][o.e.c.r.a.DiskThresholdMonitor] [nwthU-R] high disk watermark [90%] exceeded on [nwthU-RSRJmrdHRK1B-nHg][nwthU-R][/Users/Javier/Desktop/JAVIER/elasticsearch-5.0.1/data/nodes/0] free: 7.6gb[6.8%], shards will be relocated away from this node
[2017-01-31T19:26:14,971][WARN ][o.e.c.r.a.DiskThresholdMonitor] [nwthU-R] high disk watermark [90%] exceeded on [nwthU-RSRJmrdHRK1B-nHg][nwthU-R][/Users/Javier/Desktop/JAVIER/elasticsearch-5.0.1/data/nodes/0] free: 7.6gb[6.8%], shards will be relocated away from this node
[2017-01-31T19:26:14,971][INFO ][o.e.c.r.a.DiskThresholdMonitor] [nwthU-R] rerouting shards: [high disk watermark exceeded on one or more nodes]
[2017-01-31T19:26:45,051][WARN ][o.e.c.r.a.DiskThresholdMonitor] [nwthU-R] high disk watermark [90%] exceeded on [nwthU-RSRJmrdHRK1B-nHg][nwthU-R][/Users/Javier/Desktop/JAVIER/elasticsearch-5.0.1/data/nodes/0] free: 7.5gb[6.7%], shards will be relocated away from this node
[2017-01-31T19:27:15,155][WARN ][o.e.c.r.a.DiskThresholdMonitor] [nwthU-R] high disk watermark [90%] exceeded on [nwthU-RSRJmrdHRK1B-nHg][nwthU-R][/Users/Javier/Desktop/JAVIER/elasticsearch-5.0.1/data/nodes/0] free: 7.5gb[6.7%], shards will be relocated away from this node
[2017-01-31T19:27:15,157][INFO ][o.e.c.r.a.DiskThresholdMonitor] [nwthU-R] rerouting shards: [high disk watermark exceeded on one or more nodes]
[2017-01-31T19:27:45,186][WARN ][o.e.c.r.a.DiskThresholdMonitor] [nwthU-R] high disk watermark [90%] exceeded on [nwthU-RSRJmrdHRK1B-nHg][nwthU-R][/Users/Javier/Desktop/JAVIER/elasticsearch-5.0.1/data/nodes/0] free: 7.4gb[6.6%], shards will be relocated away from this node
[2017-01-31T19:28:15,230][WARN ][o.e.c.r.a.DiskThresholdMonitor] [nwthU-R] high disk watermark [90%] exceeded on [nwthU-RSRJmrdHRK1B-nHg][nwthU-R][/Users/Javier/Desktop/JAVIER/elasticsearch-5.0.1/data/nodes/0] free: 7.3gb[6.5%], shards will be relocated away from this node
[2017-01-31T19:28:15,232][INFO ][o.e.c.r.a.DiskThresholdMonitor] [nwthU-R] rerouting shards: [high disk watermark exceeded on one or more nodes]
[2017-01-31T19:28:45,263][WARN ][o.e.c.r.a.DiskThresholdMonitor] [nwthU-R] high disk watermark [90%] exceeded on [nwthU-RSRJmrdHRK1B-nHg][nwthU-R][/Users/Javier/Desktop/JAVIER/elasticsearch-5.0.1/data/nodes/0] free: 7.3gb[6.5%], shards will be relocated away from this node
[2017-01-31T19:29:15,321][WARN ][o.e.c.r.a.DiskThresholdMonitor] [nwthU-R] high disk watermark [90%] exceeded on [nwthU-RSRJmrdHRK1B-nHg][nwthU-R][/Users/Javier/Desktop/JAVIER/elasticsearch-5.0.1/data/nodes/0] free: 7.2gb[6.4%], shards will be relocated away from this node
[2017-01-31T19:29:15,323][INFO ][o.e.c.r.a.DiskThresholdMonitor] [nwthU-R] rerouting shards: [high disk watermark exceeded on one or more nodes]
[2017-01-31T19:29:45,482][WARN ][o.e.c.r.a.DiskThresholdMonitor] [nwthU-R] high disk watermark [90%] exceeded on [nwthU-RSRJmrdHRK1B-nHg][nwthU-R][/Users/Javier/Desktop/JAVIER/elasticsearch-5.0.1/data/nodes/0] free: 7.1gb[6.4%], shards will be relocated away from this node
[2017-01-31T19:30:15,543][WARN ][o.e.c.r.a.DiskThresholdMonitor] [nwthU-R] high disk watermark [90%] exceeded on [nwthU-RSRJmrdHRK1B-nHg][nwthU-R][/Users/Javier/Desktop/JAVIER/elasticsearch-5.0.1/data/nodes/0] free: 7.1gb[6.3%], shards will be relocated away from this node
[2017-01-31T19:30:15,543][INFO ][o.e.c.r.a.DiskThresholdMonitor] [nwthU-R] rerouting shards: [high disk watermark exceeded on one or more nodes]
[2017-01-31T19:30:45,610][WARN ][o.e.c.r.a.DiskThresholdMonitor] [nwthU-R] high disk watermark [90%] exceeded on [nwthU-RSRJmrdHRK1B-nHg][nwthU-R][/Users/Javier/Desktop/JAVIER/elasticsearch-5.0.1/data/nodes/0] free: 7gb[6.3%], shards will be relocated away from this node
[2017-01-31T19:31:15,672][WARN ][o.e.c.r.a.DiskThresholdMonitor] [nwthU-R] high disk watermark [90%] exceeded on [nwthU-RSRJmrdHRK1B-nHg][nwthU-R][/Users/Javier/Desktop/JAVIER/elasticsearch-5.0.1/data/nodes/0] free: 6.9gb[6.2%], shards will be relocated away from this node
[2017-01-31T19:31:15,674][INFO ][o.e.c.r.a.DiskThresholdMonitor] [nwthU-R] rerouting shards: [high disk watermark exceeded on one or more nodes]
[2017-01-31T19:31:45,711][WARN ][o.e.c.r.a.DiskThresholdMonitor] [nwthU-R] high disk watermark [90%] exceeded on [nwthU-RSRJmrdHRK1B-nHg][nwthU-R][/Users/Javier/Desktop/JAVIER/elasticsearch-5.0.1/data/nodes/0] free: 6.9gb[6.1%], shards will be relocated away from this node
[2017-01-31T19:32:15,789][WARN ][o.e.c.r.a.DiskThresholdMonitor] [nwthU-R] high disk watermark [90%] exceeded on [nwthU-RSRJmrdHRK1B-nHg][nwthU-R][/Users/Javier/Desktop/JAVIER/elasticsearch-5.0.1/data/nodes/0] free: 6.8gb[6.1%], shards will be relocated away from this node
[2017-01-31T19:32:15,789][INFO ][o.e.c.r.a.DiskThresholdMonitor] [nwthU-R] rerouting shards: [high disk watermark exceeded on one or more nodes]
[2017-01-31T19:32:45,830][WARN ][o.e.c.r.a.DiskThresholdMonitor] [nwthU-R] high disk watermark [90%] exceeded on [nwthU-RSRJmrdHRK1B-nHg][nwthU-R][/Users/Javier/Desktop/JAVIER/elasticsearch-5.0.1/data/nodes/0] free: 6.7gb[6%], shards will be relocated away from this node
[2017-01-31T19:33:15,895][WARN ][o.e.c.r.a.DiskThresholdMonitor] [nwthU-R] high disk watermark [90%] exceeded on [nwthU-RSRJmrdHRK1B-nHg][nwthU-R][/Users/Javier/Desktop/JAVIER/elasticsearch-5.0.1/data/nodes/0] free: 6.7gb[6%], shards will be relocated away from this node
[2017-01-31T19:33:15,896][INFO ][o.e.c.r.a.DiskThresholdMonitor] [nwthU-R] rerouting shards: [high disk watermark exceeded on one or more nodes]
[2017-01-31T19:33:45,948][WARN ][o.e.c.r.a.DiskThresholdMonitor] [nwthU-R] high disk watermark [90%] exceeded on [nwthU-RSRJmrdHRK1B-nHg][nwthU-R][/Users/Javier/Desktop/JAVIER/elasticsearch-5.0.1/data/nodes/0] free: 6.6gb[5.9%], shards will be relocated away from this node
[2017-01-31T19:34:16,004][WARN ][o.e.c.r.a.DiskThresholdMonitor] [nwthU-R] high disk watermark [90%] exceeded on [nwthU-RSRJmrdHRK1B-nHg][nwthU-R][/Users/Javier/Desktop/JAVIER/elasticsearch-5.0.1/data/nodes/0] free: 6.6gb[5.9%], shards will be relocated away from this node
[2017-01-31T19:34:16,005][INFO ][o.e.c.r.a.DiskThresholdMonitor] [nwthU-R] rerouting shards: [high disk watermark exceeded on one or more nodes]
[2017-01-31T19:34:46,033][WARN ][o.e.c.r.a.DiskThresholdMonitor] [nwthU-R] high disk watermark [90%] exceeded on [nwthU-RSRJmrdHRK1B-nHg][nwthU-R][/Users/Javier/Desktop/JAVIER/elasticsearch-5.0.1/data/nodes/0] free: 6.5gb[5.8%], shards will be relocated away from this node
[2017-01-31T19:35:16,057][WARN ][o.e.c.r.a.DiskThresholdMonitor] [nwthU-R] high disk watermark [90%] exceeded on [nwthU-RSRJmrdHRK1B-nHg][nwthU-R][/Users/Javier/Desktop/JAVIER/elasticsearch-5.0.1/data/nodes/0] free: 6.5gb[5.8%], shards will be relocated away from this node
[2017-01-31T19:35:16,057][INFO ][o.e.c.r.a.DiskThresholdMonitor] [nwthU-R] rerouting shards: [high disk watermark exceeded on one or more nodes]
[2017-01-31T19:35:45,889][WARN ][o.e.c.r.a.DiskThresholdMonitor] [nwthU-R] high disk watermark [90%] exceeded on [nwthU-RSRJmrdHRK1B-nHg][nwthU-R][/Users/Javier/Desktop/JAVIER/elasticsearch-5.0.1/data/nodes/0] free: 6.5gb[5.8%], shards will be relocated away from this node
[2017-01-31T19:36:15,916][WARN ][o.e.c.r.a.DiskThresholdMonitor] [nwthU-R] high disk watermark [90%] exceeded on [nwthU-RSRJmrdHRK1B-nHg][nwthU-R][/Users/Javier/Desktop/JAVIER/elasticsearch-5.0.1/data/nodes/0] free: 6.5gb[5.8%], shards will be relocated away from this node
[2017-01-31T19:36:15,916][INFO ][o.e.c.r.a.DiskThresholdMonitor] [nwthU-R] rerouting shards: [high disk watermark exceeded on one or more nodes]
[2017-01-31T19:36:45,941][WARN ][o.e.c.r.a.DiskThresholdMonitor] [nwthU-R] high disk watermark [90%] exceeded on [nwthU-RSRJmrdHRK1B-nHg][nwthU-R][/Users/Javier/Desktop/JAVIER/elasticsearch-5.0.1/data/nodes/0] free: 6.5gb[5.8%], shards will be relocated away from this node
[2017-01-31T19:37:15,969][WARN ][o.e.c.r.a.DiskThresholdMonitor] [nwthU-R] high disk watermark [90%] exceeded on [nwthU-RSRJmrdHRK1B-nHg][nwthU-R][/Users/Javier/Desktop/JAVIER/elasticsearch-5.0.1/data/nodes/0] free: 6.5gb[5.8%], shards will be relocated away from this node
[2017-01-31T19:37:15,969][INFO ][o.e.c.r.a.DiskThresholdMonitor] [nwthU-R] rerouting shards: [high disk watermark exceeded on one or more nodes]
[2017-01-31T19:37:45,995][WARN ][o.e.c.r.a.DiskThresholdMonitor] [nwthU-R] high disk watermark [90%] exceeded on [nwthU-RSRJmrdHRK1B-nHg][nwthU-R][/Users/Javier/Desktop/JAVIER/elasticsearch-5.0.1/data/nodes/0] free: 6.5gb[5.8%], shards will be relocated away from this node
[2017-01-31T19:38:16,021][WARN ][o.e.c.r.a.DiskThresholdMonitor] [nwthU-R] high disk watermark [90%] exceeded on [nwthU-RSRJmrdHRK1B-nHg][nwthU-R][/Users/Javier/Desktop/JAVIER/elasticsearch-5.0.1/data/nodes/0] free: 6.5gb[5.8%], shards will be relocated away from this node
[2017-01-31T19:38:16,021][INFO ][o.e.c.r.a.DiskThresholdMonitor] [nwthU-R] rerouting shards: [high disk watermark exceeded on one or more nodes]
[2017-01-31T19:39:59,868][WARN ][o.e.c.r.a.DiskThresholdMonitor] [nwthU-R] high disk watermark [90%] exceeded on [nwthU-RSRJmrdHRK1B-nHg][nwthU-R][/Users/Javier/Desktop/JAVIER/elasticsearch-5.0.1/data/nodes/0] free: 5.6gb[5%], shards will be relocated away from this node
[2017-01-31T19:40:29,981][WARN ][o.e.c.r.a.DiskThresholdMonitor] [nwthU-R] high disk watermark [90%] exceeded on [nwthU-RSRJmrdHRK1B-nHg][nwthU-R][/Users/Javier/Desktop/JAVIER/elasticsearch-5.0.1/data/nodes/0] free: 5.6gb[5%], shards will be relocated away from this node
[2017-01-31T19:40:29,981][INFO ][o.e.c.r.a.DiskThresholdMonitor] [nwthU-R] rerouting shards: [high disk watermark exceeded on one or more nodes]
[2017-01-31T19:41:00,241][WARN ][o.e.c.r.a.DiskThresholdMonitor] [nwthU-R] high disk watermark [90%] exceeded on [nwthU-RSRJmrdHRK1B-nHg][nwthU-R][/Users/Javier/Desktop/JAVIER/elasticsearch-5.0.1/data/nodes/0] free: 4.7gb[4.2%], shards will be relocated away from this node
[2017-01-31T19:41:30,277][WARN ][o.e.c.r.a.DiskThresholdMonitor] [nwthU-R] high disk watermark [90%] exceeded on [nwthU-RSRJmrdHRK1B-nHg][nwthU-R][/Users/Javier/Desktop/JAVIER/elasticsearch-5.0.1/data/nodes/0] free: 3.2gb[2.8%], shards will be relocated away from this node
[2017-01-31T19:41:30,277][INFO ][o.e.c.r.a.DiskThresholdMonitor] [nwthU-R] rerouting shards: [high disk watermark exceeded on one or more nodes]
[2017-01-31T19:42:00,308][WARN ][o.e.c.r.a.DiskThresholdMonitor] [nwthU-R] high disk watermark [90%] exceeded on [nwthU-RSRJmrdHRK1B-nHg][nwthU-R][/Users/Javier/Desktop/JAVIER/elasticsearch-5.0.1/data/nodes/0] free: 4.4gb[3.9%], shards will be relocated away from this node
[2017-01-31T19:42:30,339][WARN ][o.e.c.r.a.DiskThresholdMonitor] [nwthU-R] high disk watermark [90%] exceeded on [nwthU-RSRJmrdHRK1B-nHg][nwthU-R][/Users/Javier/Desktop/JAVIER/elasticsearch-5.0.1/data/nodes/0] free: 4.4gb[3.9%], shards will be relocated away from this node
[2017-01-31T19:42:30,339][INFO ][o.e.c.r.a.DiskThresholdMonitor] [nwthU-R] rerouting shards: [high disk watermark exceeded on one or more nodes]
[2017-01-31T19:43:00,368][WARN ][o.e.c.r.a.DiskThresholdMonitor] [nwthU-R] high disk watermark [90%] exceeded on [nwthU-RSRJmrdHRK1B-nHg][nwthU-R][/Users/Javier/Desktop/JAVIER/elasticsearch-5.0.1/data/nodes/0] free: 4.4gb[3.9%], shards will be relocated away from this node
[2017-01-31T19:43:30,396][WARN ][o.e.c.r.a.DiskThresholdMonitor] [nwthU-R] high disk watermark [90%] exceeded on [nwthU-RSRJmrdHRK1B-nHg][nwthU-R][/Users/Javier/Desktop/JAVIER/elasticsearch-5.0.1/data/nodes/0] free: 4.4gb[3.9%], shards will be relocated away from this node
[2017-01-31T19:43:30,397][INFO ][o.e.c.r.a.DiskThresholdMonitor] [nwthU-R] rerouting shards: [high disk watermark exceeded on one or more nodes]
[2017-01-31T19:44:00,425][WARN ][o.e.c.r.a.DiskThresholdMonitor] [nwthU-R] high disk watermark [90%] exceeded on [nwthU-RSRJmrdHRK1B-nHg][nwthU-R][/Users/Javier/Desktop/JAVIER/elasticsearch-5.0.1/data/nodes/0] free: 4.4gb[3.9%], shards will be relocated away from this node
[2017-01-31T19:44:30,460][WARN ][o.e.c.r.a.DiskThresholdMonitor] [nwthU-R] high disk watermark [90%] exceeded on [nwthU-RSRJmrdHRK1B-nHg][nwthU-R][/Users/Javier/Desktop/JAVIER/elasticsearch-5.0.1/data/nodes/0] free: 4.4gb[3.9%], shards will be relocated away from this node
[2017-01-31T19:44:30,460][INFO ][o.e.c.r.a.DiskThresholdMonitor] [nwthU-R] rerouting shards: [high disk watermark exceeded on one or more nodes]
[2017-01-31T19:45:00,488][WARN ][o.e.c.r.a.DiskThresholdMonitor] [nwthU-R] high disk watermark [90%] exceeded on [nwthU-RSRJmrdHRK1B-nHg][nwthU-R][/Users/Javier/Desktop/JAVIER/elasticsearch-5.0.1/data/nodes/0] free: 4.4gb[3.9%], shards will be relocated away from this node
[2017-01-31T19:45:30,515][WARN ][o.e.c.r.a.DiskThresholdMonitor] [nwthU-R] high disk watermark [90%] exceeded on [nwthU-RSRJmrdHRK1B-nHg][nwthU-R][/Users/Javier/Desktop/JAVIER/elasticsearch-5.0.1/data/nodes/0] free: 4.4gb[3.9%], shards will be relocated away from this node
[2017-01-31T19:45:30,515][INFO ][o.e.c.r.a.DiskThresholdMonitor] [nwthU-R] rerouting shards: [high disk watermark exceeded on one or more nodes]
[2017-01-31T19:46:00,543][WARN ][o.e.c.r.a.DiskThresholdMonitor] [nwthU-R] high disk watermark [90%] exceeded on [nwthU-RSRJmrdHRK1B-nHg][nwthU-R][/Users/Javier/Desktop/JAVIER/elasticsearch-5.0.1/data/nodes/0] free: 4.4gb[3.9%], shards will be relocated away from this node
[2017-01-31T19:46:30,568][WARN ][o.e.c.r.a.DiskThresholdMonitor] [nwthU-R] high disk watermark [90%] exceeded on [nwthU-RSRJmrdHRK1B-nHg][nwthU-R][/Users/Javier/Desktop/JAVIER/elasticsearch-5.0.1/data/nodes/0] free: 4.4gb[3.9%], shards will be relocated away from this node
[2017-01-31T19:46:30,568][INFO ][o.e.c.r.a.DiskThresholdMonitor] [nwthU-R] rerouting shards: [high disk watermark exceeded on one or more nodes]
[2017-01-31T19:47:00,595][WARN ][o.e.c.r.a.DiskThresholdMonitor] [nwthU-R] high disk watermark [90%] exceeded on [nwthU-RSRJmrdHRK1B-nHg][nwthU-R][/Users/Javier/Desktop/JAVIER/elasticsearch-5.0.1/data/nodes/0] free: 4.4gb[3.9%], shards will be relocated away from this node
[2017-01-31T19:47:30,804][WARN ][o.e.c.r.a.DiskThresholdMonitor] [nwthU-R] high disk watermark [90%] exceeded on [nwthU-RSRJmrdHRK1B-nHg][nwthU-R][/Users/Javier/Desktop/JAVIER/elasticsearch-5.0.1/data/nodes/0] free: 4.4gb[3.9%], shards will be relocated away from this node
[2017-01-31T19:47:30,804][INFO ][o.e.c.r.a.DiskThresholdMonitor] [nwthU-R] rerouting shards: [high disk watermark exceeded on one or more nodes]
[2017-01-31T19:48:00,834][WARN ][o.e.c.r.a.DiskThresholdMonitor] [nwthU-R] high disk watermark [90%] exceeded on [nwthU-RSRJmrdHRK1B-nHg][nwthU-R][/Users/Javier/Desktop/JAVIER/elasticsearch-5.0.1/data/nodes/0] free: 4.4gb[3.9%], shards will be relocated away from this node
[2017-01-31T19:48:30,858][WARN ][o.e.c.r.a.DiskThresholdMonitor] [nwthU-R] high disk watermark [90%] exceeded on [nwthU-RSRJmrdHRK1B-nHg][nwthU-R][/Users/Javier/Desktop/JAVIER/elasticsearch-5.0.1/data/nodes/0] free: 4.4gb[3.9%], shards will be relocated away from this node
[2017-01-31T19:48:30,858][INFO ][o.e.c.r.a.DiskThresholdMonitor] [nwthU-R] rerouting shards: [high disk watermark exceeded on one or more nodes]
[2017-01-31T19:49:00,882][WARN ][o.e.c.r.a.DiskThresholdMonitor] [nwthU-R] high disk watermark [90%] exceeded on [nwthU-RSRJmrdHRK1B-nHg][nwthU-R][/Users/Javier/Desktop/JAVIER/elasticsearch-5.0.1/data/nodes/0] free: 4.4gb[3.9%], shards will be relocated away from this node
[2017-01-31T19:49:30,908][WARN ][o.e.c.r.a.DiskThresholdMonitor] [nwthU-R] high disk watermark [90%] exceeded on [nwthU-RSRJmrdHRK1B-nHg][nwthU-R][/Users/Javier/Desktop/JAVIER/elasticsearch-5.0.1/data/nodes/0] free: 4.4gb[3.9%], shards will be relocated away from this node
[2017-01-31T19:49:30,908][INFO ][o.e.c.r.a.DiskThresholdMonitor] [nwthU-R] rerouting shards: [high disk watermark exceeded on one or more nodes]
[2017-01-31T19:50:00,933][WARN ][o.e.c.r.a.DiskThresholdMonitor] [nwthU-R] high disk watermark [90%] exceeded on [nwthU-RSRJmrdHRK1B-nHg][nwthU-R][/Users/Javier/Desktop/JAVIER/elasticsearch-5.0.1/data/nodes/0] free: 4.4gb[3.9%], shards will be relocated away from this node
[2017-01-31T19:50:30,961][WARN ][o.e.c.r.a.DiskThresholdMonitor] [nwthU-R] high disk watermark [90%] exceeded on [nwthU-RSRJmrdHRK1B-nHg][nwthU-R][/Users/Javier/Desktop/JAVIER/elasticsearch-5.0.1/data/nodes/0] free: 4.4gb[3.9%], shards will be relocated away from this node
[2017-01-31T19:50:30,961][INFO ][o.e.c.r.a.DiskThresholdMonitor] [nwthU-R] rerouting shards: [high disk watermark exceeded on one or more nodes]
[2017-01-31T19:51:00,987][WARN ][o.e.c.r.a.DiskThresholdMonitor] [nwthU-R] high disk watermark [90%] exceeded on [nwthU-RSRJmrdHRK1B-nHg][nwthU-R][/Users/Javier/Desktop/JAVIER/elasticsearch-5.0.1/data/nodes/0] free: 4.4gb[3.9%], shards will be relocated away from this node
[2017-01-31T19:51:31,015][WARN ][o.e.c.r.a.DiskThresholdMonitor] [nwthU-R] high disk watermark [90%] exceeded on [nwthU-RSRJmrdHRK1B-nHg][nwthU-R][/Users/Javier/Desktop/JAVIER/elasticsearch-5.0.1/data/nodes/0] free: 4.4gb[3.9%], shards will be relocated away from this node
[2017-01-31T19:51:31,015][INFO ][o.e.c.r.a.DiskThresholdMonitor] [nwthU-R] rerouting shards: [high disk watermark exceeded on one or more nodes]
[2017-01-31T19:52:01,041][WARN ][o.e.c.r.a.DiskThresholdMonitor] [nwthU-R] high disk watermark [90%] exceeded on [nwthU-RSRJmrdHRK1B-nHg][nwthU-R][/Users/Javier/Desktop/JAVIER/elasticsearch-5.0.1/data/nodes/0] free: 4.4gb[3.9%], shards will be relocated away from this node
[2017-01-31T19:52:31,069][WARN ][o.e.c.r.a.DiskThresholdMonitor] [nwthU-R] high disk watermark [90%] exceeded on [nwthU-RSRJmrdHRK1B-nHg][nwthU-R][/Users/Javier/Desktop/JAVIER/elasticsearch-5.0.1/data/nodes/0] free: 4.4gb[3.9%], shards will be relocated away from this node
[2017-01-31T19:52:31,069][INFO ][o.e.c.r.a.DiskThresholdMonitor] [nwthU-R] rerouting shards: [high disk watermark exceeded on one or more nodes]
[2017-01-31T19:53:01,097][WARN ][o.e.c.r.a.DiskThresholdMonitor] [nwthU-R] high disk watermark [90%] exceeded on [nwthU-RSRJmrdHRK1B-nHg][nwthU-R][/Users/Javier/Desktop/JAVIER/elasticsearch-5.0.1/data/nodes/0] free: 4.4gb[3.9%], shards will be relocated away from this node
[2017-01-31T19:53:31,121][WARN ][o.e.c.r.a.DiskThresholdMonitor] [nwthU-R] high disk watermark [90%] exceeded on [nwthU-RSRJmrdHRK1B-nHg][nwthU-R][/Users/Javier/Desktop/JAVIER/elasticsearch-5.0.1/data/nodes/0] free: 4.4gb[3.9%], shards will be relocated away from this node
[2017-01-31T19:53:31,121][INFO ][o.e.c.r.a.DiskThresholdMonitor] [nwthU-R] rerouting shards: [high disk watermark exceeded on one or more nodes]
[2017-01-31T19:54:01,148][WARN ][o.e.c.r.a.DiskThresholdMonitor] [nwthU-R] high disk watermark [90%] exceeded on [nwthU-RSRJmrdHRK1B-nHg][nwthU-R][/Users/Javier/Desktop/JAVIER/elasticsearch-5.0.1/data/nodes/0] free: 4.4gb[3.9%], shards will be relocated away from this node
[2017-01-31T19:54:31,168][WARN ][o.e.c.r.a.DiskThresholdMonitor] [nwthU-R] high disk watermark [90%] exceeded on [nwthU-RSRJmrdHRK1B-nHg][nwthU-R][/Users/Javier/Desktop/JAVIER/elasticsearch-5.0.1/data/nodes/0] free: 4.4gb[3.9%], shards will be relocated away from this node
[2017-01-31T19:54:31,169][INFO ][o.e.c.r.a.DiskThresholdMonitor] [nwthU-R] rerouting shards: [high disk watermark exceeded on one or more nodes]
[2017-01-31T19:55:01,196][WARN ][o.e.c.r.a.DiskThresholdMonitor] [nwthU-R] high disk watermark [90%] exceeded on [nwthU-RSRJmrdHRK1B-nHg][nwthU-R][/Users/Javier/Desktop/JAVIER/elasticsearch-5.0.1/data/nodes/0] free: 4.4gb[3.9%], shards will be relocated away from this node
[2017-01-31T19:55:31,219][WARN ][o.e.c.r.a.DiskThresholdMonitor] [nwthU-R] high disk watermark [90%] exceeded on [nwthU-RSRJmrdHRK1B-nHg][nwthU-R][/Users/Javier/Desktop/JAVIER/elasticsearch-5.0.1/data/nodes/0] free: 4.4gb[3.9%], shards will be relocated away from this node
[2017-01-31T19:55:31,219][INFO ][o.e.c.r.a.DiskThresholdMonitor] [nwthU-R] rerouting shards: [high disk watermark exceeded on one or more nodes]
[2017-01-31T19:56:01,243][WARN ][o.e.c.r.a.DiskThresholdMonitor] [nwthU-R] high disk watermark [90%] exceeded on [nwthU-RSRJmrdHRK1B-nHg][nwthU-R][/Users/Javier/Desktop/JAVIER/elasticsearch-5.0.1/data/nodes/0] free: 4.4gb[3.9%], shards will be relocated away from this node
[2017-01-31T19:56:31,269][WARN ][o.e.c.r.a.DiskThresholdMonitor] [nwthU-R] high disk watermark [90%] exceeded on [nwthU-RSRJmrdHRK1B-nHg][nwthU-R][/Users/Javier/Desktop/JAVIER/elasticsearch-5.0.1/data/nodes/0] free: 4.4gb[3.9%], shards will be relocated away from this node
[2017-01-31T19:56:31,269][INFO ][o.e.c.r.a.DiskThresholdMonitor] [nwthU-R] rerouting shards: [high disk watermark exceeded on one or more nodes]
[2017-01-31T19:57:01,294][WARN ][o.e.c.r.a.DiskThresholdMonitor] [nwthU-R] high disk watermark [90%] exceeded on [nwthU-RSRJmrdHRK1B-nHg][nwthU-R][/Users/Javier/Desktop/JAVIER/elasticsearch-5.0.1/data/nodes/0] free: 4.4gb[3.9%], shards will be relocated away from this node
[2017-01-31T19:57:31,315][WARN ][o.e.c.r.a.DiskThresholdMonitor] [nwthU-R] high disk watermark [90%] exceeded on [nwthU-RSRJmrdHRK1B-nHg][nwthU-R][/Users/Javier/Desktop/JAVIER/elasticsearch-5.0.1/data/nodes/0] free: 4.4gb[3.9%], shards will be relocated away from this node
[2017-01-31T19:57:31,317][INFO ][o.e.c.r.a.DiskThresholdMonitor] [nwthU-R] rerouting shards: [high disk watermark exceeded on one or more nodes]
[2017-01-31T19:58:01,344][WARN ][o.e.c.r.a.DiskThresholdMonitor] [nwthU-R] high disk watermark [90%] exceeded on [nwthU-RSRJmrdHRK1B-nHg][nwthU-R][/Users/Javier/Desktop/JAVIER/elasticsearch-5.0.1/data/nodes/0] free: 4.4gb[3.9%], shards will be relocated away from this node
[2017-01-31T19:58:31,369][WARN ][o.e.c.r.a.DiskThresholdMonitor] [nwthU-R] high disk watermark [90%] exceeded on [nwthU-RSRJmrdHRK1B-nHg][nwthU-R][/Users/Javier/Desktop/JAVIER/elasticsearch-5.0.1/data/nodes/0] free: 4.4gb[3.9%], shards will be relocated away from this node
[2017-01-31T19:58:31,369][INFO ][o.e.c.r.a.DiskThresholdMonitor] [nwthU-R] rerouting shards: [high disk watermark exceeded on one or more nodes]
[2017-01-31T19:59:01,392][WARN ][o.e.c.r.a.DiskThresholdMonitor] [nwthU-R] high disk watermark [90%] exceeded on [nwthU-RSRJmrdHRK1B-nHg][nwthU-R][/Users/Javier/Desktop/JAVIER/elasticsearch-5.0.1/data/nodes/0] free: 4.4gb[3.9%], shards will be relocated away from this node
[2017-01-31T19:59:31,415][WARN ][o.e.c.r.a.DiskThresholdMonitor] [nwthU-R] high disk watermark [90%] exceeded on [nwthU-RSRJmrdHRK1B-nHg][nwthU-R][/Users/Javier/Desktop/JAVIER/elasticsearch-5.0.1/data/nodes/0] free: 4.4gb[3.9%], shards will be relocated away from this node
[2017-01-31T19:59:31,416][INFO ][o.e.c.r.a.DiskThresholdMonitor] [nwthU-R] rerouting shards: [high disk watermark exceeded on one or more nodes]
[2017-01-31T20:00:01,444][WARN ][o.e.c.r.a.DiskThresholdMonitor] [nwthU-R] high disk watermark [90%] exceeded on [nwthU-RSRJmrdHRK1B-nHg][nwthU-R][/Users/Javier/Desktop/JAVIER/elasticsearch-5.0.1/data/nodes/0] free: 4.4gb[3.9%], shards will be relocated away from this node
[2017-01-31T20:00:31,471][WARN ][o.e.c.r.a.DiskThresholdMonitor] [nwthU-R] high disk watermark [90%] exceeded on [nwthU-RSRJmrdHRK1B-nHg][nwthU-R][/Users/Javier/Desktop/JAVIER/elasticsearch-5.0.1/data/nodes/0] free: 4.4gb[3.9%], shards will be relocated away from this node
[2017-01-31T20:00:31,472][INFO ][o.e.c.r.a.DiskThresholdMonitor] [nwthU-R] rerouting shards: [high disk watermark exceeded on one or more nodes]
[2017-01-31T20:01:01,499][WARN ][o.e.c.r.a.DiskThresholdMonitor] [nwthU-R] high disk watermark [90%] exceeded on [nwthU-RSRJmrdHRK1B-nHg][nwthU-R][/Users/Javier/Desktop/JAVIER/elasticsearch-5.0.1/data/nodes/0] free: 4.4gb[3.9%], shards will be relocated away from this node
[2017-01-31T20:01:31,522][WARN ][o.e.c.r.a.DiskThresholdMonitor] [nwthU-R] high disk watermark [90%] exceeded on [nwthU-RSRJmrdHRK1B-nHg][nwthU-R][/Users/Javier/Desktop/JAVIER/elasticsearch-5.0.1/data/nodes/0] free: 4.4gb[3.9%], shards will be relocated away from this node
[2017-01-31T20:01:31,522][INFO ][o.e.c.r.a.DiskThresholdMonitor] [nwthU-R] rerouting shards: [high disk watermark exceeded on one or more nodes]
[2017-01-31T20:02:01,549][WARN ][o.e.c.r.a.DiskThresholdMonitor] [nwthU-R] high disk watermark [90%] exceeded on [nwthU-RSRJmrdHRK1B-nHg][nwthU-R][/Users/Javier/Desktop/JAVIER/elasticsearch-5.0.1/data/nodes/0] free: 4.4gb[3.9%], shards will be relocated away from this node
[2017-01-31T20:02:31,576][WARN ][o.e.c.r.a.DiskThresholdMonitor] [nwthU-R] high disk watermark [90%] exceeded on [nwthU-RSRJmrdHRK1B-nHg][nwthU-R][/Users/Javier/Desktop/JAVIER/elasticsearch-5.0.1/data/nodes/0] free: 4.4gb[3.9%], shards will be relocated away from this node
[2017-01-31T20:02:31,576][INFO ][o.e.c.r.a.DiskThresholdMonitor] [nwthU-R] rerouting shards: [high disk watermark exceeded on one or more nodes]
[2017-01-31T20:03:01,603][WARN ][o.e.c.r.a.DiskThresholdMonitor] [nwthU-R] high disk watermark [90%] exceeded on [nwthU-RSRJmrdHRK1B-nHg][nwthU-R][/Users/Javier/Desktop/JAVIER/elasticsearch-5.0.1/data/nodes/0] free: 4.4gb[3.9%], shards will be relocated away from this node
[2017-01-31T20:03:31,627][WARN ][o.e.c.r.a.DiskThresholdMonitor] [nwthU-R] high disk watermark [90%] exceeded on [nwthU-RSRJmrdHRK1B-nHg][nwthU-R][/Users/Javier/Desktop/JAVIER/elasticsearch-5.0.1/data/nodes/0] free: 4.4gb[3.9%], shards will be relocated away from this node
[2017-01-31T20:03:31,627][INFO ][o.e.c.r.a.DiskThresholdMonitor] [nwthU-R] rerouting shards: [high disk watermark exceeded on one or more nodes]
[2017-01-31T20:04:01,655][WARN ][o.e.c.r.a.DiskThresholdMonitor] [nwthU-R] high disk watermark [90%] exceeded on [nwthU-RSRJmrdHRK1B-nHg][nwthU-R][/Users/Javier/Desktop/JAVIER/elasticsearch-5.0.1/data/nodes/0] free: 4.4gb[3.9%], shards will be relocated away from this node
[2017-01-31T20:04:31,683][WARN ][o.e.c.r.a.DiskThresholdMonitor] [nwthU-R] high disk watermark [90%] exceeded on [nwthU-RSRJmrdHRK1B-nHg][nwthU-R][/Users/Javier/Desktop/JAVIER/elasticsearch-5.0.1/data/nodes/0] free: 4.4gb[3.9%], shards will be relocated away from this node
[2017-01-31T20:04:31,683][INFO ][o.e.c.r.a.DiskThresholdMonitor] [nwthU-R] rerouting shards: [high disk watermark exceeded on one or more nodes]
[2017-01-31T20:05:01,708][WARN ][o.e.c.r.a.DiskThresholdMonitor] [nwthU-R] high disk watermark [90%] exceeded on [nwthU-RSRJmrdHRK1B-nHg][nwthU-R][/Users/Javier/Desktop/JAVIER/elasticsearch-5.0.1/data/nodes/0] free: 4.4gb[3.9%], shards will be relocated away from this node
[2017-01-31T20:05:31,731][WARN ][o.e.c.r.a.DiskThresholdMonitor] [nwthU-R] high disk watermark [90%] exceeded on [nwthU-RSRJmrdHRK1B-nHg][nwthU-R][/Users/Javier/Desktop/JAVIER/elasticsearch-5.0.1/data/nodes/0] free: 4.4gb[3.9%], shards will be relocated away from this node
[2017-01-31T20:05:31,731][INFO ][o.e.c.r.a.DiskThresholdMonitor] [nwthU-R] rerouting shards: [high disk watermark exceeded on one or more nodes]
[2017-01-31T20:06:01,759][WARN ][o.e.c.r.a.DiskThresholdMonitor] [nwthU-R] high disk watermark [90%] exceeded on [nwthU-RSRJmrdHRK1B-nHg][nwthU-R][/Users/Javier/Desktop/JAVIER/elasticsearch-5.0.1/data/nodes/0] free: 4.4gb[3.9%], shards will be relocated away from this node
[2017-01-31T20:06:31,788][WARN ][o.e.c.r.a.DiskThresholdMonitor] [nwthU-R] high disk watermark [90%] exceeded on [nwthU-RSRJmrdHRK1B-nHg][nwthU-R][/Users/Javier/Desktop/JAVIER/elasticsearch-5.0.1/data/nodes/0] free: 4.4gb[3.9%], shards will be relocated away from this node
[2017-01-31T20:06:31,788][INFO ][o.e.c.r.a.DiskThresholdMonitor] [nwthU-R] rerouting shards: [high disk watermark exceeded on one or more nodes]
[2017-01-31T20:07:01,813][WARN ][o.e.c.r.a.DiskThresholdMonitor] [nwthU-R] high disk watermark [90%] exceeded on [nwthU-RSRJmrdHRK1B-nHg][nwthU-R][/Users/Javier/Desktop/JAVIER/elasticsearch-5.0.1/data/nodes/0] free: 4.4gb[3.9%], shards will be relocated away from this node
[2017-01-31T20:07:31,838][WARN ][o.e.c.r.a.DiskThresholdMonitor] [nwthU-R] high disk watermark [90%] exceeded on [nwthU-RSRJmrdHRK1B-nHg][nwthU-R][/Users/Javier/Desktop/JAVIER/elasticsearch-5.0.1/data/nodes/0] free: 4.4gb[3.9%], shards will be relocated away from this node
[2017-01-31T20:07:31,839][INFO ][o.e.c.r.a.DiskThresholdMonitor] [nwthU-R] rerouting shards: [high disk watermark exceeded on one or more nodes]
[2017-01-31T20:08:01,866][WARN ][o.e.c.r.a.DiskThresholdMonitor] [nwthU-R] high disk watermark [90%] exceeded on [nwthU-RSRJmrdHRK1B-nHg][nwthU-R][/Users/Javier/Desktop/JAVIER/elasticsearch-5.0.1/data/nodes/0] free: 4.4gb[3.9%], shards will be relocated away from this node
[2017-01-31T20:08:31,893][WARN ][o.e.c.r.a.DiskThresholdMonitor] [nwthU-R] high disk watermark [90%] exceeded on [nwthU-RSRJmrdHRK1B-nHg][nwthU-R][/Users/Javier/Desktop/JAVIER/elasticsearch-5.0.1/data/nodes/0] free: 4.4gb[3.9%], shards will be relocated away from this node
[2017-01-31T20:08:31,893][INFO ][o.e.c.r.a.DiskThresholdMonitor] [nwthU-R] rerouting shards: [high disk watermark exceeded on one or more nodes]
[2017-01-31T20:09:01,918][WARN ][o.e.c.r.a.DiskThresholdMonitor] [nwthU-R] high disk watermark [90%] exceeded on [nwthU-RSRJmrdHRK1B-nHg][nwthU-R][/Users/Javier/Desktop/JAVIER/elasticsearch-5.0.1/data/nodes/0] free: 4.4gb[3.9%], shards will be relocated away from this node
[2017-01-31T20:09:31,942][WARN ][o.e.c.r.a.DiskThresholdMonitor] [nwthU-R] high disk watermark [90%] exceeded on [nwthU-RSRJmrdHRK1B-nHg][nwthU-R][/Users/Javier/Desktop/JAVIER/elasticsearch-5.0.1/data/nodes/0] free: 4.4gb[3.9%], shards will be relocated away from this node
[2017-01-31T20:09:31,942][INFO ][o.e.c.r.a.DiskThresholdMonitor] [nwthU-R] rerouting shards: [high disk watermark exceeded on one or more nodes]
[2017-01-31T20:10:01,968][WARN ][o.e.c.r.a.DiskThresholdMonitor] [nwthU-R] high disk watermark [90%] exceeded on [nwthU-RSRJmrdHRK1B-nHg][nwthU-R][/Users/Javier/Desktop/JAVIER/elasticsearch-5.0.1/data/nodes/0] free: 4.4gb[3.9%], shards will be relocated away from this node
[2017-01-31T20:10:31,993][WARN ][o.e.c.r.a.DiskThresholdMonitor] [nwthU-R] high disk watermark [90%] exceeded on [nwthU-RSRJmrdHRK1B-nHg][nwthU-R][/Users/Javier/Desktop/JAVIER/elasticsearch-5.0.1/data/nodes/0] free: 4.4gb[3.9%], shards will be relocated away from this node
[2017-01-31T20:10:31,993][INFO ][o.e.c.r.a.DiskThresholdMonitor] [nwthU-R] rerouting shards: [high disk watermark exceeded on one or more nodes]
[2017-01-31T20:11:02,021][WARN ][o.e.c.r.a.DiskThresholdMonitor] [nwthU-R] high disk watermark [90%] exceeded on [nwthU-RSRJmrdHRK1B-nHg][nwthU-R][/Users/Javier/Desktop/JAVIER/elasticsearch-5.0.1/data/nodes/0] free: 4.4gb[3.9%], shards will be relocated away from this node
[2017-01-31T20:11:32,046][WARN ][o.e.c.r.a.DiskThresholdMonitor] [nwthU-R] high disk watermark [90%] exceeded on [nwthU-RSRJmrdHRK1B-nHg][nwthU-R][/Users/Javier/Desktop/JAVIER/elasticsearch-5.0.1/data/nodes/0] free: 4.4gb[3.9%], shards will be relocated away from this node
[2017-01-31T20:11:32,046][INFO ][o.e.c.r.a.DiskThresholdMonitor] [nwthU-R] rerouting shards: [high disk watermark exceeded on one or more nodes]
[2017-01-31T20:12:02,074][WARN ][o.e.c.r.a.DiskThresholdMonitor] [nwthU-R] high disk watermark [90%] exceeded on [nwthU-RSRJmrdHRK1B-nHg][nwthU-R][/Users/Javier/Desktop/JAVIER/elasticsearch-5.0.1/data/nodes/0] free: 4.4gb[3.9%], shards will be relocated away from this node
[2017-01-31T20:12:32,101][WARN ][o.e.c.r.a.DiskThresholdMonitor] [nwthU-R] high disk watermark [90%] exceeded on [nwthU-RSRJmrdHRK1B-nHg][nwthU-R][/Users/Javier/Desktop/JAVIER/elasticsearch-5.0.1/data/nodes/0] free: 4.4gb[3.9%], shards will be relocated away from this node
[2017-01-31T20:12:32,101][INFO ][o.e.c.r.a.DiskThresholdMonitor] [nwthU-R] rerouting shards: [high disk watermark exceeded on one or more nodes]
[2017-01-31T20:13:02,126][WARN ][o.e.c.r.a.DiskThresholdMonitor] [nwthU-R] high disk watermark [90%] exceeded on [nwthU-RSRJmrdHRK1B-nHg][nwthU-R][/Users/Javier/Desktop/JAVIER/elasticsearch-5.0.1/data/nodes/0] free: 4.4gb[3.9%], shards will be relocated away from this node
[2017-01-31T20:13:32,162][WARN ][o.e.c.r.a.DiskThresholdMonitor] [nwthU-R] high disk watermark [90%] exceeded on [nwthU-RSRJmrdHRK1B-nHg][nwthU-R][/Users/Javier/Desktop/JAVIER/elasticsearch-5.0.1/data/nodes/0] free: 2.2gb[1.9%], shards will be relocated away from this node
[2017-01-31T20:13:32,168][INFO ][o.e.c.r.a.DiskThresholdMonitor] [nwthU-R] rerouting shards: [high disk watermark exceeded on one or more nodes]
[2017-01-31T20:14:02,279][WARN ][o.e.c.r.a.DiskThresholdMonitor] [nwthU-R] high disk watermark [90%] exceeded on [nwthU-RSRJmrdHRK1B-nHg][nwthU-R][/Users/Javier/Desktop/JAVIER/elasticsearch-5.0.1/data/nodes/0] free: 3.4gb[3%], shards will be relocated away from this node
[2017-01-31T20:14:32,311][WARN ][o.e.c.r.a.DiskThresholdMonitor] [nwthU-R] high disk watermark [90%] exceeded on [nwthU-RSRJmrdHRK1B-nHg][nwthU-R][/Users/Javier/Desktop/JAVIER/elasticsearch-5.0.1/data/nodes/0] free: 3.4gb[3%], shards will be relocated away from this node
[2017-01-31T20:14:32,311][INFO ][o.e.c.r.a.DiskThresholdMonitor] [nwthU-R] rerouting shards: [high disk watermark exceeded on one or more nodes]
[2017-01-31T20:15:02,333][WARN ][o.e.c.r.a.DiskThresholdMonitor] [nwthU-R] high disk watermark [90%] exceeded on [nwthU-RSRJmrdHRK1B-nHg][nwthU-R][/Users/Javier/Desktop/JAVIER/elasticsearch-5.0.1/data/nodes/0] free: 3.4gb[3%], shards will be relocated away from this node
[2017-01-31T20:15:32,367][WARN ][o.e.c.r.a.DiskThresholdMonitor] [nwthU-R] high disk watermark [90%] exceeded on [nwthU-RSRJmrdHRK1B-nHg][nwthU-R][/Users/Javier/Desktop/JAVIER/elasticsearch-5.0.1/data/nodes/0] free: 3.4gb[3%], shards will be relocated away from this node
[2017-01-31T20:15:32,367][INFO ][o.e.c.r.a.DiskThresholdMonitor] [nwthU-R] rerouting shards: [high disk watermark exceeded on one or more nodes]
[2017-01-31T20:16:02,394][WARN ][o.e.c.r.a.DiskThresholdMonitor] [nwthU-R] high disk watermark [90%] exceeded on [nwthU-RSRJmrdHRK1B-nHg][nwthU-R][/Users/Javier/Desktop/JAVIER/elasticsearch-5.0.1/data/nodes/0] free: 3.3gb[3%], shards will be relocated away from this node
[2017-01-31T20:16:32,435][WARN ][o.e.c.r.a.DiskThresholdMonitor] [nwthU-R] high disk watermark [90%] exceeded on [nwthU-RSRJmrdHRK1B-nHg][nwthU-R][/Users/Javier/Desktop/JAVIER/elasticsearch-5.0.1/data/nodes/0] free: 3.3gb[2.9%], shards will be relocated away from this node
[2017-01-31T20:16:32,435][INFO ][o.e.c.r.a.DiskThresholdMonitor] [nwthU-R] rerouting shards: [high disk watermark exceeded on one or more nodes]
[2017-01-31T20:17:02,461][WARN ][o.e.c.r.a.DiskThresholdMonitor] [nwthU-R] high disk watermark [90%] exceeded on [nwthU-RSRJmrdHRK1B-nHg][nwthU-R][/Users/Javier/Desktop/JAVIER/elasticsearch-5.0.1/data/nodes/0] free: 3.3gb[2.9%], shards will be relocated away from this node
[2017-01-31T20:17:32,484][WARN ][o.e.c.r.a.DiskThresholdMonitor] [nwthU-R] high disk watermark [90%] exceeded on [nwthU-RSRJmrdHRK1B-nHg][nwthU-R][/Users/Javier/Desktop/JAVIER/elasticsearch-5.0.1/data/nodes/0] free: 3.3gb[2.9%], shards will be relocated away from this node
[2017-01-31T20:17:32,484][INFO ][o.e.c.r.a.DiskThresholdMonitor] [nwthU-R] rerouting shards: [high disk watermark exceeded on one or more nodes]
[2017-01-31T20:18:02,510][WARN ][o.e.c.r.a.DiskThresholdMonitor] [nwthU-R] high disk watermark [90%] exceeded on [nwthU-RSRJmrdHRK1B-nHg][nwthU-R][/Users/Javier/Desktop/JAVIER/elasticsearch-5.0.1/data/nodes/0] free: 3.3gb[2.9%], shards will be relocated away from this node
[2017-01-31T20:18:32,537][WARN ][o.e.c.r.a.DiskThresholdMonitor] [nwthU-R] high disk watermark [90%] exceeded on [nwthU-RSRJmrdHRK1B-nHg][nwthU-R][/Users/Javier/Desktop/JAVIER/elasticsearch-5.0.1/data/nodes/0] free: 3.3gb[2.9%], shards will be relocated away from this node
[2017-01-31T20:18:32,537][INFO ][o.e.c.r.a.DiskThresholdMonitor] [nwthU-R] rerouting shards: [high disk watermark exceeded on one or more nodes]
[2017-01-31T20:19:02,564][WARN ][o.e.c.r.a.DiskThresholdMonitor] [nwthU-R] high disk watermark [90%] exceeded on [nwthU-RSRJmrdHRK1B-nHg][nwthU-R][/Users/Javier/Desktop/JAVIER/elasticsearch-5.0.1/data/nodes/0] free: 3.3gb[2.9%], shards will be relocated away from this node
[2017-01-31T20:19:32,592][WARN ][o.e.c.r.a.DiskThresholdMonitor] [nwthU-R] high disk watermark [90%] exceeded on [nwthU-RSRJmrdHRK1B-nHg][nwthU-R][/Users/Javier/Desktop/JAVIER/elasticsearch-5.0.1/data/nodes/0] free: 3.3gb[2.9%], shards will be relocated away from this node
[2017-01-31T20:19:32,592][INFO ][o.e.c.r.a.DiskThresholdMonitor] [nwthU-R] rerouting shards: [high disk watermark exceeded on one or more nodes]
[2017-01-31T20:20:02,620][WARN ][o.e.c.r.a.DiskThresholdMonitor] [nwthU-R] high disk watermark [90%] exceeded on [nwthU-RSRJmrdHRK1B-nHg][nwthU-R][/Users/Javier/Desktop/JAVIER/elasticsearch-5.0.1/data/nodes/0] free: 3.3gb[2.9%], shards will be relocated away from this node
[2017-01-31T20:20:32,648][WARN ][o.e.c.r.a.DiskThresholdMonitor] [nwthU-R] high disk watermark [90%] exceeded on [nwthU-RSRJmrdHRK1B-nHg][nwthU-R][/Users/Javier/Desktop/JAVIER/elasticsearch-5.0.1/data/nodes/0] free: 3.3gb[2.9%], shards will be relocated away from this node
[2017-01-31T20:20:32,648][INFO ][o.e.c.r.a.DiskThresholdMonitor] [nwthU-R] rerouting shards: [high disk watermark exceeded on one or more nodes]
[2017-01-31T20:21:02,673][WARN ][o.e.c.r.a.DiskThresholdMonitor] [nwthU-R] high disk watermark [90%] exceeded on [nwthU-RSRJmrdHRK1B-nHg][nwthU-R][/Users/Javier/Desktop/JAVIER/elasticsearch-5.0.1/data/nodes/0] free: 3.3gb[2.9%], shards will be relocated away from this node
[2017-01-31T20:21:32,698][WARN ][o.e.c.r.a.DiskThresholdMonitor] [nwthU-R] high disk watermark [90%] exceeded on [nwthU-RSRJmrdHRK1B-nHg][nwthU-R][/Users/Javier/Desktop/JAVIER/elasticsearch-5.0.1/data/nodes/0] free: 3.3gb[2.9%], shards will be relocated away from this node
[2017-01-31T20:21:32,699][INFO ][o.e.c.r.a.DiskThresholdMonitor] [nwthU-R] rerouting shards: [high disk watermark exceeded on one or more nodes]
[2017-01-31T20:22:02,735][WARN ][o.e.c.r.a.DiskThresholdMonitor] [nwthU-R] high disk watermark [90%] exceeded on [nwthU-RSRJmrdHRK1B-nHg][nwthU-R][/Users/Javier/Desktop/JAVIER/elasticsearch-5.0.1/data/nodes/0] free: 3.3gb[2.9%], shards will be relocated away from this node
[2017-01-31T20:22:32,767][WARN ][o.e.c.r.a.DiskThresholdMonitor] [nwthU-R] high disk watermark [90%] exceeded on [nwthU-RSRJmrdHRK1B-nHg][nwthU-R][/Users/Javier/Desktop/JAVIER/elasticsearch-5.0.1/data/nodes/0] free: 3.3gb[2.9%], shards will be relocated away from this node
[2017-01-31T20:22:32,767][INFO ][o.e.c.r.a.DiskThresholdMonitor] [nwthU-R] rerouting shards: [high disk watermark exceeded on one or more nodes]
[2017-01-31T20:23:02,802][WARN ][o.e.c.r.a.DiskThresholdMonitor] [nwthU-R] high disk watermark [90%] exceeded on [nwthU-RSRJmrdHRK1B-nHg][nwthU-R][/Users/Javier/Desktop/JAVIER/elasticsearch-5.0.1/data/nodes/0] free: 3.3gb[2.9%], shards will be relocated away from this node
[2017-01-31T20:23:32,833][WARN ][o.e.c.r.a.DiskThresholdMonitor] [nwthU-R] high disk watermark [90%] exceeded on [nwthU-RSRJmrdHRK1B-nHg][nwthU-R][/Users/Javier/Desktop/JAVIER/elasticsearch-5.0.1/data/nodes/0] free: 3.3gb[2.9%], shards will be relocated away from this node
[2017-01-31T20:23:32,833][INFO ][o.e.c.r.a.DiskThresholdMonitor] [nwthU-R] rerouting shards: [high disk watermark exceeded on one or more nodes]
[2017-01-31T20:24:02,877][WARN ][o.e.c.r.a.DiskThresholdMonitor] [nwthU-R] high disk watermark [90%] exceeded on [nwthU-RSRJmrdHRK1B-nHg][nwthU-R][/Users/Javier/Desktop/JAVIER/elasticsearch-5.0.1/data/nodes/0] free: 3.3gb[2.9%], shards will be relocated away from this node
[2017-01-31T20:24:32,915][WARN ][o.e.c.r.a.DiskThresholdMonitor] [nwthU-R] high disk watermark [90%] exceeded on [nwthU-RSRJmrdHRK1B-nHg][nwthU-R][/Users/Javier/Desktop/JAVIER/elasticsearch-5.0.1/data/nodes/0] free: 3.3gb[2.9%], shards will be relocated away from this node
[2017-01-31T20:24:32,915][INFO ][o.e.c.r.a.DiskThresholdMonitor] [nwthU-R] rerouting shards: [high disk watermark exceeded on one or more nodes]
[2017-01-31T20:25:02,943][WARN ][o.e.c.r.a.DiskThresholdMonitor] [nwthU-R] high disk watermark [90%] exceeded on [nwthU-RSRJmrdHRK1B-nHg][nwthU-R][/Users/Javier/Desktop/JAVIER/elasticsearch-5.0.1/data/nodes/0] free: 3.3gb[2.9%], shards will be relocated away from this node
[2017-01-31T20:25:32,966][WARN ][o.e.c.r.a.DiskThresholdMonitor] [nwthU-R] high disk watermark [90%] exceeded on [nwthU-RSRJmrdHRK1B-nHg][nwthU-R][/Users/Javier/Desktop/JAVIER/elasticsearch-5.0.1/data/nodes/0] free: 3.3gb[2.9%], shards will be relocated away from this node
[2017-01-31T20:25:32,966][INFO ][o.e.c.r.a.DiskThresholdMonitor] [nwthU-R] rerouting shards: [high disk watermark exceeded on one or more nodes]
[2017-01-31T20:26:02,994][WARN ][o.e.c.r.a.DiskThresholdMonitor] [nwthU-R] high disk watermark [90%] exceeded on [nwthU-RSRJmrdHRK1B-nHg][nwthU-R][/Users/Javier/Desktop/JAVIER/elasticsearch-5.0.1/data/nodes/0] free: 3.3gb[2.9%], shards will be relocated away from this node
[2017-01-31T20:26:33,021][WARN ][o.e.c.r.a.DiskThresholdMonitor] [nwthU-R] high disk watermark [90%] exceeded on [nwthU-RSRJmrdHRK1B-nHg][nwthU-R][/Users/Javier/Desktop/JAVIER/elasticsearch-5.0.1/data/nodes/0] free: 3.3gb[2.9%], shards will be relocated away from this node
[2017-01-31T20:26:33,021][INFO ][o.e.c.r.a.DiskThresholdMonitor] [nwthU-R] rerouting shards: [high disk watermark exceeded on one or more nodes]
[2017-01-31T20:27:03,044][WARN ][o.e.c.r.a.DiskThresholdMonitor] [nwthU-R] high disk watermark [90%] exceeded on [nwthU-RSRJmrdHRK1B-nHg][nwthU-R][/Users/Javier/Desktop/JAVIER/elasticsearch-5.0.1/data/nodes/0] free: 3.3gb[2.9%], shards will be relocated away from this node
[2017-01-31T20:27:33,066][WARN ][o.e.c.r.a.DiskThresholdMonitor] [nwthU-R] high disk watermark [90%] exceeded on [nwthU-RSRJmrdHRK1B-nHg][nwthU-R][/Users/Javier/Desktop/JAVIER/elasticsearch-5.0.1/data/nodes/0] free: 3.3gb[2.9%], shards will be relocated away from this node
[2017-01-31T20:27:33,066][INFO ][o.e.c.r.a.DiskThresholdMonitor] [nwthU-R] rerouting shards: [high disk watermark exceeded on one or more nodes]
[2017-01-31T20:28:03,092][WARN ][o.e.c.r.a.DiskThresholdMonitor] [nwthU-R] high disk watermark [90%] exceeded on [nwthU-RSRJmrdHRK1B-nHg][nwthU-R][/Users/Javier/Desktop/JAVIER/elasticsearch-5.0.1/data/nodes/0] free: 3.3gb[2.9%], shards will be relocated away from this node
[2017-01-31T20:28:33,120][WARN ][o.e.c.r.a.DiskThresholdMonitor] [nwthU-R] high disk watermark [90%] exceeded on [nwthU-RSRJmrdHRK1B-nHg][nwthU-R][/Users/Javier/Desktop/JAVIER/elasticsearch-5.0.1/data/nodes/0] free: 3.3gb[2.9%], shards will be relocated away from this node
[2017-01-31T20:28:33,120][INFO ][o.e.c.r.a.DiskThresholdMonitor] [nwthU-R] rerouting shards: [high disk watermark exceeded on one or more nodes]
[2017-01-31T20:29:03,144][WARN ][o.e.c.r.a.DiskThresholdMonitor] [nwthU-R] high disk watermark [90%] exceeded on [nwthU-RSRJmrdHRK1B-nHg][nwthU-R][/Users/Javier/Desktop/JAVIER/elasticsearch-5.0.1/data/nodes/0] free: 3.3gb[2.9%], shards will be relocated away from this node
[2017-01-31T20:29:33,172][WARN ][o.e.c.r.a.DiskThresholdMonitor] [nwthU-R] high disk watermark [90%] exceeded on [nwthU-RSRJmrdHRK1B-nHg][nwthU-R][/Users/Javier/Desktop/JAVIER/elasticsearch-5.0.1/data/nodes/0] free: 3.3gb[2.9%], shards will be relocated away from this node
[2017-01-31T20:29:33,172][INFO ][o.e.c.r.a.DiskThresholdMonitor] [nwthU-R] rerouting shards: [high disk watermark exceeded on one or more nodes]
[2017-01-31T20:30:03,200][WARN ][o.e.c.r.a.DiskThresholdMonitor] [nwthU-R] high disk watermark [90%] exceeded on [nwthU-RSRJmrdHRK1B-nHg][nwthU-R][/Users/Javier/Desktop/JAVIER/elasticsearch-5.0.1/data/nodes/0] free: 3.3gb[2.9%], shards will be relocated away from this node
[2017-01-31T20:30:33,226][WARN ][o.e.c.r.a.DiskThresholdMonitor] [nwthU-R] high disk watermark [90%] exceeded on [nwthU-RSRJmrdHRK1B-nHg][nwthU-R][/Users/Javier/Desktop/JAVIER/elasticsearch-5.0.1/data/nodes/0] free: 3.3gb[2.9%], shards will be relocated away from this node
[2017-01-31T20:30:33,226][INFO ][o.e.c.r.a.DiskThresholdMonitor] [nwthU-R] rerouting shards: [high disk watermark exceeded on one or more nodes]
[2017-01-31T20:31:03,258][WARN ][o.e.c.r.a.DiskThresholdMonitor] [nwthU-R] high disk watermark [90%] exceeded on [nwthU-RSRJmrdHRK1B-nHg][nwthU-R][/Users/Javier/Desktop/JAVIER/elasticsearch-5.0.1/data/nodes/0] free: 3.3gb[2.9%], shards will be relocated away from this node
[2017-01-31T20:31:33,286][WARN ][o.e.c.r.a.DiskThresholdMonitor] [nwthU-R] high disk watermark [90%] exceeded on [nwthU-RSRJmrdHRK1B-nHg][nwthU-R][/Users/Javier/Desktop/JAVIER/elasticsearch-5.0.1/data/nodes/0] free: 3.3gb[2.9%], shards will be relocated away from this node
[2017-01-31T20:31:33,287][INFO ][o.e.c.r.a.DiskThresholdMonitor] [nwthU-R] rerouting shards: [high disk watermark exceeded on one or more nodes]
[2017-01-31T20:32:03,316][WARN ][o.e.c.r.a.DiskThresholdMonitor] [nwthU-R] high disk watermark [90%] exceeded on [nwthU-RSRJmrdHRK1B-nHg][nwthU-R][/Users/Javier/Desktop/JAVIER/elasticsearch-5.0.1/data/nodes/0] free: 3.3gb[2.9%], shards will be relocated away from this node
[2017-01-31T20:32:33,348][WARN ][o.e.c.r.a.DiskThresholdMonitor] [nwthU-R] high disk watermark [90%] exceeded on [nwthU-RSRJmrdHRK1B-nHg][nwthU-R][/Users/Javier/Desktop/JAVIER/elasticsearch-5.0.1/data/nodes/0] free: 3.3gb[2.9%], shards will be relocated away from this node
[2017-01-31T20:32:33,348][INFO ][o.e.c.r.a.DiskThresholdMonitor] [nwthU-R] rerouting shards: [high disk watermark exceeded on one or more nodes]
[2017-01-31T20:33:03,374][WARN ][o.e.c.r.a.DiskThresholdMonitor] [nwthU-R] high disk watermark [90%] exceeded on [nwthU-RSRJmrdHRK1B-nHg][nwthU-R][/Users/Javier/Desktop/JAVIER/elasticsearch-5.0.1/data/nodes/0] free: 3.3gb[2.9%], shards will be relocated away from this node
[2017-01-31T20:33:33,398][WARN ][o.e.c.r.a.DiskThresholdMonitor] [nwthU-R] high disk watermark [90%] exceeded on [nwthU-RSRJmrdHRK1B-nHg][nwthU-R][/Users/Javier/Desktop/JAVIER/elasticsearch-5.0.1/data/nodes/0] free: 3.3gb[2.9%], shards will be relocated away from this node
[2017-01-31T20:33:33,398][INFO ][o.e.c.r.a.DiskThresholdMonitor] [nwthU-R] rerouting shards: [high disk watermark exceeded on one or more nodes]
[2017-01-31T20:34:03,428][WARN ][o.e.c.r.a.DiskThresholdMonitor] [nwthU-R] high disk watermark [90%] exceeded on [nwthU-RSRJmrdHRK1B-nHg][nwthU-R][/Users/Javier/Desktop/JAVIER/elasticsearch-5.0.1/data/nodes/0] free: 3.3gb[2.9%], shards will be relocated away from this node
[2017-01-31T20:34:33,459][WARN ][o.e.c.r.a.DiskThresholdMonitor] [nwthU-R] high disk watermark [90%] exceeded on [nwthU-RSRJmrdHRK1B-nHg][nwthU-R][/Users/Javier/Desktop/JAVIER/elasticsearch-5.0.1/data/nodes/0] free: 3.3gb[2.9%], shards will be relocated away from this node
[2017-01-31T20:34:33,459][INFO ][o.e.c.r.a.DiskThresholdMonitor] [nwthU-R] rerouting shards: [high disk watermark exceeded on one or more nodes]
[2017-01-31T20:35:03,491][WARN ][o.e.c.r.a.DiskThresholdMonitor] [nwthU-R] high disk watermark [90%] exceeded on [nwthU-RSRJmrdHRK1B-nHg][nwthU-R][/Users/Javier/Desktop/JAVIER/elasticsearch-5.0.1/data/nodes/0] free: 3.3gb[2.9%], shards will be relocated away from this node
[2017-01-31T20:35:33,522][WARN ][o.e.c.r.a.DiskThresholdMonitor] [nwthU-R] high disk watermark [90%] exceeded on [nwthU-RSRJmrdHRK1B-nHg][nwthU-R][/Users/Javier/Desktop/JAVIER/elasticsearch-5.0.1/data/nodes/0] free: 3.3gb[2.9%], shards will be relocated away from this node
[2017-01-31T20:35:33,523][INFO ][o.e.c.r.a.DiskThresholdMonitor] [nwthU-R] rerouting shards: [high disk watermark exceeded on one or more nodes]
[2017-01-31T20:36:03,554][WARN ][o.e.c.r.a.DiskThresholdMonitor] [nwthU-R] high disk watermark [90%] exceeded on [nwthU-RSRJmrdHRK1B-nHg][nwthU-R][/Users/Javier/Desktop/JAVIER/elasticsearch-5.0.1/data/nodes/0] free: 3.3gb[2.9%], shards will be relocated away from this node
[2017-01-31T20:36:33,584][WARN ][o.e.c.r.a.DiskThresholdMonitor] [nwthU-R] high disk watermark [90%] exceeded on [nwthU-RSRJmrdHRK1B-nHg][nwthU-R][/Users/Javier/Desktop/JAVIER/elasticsearch-5.0.1/data/nodes/0] free: 3.3gb[2.9%], shards will be relocated away from this node
[2017-01-31T20:36:33,584][INFO ][o.e.c.r.a.DiskThresholdMonitor] [nwthU-R] rerouting shards: [high disk watermark exceeded on one or more nodes]
[2017-01-31T20:37:03,615][WARN ][o.e.c.r.a.DiskThresholdMonitor] [nwthU-R] high disk watermark [90%] exceeded on [nwthU-RSRJmrdHRK1B-nHg][nwthU-R][/Users/Javier/Desktop/JAVIER/elasticsearch-5.0.1/data/nodes/0] free: 3.3gb[2.9%], shards will be relocated away from this node
[2017-01-31T20:37:33,647][WARN ][o.e.c.r.a.DiskThresholdMonitor] [nwthU-R] high disk watermark [90%] exceeded on [nwthU-RSRJmrdHRK1B-nHg][nwthU-R][/Users/Javier/Desktop/JAVIER/elasticsearch-5.0.1/data/nodes/0] free: 3.3gb[2.9%], shards will be relocated away from this node
[2017-01-31T20:37:33,647][INFO ][o.e.c.r.a.DiskThresholdMonitor] [nwthU-R] rerouting shards: [high disk watermark exceeded on one or more nodes]
[2017-01-31T20:38:03,678][WARN ][o.e.c.r.a.DiskThresholdMonitor] [nwthU-R] high disk watermark [90%] exceeded on [nwthU-RSRJmrdHRK1B-nHg][nwthU-R][/Users/Javier/Desktop/JAVIER/elasticsearch-5.0.1/data/nodes/0] free: 3.3gb[2.9%], shards will be relocated away from this node
[2017-01-31T20:38:33,709][WARN ][o.e.c.r.a.DiskThresholdMonitor] [nwthU-R] high disk watermark [90%] exceeded on [nwthU-RSRJmrdHRK1B-nHg][nwthU-R][/Users/Javier/Desktop/JAVIER/elasticsearch-5.0.1/data/nodes/0] free: 3.3gb[2.9%], shards will be relocated away from this node
[2017-01-31T20:38:33,709][INFO ][o.e.c.r.a.DiskThresholdMonitor] [nwthU-R] rerouting shards: [high disk watermark exceeded on one or more nodes]
[2017-01-31T20:39:03,740][WARN ][o.e.c.r.a.DiskThresholdMonitor] [nwthU-R] high disk watermark [90%] exceeded on [nwthU-RSRJmrdHRK1B-nHg][nwthU-R][/Users/Javier/Desktop/JAVIER/elasticsearch-5.0.1/data/nodes/0] free: 3.3gb[2.9%], shards will be relocated away from this node
[2017-01-31T20:39:33,771][WARN ][o.e.c.r.a.DiskThresholdMonitor] [nwthU-R] high disk watermark [90%] exceeded on [nwthU-RSRJmrdHRK1B-nHg][nwthU-R][/Users/Javier/Desktop/JAVIER/elasticsearch-5.0.1/data/nodes/0] free: 3.3gb[2.9%], shards will be relocated away from this node
[2017-01-31T20:39:33,771][INFO ][o.e.c.r.a.DiskThresholdMonitor] [nwthU-R] rerouting shards: [high disk watermark exceeded on one or more nodes]
[2017-01-31T20:40:03,802][WARN ][o.e.c.r.a.DiskThresholdMonitor] [nwthU-R] high disk watermark [90%] exceeded on [nwthU-RSRJmrdHRK1B-nHg][nwthU-R][/Users/Javier/Desktop/JAVIER/elasticsearch-5.0.1/data/nodes/0] free: 3.3gb[2.9%], shards will be relocated away from this node
[2017-01-31T20:40:33,834][WARN ][o.e.c.r.a.DiskThresholdMonitor] [nwthU-R] high disk watermark [90%] exceeded on [nwthU-RSRJmrdHRK1B-nHg][nwthU-R][/Users/Javier/Desktop/JAVIER/elasticsearch-5.0.1/data/nodes/0] free: 3.3gb[2.9%], shards will be relocated away from this node
[2017-01-31T20:40:33,834][INFO ][o.e.c.r.a.DiskThresholdMonitor] [nwthU-R] rerouting shards: [high disk watermark exceeded on one or more nodes]
[2017-01-31T20:41:03,865][WARN ][o.e.c.r.a.DiskThresholdMonitor] [nwthU-R] high disk watermark [90%] exceeded on [nwthU-RSRJmrdHRK1B-nHg][nwthU-R][/Users/Javier/Desktop/JAVIER/elasticsearch-5.0.1/data/nodes/0] free: 3.3gb[2.9%], shards will be relocated away from this node
[2017-01-31T20:41:33,976][WARN ][o.e.c.r.a.DiskThresholdMonitor] [nwthU-R] high disk watermark [90%] exceeded on [nwthU-RSRJmrdHRK1B-nHg][nwthU-R][/Users/Javier/Desktop/JAVIER/elasticsearch-5.0.1/data/nodes/0] free: 3.3gb[2.9%], shards will be relocated away from this node
[2017-01-31T20:41:33,976][INFO ][o.e.c.r.a.DiskThresholdMonitor] [nwthU-R] rerouting shards: [high disk watermark exceeded on one or more nodes]
[2017-01-31T20:42:34,043][INFO ][o.e.c.r.a.DiskThresholdMonitor] [nwthU-R] rerouting shards: [one or more nodes has gone under the high or low watermark]
[2017-01-31T21:36:18,751][INFO ][o.e.n.Node               ] [nwthU-R] stopping ...
[2017-01-31T21:36:18,835][INFO ][o.e.n.Node               ] [nwthU-R] stopped
[2017-01-31T21:36:18,835][INFO ][o.e.n.Node               ] [nwthU-R] closing ...
[2017-01-31T21:36:18,853][INFO ][o.e.n.Node               ] [nwthU-R] closed
