[2017-01-21T18:55:36,826][INFO ][o.e.n.Node               ] [] initializing ...
[2017-01-21T18:55:36,939][INFO ][o.e.e.NodeEnvironment    ] [nwthU-R] using [1] data paths, mounts [[/ (/dev/disk1)]], net usable_space [34.6gb], net total_space [111.8gb], spins? [unknown], types [hfs]
[2017-01-21T18:55:36,939][INFO ][o.e.e.NodeEnvironment    ] [nwthU-R] heap size [1.9gb], compressed ordinary object pointers [true]
[2017-01-21T18:55:37,073][INFO ][o.e.n.Node               ] [nwthU-R] node name [nwthU-R] derived from node ID; set [node.name] to override
[2017-01-21T18:55:37,077][INFO ][o.e.n.Node               ] [nwthU-R] version[5.0.1], pid[3197], build[080bb47/2016-11-11T22:08:49.812Z], OS[Mac OS X/10.12.2/x86_64], JVM[Oracle Corporation/Java HotSpot(TM) 64-Bit Server VM/1.8.0_111/25.111-b14]
[2017-01-21T18:55:38,546][INFO ][o.e.p.PluginsService     ] [nwthU-R] loaded module [aggs-matrix-stats]
[2017-01-21T18:55:38,547][INFO ][o.e.p.PluginsService     ] [nwthU-R] loaded module [ingest-common]
[2017-01-21T18:55:38,547][INFO ][o.e.p.PluginsService     ] [nwthU-R] loaded module [lang-expression]
[2017-01-21T18:55:38,547][INFO ][o.e.p.PluginsService     ] [nwthU-R] loaded module [lang-groovy]
[2017-01-21T18:55:38,547][INFO ][o.e.p.PluginsService     ] [nwthU-R] loaded module [lang-mustache]
[2017-01-21T18:55:38,547][INFO ][o.e.p.PluginsService     ] [nwthU-R] loaded module [lang-painless]
[2017-01-21T18:55:38,547][INFO ][o.e.p.PluginsService     ] [nwthU-R] loaded module [percolator]
[2017-01-21T18:55:38,548][INFO ][o.e.p.PluginsService     ] [nwthU-R] loaded module [reindex]
[2017-01-21T18:55:38,548][INFO ][o.e.p.PluginsService     ] [nwthU-R] loaded module [transport-netty3]
[2017-01-21T18:55:38,548][INFO ][o.e.p.PluginsService     ] [nwthU-R] loaded module [transport-netty4]
[2017-01-21T18:55:38,548][INFO ][o.e.p.PluginsService     ] [nwthU-R] no plugins loaded
[2017-01-21T18:55:42,586][INFO ][o.e.n.Node               ] [nwthU-R] initialized
[2017-01-21T18:55:42,586][INFO ][o.e.n.Node               ] [nwthU-R] starting ...
[2017-01-21T18:55:47,816][INFO ][o.e.t.TransportService   ] [nwthU-R] publish_address {127.0.0.1:9300}, bound_addresses {[fe80::1]:9300}, {[::1]:9300}, {127.0.0.1:9300}
[2017-01-21T18:55:50,898][INFO ][o.e.c.s.ClusterService   ] [nwthU-R] new_master {nwthU-R}{nwthU-RSRJmrdHRK1B-nHg}{tKouypl-Q8uGK93PnwRL-w}{127.0.0.1}{127.0.0.1:9300}, reason: zen-disco-elected-as-master ([0] nodes joined)
[2017-01-21T18:55:50,974][INFO ][o.e.h.HttpServer         ] [nwthU-R] publish_address {127.0.0.1:9200}, bound_addresses {[fe80::1]:9200}, {[::1]:9200}, {127.0.0.1:9200}
[2017-01-21T18:55:50,974][INFO ][o.e.n.Node               ] [nwthU-R] started
[2017-01-21T18:55:51,336][INFO ][o.e.g.GatewayService     ] [nwthU-R] recovered [10] indices into cluster_state
[2017-01-21T18:55:52,931][INFO ][o.e.c.r.a.AllocationService] [nwthU-R] Cluster health status changed from [RED] to [YELLOW] (reason: [shards started [[footballdata][3]] ...]).
[2017-01-21T21:04:52,869][INFO ][o.e.m.j.JvmGcMonitorService] [nwthU-R] [gc][4286] overhead, spent [481ms] collecting in the last [1s]
[2017-01-21T21:44:32,101][INFO ][o.e.c.m.MetaDataCreateIndexService] [nwthU-R] [footballnews] creating index, cause [api], templates [], shards [5]/[1], mappings []
[2017-01-21T21:44:32,193][INFO ][o.e.c.s.IndexScopedSettings] [nwthU-R] updating [index.refresh_interval] from [1s] to [-1]
[2017-01-21T21:44:32,194][INFO ][o.e.c.s.IndexScopedSettings] [nwthU-R] updating [index.refresh_interval] from [1s] to [-1]
[2017-01-21T21:44:32,391][INFO ][o.e.c.m.MetaDataMappingService] [nwthU-R] [footballnews/Iz_qdWcWRq2FagaUEegYGQ] create_mapping [news]
[2017-01-21T21:44:32,399][INFO ][o.e.c.m.MetaDataMappingService] [nwthU-R] [footballnews/Iz_qdWcWRq2FagaUEegYGQ] update_mapping [news]
[2017-01-21T21:44:32,407][INFO ][o.e.c.m.MetaDataMappingService] [nwthU-R] [footballnews/Iz_qdWcWRq2FagaUEegYGQ] update_mapping [news]
[2017-01-21T21:44:33,034][INFO ][o.e.c.s.IndexScopedSettings] [nwthU-R] updating [index.refresh_interval] from [-1] to [1s]
[2017-01-21T21:44:33,036][INFO ][o.e.c.s.IndexScopedSettings] [nwthU-R] updating [index.refresh_interval] from [-1] to [1s]
[2017-01-21T23:34:47,120][INFO ][o.e.n.Node               ] [nwthU-R] stopping ...
[2017-01-21T23:34:47,185][INFO ][o.e.n.Node               ] [nwthU-R] stopped
[2017-01-21T23:34:47,187][INFO ][o.e.n.Node               ] [nwthU-R] closing ...
[2017-01-21T23:34:47,197][INFO ][o.e.n.Node               ] [nwthU-R] closed
