[2017-01-15T00:06:25,419][INFO ][o.e.n.Node               ] [nwthU-R] stopping ...
[2017-01-15T00:06:25,681][INFO ][o.e.n.Node               ] [nwthU-R] stopped
[2017-01-15T00:06:25,681][INFO ][o.e.n.Node               ] [nwthU-R] closing ...
[2017-01-15T00:06:25,736][INFO ][o.e.n.Node               ] [nwthU-R] closed
[2017-01-15T11:12:58,776][INFO ][o.e.n.Node               ] [] initializing ...
[2017-01-15T11:12:58,905][INFO ][o.e.e.NodeEnvironment    ] [nwthU-R] using [1] data paths, mounts [[/ (/dev/disk1)]], net usable_space [38.2gb], net total_space [111.8gb], spins? [unknown], types [hfs]
[2017-01-15T11:12:58,905][INFO ][o.e.e.NodeEnvironment    ] [nwthU-R] heap size [1.9gb], compressed ordinary object pointers [true]
[2017-01-15T11:12:59,021][INFO ][o.e.n.Node               ] [nwthU-R] node name [nwthU-R] derived from node ID; set [node.name] to override
[2017-01-15T11:12:59,025][INFO ][o.e.n.Node               ] [nwthU-R] version[5.0.1], pid[923], build[080bb47/2016-11-11T22:08:49.812Z], OS[Mac OS X/10.12.2/x86_64], JVM[Oracle Corporation/Java HotSpot(TM) 64-Bit Server VM/1.8.0_111/25.111-b14]
[2017-01-15T11:13:00,526][INFO ][o.e.p.PluginsService     ] [nwthU-R] loaded module [aggs-matrix-stats]
[2017-01-15T11:13:00,526][INFO ][o.e.p.PluginsService     ] [nwthU-R] loaded module [ingest-common]
[2017-01-15T11:13:00,527][INFO ][o.e.p.PluginsService     ] [nwthU-R] loaded module [lang-expression]
[2017-01-15T11:13:00,527][INFO ][o.e.p.PluginsService     ] [nwthU-R] loaded module [lang-groovy]
[2017-01-15T11:13:00,527][INFO ][o.e.p.PluginsService     ] [nwthU-R] loaded module [lang-mustache]
[2017-01-15T11:13:00,528][INFO ][o.e.p.PluginsService     ] [nwthU-R] loaded module [lang-painless]
[2017-01-15T11:13:00,528][INFO ][o.e.p.PluginsService     ] [nwthU-R] loaded module [percolator]
[2017-01-15T11:13:00,529][INFO ][o.e.p.PluginsService     ] [nwthU-R] loaded module [reindex]
[2017-01-15T11:13:00,529][INFO ][o.e.p.PluginsService     ] [nwthU-R] loaded module [transport-netty3]
[2017-01-15T11:13:00,529][INFO ][o.e.p.PluginsService     ] [nwthU-R] loaded module [transport-netty4]
[2017-01-15T11:13:00,530][INFO ][o.e.p.PluginsService     ] [nwthU-R] no plugins loaded
[2017-01-15T11:13:04,826][INFO ][o.e.n.Node               ] [nwthU-R] initialized
[2017-01-15T11:13:04,826][INFO ][o.e.n.Node               ] [nwthU-R] starting ...
[2017-01-15T11:13:10,118][INFO ][o.e.t.TransportService   ] [nwthU-R] publish_address {127.0.0.1:9300}, bound_addresses {[fe80::1]:9300}, {[::1]:9300}, {127.0.0.1:9300}
[2017-01-15T11:13:13,188][INFO ][o.e.c.s.ClusterService   ] [nwthU-R] new_master {nwthU-R}{nwthU-RSRJmrdHRK1B-nHg}{UrazDeGLTQ-v14lhn8QjRg}{127.0.0.1}{127.0.0.1:9300}, reason: zen-disco-elected-as-master ([0] nodes joined)
[2017-01-15T11:13:13,239][INFO ][o.e.h.HttpServer         ] [nwthU-R] publish_address {127.0.0.1:9200}, bound_addresses {[fe80::1]:9200}, {[::1]:9200}, {127.0.0.1:9200}
[2017-01-15T11:13:13,239][INFO ][o.e.n.Node               ] [nwthU-R] started
[2017-01-15T11:13:13,650][INFO ][o.e.g.GatewayService     ] [nwthU-R] recovered [10] indices into cluster_state
[2017-01-15T11:13:14,971][INFO ][o.e.c.r.a.AllocationService] [nwthU-R] Cluster health status changed from [RED] to [YELLOW] (reason: [shards started [[footballdata][3]] ...]).
[2017-01-15T23:28:04,393][INFO ][o.e.n.Node               ] [nwthU-R] stopping ...
[2017-01-15T23:28:04,571][INFO ][o.e.n.Node               ] [nwthU-R] stopped
[2017-01-15T23:28:04,571][INFO ][o.e.n.Node               ] [nwthU-R] closing ...
[2017-01-15T23:28:04,597][INFO ][o.e.n.Node               ] [nwthU-R] closed
