[2017-01-08T10:18:16,643][INFO ][o.e.n.Node               ] [] initializing ...
[2017-01-08T10:18:16,812][INFO ][o.e.e.NodeEnvironment    ] [nwthU-R] using [1] data paths, mounts [[/ (/dev/disk1)]], net usable_space [38.6gb], net total_space [111.8gb], spins? [unknown], types [hfs]
[2017-01-08T10:18:16,813][INFO ][o.e.e.NodeEnvironment    ] [nwthU-R] heap size [1.9gb], compressed ordinary object pointers [true]
[2017-01-08T10:18:16,909][INFO ][o.e.n.Node               ] [nwthU-R] node name [nwthU-R] derived from node ID; set [node.name] to override
[2017-01-08T10:18:16,913][INFO ][o.e.n.Node               ] [nwthU-R] version[5.0.1], pid[737], build[080bb47/2016-11-11T22:08:49.812Z], OS[Mac OS X/10.12.1/x86_64], JVM[Oracle Corporation/Java HotSpot(TM) 64-Bit Server VM/1.8.0_111/25.111-b14]
[2017-01-08T10:18:18,437][INFO ][o.e.p.PluginsService     ] [nwthU-R] loaded module [aggs-matrix-stats]
[2017-01-08T10:18:18,437][INFO ][o.e.p.PluginsService     ] [nwthU-R] loaded module [ingest-common]
[2017-01-08T10:18:18,438][INFO ][o.e.p.PluginsService     ] [nwthU-R] loaded module [lang-expression]
[2017-01-08T10:18:18,438][INFO ][o.e.p.PluginsService     ] [nwthU-R] loaded module [lang-groovy]
[2017-01-08T10:18:18,438][INFO ][o.e.p.PluginsService     ] [nwthU-R] loaded module [lang-mustache]
[2017-01-08T10:18:18,438][INFO ][o.e.p.PluginsService     ] [nwthU-R] loaded module [lang-painless]
[2017-01-08T10:18:18,438][INFO ][o.e.p.PluginsService     ] [nwthU-R] loaded module [percolator]
[2017-01-08T10:18:18,438][INFO ][o.e.p.PluginsService     ] [nwthU-R] loaded module [reindex]
[2017-01-08T10:18:18,439][INFO ][o.e.p.PluginsService     ] [nwthU-R] loaded module [transport-netty3]
[2017-01-08T10:18:18,439][INFO ][o.e.p.PluginsService     ] [nwthU-R] loaded module [transport-netty4]
[2017-01-08T10:18:18,439][INFO ][o.e.p.PluginsService     ] [nwthU-R] no plugins loaded
[2017-01-08T10:18:22,567][INFO ][o.e.n.Node               ] [nwthU-R] initialized
[2017-01-08T10:18:22,567][INFO ][o.e.n.Node               ] [nwthU-R] starting ...
[2017-01-08T10:18:27,839][INFO ][o.e.t.TransportService   ] [nwthU-R] publish_address {127.0.0.1:9300}, bound_addresses {[fe80::1]:9300}, {[::1]:9300}, {127.0.0.1:9300}
[2017-01-08T10:18:30,906][INFO ][o.e.c.s.ClusterService   ] [nwthU-R] new_master {nwthU-R}{nwthU-RSRJmrdHRK1B-nHg}{FnIlOGX3QJysCI0qoB3moQ}{127.0.0.1}{127.0.0.1:9300}, reason: zen-disco-elected-as-master ([0] nodes joined)
[2017-01-08T10:18:30,927][INFO ][o.e.h.HttpServer         ] [nwthU-R] publish_address {127.0.0.1:9200}, bound_addresses {[fe80::1]:9200}, {[::1]:9200}, {127.0.0.1:9200}
[2017-01-08T10:18:30,928][INFO ][o.e.n.Node               ] [nwthU-R] started
[2017-01-08T10:18:31,251][INFO ][o.e.g.GatewayService     ] [nwthU-R] recovered [7] indices into cluster_state
[2017-01-08T10:18:32,184][INFO ][o.e.c.r.a.AllocationService] [nwthU-R] Cluster health status changed from [RED] to [YELLOW] (reason: [shards started [[footballdata][4], [footballdata][0]] ...]).
[2017-01-08T10:48:37,207][ERROR][i.n.u.ResourceLeakDetector] LEAK: ByteBuf.release() was not called before it's garbage-collected. Enable advanced leak reporting to find out where the leak occurred. To enable advanced leak reporting, specify the JVM option '-Dio.netty.leakDetection.level=advanced' or call ResourceLeakDetector.setLevel() See http://netty.io/wiki/reference-counted-objects.html for more information.
[2017-01-08T20:23:32,968][INFO ][o.e.c.m.MetaDataCreateIndexService] [nwthU-R] [footballnews] creating index, cause [api], templates [], shards [5]/[1], mappings []
[2017-01-08T20:23:33,089][INFO ][o.e.c.s.IndexScopedSettings] [nwthU-R] updating [index.refresh_interval] from [1s] to [-1]
[2017-01-08T20:23:33,092][INFO ][o.e.c.s.IndexScopedSettings] [nwthU-R] updating [index.refresh_interval] from [1s] to [-1]
[2017-01-08T20:23:33,205][INFO ][o.e.c.m.MetaDataMappingService] [nwthU-R] [footballnews/p-F_CtS8TcmgkgXkCBmyRQ] create_mapping [sentiments]
[2017-01-08T20:23:33,223][INFO ][o.e.c.m.MetaDataMappingService] [nwthU-R] [footballnews/p-F_CtS8TcmgkgXkCBmyRQ] update_mapping [sentiments]
[2017-01-08T20:23:33,555][INFO ][o.e.c.s.IndexScopedSettings] [nwthU-R] updating [index.refresh_interval] from [-1] to [1s]
[2017-01-08T20:23:33,557][INFO ][o.e.c.s.IndexScopedSettings] [nwthU-R] updating [index.refresh_interval] from [-1] to [1s]
[2017-01-08T20:24:21,759][INFO ][o.e.c.m.MetaDataCreateIndexService] [nwthU-R] [footballnews-emo] creating index, cause [api], templates [], shards [5]/[1], mappings []
[2017-01-08T20:24:21,858][INFO ][o.e.c.s.IndexScopedSettings] [nwthU-R] updating [index.refresh_interval] from [1s] to [-1]
[2017-01-08T20:24:21,860][INFO ][o.e.c.s.IndexScopedSettings] [nwthU-R] updating [index.refresh_interval] from [1s] to [-1]
[2017-01-08T20:24:21,905][INFO ][o.e.c.m.MetaDataMappingService] [nwthU-R] [footballnews-emo/RZbHRGw7QpqPppJROhGGbw] create_mapping [emotions]
[2017-01-08T20:24:21,912][INFO ][o.e.c.m.MetaDataMappingService] [nwthU-R] [footballnews-emo/RZbHRGw7QpqPppJROhGGbw] update_mapping [emotions]
[2017-01-08T20:24:22,022][INFO ][o.e.c.m.MetaDataMappingService] [nwthU-R] [footballnews-emo/RZbHRGw7QpqPppJROhGGbw] update_mapping [emotions]
[2017-01-08T20:24:22,206][INFO ][o.e.c.s.IndexScopedSettings] [nwthU-R] updating [index.refresh_interval] from [-1] to [1s]
[2017-01-08T20:24:22,209][INFO ][o.e.c.s.IndexScopedSettings] [nwthU-R] updating [index.refresh_interval] from [-1] to [1s]
[2017-01-08T20:31:45,165][INFO ][o.e.n.Node               ] [nwthU-R] stopping ...
[2017-01-08T20:31:45,220][INFO ][o.e.n.Node               ] [nwthU-R] stopped
[2017-01-08T20:31:45,220][INFO ][o.e.n.Node               ] [nwthU-R] closing ...
[2017-01-08T20:31:45,232][INFO ][o.e.n.Node               ] [nwthU-R] closed
[2017-01-08T20:32:08,608][INFO ][o.e.n.Node               ] [] initializing ...
[2017-01-08T20:32:08,696][INFO ][o.e.e.NodeEnvironment    ] [nwthU-R] using [1] data paths, mounts [[/ (/dev/disk1)]], net usable_space [36.6gb], net total_space [111.8gb], spins? [unknown], types [hfs]
[2017-01-08T20:32:08,696][INFO ][o.e.e.NodeEnvironment    ] [nwthU-R] heap size [1.9gb], compressed ordinary object pointers [true]
[2017-01-08T20:32:08,791][INFO ][o.e.n.Node               ] [nwthU-R] node name [nwthU-R] derived from node ID; set [node.name] to override
[2017-01-08T20:32:08,793][INFO ][o.e.n.Node               ] [nwthU-R] version[5.0.1], pid[3970], build[080bb47/2016-11-11T22:08:49.812Z], OS[Mac OS X/10.12.1/x86_64], JVM[Oracle Corporation/Java HotSpot(TM) 64-Bit Server VM/1.8.0_111/25.111-b14]
[2017-01-08T20:32:09,874][INFO ][o.e.p.PluginsService     ] [nwthU-R] loaded module [aggs-matrix-stats]
[2017-01-08T20:32:09,875][INFO ][o.e.p.PluginsService     ] [nwthU-R] loaded module [ingest-common]
[2017-01-08T20:32:09,875][INFO ][o.e.p.PluginsService     ] [nwthU-R] loaded module [lang-expression]
[2017-01-08T20:32:09,875][INFO ][o.e.p.PluginsService     ] [nwthU-R] loaded module [lang-groovy]
[2017-01-08T20:32:09,875][INFO ][o.e.p.PluginsService     ] [nwthU-R] loaded module [lang-mustache]
[2017-01-08T20:32:09,875][INFO ][o.e.p.PluginsService     ] [nwthU-R] loaded module [lang-painless]
[2017-01-08T20:32:09,875][INFO ][o.e.p.PluginsService     ] [nwthU-R] loaded module [percolator]
[2017-01-08T20:32:09,875][INFO ][o.e.p.PluginsService     ] [nwthU-R] loaded module [reindex]
[2017-01-08T20:32:09,876][INFO ][o.e.p.PluginsService     ] [nwthU-R] loaded module [transport-netty3]
[2017-01-08T20:32:09,876][INFO ][o.e.p.PluginsService     ] [nwthU-R] loaded module [transport-netty4]
[2017-01-08T20:32:09,876][INFO ][o.e.p.PluginsService     ] [nwthU-R] no plugins loaded
[2017-01-08T20:32:12,050][INFO ][o.e.n.Node               ] [nwthU-R] initialized
[2017-01-08T20:32:12,050][INFO ][o.e.n.Node               ] [nwthU-R] starting ...
[2017-01-08T20:32:17,308][INFO ][o.e.t.TransportService   ] [nwthU-R] publish_address {127.0.0.1:9300}, bound_addresses {[fe80::1]:9300}, {[::1]:9300}, {127.0.0.1:9300}
[2017-01-08T20:32:20,368][INFO ][o.e.c.s.ClusterService   ] [nwthU-R] new_master {nwthU-R}{nwthU-RSRJmrdHRK1B-nHg}{whtVZpJuTbe0j7R9DgK6xA}{127.0.0.1}{127.0.0.1:9300}, reason: zen-disco-elected-as-master ([0] nodes joined)
[2017-01-08T20:32:20,397][INFO ][o.e.h.HttpServer         ] [nwthU-R] publish_address {127.0.0.1:9200}, bound_addresses {[fe80::1]:9200}, {[::1]:9200}, {127.0.0.1:9200}
[2017-01-08T20:32:20,397][INFO ][o.e.n.Node               ] [nwthU-R] started
[2017-01-08T20:32:20,677][INFO ][o.e.g.GatewayService     ] [nwthU-R] recovered [9] indices into cluster_state
[2017-01-08T20:32:21,749][INFO ][o.e.c.r.a.AllocationService] [nwthU-R] Cluster health status changed from [RED] to [YELLOW] (reason: [shards started [[footballdata][4]] ...]).
[2017-01-08T20:58:04,506][ERROR][i.n.u.ResourceLeakDetector] LEAK: ByteBuf.release() was not called before it's garbage-collected. Enable advanced leak reporting to find out where the leak occurred. To enable advanced leak reporting, specify the JVM option '-Dio.netty.leakDetection.level=advanced' or call ResourceLeakDetector.setLevel() See http://netty.io/wiki/reference-counted-objects.html for more information.
[2017-01-08T21:08:57,702][INFO ][o.e.n.Node               ] [nwthU-R] stopping ...
[2017-01-08T21:08:57,796][INFO ][o.e.n.Node               ] [nwthU-R] stopped
[2017-01-08T21:08:57,798][INFO ][o.e.n.Node               ] [nwthU-R] closing ...
[2017-01-08T21:08:57,814][INFO ][o.e.n.Node               ] [nwthU-R] closed
[2017-01-08T21:09:23,128][INFO ][o.e.n.Node               ] [] initializing ...
[2017-01-08T21:09:23,471][INFO ][o.e.e.NodeEnvironment    ] [nwthU-R] using [1] data paths, mounts [[/ (/dev/disk1)]], net usable_space [36.9gb], net total_space [111.8gb], spins? [unknown], types [hfs]
[2017-01-08T21:09:23,472][INFO ][o.e.e.NodeEnvironment    ] [nwthU-R] heap size [1.9gb], compressed ordinary object pointers [true]
[2017-01-08T21:09:23,735][INFO ][o.e.n.Node               ] [nwthU-R] node name [nwthU-R] derived from node ID; set [node.name] to override
[2017-01-08T21:09:23,741][INFO ][o.e.n.Node               ] [nwthU-R] version[5.0.1], pid[4393], build[080bb47/2016-11-11T22:08:49.812Z], OS[Mac OS X/10.12.1/x86_64], JVM[Oracle Corporation/Java HotSpot(TM) 64-Bit Server VM/1.8.0_111/25.111-b14]
[2017-01-08T21:09:28,069][INFO ][o.e.p.PluginsService     ] [nwthU-R] loaded module [aggs-matrix-stats]
[2017-01-08T21:09:28,070][INFO ][o.e.p.PluginsService     ] [nwthU-R] loaded module [ingest-common]
[2017-01-08T21:09:28,070][INFO ][o.e.p.PluginsService     ] [nwthU-R] loaded module [lang-expression]
[2017-01-08T21:09:28,070][INFO ][o.e.p.PluginsService     ] [nwthU-R] loaded module [lang-groovy]
[2017-01-08T21:09:28,071][INFO ][o.e.p.PluginsService     ] [nwthU-R] loaded module [lang-mustache]
[2017-01-08T21:09:28,071][INFO ][o.e.p.PluginsService     ] [nwthU-R] loaded module [lang-painless]
[2017-01-08T21:09:28,071][INFO ][o.e.p.PluginsService     ] [nwthU-R] loaded module [percolator]
[2017-01-08T21:09:28,072][INFO ][o.e.p.PluginsService     ] [nwthU-R] loaded module [reindex]
[2017-01-08T21:09:28,072][INFO ][o.e.p.PluginsService     ] [nwthU-R] loaded module [transport-netty3]
[2017-01-08T21:09:28,072][INFO ][o.e.p.PluginsService     ] [nwthU-R] loaded module [transport-netty4]
[2017-01-08T21:09:28,073][INFO ][o.e.p.PluginsService     ] [nwthU-R] no plugins loaded
[2017-01-08T21:09:35,116][INFO ][o.e.n.Node               ] [nwthU-R] initialized
[2017-01-08T21:09:35,118][INFO ][o.e.n.Node               ] [nwthU-R] starting ...
[2017-01-08T21:09:40,907][INFO ][o.e.t.TransportService   ] [nwthU-R] publish_address {127.0.0.1:9300}, bound_addresses {[fe80::1]:9300}, {[::1]:9300}, {127.0.0.1:9300}
[2017-01-08T21:09:41,775][INFO ][o.e.m.j.JvmGcMonitorService] [nwthU-R] [gc][6] overhead, spent [674ms] collecting in the last [1.6s]
[2017-01-08T21:09:44,147][INFO ][o.e.c.s.ClusterService   ] [nwthU-R] new_master {nwthU-R}{nwthU-RSRJmrdHRK1B-nHg}{FMu8ZY1VQHKCeopnBd2CXg}{127.0.0.1}{127.0.0.1:9300}, reason: zen-disco-elected-as-master ([0] nodes joined)
[2017-01-08T21:09:44,209][INFO ][o.e.h.HttpServer         ] [nwthU-R] publish_address {127.0.0.1:9200}, bound_addresses {[fe80::1]:9200}, {[::1]:9200}, {127.0.0.1:9200}
[2017-01-08T21:09:44,210][INFO ][o.e.n.Node               ] [nwthU-R] started
[2017-01-08T21:09:45,259][INFO ][o.e.g.GatewayService     ] [nwthU-R] recovered [9] indices into cluster_state
[2017-01-08T21:09:47,828][INFO ][o.e.c.r.a.AllocationService] [nwthU-R] Cluster health status changed from [RED] to [YELLOW] (reason: [shards started [[footballdata][1]] ...]).
[2017-01-08T21:10:27,904][INFO ][o.e.m.j.JvmGcMonitorService] [nwthU-R] [gc][52] overhead, spent [388ms] collecting in the last [1s]
[2017-01-08T21:21:59,332][INFO ][o.e.n.Node               ] [nwthU-R] stopping ...
[2017-01-08T21:21:59,458][INFO ][o.e.n.Node               ] [nwthU-R] stopped
[2017-01-08T21:21:59,459][INFO ][o.e.n.Node               ] [nwthU-R] closing ...
[2017-01-08T21:21:59,482][INFO ][o.e.n.Node               ] [nwthU-R] closed
[2017-01-08T23:04:32,520][INFO ][o.e.n.Node               ] [] initializing ...
[2017-01-08T23:04:32,611][INFO ][o.e.e.NodeEnvironment    ] [nwthU-R] using [1] data paths, mounts [[/ (/dev/disk1)]], net usable_space [37.6gb], net total_space [111.8gb], spins? [unknown], types [hfs]
[2017-01-08T23:04:32,611][INFO ][o.e.e.NodeEnvironment    ] [nwthU-R] heap size [1.9gb], compressed ordinary object pointers [true]
[2017-01-08T23:04:32,703][INFO ][o.e.n.Node               ] [nwthU-R] node name [nwthU-R] derived from node ID; set [node.name] to override
[2017-01-08T23:04:32,707][INFO ][o.e.n.Node               ] [nwthU-R] version[5.0.1], pid[792], build[080bb47/2016-11-11T22:08:49.812Z], OS[Mac OS X/10.12.1/x86_64], JVM[Oracle Corporation/Java HotSpot(TM) 64-Bit Server VM/1.8.0_111/25.111-b14]
[2017-01-08T23:04:33,723][INFO ][o.e.p.PluginsService     ] [nwthU-R] loaded module [aggs-matrix-stats]
[2017-01-08T23:04:33,723][INFO ][o.e.p.PluginsService     ] [nwthU-R] loaded module [ingest-common]
[2017-01-08T23:04:33,723][INFO ][o.e.p.PluginsService     ] [nwthU-R] loaded module [lang-expression]
[2017-01-08T23:04:33,724][INFO ][o.e.p.PluginsService     ] [nwthU-R] loaded module [lang-groovy]
[2017-01-08T23:04:33,724][INFO ][o.e.p.PluginsService     ] [nwthU-R] loaded module [lang-mustache]
[2017-01-08T23:04:33,724][INFO ][o.e.p.PluginsService     ] [nwthU-R] loaded module [lang-painless]
[2017-01-08T23:04:33,724][INFO ][o.e.p.PluginsService     ] [nwthU-R] loaded module [percolator]
[2017-01-08T23:04:33,724][INFO ][o.e.p.PluginsService     ] [nwthU-R] loaded module [reindex]
[2017-01-08T23:04:33,724][INFO ][o.e.p.PluginsService     ] [nwthU-R] loaded module [transport-netty3]
[2017-01-08T23:04:33,725][INFO ][o.e.p.PluginsService     ] [nwthU-R] loaded module [transport-netty4]
[2017-01-08T23:04:33,725][INFO ][o.e.p.PluginsService     ] [nwthU-R] no plugins loaded
[2017-01-08T23:04:36,941][INFO ][o.e.n.Node               ] [nwthU-R] initialized
[2017-01-08T23:04:36,942][INFO ][o.e.n.Node               ] [nwthU-R] starting ...
[2017-01-08T23:04:42,202][INFO ][o.e.t.TransportService   ] [nwthU-R] publish_address {127.0.0.1:9300}, bound_addresses {[fe80::1]:9300}, {[::1]:9300}, {127.0.0.1:9300}
[2017-01-08T23:04:45,264][INFO ][o.e.c.s.ClusterService   ] [nwthU-R] new_master {nwthU-R}{nwthU-RSRJmrdHRK1B-nHg}{LG5grm_nS0aPJUx5mRkFjA}{127.0.0.1}{127.0.0.1:9300}, reason: zen-disco-elected-as-master ([0] nodes joined)
[2017-01-08T23:04:45,286][INFO ][o.e.h.HttpServer         ] [nwthU-R] publish_address {127.0.0.1:9200}, bound_addresses {[fe80::1]:9200}, {[::1]:9200}, {127.0.0.1:9200}
[2017-01-08T23:04:45,286][INFO ][o.e.n.Node               ] [nwthU-R] started
[2017-01-08T23:04:45,657][INFO ][o.e.g.GatewayService     ] [nwthU-R] recovered [9] indices into cluster_state
[2017-01-08T23:04:47,240][INFO ][o.e.c.r.a.AllocationService] [nwthU-R] Cluster health status changed from [RED] to [YELLOW] (reason: [shards started [[footballdata][3], [footballdata][4]] ...]).
[2017-01-08T23:06:15,238][INFO ][o.e.m.j.JvmGcMonitorService] [nwthU-R] [gc][98] overhead, spent [280ms] collecting in the last [1s]
[2017-01-08T23:06:19,925][ERROR][i.n.u.ResourceLeakDetector] LEAK: ByteBuf.release() was not called before it's garbage-collected. Enable advanced leak reporting to find out where the leak occurred. To enable advanced leak reporting, specify the JVM option '-Dio.netty.leakDetection.level=advanced' or call ResourceLeakDetector.setLevel() See http://netty.io/wiki/reference-counted-objects.html for more information.
[2017-01-08T23:07:42,350][INFO ][o.e.n.Node               ] [nwthU-R] stopping ...
[2017-01-08T23:07:42,409][INFO ][o.e.n.Node               ] [nwthU-R] stopped
[2017-01-08T23:07:42,409][INFO ][o.e.n.Node               ] [nwthU-R] closing ...
[2017-01-08T23:07:42,420][INFO ][o.e.n.Node               ] [nwthU-R] closed
