[2017-01-09T15:46:48,618][INFO ][o.e.n.Node               ] [] initializing ...
[2017-01-09T15:46:48,745][INFO ][o.e.e.NodeEnvironment    ] [nwthU-R] using [1] data paths, mounts [[/ (/dev/disk1)]], net usable_space [38.7gb], net total_space [111.8gb], spins? [unknown], types [hfs]
[2017-01-09T15:46:48,746][INFO ][o.e.e.NodeEnvironment    ] [nwthU-R] heap size [1.9gb], compressed ordinary object pointers [true]
[2017-01-09T15:46:48,858][INFO ][o.e.n.Node               ] [nwthU-R] node name [nwthU-R] derived from node ID; set [node.name] to override
[2017-01-09T15:46:48,862][INFO ][o.e.n.Node               ] [nwthU-R] version[5.0.1], pid[627], build[080bb47/2016-11-11T22:08:49.812Z], OS[Mac OS X/10.12.1/x86_64], JVM[Oracle Corporation/Java HotSpot(TM) 64-Bit Server VM/1.8.0_111/25.111-b14]
[2017-01-09T15:46:50,276][INFO ][o.e.p.PluginsService     ] [nwthU-R] loaded module [aggs-matrix-stats]
[2017-01-09T15:46:50,277][INFO ][o.e.p.PluginsService     ] [nwthU-R] loaded module [ingest-common]
[2017-01-09T15:46:50,277][INFO ][o.e.p.PluginsService     ] [nwthU-R] loaded module [lang-expression]
[2017-01-09T15:46:50,277][INFO ][o.e.p.PluginsService     ] [nwthU-R] loaded module [lang-groovy]
[2017-01-09T15:46:50,277][INFO ][o.e.p.PluginsService     ] [nwthU-R] loaded module [lang-mustache]
[2017-01-09T15:46:50,277][INFO ][o.e.p.PluginsService     ] [nwthU-R] loaded module [lang-painless]
[2017-01-09T15:46:50,277][INFO ][o.e.p.PluginsService     ] [nwthU-R] loaded module [percolator]
[2017-01-09T15:46:50,278][INFO ][o.e.p.PluginsService     ] [nwthU-R] loaded module [reindex]
[2017-01-09T15:46:50,278][INFO ][o.e.p.PluginsService     ] [nwthU-R] loaded module [transport-netty3]
[2017-01-09T15:46:50,279][INFO ][o.e.p.PluginsService     ] [nwthU-R] loaded module [transport-netty4]
[2017-01-09T15:46:50,279][INFO ][o.e.p.PluginsService     ] [nwthU-R] no plugins loaded
[2017-01-09T15:46:53,931][INFO ][o.e.n.Node               ] [nwthU-R] initialized
[2017-01-09T15:46:53,932][INFO ][o.e.n.Node               ] [nwthU-R] starting ...
[2017-01-09T15:46:59,335][INFO ][o.e.t.TransportService   ] [nwthU-R] publish_address {127.0.0.1:9300}, bound_addresses {[fe80::1]:9300}, {[::1]:9300}, {127.0.0.1:9300}
[2017-01-09T15:47:02,430][INFO ][o.e.c.s.ClusterService   ] [nwthU-R] new_master {nwthU-R}{nwthU-RSRJmrdHRK1B-nHg}{XIR1P313Qx-LQsC_l2qZWQ}{127.0.0.1}{127.0.0.1:9300}, reason: zen-disco-elected-as-master ([0] nodes joined)
[2017-01-09T15:47:02,459][INFO ][o.e.h.HttpServer         ] [nwthU-R] publish_address {127.0.0.1:9200}, bound_addresses {[fe80::1]:9200}, {[::1]:9200}, {127.0.0.1:9200}
[2017-01-09T15:47:02,460][INFO ][o.e.n.Node               ] [nwthU-R] started
[2017-01-09T15:47:02,792][WARN ][r.suppressed             ] path: /_cat/indices, params: {}
org.elasticsearch.cluster.block.ClusterBlockException: blocked by: [SERVICE_UNAVAILABLE/1/state not recovered / initialized];
	at org.elasticsearch.cluster.block.ClusterBlocks.globalBlockedException(ClusterBlocks.java:161) ~[elasticsearch-5.0.1.jar:5.0.1]
	at org.elasticsearch.action.admin.indices.stats.TransportIndicesStatsAction.checkGlobalBlock(TransportIndicesStatsAction.java:70) ~[elasticsearch-5.0.1.jar:5.0.1]
	at org.elasticsearch.action.admin.indices.stats.TransportIndicesStatsAction.checkGlobalBlock(TransportIndicesStatsAction.java:47) ~[elasticsearch-5.0.1.jar:5.0.1]
	at org.elasticsearch.action.support.broadcast.node.TransportBroadcastByNodeAction$AsyncAction.<init>(TransportBroadcastByNodeAction.java:256) ~[elasticsearch-5.0.1.jar:5.0.1]
	at org.elasticsearch.action.support.broadcast.node.TransportBroadcastByNodeAction.doExecute(TransportBroadcastByNodeAction.java:234) ~[elasticsearch-5.0.1.jar:5.0.1]
	at org.elasticsearch.action.support.broadcast.node.TransportBroadcastByNodeAction.doExecute(TransportBroadcastByNodeAction.java:79) ~[elasticsearch-5.0.1.jar:5.0.1]
	at org.elasticsearch.action.support.TransportAction$RequestFilterChain.proceed(TransportAction.java:182) ~[elasticsearch-5.0.1.jar:5.0.1]
	at org.elasticsearch.action.ingest.IngestActionFilter.apply(IngestActionFilter.java:82) ~[elasticsearch-5.0.1.jar:5.0.1]
	at org.elasticsearch.action.support.TransportAction$RequestFilterChain.proceed(TransportAction.java:180) ~[elasticsearch-5.0.1.jar:5.0.1]
	at org.elasticsearch.action.support.TransportAction.execute(TransportAction.java:153) ~[elasticsearch-5.0.1.jar:5.0.1]
	at org.elasticsearch.action.support.TransportAction.execute(TransportAction.java:87) ~[elasticsearch-5.0.1.jar:5.0.1]
	at org.elasticsearch.client.node.NodeClient.executeLocally(NodeClient.java:75) ~[elasticsearch-5.0.1.jar:5.0.1]
	at org.elasticsearch.client.node.NodeClient.doExecute(NodeClient.java:64) ~[elasticsearch-5.0.1.jar:5.0.1]
	at org.elasticsearch.client.support.AbstractClient.execute(AbstractClient.java:403) ~[elasticsearch-5.0.1.jar:5.0.1]
	at org.elasticsearch.client.support.AbstractClient$IndicesAdmin.execute(AbstractClient.java:1226) ~[elasticsearch-5.0.1.jar:5.0.1]
	at org.elasticsearch.client.support.AbstractClient$IndicesAdmin.stats(AbstractClient.java:1547) ~[elasticsearch-5.0.1.jar:5.0.1]
	at org.elasticsearch.rest.action.cat.RestIndicesAction$1$1.processResponse(RestIndicesAction.java:115) ~[elasticsearch-5.0.1.jar:5.0.1]
	at org.elasticsearch.rest.action.cat.RestIndicesAction$1$1.processResponse(RestIndicesAction.java:108) ~[elasticsearch-5.0.1.jar:5.0.1]
	at org.elasticsearch.rest.action.RestActionListener.onResponse(RestActionListener.java:47) ~[elasticsearch-5.0.1.jar:5.0.1]
	at org.elasticsearch.action.support.TransportAction$1.onResponse(TransportAction.java:91) ~[elasticsearch-5.0.1.jar:5.0.1]
	at org.elasticsearch.action.support.TransportAction$1.onResponse(TransportAction.java:87) ~[elasticsearch-5.0.1.jar:5.0.1]
	at org.elasticsearch.action.support.TransportAction$ResponseFilterChain.proceed(TransportAction.java:224) ~[elasticsearch-5.0.1.jar:5.0.1]
	at org.elasticsearch.action.ingest.IngestActionFilter.apply(IngestActionFilter.java:89) ~[elasticsearch-5.0.1.jar:5.0.1]
	at org.elasticsearch.action.support.TransportAction$ResponseFilterChain.proceed(TransportAction.java:222) ~[elasticsearch-5.0.1.jar:5.0.1]
	at org.elasticsearch.action.support.TransportAction$FilteredActionListener.onResponse(TransportAction.java:249) ~[elasticsearch-5.0.1.jar:5.0.1]
	at org.elasticsearch.action.support.TransportAction$FilteredActionListener.onResponse(TransportAction.java:235) ~[elasticsearch-5.0.1.jar:5.0.1]
	at org.elasticsearch.action.support.master.TransportMasterNodeAction$AsyncSingleAction$2.onResponse(TransportMasterNodeAction.java:152) ~[elasticsearch-5.0.1.jar:5.0.1]
	at org.elasticsearch.action.support.master.TransportMasterNodeAction$AsyncSingleAction$2.onResponse(TransportMasterNodeAction.java:149) ~[elasticsearch-5.0.1.jar:5.0.1]
	at org.elasticsearch.action.admin.cluster.health.TransportClusterHealthAction$3.onNewClusterState(TransportClusterHealthAction.java:162) ~[elasticsearch-5.0.1.jar:5.0.1]
	at org.elasticsearch.action.admin.cluster.health.TransportClusterHealthAction.executeHealth(TransportClusterHealthAction.java:178) ~[elasticsearch-5.0.1.jar:5.0.1]
	at org.elasticsearch.action.admin.cluster.health.TransportClusterHealthAction.masterOperation(TransportClusterHealthAction.java:121) ~[elasticsearch-5.0.1.jar:5.0.1]
	at org.elasticsearch.action.admin.cluster.health.TransportClusterHealthAction.masterOperation(TransportClusterHealthAction.java:50) ~[elasticsearch-5.0.1.jar:5.0.1]
	at org.elasticsearch.action.support.master.TransportMasterNodeAction$AsyncSingleAction$3.doRun(TransportMasterNodeAction.java:170) ~[elasticsearch-5.0.1.jar:5.0.1]
	at org.elasticsearch.common.util.concurrent.AbstractRunnable.run(AbstractRunnable.java:37) ~[elasticsearch-5.0.1.jar:5.0.1]
	at org.elasticsearch.threadpool.ThreadPool.lambda$static$0(ThreadPool.java:147) ~[elasticsearch-5.0.1.jar:5.0.1]
	at org.elasticsearch.action.support.master.TransportMasterNodeAction$AsyncSingleAction.doStart(TransportMasterNodeAction.java:167) ~[elasticsearch-5.0.1.jar:5.0.1]
	at org.elasticsearch.action.support.master.TransportMasterNodeAction$AsyncSingleAction.start(TransportMasterNodeAction.java:132) ~[elasticsearch-5.0.1.jar:5.0.1]
	at org.elasticsearch.action.support.master.TransportMasterNodeAction.doExecute(TransportMasterNodeAction.java:103) ~[elasticsearch-5.0.1.jar:5.0.1]
	at org.elasticsearch.action.support.master.TransportMasterNodeAction.doExecute(TransportMasterNodeAction.java:53) ~[elasticsearch-5.0.1.jar:5.0.1]
	at org.elasticsearch.action.support.TransportAction$RequestFilterChain.proceed(TransportAction.java:182) ~[elasticsearch-5.0.1.jar:5.0.1]
	at org.elasticsearch.action.ingest.IngestActionFilter.apply(IngestActionFilter.java:82) ~[elasticsearch-5.0.1.jar:5.0.1]
	at org.elasticsearch.action.support.TransportAction$RequestFilterChain.proceed(TransportAction.java:180) ~[elasticsearch-5.0.1.jar:5.0.1]
	at org.elasticsearch.action.support.TransportAction.execute(TransportAction.java:153) ~[elasticsearch-5.0.1.jar:5.0.1]
	at org.elasticsearch.action.support.TransportAction.execute(TransportAction.java:87) ~[elasticsearch-5.0.1.jar:5.0.1]
	at org.elasticsearch.client.node.NodeClient.executeLocally(NodeClient.java:75) ~[elasticsearch-5.0.1.jar:5.0.1]
	at org.elasticsearch.client.node.NodeClient.doExecute(NodeClient.java:64) ~[elasticsearch-5.0.1.jar:5.0.1]
	at org.elasticsearch.client.support.AbstractClient.execute(AbstractClient.java:403) ~[elasticsearch-5.0.1.jar:5.0.1]
	at org.elasticsearch.client.support.AbstractClient$ClusterAdmin.execute(AbstractClient.java:710) ~[elasticsearch-5.0.1.jar:5.0.1]
	at org.elasticsearch.client.support.AbstractClient$ClusterAdmin.health(AbstractClient.java:731) ~[elasticsearch-5.0.1.jar:5.0.1]
	at org.elasticsearch.rest.action.cat.RestIndicesAction$1.processResponse(RestIndicesAction.java:108) ~[elasticsearch-5.0.1.jar:5.0.1]
	at org.elasticsearch.rest.action.cat.RestIndicesAction$1.processResponse(RestIndicesAction.java:87) ~[elasticsearch-5.0.1.jar:5.0.1]
	at org.elasticsearch.rest.action.RestActionListener.onResponse(RestActionListener.java:47) ~[elasticsearch-5.0.1.jar:5.0.1]
	at org.elasticsearch.action.support.TransportAction$1.onResponse(TransportAction.java:91) ~[elasticsearch-5.0.1.jar:5.0.1]
	at org.elasticsearch.action.support.TransportAction$1.onResponse(TransportAction.java:87) ~[elasticsearch-5.0.1.jar:5.0.1]
	at org.elasticsearch.action.support.TransportAction$ResponseFilterChain.proceed(TransportAction.java:224) ~[elasticsearch-5.0.1.jar:5.0.1]
	at org.elasticsearch.action.ingest.IngestActionFilter.apply(IngestActionFilter.java:89) ~[elasticsearch-5.0.1.jar:5.0.1]
	at org.elasticsearch.action.support.TransportAction$ResponseFilterChain.proceed(TransportAction.java:222) ~[elasticsearch-5.0.1.jar:5.0.1]
	at org.elasticsearch.action.support.TransportAction$FilteredActionListener.onResponse(TransportAction.java:249) ~[elasticsearch-5.0.1.jar:5.0.1]
	at org.elasticsearch.action.support.TransportAction$FilteredActionListener.onResponse(TransportAction.java:235) ~[elasticsearch-5.0.1.jar:5.0.1]
	at org.elasticsearch.action.support.master.TransportMasterNodeAction$AsyncSingleAction$2.onResponse(TransportMasterNodeAction.java:152) ~[elasticsearch-5.0.1.jar:5.0.1]
	at org.elasticsearch.action.support.master.TransportMasterNodeAction$AsyncSingleAction$2.onResponse(TransportMasterNodeAction.java:149) ~[elasticsearch-5.0.1.jar:5.0.1]
	at org.elasticsearch.action.admin.cluster.state.TransportClusterStateAction.masterOperation(TransportClusterStateAction.java:128) ~[elasticsearch-5.0.1.jar:5.0.1]
	at org.elasticsearch.action.admin.cluster.state.TransportClusterStateAction.masterOperation(TransportClusterStateAction.java:42) ~[elasticsearch-5.0.1.jar:5.0.1]
	at org.elasticsearch.action.support.master.TransportMasterNodeAction.masterOperation(TransportMasterNodeAction.java:86) ~[elasticsearch-5.0.1.jar:5.0.1]
	at org.elasticsearch.action.support.master.TransportMasterNodeAction$AsyncSingleAction$3.doRun(TransportMasterNodeAction.java:170) ~[elasticsearch-5.0.1.jar:5.0.1]
	at org.elasticsearch.common.util.concurrent.AbstractRunnable.run(AbstractRunnable.java:37) ~[elasticsearch-5.0.1.jar:5.0.1]
	at org.elasticsearch.threadpool.ThreadPool.lambda$static$0(ThreadPool.java:147) ~[elasticsearch-5.0.1.jar:5.0.1]
	at org.elasticsearch.action.support.master.TransportMasterNodeAction$AsyncSingleAction.doStart(TransportMasterNodeAction.java:167) ~[elasticsearch-5.0.1.jar:5.0.1]
	at org.elasticsearch.action.support.master.TransportMasterNodeAction$AsyncSingleAction.start(TransportMasterNodeAction.java:132) ~[elasticsearch-5.0.1.jar:5.0.1]
	at org.elasticsearch.action.support.master.TransportMasterNodeAction.doExecute(TransportMasterNodeAction.java:103) ~[elasticsearch-5.0.1.jar:5.0.1]
	at org.elasticsearch.action.support.master.TransportMasterNodeAction.doExecute(TransportMasterNodeAction.java:53) ~[elasticsearch-5.0.1.jar:5.0.1]
	at org.elasticsearch.action.support.TransportAction$RequestFilterChain.proceed(TransportAction.java:182) ~[elasticsearch-5.0.1.jar:5.0.1]
	at org.elasticsearch.action.ingest.IngestActionFilter.apply(IngestActionFilter.java:82) ~[elasticsearch-5.0.1.jar:5.0.1]
	at org.elasticsearch.action.support.TransportAction$RequestFilterChain.proceed(TransportAction.java:180) ~[elasticsearch-5.0.1.jar:5.0.1]
	at org.elasticsearch.action.support.TransportAction.execute(TransportAction.java:153) ~[elasticsearch-5.0.1.jar:5.0.1]
	at org.elasticsearch.action.support.TransportAction.execute(TransportAction.java:87) ~[elasticsearch-5.0.1.jar:5.0.1]
	at org.elasticsearch.client.node.NodeClient.executeLocally(NodeClient.java:75) ~[elasticsearch-5.0.1.jar:5.0.1]
	at org.elasticsearch.client.node.NodeClient.doExecute(NodeClient.java:64) ~[elasticsearch-5.0.1.jar:5.0.1]
	at org.elasticsearch.client.support.AbstractClient.execute(AbstractClient.java:403) ~[elasticsearch-5.0.1.jar:5.0.1]
	at org.elasticsearch.client.support.AbstractClient$ClusterAdmin.execute(AbstractClient.java:710) ~[elasticsearch-5.0.1.jar:5.0.1]
	at org.elasticsearch.client.support.AbstractClient$ClusterAdmin.state(AbstractClient.java:746) ~[elasticsearch-5.0.1.jar:5.0.1]
	at org.elasticsearch.rest.action.cat.RestIndicesAction.lambda$doCatRequest$0(RestIndicesAction.java:87) ~[elasticsearch-5.0.1.jar:5.0.1]
	at org.elasticsearch.rest.BaseRestHandler.handleRequest(BaseRestHandler.java:114) [elasticsearch-5.0.1.jar:5.0.1]
	at org.elasticsearch.rest.RestController.executeHandler(RestController.java:243) [elasticsearch-5.0.1.jar:5.0.1]
	at org.elasticsearch.rest.RestController.dispatchRequest(RestController.java:200) [elasticsearch-5.0.1.jar:5.0.1]
	at org.elasticsearch.http.HttpServer.dispatchRequest(HttpServer.java:116) [elasticsearch-5.0.1.jar:5.0.1]
	at org.elasticsearch.http.netty4.Netty4HttpServerTransport.dispatchRequest(Netty4HttpServerTransport.java:509) [transport-netty4-5.0.1.jar:5.0.1]
	at org.elasticsearch.http.netty4.Netty4HttpRequestHandler.channelRead0(Netty4HttpRequestHandler.java:68) [transport-netty4-5.0.1.jar:5.0.1]
	at io.netty.channel.SimpleChannelInboundHandler.channelRead(SimpleChannelInboundHandler.java:105) [netty-transport-4.1.5.Final.jar:4.1.5.Final]
	at io.netty.channel.AbstractChannelHandlerContext.invokeChannelRead(AbstractChannelHandlerContext.java:372) [netty-transport-4.1.5.Final.jar:4.1.5.Final]
	at io.netty.channel.AbstractChannelHandlerContext.invokeChannelRead(AbstractChannelHandlerContext.java:358) [netty-transport-4.1.5.Final.jar:4.1.5.Final]
	at io.netty.channel.AbstractChannelHandlerContext.fireChannelRead(AbstractChannelHandlerContext.java:350) [netty-transport-4.1.5.Final.jar:4.1.5.Final]
	at org.elasticsearch.http.netty4.pipelining.HttpPipeliningHandler.channelRead(HttpPipeliningHandler.java:66) [transport-netty4-5.0.1.jar:5.0.1]
	at io.netty.channel.AbstractChannelHandlerContext.invokeChannelRead(AbstractChannelHandlerContext.java:372) [netty-transport-4.1.5.Final.jar:4.1.5.Final]
	at io.netty.channel.AbstractChannelHandlerContext.invokeChannelRead(AbstractChannelHandlerContext.java:358) [netty-transport-4.1.5.Final.jar:4.1.5.Final]
	at io.netty.channel.AbstractChannelHandlerContext.fireChannelRead(AbstractChannelHandlerContext.java:350) [netty-transport-4.1.5.Final.jar:4.1.5.Final]
	at org.elasticsearch.http.netty4.cors.Netty4CorsHandler.channelRead(Netty4CorsHandler.java:76) [transport-netty4-5.0.1.jar:5.0.1]
	at io.netty.channel.AbstractChannelHandlerContext.invokeChannelRead(AbstractChannelHandlerContext.java:372) [netty-transport-4.1.5.Final.jar:4.1.5.Final]
	at io.netty.channel.AbstractChannelHandlerContext.invokeChannelRead(AbstractChannelHandlerContext.java:358) [netty-transport-4.1.5.Final.jar:4.1.5.Final]
	at io.netty.channel.AbstractChannelHandlerContext.fireChannelRead(AbstractChannelHandlerContext.java:350) [netty-transport-4.1.5.Final.jar:4.1.5.Final]
	at io.netty.handler.codec.MessageToMessageDecoder.channelRead(MessageToMessageDecoder.java:102) [netty-codec-4.1.5.Final.jar:4.1.5.Final]
	at io.netty.handler.codec.MessageToMessageCodec.channelRead(MessageToMessageCodec.java:111) [netty-codec-4.1.5.Final.jar:4.1.5.Final]
	at io.netty.channel.AbstractChannelHandlerContext.invokeChannelRead(AbstractChannelHandlerContext.java:372) [netty-transport-4.1.5.Final.jar:4.1.5.Final]
	at io.netty.channel.AbstractChannelHandlerContext.invokeChannelRead(AbstractChannelHandlerContext.java:358) [netty-transport-4.1.5.Final.jar:4.1.5.Final]
	at io.netty.channel.AbstractChannelHandlerContext.fireChannelRead(AbstractChannelHandlerContext.java:350) [netty-transport-4.1.5.Final.jar:4.1.5.Final]
	at io.netty.handler.codec.MessageToMessageDecoder.channelRead(MessageToMessageDecoder.java:102) [netty-codec-4.1.5.Final.jar:4.1.5.Final]
	at io.netty.channel.AbstractChannelHandlerContext.invokeChannelRead(AbstractChannelHandlerContext.java:372) [netty-transport-4.1.5.Final.jar:4.1.5.Final]
	at io.netty.channel.AbstractChannelHandlerContext.invokeChannelRead(AbstractChannelHandlerContext.java:358) [netty-transport-4.1.5.Final.jar:4.1.5.Final]
	at io.netty.channel.AbstractChannelHandlerContext.fireChannelRead(AbstractChannelHandlerContext.java:350) [netty-transport-4.1.5.Final.jar:4.1.5.Final]
	at io.netty.handler.codec.MessageToMessageDecoder.channelRead(MessageToMessageDecoder.java:102) [netty-codec-4.1.5.Final.jar:4.1.5.Final]
	at io.netty.channel.AbstractChannelHandlerContext.invokeChannelRead(AbstractChannelHandlerContext.java:372) [netty-transport-4.1.5.Final.jar:4.1.5.Final]
	at io.netty.channel.AbstractChannelHandlerContext.invokeChannelRead(AbstractChannelHandlerContext.java:358) [netty-transport-4.1.5.Final.jar:4.1.5.Final]
	at io.netty.channel.AbstractChannelHandlerContext.fireChannelRead(AbstractChannelHandlerContext.java:350) [netty-transport-4.1.5.Final.jar:4.1.5.Final]
	at io.netty.handler.codec.ByteToMessageDecoder.fireChannelRead(ByteToMessageDecoder.java:293) [netty-codec-4.1.5.Final.jar:4.1.5.Final]
	at io.netty.handler.codec.ByteToMessageDecoder.channelRead(ByteToMessageDecoder.java:267) [netty-codec-4.1.5.Final.jar:4.1.5.Final]
	at io.netty.channel.AbstractChannelHandlerContext.invokeChannelRead(AbstractChannelHandlerContext.java:372) [netty-transport-4.1.5.Final.jar:4.1.5.Final]
	at io.netty.channel.AbstractChannelHandlerContext.invokeChannelRead(AbstractChannelHandlerContext.java:358) [netty-transport-4.1.5.Final.jar:4.1.5.Final]
	at io.netty.channel.AbstractChannelHandlerContext.fireChannelRead(AbstractChannelHandlerContext.java:350) [netty-transport-4.1.5.Final.jar:4.1.5.Final]
	at io.netty.channel.ChannelInboundHandlerAdapter.channelRead(ChannelInboundHandlerAdapter.java:86) [netty-transport-4.1.5.Final.jar:4.1.5.Final]
	at io.netty.channel.AbstractChannelHandlerContext.invokeChannelRead(AbstractChannelHandlerContext.java:372) [netty-transport-4.1.5.Final.jar:4.1.5.Final]
	at io.netty.channel.AbstractChannelHandlerContext.invokeChannelRead(AbstractChannelHandlerContext.java:358) [netty-transport-4.1.5.Final.jar:4.1.5.Final]
	at io.netty.channel.AbstractChannelHandlerContext.fireChannelRead(AbstractChannelHandlerContext.java:350) [netty-transport-4.1.5.Final.jar:4.1.5.Final]
	at io.netty.channel.DefaultChannelPipeline$HeadContext.channelRead(DefaultChannelPipeline.java:1334) [netty-transport-4.1.5.Final.jar:4.1.5.Final]
	at io.netty.channel.AbstractChannelHandlerContext.invokeChannelRead(AbstractChannelHandlerContext.java:372) [netty-transport-4.1.5.Final.jar:4.1.5.Final]
	at io.netty.channel.AbstractChannelHandlerContext.invokeChannelRead(AbstractChannelHandlerContext.java:358) [netty-transport-4.1.5.Final.jar:4.1.5.Final]
	at io.netty.channel.DefaultChannelPipeline.fireChannelRead(DefaultChannelPipeline.java:926) [netty-transport-4.1.5.Final.jar:4.1.5.Final]
	at io.netty.channel.nio.AbstractNioByteChannel$NioByteUnsafe.read(AbstractNioByteChannel.java:129) [netty-transport-4.1.5.Final.jar:4.1.5.Final]
	at io.netty.channel.nio.NioEventLoop.processSelectedKey(NioEventLoop.java:610) [netty-transport-4.1.5.Final.jar:4.1.5.Final]
	at io.netty.channel.nio.NioEventLoop.processSelectedKeysPlain(NioEventLoop.java:513) [netty-transport-4.1.5.Final.jar:4.1.5.Final]
	at io.netty.channel.nio.NioEventLoop.processSelectedKeys(NioEventLoop.java:467) [netty-transport-4.1.5.Final.jar:4.1.5.Final]
	at io.netty.channel.nio.NioEventLoop.run(NioEventLoop.java:437) [netty-transport-4.1.5.Final.jar:4.1.5.Final]
	at io.netty.util.concurrent.SingleThreadEventExecutor$5.run(SingleThreadEventExecutor.java:873) [netty-common-4.1.5.Final.jar:4.1.5.Final]
	at java.lang.Thread.run(Thread.java:745) [?:1.8.0_111]
[2017-01-09T15:47:03,230][INFO ][o.e.g.GatewayService     ] [nwthU-R] recovered [9] indices into cluster_state
[2017-01-09T15:47:05,059][INFO ][o.e.c.r.a.AllocationService] [nwthU-R] Cluster health status changed from [RED] to [YELLOW] (reason: [shards started [[footballdata][2]] ...]).
[2017-01-09T15:47:27,704][ERROR][i.n.u.ResourceLeakDetector] LEAK: ByteBuf.release() was not called before it's garbage-collected. Enable advanced leak reporting to find out where the leak occurred. To enable advanced leak reporting, specify the JVM option '-Dio.netty.leakDetection.level=advanced' or call ResourceLeakDetector.setLevel() See http://netty.io/wiki/reference-counted-objects.html for more information.
[2017-01-09T23:55:31,439][INFO ][o.e.n.Node               ] [nwthU-R] stopping ...
[2017-01-09T23:55:31,503][INFO ][o.e.n.Node               ] [nwthU-R] stopped
[2017-01-09T23:55:31,503][INFO ][o.e.n.Node               ] [nwthU-R] closing ...
[2017-01-09T23:55:31,524][INFO ][o.e.n.Node               ] [nwthU-R] closed
