[2016-12-04T19:52:29,589][INFO ][o.e.n.Node               ] [] initializing ...
[2016-12-04T19:52:29,709][INFO ][o.e.e.NodeEnvironment    ] [nwthU-R] using [1] data paths, mounts [[/ (/dev/disk1)]], net usable_space [40.7gb], net total_space [111.8gb], spins? [unknown], types [hfs]
[2016-12-04T19:52:29,710][INFO ][o.e.e.NodeEnvironment    ] [nwthU-R] heap size [1.9gb], compressed ordinary object pointers [true]
[2016-12-04T19:52:29,746][INFO ][o.e.n.Node               ] [nwthU-R] node name [nwthU-R] derived from node ID; set [node.name] to override
[2016-12-04T19:52:29,751][INFO ][o.e.n.Node               ] [nwthU-R] version[5.0.1], pid[1234], build[080bb47/2016-11-11T22:08:49.812Z], OS[Mac OS X/10.12.1/x86_64], JVM[Oracle Corporation/Java HotSpot(TM) 64-Bit Server VM/1.8.0_111/25.111-b14]
[2016-12-04T19:52:31,146][INFO ][o.e.p.PluginsService     ] [nwthU-R] loaded module [aggs-matrix-stats]
[2016-12-04T19:52:31,147][INFO ][o.e.p.PluginsService     ] [nwthU-R] loaded module [ingest-common]
[2016-12-04T19:52:31,147][INFO ][o.e.p.PluginsService     ] [nwthU-R] loaded module [lang-expression]
[2016-12-04T19:52:31,147][INFO ][o.e.p.PluginsService     ] [nwthU-R] loaded module [lang-groovy]
[2016-12-04T19:52:31,147][INFO ][o.e.p.PluginsService     ] [nwthU-R] loaded module [lang-mustache]
[2016-12-04T19:52:31,147][INFO ][o.e.p.PluginsService     ] [nwthU-R] loaded module [lang-painless]
[2016-12-04T19:52:31,148][INFO ][o.e.p.PluginsService     ] [nwthU-R] loaded module [percolator]
[2016-12-04T19:52:31,148][INFO ][o.e.p.PluginsService     ] [nwthU-R] loaded module [reindex]
[2016-12-04T19:52:31,148][INFO ][o.e.p.PluginsService     ] [nwthU-R] loaded module [transport-netty3]
[2016-12-04T19:52:31,148][INFO ][o.e.p.PluginsService     ] [nwthU-R] loaded module [transport-netty4]
[2016-12-04T19:52:31,149][INFO ][o.e.p.PluginsService     ] [nwthU-R] no plugins loaded
[2016-12-04T19:52:33,955][INFO ][o.e.n.Node               ] [nwthU-R] initialized
[2016-12-04T19:52:33,955][INFO ][o.e.n.Node               ] [nwthU-R] starting ...
[2016-12-04T19:52:39,165][INFO ][o.e.t.TransportService   ] [nwthU-R] publish_address {127.0.0.1:9300}, bound_addresses {[fe80::1]:9300}, {[::1]:9300}, {127.0.0.1:9300}
[2016-12-04T19:52:42,242][INFO ][o.e.c.s.ClusterService   ] [nwthU-R] new_master {nwthU-R}{nwthU-RSRJmrdHRK1B-nHg}{8Hyou2ByQqSa_qnYYmQBHg}{127.0.0.1}{127.0.0.1:9300}, reason: zen-disco-elected-as-master ([0] nodes joined)
[2016-12-04T19:52:42,278][INFO ][o.e.h.HttpServer         ] [nwthU-R] publish_address {127.0.0.1:9200}, bound_addresses {[fe80::1]:9200}, {[::1]:9200}, {127.0.0.1:9200}
[2016-12-04T19:52:42,279][INFO ][o.e.n.Node               ] [nwthU-R] started
[2016-12-04T19:52:42,528][INFO ][o.e.g.GatewayService     ] [nwthU-R] recovered [3] indices into cluster_state
[2016-12-04T19:52:42,977][INFO ][o.e.c.r.a.AllocationService] [nwthU-R] Cluster health status changed from [RED] to [YELLOW] (reason: [shards started [[test][3], [test][0]] ...]).
[2016-12-04T19:53:56,498][INFO ][o.e.c.m.MetaDataCreateIndexService] [nwthU-R] [marcajavier] creating index, cause [api], templates [], shards [5]/[1], mappings []
[2016-12-04T19:53:56,579][INFO ][o.e.c.s.IndexScopedSettings] [nwthU-R] updating [index.refresh_interval] from [1s] to [-1]
[2016-12-04T19:53:56,582][INFO ][o.e.c.s.IndexScopedSettings] [nwthU-R] updating [index.refresh_interval] from [1s] to [-1]
[2016-12-04T23:24:31,731][INFO ][o.e.c.m.MetaDataCreateIndexService] [nwthU-R] [marcajavier] creating index, cause [api], templates [], shards [5]/[1], mappings []
[2016-12-04T23:24:31,824][INFO ][o.e.c.s.IndexScopedSettings] [nwthU-R] updating [index.refresh_interval] from [1s] to [-1]
[2016-12-04T23:24:31,827][INFO ][o.e.c.s.IndexScopedSettings] [nwthU-R] updating [index.refresh_interval] from [1s] to [-1]
[2016-12-04T23:24:32,248][INFO ][o.e.c.m.MetaDataMappingService] [nwthU-R] [marcajavier/iDjMIiNxR-28Q6EjkmHZyA] create_mapping [sentiments]
[2016-12-04T23:24:32,337][INFO ][o.e.m.j.JvmGcMonitorService] [nwthU-R] [gc][12409] overhead, spent [275ms] collecting in the last [1s]
[2016-12-04T23:24:32,617][INFO ][o.e.c.s.IndexScopedSettings] [nwthU-R] updating [index.refresh_interval] from [-1] to [1s]
[2016-12-04T23:24:32,618][INFO ][o.e.c.s.IndexScopedSettings] [nwthU-R] updating [index.refresh_interval] from [-1] to [1s]
[2016-12-04T23:24:33,032][INFO ][o.e.c.m.MetaDataCreateIndexService] [nwthU-R] [update_log] creating index, cause [api], templates [], shards [5]/[1], mappings []
[2016-12-04T23:24:33,101][INFO ][o.e.c.m.MetaDataMappingService] [nwthU-R] [update_log/g5t4KaZvT5qxXcTnFp5RjQ] create_mapping [entry]
[2016-12-04T23:26:04,239][INFO ][o.e.n.Node               ] [nwthU-R] stopping ...
[2016-12-04T23:26:04,297][INFO ][o.e.n.Node               ] [nwthU-R] stopped
[2016-12-04T23:26:04,298][INFO ][o.e.n.Node               ] [nwthU-R] closing ...
[2016-12-04T23:26:04,306][INFO ][o.e.n.Node               ] [nwthU-R] closed
