[2017-01-07T09:47:35,940][INFO ][o.e.n.Node               ] [] initializing ...
[2017-01-07T09:47:36,101][INFO ][o.e.e.NodeEnvironment    ] [nwthU-R] using [1] data paths, mounts [[/ (/dev/disk1)]], net usable_space [38.6gb], net total_space [111.8gb], spins? [unknown], types [hfs]
[2017-01-07T09:47:36,103][INFO ][o.e.e.NodeEnvironment    ] [nwthU-R] heap size [1.9gb], compressed ordinary object pointers [true]
[2017-01-07T09:47:36,452][INFO ][o.e.n.Node               ] [nwthU-R] node name [nwthU-R] derived from node ID; set [node.name] to override
[2017-01-07T09:47:36,469][INFO ][o.e.n.Node               ] [nwthU-R] version[5.0.1], pid[758], build[080bb47/2016-11-11T22:08:49.812Z], OS[Mac OS X/10.12.1/x86_64], JVM[Oracle Corporation/Java HotSpot(TM) 64-Bit Server VM/1.8.0_111/25.111-b14]
[2017-01-07T09:47:38,681][INFO ][o.e.p.PluginsService     ] [nwthU-R] loaded module [aggs-matrix-stats]
[2017-01-07T09:47:38,682][INFO ][o.e.p.PluginsService     ] [nwthU-R] loaded module [ingest-common]
[2017-01-07T09:47:38,682][INFO ][o.e.p.PluginsService     ] [nwthU-R] loaded module [lang-expression]
[2017-01-07T09:47:38,682][INFO ][o.e.p.PluginsService     ] [nwthU-R] loaded module [lang-groovy]
[2017-01-07T09:47:38,682][INFO ][o.e.p.PluginsService     ] [nwthU-R] loaded module [lang-mustache]
[2017-01-07T09:47:38,682][INFO ][o.e.p.PluginsService     ] [nwthU-R] loaded module [lang-painless]
[2017-01-07T09:47:38,682][INFO ][o.e.p.PluginsService     ] [nwthU-R] loaded module [percolator]
[2017-01-07T09:47:38,682][INFO ][o.e.p.PluginsService     ] [nwthU-R] loaded module [reindex]
[2017-01-07T09:47:38,682][INFO ][o.e.p.PluginsService     ] [nwthU-R] loaded module [transport-netty3]
[2017-01-07T09:47:38,683][INFO ][o.e.p.PluginsService     ] [nwthU-R] loaded module [transport-netty4]
[2017-01-07T09:47:38,683][INFO ][o.e.p.PluginsService     ] [nwthU-R] no plugins loaded
[2017-01-07T09:47:43,459][INFO ][o.e.n.Node               ] [nwthU-R] initialized
[2017-01-07T09:47:43,459][INFO ][o.e.n.Node               ] [nwthU-R] starting ...
[2017-01-07T09:47:48,758][INFO ][o.e.t.TransportService   ] [nwthU-R] publish_address {127.0.0.1:9300}, bound_addresses {[fe80::1]:9300}, {[::1]:9300}, {127.0.0.1:9300}
[2017-01-07T09:47:51,840][INFO ][o.e.c.s.ClusterService   ] [nwthU-R] new_master {nwthU-R}{nwthU-RSRJmrdHRK1B-nHg}{kvbqr9lETO2jM28vbdg51Q}{127.0.0.1}{127.0.0.1:9300}, reason: zen-disco-elected-as-master ([0] nodes joined)
[2017-01-07T09:47:51,873][INFO ][o.e.h.HttpServer         ] [nwthU-R] publish_address {127.0.0.1:9200}, bound_addresses {[fe80::1]:9200}, {[::1]:9200}, {127.0.0.1:9200}
[2017-01-07T09:47:51,873][INFO ][o.e.n.Node               ] [nwthU-R] started
[2017-01-07T09:47:52,197][INFO ][o.e.g.GatewayService     ] [nwthU-R] recovered [7] indices into cluster_state
[2017-01-07T09:47:53,199][INFO ][o.e.c.r.a.AllocationService] [nwthU-R] Cluster health status changed from [RED] to [YELLOW] (reason: [shards started [[footballdata][1]] ...]).
[2017-01-07T09:58:49,379][ERROR][i.n.u.ResourceLeakDetector] LEAK: ByteBuf.release() was not called before it's garbage-collected. Enable advanced leak reporting to find out where the leak occurred. To enable advanced leak reporting, specify the JVM option '-Dio.netty.leakDetection.level=advanced' or call ResourceLeakDetector.setLevel() See http://netty.io/wiki/reference-counted-objects.html for more information.
[2017-01-07T11:16:22,950][INFO ][o.e.c.s.IndexScopedSettings] [nwthU-R] updating [index.refresh_interval] from [1s] to [-1]
[2017-01-07T11:16:22,958][INFO ][o.e.c.s.IndexScopedSettings] [nwthU-R] updating [index.refresh_interval] from [1s] to [-1]
[2017-01-07T11:16:23,299][INFO ][o.e.c.s.IndexScopedSettings] [nwthU-R] updating [index.refresh_interval] from [-1] to [1s]
[2017-01-07T11:16:23,301][INFO ][o.e.c.s.IndexScopedSettings] [nwthU-R] updating [index.refresh_interval] from [-1] to [1s]
[2017-01-07T11:19:57,731][INFO ][o.e.c.m.MetaDataCreateIndexService] [nwthU-R] [marca-emo] creating index, cause [api], templates [], shards [5]/[1], mappings []
[2017-01-07T11:19:57,802][INFO ][o.e.c.s.IndexScopedSettings] [nwthU-R] updating [index.refresh_interval] from [1s] to [-1]
[2017-01-07T11:19:57,804][INFO ][o.e.c.s.IndexScopedSettings] [nwthU-R] updating [index.refresh_interval] from [1s] to [-1]
[2017-01-07T11:19:57,852][INFO ][o.e.c.m.MetaDataMappingService] [nwthU-R] [marca-emo/u91061f5SMmmEHyGF_MO-A] create_mapping [emotions]
[2017-01-07T11:19:57,907][INFO ][o.e.c.m.MetaDataMappingService] [nwthU-R] [marca-emo/u91061f5SMmmEHyGF_MO-A] update_mapping [emotions]
[2017-01-07T11:19:57,988][INFO ][o.e.c.s.IndexScopedSettings] [nwthU-R] updating [index.refresh_interval] from [-1] to [1s]
[2017-01-07T11:19:57,990][INFO ][o.e.c.s.IndexScopedSettings] [nwthU-R] updating [index.refresh_interval] from [-1] to [1s]
[2017-01-07T11:25:53,900][INFO ][o.e.c.m.MetaDataCreateIndexService] [nwthU-R] [marca] creating index, cause [api], templates [], shards [5]/[1], mappings []
[2017-01-07T11:25:53,954][INFO ][o.e.c.s.IndexScopedSettings] [nwthU-R] updating [index.refresh_interval] from [1s] to [-1]
[2017-01-07T11:25:53,955][INFO ][o.e.c.s.IndexScopedSettings] [nwthU-R] updating [index.refresh_interval] from [1s] to [-1]
[2017-01-07T11:25:53,981][INFO ][o.e.c.m.MetaDataMappingService] [nwthU-R] [marca/rXS-Jt3ZS3a90nGNvDO6-Q] create_mapping [sentiments]
[2017-01-07T11:25:53,986][INFO ][o.e.c.m.MetaDataMappingService] [nwthU-R] [marca/rXS-Jt3ZS3a90nGNvDO6-Q] update_mapping [sentiments]
[2017-01-07T11:25:54,088][INFO ][o.e.c.s.IndexScopedSettings] [nwthU-R] updating [index.refresh_interval] from [-1] to [1s]
[2017-01-07T11:25:54,090][INFO ][o.e.c.s.IndexScopedSettings] [nwthU-R] updating [index.refresh_interval] from [-1] to [1s]
[2017-01-07T11:59:38,360][INFO ][o.e.c.m.MetaDataCreateIndexService] [nwthU-R] [as] creating index, cause [api], templates [], shards [5]/[1], mappings []
[2017-01-07T11:59:38,432][INFO ][o.e.c.s.IndexScopedSettings] [nwthU-R] updating [index.refresh_interval] from [1s] to [-1]
[2017-01-07T11:59:38,434][INFO ][o.e.c.s.IndexScopedSettings] [nwthU-R] updating [index.refresh_interval] from [1s] to [-1]
[2017-01-07T11:59:38,466][INFO ][o.e.c.m.MetaDataMappingService] [nwthU-R] [as/xMgyJswsQuq8sSlx2L3nUQ] create_mapping [sentiments]
[2017-01-07T11:59:38,587][INFO ][o.e.c.s.IndexScopedSettings] [nwthU-R] updating [index.refresh_interval] from [-1] to [1s]
[2017-01-07T11:59:38,588][INFO ][o.e.c.s.IndexScopedSettings] [nwthU-R] updating [index.refresh_interval] from [-1] to [1s]
[2017-01-07T12:00:52,421][INFO ][o.e.c.m.MetaDataCreateIndexService] [nwthU-R] [as-emo] creating index, cause [api], templates [], shards [5]/[1], mappings []
[2017-01-07T12:00:52,502][INFO ][o.e.c.s.IndexScopedSettings] [nwthU-R] updating [index.refresh_interval] from [1s] to [-1]
[2017-01-07T12:00:52,503][INFO ][o.e.c.s.IndexScopedSettings] [nwthU-R] updating [index.refresh_interval] from [1s] to [-1]
[2017-01-07T12:00:52,525][INFO ][o.e.c.m.MetaDataMappingService] [nwthU-R] [as-emo/AcRuRIjoSxyXEzGTJs2P_w] create_mapping [emotions]
[2017-01-07T12:00:52,605][INFO ][o.e.c.s.IndexScopedSettings] [nwthU-R] updating [index.refresh_interval] from [-1] to [1s]
[2017-01-07T12:00:52,607][INFO ][o.e.c.s.IndexScopedSettings] [nwthU-R] updating [index.refresh_interval] from [-1] to [1s]
[2017-01-07T16:36:25,896][INFO ][o.e.n.Node               ] [nwthU-R] stopping ...
[2017-01-07T16:36:26,468][INFO ][o.e.n.Node               ] [nwthU-R] stopped
[2017-01-07T16:36:26,468][INFO ][o.e.n.Node               ] [nwthU-R] closing ...
[2017-01-07T16:36:26,520][INFO ][o.e.n.Node               ] [nwthU-R] closed
[2017-01-07T16:46:56,062][INFO ][o.e.n.Node               ] [] initializing ...
[2017-01-07T16:46:56,185][INFO ][o.e.e.NodeEnvironment    ] [nwthU-R] using [1] data paths, mounts [[/ (/dev/disk1)]], net usable_space [37.7gb], net total_space [111.8gb], spins? [unknown], types [hfs]
[2017-01-07T16:46:56,186][INFO ][o.e.e.NodeEnvironment    ] [nwthU-R] heap size [1.9gb], compressed ordinary object pointers [true]
[2017-01-07T16:46:56,278][INFO ][o.e.n.Node               ] [nwthU-R] node name [nwthU-R] derived from node ID; set [node.name] to override
[2017-01-07T16:46:56,282][INFO ][o.e.n.Node               ] [nwthU-R] version[5.0.1], pid[746], build[080bb47/2016-11-11T22:08:49.812Z], OS[Mac OS X/10.12.1/x86_64], JVM[Oracle Corporation/Java HotSpot(TM) 64-Bit Server VM/1.8.0_111/25.111-b14]
[2017-01-07T16:46:57,798][INFO ][o.e.p.PluginsService     ] [nwthU-R] loaded module [aggs-matrix-stats]
[2017-01-07T16:46:57,798][INFO ][o.e.p.PluginsService     ] [nwthU-R] loaded module [ingest-common]
[2017-01-07T16:46:57,798][INFO ][o.e.p.PluginsService     ] [nwthU-R] loaded module [lang-expression]
[2017-01-07T16:46:57,799][INFO ][o.e.p.PluginsService     ] [nwthU-R] loaded module [lang-groovy]
[2017-01-07T16:46:57,799][INFO ][o.e.p.PluginsService     ] [nwthU-R] loaded module [lang-mustache]
[2017-01-07T16:46:57,799][INFO ][o.e.p.PluginsService     ] [nwthU-R] loaded module [lang-painless]
[2017-01-07T16:46:57,799][INFO ][o.e.p.PluginsService     ] [nwthU-R] loaded module [percolator]
[2017-01-07T16:46:57,799][INFO ][o.e.p.PluginsService     ] [nwthU-R] loaded module [reindex]
[2017-01-07T16:46:57,799][INFO ][o.e.p.PluginsService     ] [nwthU-R] loaded module [transport-netty3]
[2017-01-07T16:46:57,800][INFO ][o.e.p.PluginsService     ] [nwthU-R] loaded module [transport-netty4]
[2017-01-07T16:46:57,800][INFO ][o.e.p.PluginsService     ] [nwthU-R] no plugins loaded
[2017-01-07T16:47:01,175][INFO ][o.e.n.Node               ] [nwthU-R] initialized
[2017-01-07T16:47:01,176][INFO ][o.e.n.Node               ] [nwthU-R] starting ...
[2017-01-07T16:47:06,401][INFO ][o.e.t.TransportService   ] [nwthU-R] publish_address {127.0.0.1:9300}, bound_addresses {[fe80::1]:9300}, {[::1]:9300}, {127.0.0.1:9300}
[2017-01-07T16:47:09,464][INFO ][o.e.c.s.ClusterService   ] [nwthU-R] new_master {nwthU-R}{nwthU-RSRJmrdHRK1B-nHg}{UHnbZJw6SeuD3EV3VeEWGw}{127.0.0.1}{127.0.0.1:9300}, reason: zen-disco-elected-as-master ([0] nodes joined)
[2017-01-07T16:47:09,519][INFO ][o.e.h.HttpServer         ] [nwthU-R] publish_address {127.0.0.1:9200}, bound_addresses {[fe80::1]:9200}, {[::1]:9200}, {127.0.0.1:9200}
[2017-01-07T16:47:09,519][INFO ][o.e.n.Node               ] [nwthU-R] started
[2017-01-07T16:47:09,675][WARN ][r.suppressed             ] path: /_cat/indices, params: {}
org.elasticsearch.cluster.block.ClusterBlockException: blocked by: [SERVICE_UNAVAILABLE/1/state not recovered / initialized];
	at org.elasticsearch.cluster.block.ClusterBlocks.globalBlockedException(ClusterBlocks.java:161) ~[elasticsearch-5.0.1.jar:5.0.1]
	at org.elasticsearch.action.admin.indices.stats.TransportIndicesStatsAction.checkGlobalBlock(TransportIndicesStatsAction.java:70) ~[elasticsearch-5.0.1.jar:5.0.1]
	at org.elasticsearch.action.admin.indices.stats.TransportIndicesStatsAction.checkGlobalBlock(TransportIndicesStatsAction.java:47) ~[elasticsearch-5.0.1.jar:5.0.1]
	at org.elasticsearch.action.support.broadcast.node.TransportBroadcastByNodeAction$AsyncAction.<init>(TransportBroadcastByNodeAction.java:256) ~[elasticsearch-5.0.1.jar:5.0.1]
	at org.elasticsearch.action.support.broadcast.node.TransportBroadcastByNodeAction.doExecute(TransportBroadcastByNodeAction.java:234) ~[elasticsearch-5.0.1.jar:5.0.1]
	at org.elasticsearch.action.support.broadcast.node.TransportBroadcastByNodeAction.doExecute(TransportBroadcastByNodeAction.java:79) ~[elasticsearch-5.0.1.jar:5.0.1]
	at org.elasticsearch.action.support.TransportAction$RequestFilterChain.proceed(TransportAction.java:182) ~[elasticsearch-5.0.1.jar:5.0.1]
	at org.elasticsearch.action.ingest.IngestActionFilter.apply(IngestActionFilter.java:82) ~[elasticsearch-5.0.1.jar:5.0.1]
	at org.elasticsearch.action.support.TransportAction$RequestFilterChain.proceed(TransportAction.java:180) ~[elasticsearch-5.0.1.jar:5.0.1]
	at org.elasticsearch.action.support.TransportAction.execute(TransportAction.java:153) ~[elasticsearch-5.0.1.jar:5.0.1]
	at org.elasticsearch.action.support.TransportAction.execute(TransportAction.java:87) ~[elasticsearch-5.0.1.jar:5.0.1]
	at org.elasticsearch.client.node.NodeClient.executeLocally(NodeClient.java:75) ~[elasticsearch-5.0.1.jar:5.0.1]
	at org.elasticsearch.client.node.NodeClient.doExecute(NodeClient.java:64) ~[elasticsearch-5.0.1.jar:5.0.1]
	at org.elasticsearch.client.support.AbstractClient.execute(AbstractClient.java:403) ~[elasticsearch-5.0.1.jar:5.0.1]
	at org.elasticsearch.client.support.AbstractClient$IndicesAdmin.execute(AbstractClient.java:1226) ~[elasticsearch-5.0.1.jar:5.0.1]
	at org.elasticsearch.client.support.AbstractClient$IndicesAdmin.stats(AbstractClient.java:1547) ~[elasticsearch-5.0.1.jar:5.0.1]
	at org.elasticsearch.rest.action.cat.RestIndicesAction$1$1.processResponse(RestIndicesAction.java:115) ~[elasticsearch-5.0.1.jar:5.0.1]
	at org.elasticsearch.rest.action.cat.RestIndicesAction$1$1.processResponse(RestIndicesAction.java:108) ~[elasticsearch-5.0.1.jar:5.0.1]
	at org.elasticsearch.rest.action.RestActionListener.onResponse(RestActionListener.java:47) ~[elasticsearch-5.0.1.jar:5.0.1]
	at org.elasticsearch.action.support.TransportAction$1.onResponse(TransportAction.java:91) ~[elasticsearch-5.0.1.jar:5.0.1]
	at org.elasticsearch.action.support.TransportAction$1.onResponse(TransportAction.java:87) ~[elasticsearch-5.0.1.jar:5.0.1]
	at org.elasticsearch.action.support.TransportAction$ResponseFilterChain.proceed(TransportAction.java:224) ~[elasticsearch-5.0.1.jar:5.0.1]
	at org.elasticsearch.action.ingest.IngestActionFilter.apply(IngestActionFilter.java:89) ~[elasticsearch-5.0.1.jar:5.0.1]
	at org.elasticsearch.action.support.TransportAction$ResponseFilterChain.proceed(TransportAction.java:222) ~[elasticsearch-5.0.1.jar:5.0.1]
	at org.elasticsearch.action.support.TransportAction$FilteredActionListener.onResponse(TransportAction.java:249) ~[elasticsearch-5.0.1.jar:5.0.1]
	at org.elasticsearch.action.support.TransportAction$FilteredActionListener.onResponse(TransportAction.java:235) ~[elasticsearch-5.0.1.jar:5.0.1]
	at org.elasticsearch.action.support.master.TransportMasterNodeAction$AsyncSingleAction$2.onResponse(TransportMasterNodeAction.java:152) ~[elasticsearch-5.0.1.jar:5.0.1]
	at org.elasticsearch.action.support.master.TransportMasterNodeAction$AsyncSingleAction$2.onResponse(TransportMasterNodeAction.java:149) ~[elasticsearch-5.0.1.jar:5.0.1]
	at org.elasticsearch.action.admin.cluster.health.TransportClusterHealthAction$3.onNewClusterState(TransportClusterHealthAction.java:162) ~[elasticsearch-5.0.1.jar:5.0.1]
	at org.elasticsearch.action.admin.cluster.health.TransportClusterHealthAction.executeHealth(TransportClusterHealthAction.java:178) ~[elasticsearch-5.0.1.jar:5.0.1]
	at org.elasticsearch.action.admin.cluster.health.TransportClusterHealthAction.masterOperation(TransportClusterHealthAction.java:121) ~[elasticsearch-5.0.1.jar:5.0.1]
	at org.elasticsearch.action.admin.cluster.health.TransportClusterHealthAction.masterOperation(TransportClusterHealthAction.java:50) ~[elasticsearch-5.0.1.jar:5.0.1]
	at org.elasticsearch.action.support.master.TransportMasterNodeAction$AsyncSingleAction$3.doRun(TransportMasterNodeAction.java:170) ~[elasticsearch-5.0.1.jar:5.0.1]
	at org.elasticsearch.common.util.concurrent.AbstractRunnable.run(AbstractRunnable.java:37) ~[elasticsearch-5.0.1.jar:5.0.1]
	at org.elasticsearch.threadpool.ThreadPool.lambda$static$0(ThreadPool.java:147) ~[elasticsearch-5.0.1.jar:5.0.1]
	at org.elasticsearch.action.support.master.TransportMasterNodeAction$AsyncSingleAction.doStart(TransportMasterNodeAction.java:167) ~[elasticsearch-5.0.1.jar:5.0.1]
	at org.elasticsearch.action.support.master.TransportMasterNodeAction$AsyncSingleAction.start(TransportMasterNodeAction.java:132) ~[elasticsearch-5.0.1.jar:5.0.1]
	at org.elasticsearch.action.support.master.TransportMasterNodeAction.doExecute(TransportMasterNodeAction.java:103) ~[elasticsearch-5.0.1.jar:5.0.1]
	at org.elasticsearch.action.support.master.TransportMasterNodeAction.doExecute(TransportMasterNodeAction.java:53) ~[elasticsearch-5.0.1.jar:5.0.1]
	at org.elasticsearch.action.support.TransportAction$RequestFilterChain.proceed(TransportAction.java:182) ~[elasticsearch-5.0.1.jar:5.0.1]
	at org.elasticsearch.action.ingest.IngestActionFilter.apply(IngestActionFilter.java:82) ~[elasticsearch-5.0.1.jar:5.0.1]
	at org.elasticsearch.action.support.TransportAction$RequestFilterChain.proceed(TransportAction.java:180) ~[elasticsearch-5.0.1.jar:5.0.1]
	at org.elasticsearch.action.support.TransportAction.execute(TransportAction.java:153) ~[elasticsearch-5.0.1.jar:5.0.1]
	at org.elasticsearch.action.support.TransportAction.execute(TransportAction.java:87) ~[elasticsearch-5.0.1.jar:5.0.1]
	at org.elasticsearch.client.node.NodeClient.executeLocally(NodeClient.java:75) ~[elasticsearch-5.0.1.jar:5.0.1]
	at org.elasticsearch.client.node.NodeClient.doExecute(NodeClient.java:64) ~[elasticsearch-5.0.1.jar:5.0.1]
	at org.elasticsearch.client.support.AbstractClient.execute(AbstractClient.java:403) ~[elasticsearch-5.0.1.jar:5.0.1]
	at org.elasticsearch.client.support.AbstractClient$ClusterAdmin.execute(AbstractClient.java:710) ~[elasticsearch-5.0.1.jar:5.0.1]
	at org.elasticsearch.client.support.AbstractClient$ClusterAdmin.health(AbstractClient.java:731) ~[elasticsearch-5.0.1.jar:5.0.1]
	at org.elasticsearch.rest.action.cat.RestIndicesAction$1.processResponse(RestIndicesAction.java:108) ~[elasticsearch-5.0.1.jar:5.0.1]
	at org.elasticsearch.rest.action.cat.RestIndicesAction$1.processResponse(RestIndicesAction.java:87) ~[elasticsearch-5.0.1.jar:5.0.1]
	at org.elasticsearch.rest.action.RestActionListener.onResponse(RestActionListener.java:47) ~[elasticsearch-5.0.1.jar:5.0.1]
	at org.elasticsearch.action.support.TransportAction$1.onResponse(TransportAction.java:91) ~[elasticsearch-5.0.1.jar:5.0.1]
	at org.elasticsearch.action.support.TransportAction$1.onResponse(TransportAction.java:87) ~[elasticsearch-5.0.1.jar:5.0.1]
	at org.elasticsearch.action.support.TransportAction$ResponseFilterChain.proceed(TransportAction.java:224) ~[elasticsearch-5.0.1.jar:5.0.1]
	at org.elasticsearch.action.ingest.IngestActionFilter.apply(IngestActionFilter.java:89) ~[elasticsearch-5.0.1.jar:5.0.1]
	at org.elasticsearch.action.support.TransportAction$ResponseFilterChain.proceed(TransportAction.java:222) ~[elasticsearch-5.0.1.jar:5.0.1]
	at org.elasticsearch.action.support.TransportAction$FilteredActionListener.onResponse(TransportAction.java:249) ~[elasticsearch-5.0.1.jar:5.0.1]
	at org.elasticsearch.action.support.TransportAction$FilteredActionListener.onResponse(TransportAction.java:235) ~[elasticsearch-5.0.1.jar:5.0.1]
	at org.elasticsearch.action.support.master.TransportMasterNodeAction$AsyncSingleAction$2.onResponse(TransportMasterNodeAction.java:152) ~[elasticsearch-5.0.1.jar:5.0.1]
	at org.elasticsearch.action.support.master.TransportMasterNodeAction$AsyncSingleAction$2.onResponse(TransportMasterNodeAction.java:149) ~[elasticsearch-5.0.1.jar:5.0.1]
	at org.elasticsearch.action.admin.cluster.state.TransportClusterStateAction.masterOperation(TransportClusterStateAction.java:128) ~[elasticsearch-5.0.1.jar:5.0.1]
	at org.elasticsearch.action.admin.cluster.state.TransportClusterStateAction.masterOperation(TransportClusterStateAction.java:42) ~[elasticsearch-5.0.1.jar:5.0.1]
	at org.elasticsearch.action.support.master.TransportMasterNodeAction.masterOperation(TransportMasterNodeAction.java:86) ~[elasticsearch-5.0.1.jar:5.0.1]
	at org.elasticsearch.action.support.master.TransportMasterNodeAction$AsyncSingleAction$3.doRun(TransportMasterNodeAction.java:170) ~[elasticsearch-5.0.1.jar:5.0.1]
	at org.elasticsearch.common.util.concurrent.AbstractRunnable.run(AbstractRunnable.java:37) ~[elasticsearch-5.0.1.jar:5.0.1]
	at org.elasticsearch.threadpool.ThreadPool.lambda$static$0(ThreadPool.java:147) ~[elasticsearch-5.0.1.jar:5.0.1]
	at org.elasticsearch.action.support.master.TransportMasterNodeAction$AsyncSingleAction.doStart(TransportMasterNodeAction.java:167) ~[elasticsearch-5.0.1.jar:5.0.1]
	at org.elasticsearch.action.support.master.TransportMasterNodeAction$AsyncSingleAction.start(TransportMasterNodeAction.java:132) ~[elasticsearch-5.0.1.jar:5.0.1]
	at org.elasticsearch.action.support.master.TransportMasterNodeAction.doExecute(TransportMasterNodeAction.java:103) ~[elasticsearch-5.0.1.jar:5.0.1]
	at org.elasticsearch.action.support.master.TransportMasterNodeAction.doExecute(TransportMasterNodeAction.java:53) ~[elasticsearch-5.0.1.jar:5.0.1]
	at org.elasticsearch.action.support.TransportAction$RequestFilterChain.proceed(TransportAction.java:182) ~[elasticsearch-5.0.1.jar:5.0.1]
	at org.elasticsearch.action.ingest.IngestActionFilter.apply(IngestActionFilter.java:82) ~[elasticsearch-5.0.1.jar:5.0.1]
	at org.elasticsearch.action.support.TransportAction$RequestFilterChain.proceed(TransportAction.java:180) ~[elasticsearch-5.0.1.jar:5.0.1]
	at org.elasticsearch.action.support.TransportAction.execute(TransportAction.java:153) ~[elasticsearch-5.0.1.jar:5.0.1]
	at org.elasticsearch.action.support.TransportAction.execute(TransportAction.java:87) ~[elasticsearch-5.0.1.jar:5.0.1]
	at org.elasticsearch.client.node.NodeClient.executeLocally(NodeClient.java:75) ~[elasticsearch-5.0.1.jar:5.0.1]
	at org.elasticsearch.client.node.NodeClient.doExecute(NodeClient.java:64) ~[elasticsearch-5.0.1.jar:5.0.1]
	at org.elasticsearch.client.support.AbstractClient.execute(AbstractClient.java:403) ~[elasticsearch-5.0.1.jar:5.0.1]
	at org.elasticsearch.client.support.AbstractClient$ClusterAdmin.execute(AbstractClient.java:710) ~[elasticsearch-5.0.1.jar:5.0.1]
	at org.elasticsearch.client.support.AbstractClient$ClusterAdmin.state(AbstractClient.java:746) ~[elasticsearch-5.0.1.jar:5.0.1]
	at org.elasticsearch.rest.action.cat.RestIndicesAction.lambda$doCatRequest$0(RestIndicesAction.java:87) ~[elasticsearch-5.0.1.jar:5.0.1]
	at org.elasticsearch.rest.BaseRestHandler.handleRequest(BaseRestHandler.java:114) [elasticsearch-5.0.1.jar:5.0.1]
	at org.elasticsearch.rest.RestController.executeHandler(RestController.java:243) [elasticsearch-5.0.1.jar:5.0.1]
	at org.elasticsearch.rest.RestController.dispatchRequest(RestController.java:200) [elasticsearch-5.0.1.jar:5.0.1]
	at org.elasticsearch.http.HttpServer.dispatchRequest(HttpServer.java:116) [elasticsearch-5.0.1.jar:5.0.1]
	at org.elasticsearch.http.netty4.Netty4HttpServerTransport.dispatchRequest(Netty4HttpServerTransport.java:509) [transport-netty4-5.0.1.jar:5.0.1]
	at org.elasticsearch.http.netty4.Netty4HttpRequestHandler.channelRead0(Netty4HttpRequestHandler.java:68) [transport-netty4-5.0.1.jar:5.0.1]
	at io.netty.channel.SimpleChannelInboundHandler.channelRead(SimpleChannelInboundHandler.java:105) [netty-transport-4.1.5.Final.jar:4.1.5.Final]
	at io.netty.channel.AbstractChannelHandlerContext.invokeChannelRead(AbstractChannelHandlerContext.java:372) [netty-transport-4.1.5.Final.jar:4.1.5.Final]
	at io.netty.channel.AbstractChannelHandlerContext.invokeChannelRead(AbstractChannelHandlerContext.java:358) [netty-transport-4.1.5.Final.jar:4.1.5.Final]
	at io.netty.channel.AbstractChannelHandlerContext.fireChannelRead(AbstractChannelHandlerContext.java:350) [netty-transport-4.1.5.Final.jar:4.1.5.Final]
	at org.elasticsearch.http.netty4.pipelining.HttpPipeliningHandler.channelRead(HttpPipeliningHandler.java:66) [transport-netty4-5.0.1.jar:5.0.1]
	at io.netty.channel.AbstractChannelHandlerContext.invokeChannelRead(AbstractChannelHandlerContext.java:372) [netty-transport-4.1.5.Final.jar:4.1.5.Final]
	at io.netty.channel.AbstractChannelHandlerContext.invokeChannelRead(AbstractChannelHandlerContext.java:358) [netty-transport-4.1.5.Final.jar:4.1.5.Final]
	at io.netty.channel.AbstractChannelHandlerContext.fireChannelRead(AbstractChannelHandlerContext.java:350) [netty-transport-4.1.5.Final.jar:4.1.5.Final]
	at org.elasticsearch.http.netty4.cors.Netty4CorsHandler.channelRead(Netty4CorsHandler.java:76) [transport-netty4-5.0.1.jar:5.0.1]
	at io.netty.channel.AbstractChannelHandlerContext.invokeChannelRead(AbstractChannelHandlerContext.java:372) [netty-transport-4.1.5.Final.jar:4.1.5.Final]
	at io.netty.channel.AbstractChannelHandlerContext.invokeChannelRead(AbstractChannelHandlerContext.java:358) [netty-transport-4.1.5.Final.jar:4.1.5.Final]
	at io.netty.channel.AbstractChannelHandlerContext.fireChannelRead(AbstractChannelHandlerContext.java:350) [netty-transport-4.1.5.Final.jar:4.1.5.Final]
	at io.netty.handler.codec.MessageToMessageDecoder.channelRead(MessageToMessageDecoder.java:102) [netty-codec-4.1.5.Final.jar:4.1.5.Final]
	at io.netty.handler.codec.MessageToMessageCodec.channelRead(MessageToMessageCodec.java:111) [netty-codec-4.1.5.Final.jar:4.1.5.Final]
	at io.netty.channel.AbstractChannelHandlerContext.invokeChannelRead(AbstractChannelHandlerContext.java:372) [netty-transport-4.1.5.Final.jar:4.1.5.Final]
	at io.netty.channel.AbstractChannelHandlerContext.invokeChannelRead(AbstractChannelHandlerContext.java:358) [netty-transport-4.1.5.Final.jar:4.1.5.Final]
	at io.netty.channel.AbstractChannelHandlerContext.fireChannelRead(AbstractChannelHandlerContext.java:350) [netty-transport-4.1.5.Final.jar:4.1.5.Final]
	at io.netty.handler.codec.MessageToMessageDecoder.channelRead(MessageToMessageDecoder.java:102) [netty-codec-4.1.5.Final.jar:4.1.5.Final]
	at io.netty.channel.AbstractChannelHandlerContext.invokeChannelRead(AbstractChannelHandlerContext.java:372) [netty-transport-4.1.5.Final.jar:4.1.5.Final]
	at io.netty.channel.AbstractChannelHandlerContext.invokeChannelRead(AbstractChannelHandlerContext.java:358) [netty-transport-4.1.5.Final.jar:4.1.5.Final]
	at io.netty.channel.AbstractChannelHandlerContext.fireChannelRead(AbstractChannelHandlerContext.java:350) [netty-transport-4.1.5.Final.jar:4.1.5.Final]
	at io.netty.handler.codec.MessageToMessageDecoder.channelRead(MessageToMessageDecoder.java:102) [netty-codec-4.1.5.Final.jar:4.1.5.Final]
	at io.netty.channel.AbstractChannelHandlerContext.invokeChannelRead(AbstractChannelHandlerContext.java:372) [netty-transport-4.1.5.Final.jar:4.1.5.Final]
	at io.netty.channel.AbstractChannelHandlerContext.invokeChannelRead(AbstractChannelHandlerContext.java:358) [netty-transport-4.1.5.Final.jar:4.1.5.Final]
	at io.netty.channel.AbstractChannelHandlerContext.fireChannelRead(AbstractChannelHandlerContext.java:350) [netty-transport-4.1.5.Final.jar:4.1.5.Final]
	at io.netty.handler.codec.ByteToMessageDecoder.fireChannelRead(ByteToMessageDecoder.java:293) [netty-codec-4.1.5.Final.jar:4.1.5.Final]
	at io.netty.handler.codec.ByteToMessageDecoder.channelRead(ByteToMessageDecoder.java:267) [netty-codec-4.1.5.Final.jar:4.1.5.Final]
	at io.netty.channel.AbstractChannelHandlerContext.invokeChannelRead(AbstractChannelHandlerContext.java:372) [netty-transport-4.1.5.Final.jar:4.1.5.Final]
	at io.netty.channel.AbstractChannelHandlerContext.invokeChannelRead(AbstractChannelHandlerContext.java:358) [netty-transport-4.1.5.Final.jar:4.1.5.Final]
	at io.netty.channel.AbstractChannelHandlerContext.fireChannelRead(AbstractChannelHandlerContext.java:350) [netty-transport-4.1.5.Final.jar:4.1.5.Final]
	at io.netty.channel.ChannelInboundHandlerAdapter.channelRead(ChannelInboundHandlerAdapter.java:86) [netty-transport-4.1.5.Final.jar:4.1.5.Final]
	at io.netty.channel.AbstractChannelHandlerContext.invokeChannelRead(AbstractChannelHandlerContext.java:372) [netty-transport-4.1.5.Final.jar:4.1.5.Final]
	at io.netty.channel.AbstractChannelHandlerContext.invokeChannelRead(AbstractChannelHandlerContext.java:358) [netty-transport-4.1.5.Final.jar:4.1.5.Final]
	at io.netty.channel.AbstractChannelHandlerContext.fireChannelRead(AbstractChannelHandlerContext.java:350) [netty-transport-4.1.5.Final.jar:4.1.5.Final]
	at io.netty.channel.DefaultChannelPipeline$HeadContext.channelRead(DefaultChannelPipeline.java:1334) [netty-transport-4.1.5.Final.jar:4.1.5.Final]
	at io.netty.channel.AbstractChannelHandlerContext.invokeChannelRead(AbstractChannelHandlerContext.java:372) [netty-transport-4.1.5.Final.jar:4.1.5.Final]
	at io.netty.channel.AbstractChannelHandlerContext.invokeChannelRead(AbstractChannelHandlerContext.java:358) [netty-transport-4.1.5.Final.jar:4.1.5.Final]
	at io.netty.channel.DefaultChannelPipeline.fireChannelRead(DefaultChannelPipeline.java:926) [netty-transport-4.1.5.Final.jar:4.1.5.Final]
	at io.netty.channel.nio.AbstractNioByteChannel$NioByteUnsafe.read(AbstractNioByteChannel.java:129) [netty-transport-4.1.5.Final.jar:4.1.5.Final]
	at io.netty.channel.nio.NioEventLoop.processSelectedKey(NioEventLoop.java:610) [netty-transport-4.1.5.Final.jar:4.1.5.Final]
	at io.netty.channel.nio.NioEventLoop.processSelectedKeysPlain(NioEventLoop.java:513) [netty-transport-4.1.5.Final.jar:4.1.5.Final]
	at io.netty.channel.nio.NioEventLoop.processSelectedKeys(NioEventLoop.java:467) [netty-transport-4.1.5.Final.jar:4.1.5.Final]
	at io.netty.channel.nio.NioEventLoop.run(NioEventLoop.java:437) [netty-transport-4.1.5.Final.jar:4.1.5.Final]
	at io.netty.util.concurrent.SingleThreadEventExecutor$5.run(SingleThreadEventExecutor.java:873) [netty-common-4.1.5.Final.jar:4.1.5.Final]
	at java.lang.Thread.run(Thread.java:745) [?:1.8.0_111]
[2017-01-07T16:47:09,905][INFO ][o.e.g.GatewayService     ] [nwthU-R] recovered [7] indices into cluster_state
[2017-01-07T16:47:11,557][INFO ][o.e.c.r.a.AllocationService] [nwthU-R] Cluster health status changed from [RED] to [YELLOW] (reason: [shards started [[footballdata][0]] ...]).
[2017-01-07T16:47:30,535][ERROR][i.n.u.ResourceLeakDetector] LEAK: ByteBuf.release() was not called before it's garbage-collected. Enable advanced leak reporting to find out where the leak occurred. To enable advanced leak reporting, specify the JVM option '-Dio.netty.leakDetection.level=advanced' or call ResourceLeakDetector.setLevel() See http://netty.io/wiki/reference-counted-objects.html for more information.
[2017-01-07T19:29:14,815][INFO ][o.e.n.Node               ] [nwthU-R] stopping ...
[2017-01-07T19:29:15,397][INFO ][o.e.n.Node               ] [nwthU-R] stopped
[2017-01-07T19:29:15,397][INFO ][o.e.n.Node               ] [nwthU-R] closing ...
[2017-01-07T19:29:15,461][INFO ][o.e.n.Node               ] [nwthU-R] closed
[2017-01-07T19:46:04,891][INFO ][o.e.n.Node               ] [] initializing ...
[2017-01-07T19:46:04,990][INFO ][o.e.e.NodeEnvironment    ] [nwthU-R] using [1] data paths, mounts [[/ (/dev/disk1)]], net usable_space [38.6gb], net total_space [111.8gb], spins? [unknown], types [hfs]
[2017-01-07T19:46:04,990][INFO ][o.e.e.NodeEnvironment    ] [nwthU-R] heap size [1.9gb], compressed ordinary object pointers [true]
[2017-01-07T19:46:05,065][INFO ][o.e.n.Node               ] [nwthU-R] node name [nwthU-R] derived from node ID; set [node.name] to override
[2017-01-07T19:46:05,069][INFO ][o.e.n.Node               ] [nwthU-R] version[5.0.1], pid[669], build[080bb47/2016-11-11T22:08:49.812Z], OS[Mac OS X/10.12.1/x86_64], JVM[Oracle Corporation/Java HotSpot(TM) 64-Bit Server VM/1.8.0_111/25.111-b14]
[2017-01-07T19:46:06,196][INFO ][o.e.p.PluginsService     ] [nwthU-R] loaded module [aggs-matrix-stats]
[2017-01-07T19:46:06,196][INFO ][o.e.p.PluginsService     ] [nwthU-R] loaded module [ingest-common]
[2017-01-07T19:46:06,196][INFO ][o.e.p.PluginsService     ] [nwthU-R] loaded module [lang-expression]
[2017-01-07T19:46:06,196][INFO ][o.e.p.PluginsService     ] [nwthU-R] loaded module [lang-groovy]
[2017-01-07T19:46:06,196][INFO ][o.e.p.PluginsService     ] [nwthU-R] loaded module [lang-mustache]
[2017-01-07T19:46:06,197][INFO ][o.e.p.PluginsService     ] [nwthU-R] loaded module [lang-painless]
[2017-01-07T19:46:06,197][INFO ][o.e.p.PluginsService     ] [nwthU-R] loaded module [percolator]
[2017-01-07T19:46:06,197][INFO ][o.e.p.PluginsService     ] [nwthU-R] loaded module [reindex]
[2017-01-07T19:46:06,197][INFO ][o.e.p.PluginsService     ] [nwthU-R] loaded module [transport-netty3]
[2017-01-07T19:46:06,197][INFO ][o.e.p.PluginsService     ] [nwthU-R] loaded module [transport-netty4]
[2017-01-07T19:46:06,198][INFO ][o.e.p.PluginsService     ] [nwthU-R] no plugins loaded
[2017-01-07T19:46:09,062][INFO ][o.e.n.Node               ] [nwthU-R] initialized
[2017-01-07T19:46:09,062][INFO ][o.e.n.Node               ] [nwthU-R] starting ...
[2017-01-07T19:46:14,289][INFO ][o.e.t.TransportService   ] [nwthU-R] publish_address {127.0.0.1:9300}, bound_addresses {[fe80::1]:9300}, {[::1]:9300}, {127.0.0.1:9300}
[2017-01-07T19:46:17,363][INFO ][o.e.c.s.ClusterService   ] [nwthU-R] new_master {nwthU-R}{nwthU-RSRJmrdHRK1B-nHg}{PsyVXvfdR4uwBm5MByDmLw}{127.0.0.1}{127.0.0.1:9300}, reason: zen-disco-elected-as-master ([0] nodes joined)
[2017-01-07T19:46:17,413][INFO ][o.e.h.HttpServer         ] [nwthU-R] publish_address {127.0.0.1:9200}, bound_addresses {[fe80::1]:9200}, {[::1]:9200}, {127.0.0.1:9200}
[2017-01-07T19:46:17,415][INFO ][o.e.n.Node               ] [nwthU-R] started
[2017-01-07T19:46:17,870][INFO ][o.e.g.GatewayService     ] [nwthU-R] recovered [7] indices into cluster_state
[2017-01-07T19:46:18,752][INFO ][o.e.c.r.a.AllocationService] [nwthU-R] Cluster health status changed from [RED] to [YELLOW] (reason: [shards started [[footballdata][2], [footballdata][4]] ...]).
[2017-01-07T19:57:07,081][INFO ][o.e.c.m.MetaDataCreateIndexService] [nwthU-R] [as] creating index, cause [api], templates [], shards [5]/[1], mappings []
[2017-01-07T19:57:07,147][INFO ][o.e.c.s.IndexScopedSettings] [nwthU-R] updating [index.refresh_interval] from [1s] to [-1]
[2017-01-07T19:57:07,149][INFO ][o.e.c.s.IndexScopedSettings] [nwthU-R] updating [index.refresh_interval] from [1s] to [-1]
[2017-01-07T19:57:07,212][INFO ][o.e.c.m.MetaDataMappingService] [nwthU-R] [as/VHesjfo4S024GVPf-wQfPA] create_mapping [sentiments]
[2017-01-07T19:57:07,227][INFO ][o.e.c.m.MetaDataMappingService] [nwthU-R] [as/VHesjfo4S024GVPf-wQfPA] update_mapping [sentiments]
[2017-01-07T19:57:07,394][INFO ][o.e.c.s.IndexScopedSettings] [nwthU-R] updating [index.refresh_interval] from [-1] to [1s]
[2017-01-07T19:57:07,396][INFO ][o.e.c.s.IndexScopedSettings] [nwthU-R] updating [index.refresh_interval] from [-1] to [1s]
[2017-01-07T20:02:46,329][INFO ][o.e.c.m.MetaDataCreateIndexService] [nwthU-R] [as-emo] creating index, cause [api], templates [], shards [5]/[1], mappings []
[2017-01-07T20:02:46,395][INFO ][o.e.c.s.IndexScopedSettings] [nwthU-R] updating [index.refresh_interval] from [1s] to [-1]
[2017-01-07T20:02:46,396][INFO ][o.e.c.s.IndexScopedSettings] [nwthU-R] updating [index.refresh_interval] from [1s] to [-1]
[2017-01-07T20:02:46,420][INFO ][o.e.c.m.MetaDataMappingService] [nwthU-R] [as-emo/WlOqGB6fQ1q8_4aaWOCPHQ] create_mapping [emotions]
[2017-01-07T20:02:46,443][INFO ][o.e.c.m.MetaDataMappingService] [nwthU-R] [as-emo/WlOqGB6fQ1q8_4aaWOCPHQ] update_mapping [emotions]
[2017-01-07T20:02:46,528][INFO ][o.e.c.s.IndexScopedSettings] [nwthU-R] updating [index.refresh_interval] from [-1] to [1s]
[2017-01-07T20:02:46,530][INFO ][o.e.c.s.IndexScopedSettings] [nwthU-R] updating [index.refresh_interval] from [-1] to [1s]
[2017-01-07T20:03:48,506][ERROR][i.n.u.ResourceLeakDetector] LEAK: ByteBuf.release() was not called before it's garbage-collected. Enable advanced leak reporting to find out where the leak occurred. To enable advanced leak reporting, specify the JVM option '-Dio.netty.leakDetection.level=advanced' or call ResourceLeakDetector.setLevel() See http://netty.io/wiki/reference-counted-objects.html for more information.
[2017-01-07T20:40:16,900][INFO ][o.e.n.Node               ] [nwthU-R] stopping ...
[2017-01-07T20:40:16,941][INFO ][o.e.n.Node               ] [nwthU-R] stopped
[2017-01-07T20:40:16,942][INFO ][o.e.n.Node               ] [nwthU-R] closing ...
[2017-01-07T20:40:16,958][INFO ][o.e.n.Node               ] [nwthU-R] closed
