[2017-01-19T19:16:03,996][INFO ][o.e.n.Node               ] [] initializing ...
[2017-01-19T19:16:04,091][INFO ][o.e.e.NodeEnvironment    ] [nwthU-R] using [1] data paths, mounts [[/ (/dev/disk1)]], net usable_space [36gb], net total_space [111.8gb], spins? [unknown], types [hfs]
[2017-01-19T19:16:04,091][INFO ][o.e.e.NodeEnvironment    ] [nwthU-R] heap size [1.9gb], compressed ordinary object pointers [true]
[2017-01-19T19:16:04,200][INFO ][o.e.n.Node               ] [nwthU-R] node name [nwthU-R] derived from node ID; set [node.name] to override
[2017-01-19T19:16:04,204][INFO ][o.e.n.Node               ] [nwthU-R] version[5.0.1], pid[2028], build[080bb47/2016-11-11T22:08:49.812Z], OS[Mac OS X/10.12.2/x86_64], JVM[Oracle Corporation/Java HotSpot(TM) 64-Bit Server VM/1.8.0_111/25.111-b14]
[2017-01-19T19:16:05,163][INFO ][o.e.p.PluginsService     ] [nwthU-R] loaded module [aggs-matrix-stats]
[2017-01-19T19:16:05,164][INFO ][o.e.p.PluginsService     ] [nwthU-R] loaded module [ingest-common]
[2017-01-19T19:16:05,164][INFO ][o.e.p.PluginsService     ] [nwthU-R] loaded module [lang-expression]
[2017-01-19T19:16:05,164][INFO ][o.e.p.PluginsService     ] [nwthU-R] loaded module [lang-groovy]
[2017-01-19T19:16:05,164][INFO ][o.e.p.PluginsService     ] [nwthU-R] loaded module [lang-mustache]
[2017-01-19T19:16:05,164][INFO ][o.e.p.PluginsService     ] [nwthU-R] loaded module [lang-painless]
[2017-01-19T19:16:05,165][INFO ][o.e.p.PluginsService     ] [nwthU-R] loaded module [percolator]
[2017-01-19T19:16:05,165][INFO ][o.e.p.PluginsService     ] [nwthU-R] loaded module [reindex]
[2017-01-19T19:16:05,165][INFO ][o.e.p.PluginsService     ] [nwthU-R] loaded module [transport-netty3]
[2017-01-19T19:16:05,165][INFO ][o.e.p.PluginsService     ] [nwthU-R] loaded module [transport-netty4]
[2017-01-19T19:16:05,166][INFO ][o.e.p.PluginsService     ] [nwthU-R] no plugins loaded
[2017-01-19T19:16:07,809][INFO ][o.e.n.Node               ] [nwthU-R] initialized
[2017-01-19T19:16:07,810][INFO ][o.e.n.Node               ] [nwthU-R] starting ...
[2017-01-19T19:16:12,996][INFO ][o.e.t.TransportService   ] [nwthU-R] publish_address {127.0.0.1:9300}, bound_addresses {[fe80::1]:9300}, {[::1]:9300}, {127.0.0.1:9300}
[2017-01-19T19:16:16,072][INFO ][o.e.c.s.ClusterService   ] [nwthU-R] new_master {nwthU-R}{nwthU-RSRJmrdHRK1B-nHg}{U5rhMtDQSoquGJWb_iWpdA}{127.0.0.1}{127.0.0.1:9300}, reason: zen-disco-elected-as-master ([0] nodes joined)
[2017-01-19T19:16:16,102][INFO ][o.e.h.HttpServer         ] [nwthU-R] publish_address {127.0.0.1:9200}, bound_addresses {[fe80::1]:9200}, {[::1]:9200}, {127.0.0.1:9200}
[2017-01-19T19:16:16,102][INFO ][o.e.n.Node               ] [nwthU-R] started
[2017-01-19T19:16:16,489][INFO ][o.e.g.GatewayService     ] [nwthU-R] recovered [10] indices into cluster_state
[2017-01-19T19:16:17,643][INFO ][o.e.c.r.a.AllocationService] [nwthU-R] Cluster health status changed from [RED] to [YELLOW] (reason: [shards started [[footballdata][2]] ...]).
[2017-01-19T20:01:13,199][INFO ][o.e.c.m.MetaDataCreateIndexService] [nwthU-R] [footballnews-prueba1] creating index, cause [api], templates [], shards [5]/[1], mappings []
[2017-01-19T20:01:13,266][INFO ][o.e.c.s.IndexScopedSettings] [nwthU-R] updating [index.refresh_interval] from [1s] to [-1]
[2017-01-19T20:01:13,269][INFO ][o.e.c.s.IndexScopedSettings] [nwthU-R] updating [index.refresh_interval] from [1s] to [-1]
[2017-01-19T20:01:13,278][INFO ][o.e.c.s.IndexScopedSettings] [nwthU-R] updating [index.refresh_interval] from [-1] to [1s]
[2017-01-19T20:01:13,280][INFO ][o.e.c.s.IndexScopedSettings] [nwthU-R] updating [index.refresh_interval] from [-1] to [1s]
[2017-01-19T20:26:58,680][INFO ][o.e.n.Node               ] [nwthU-R] stopping ...
[2017-01-19T20:26:58,722][INFO ][o.e.n.Node               ] [nwthU-R] stopped
[2017-01-19T20:26:58,722][INFO ][o.e.n.Node               ] [nwthU-R] closing ...
[2017-01-19T20:26:58,731][INFO ][o.e.n.Node               ] [nwthU-R] closed
[2017-01-19T21:54:51,815][INFO ][o.e.n.Node               ] [] initializing ...
[2017-01-19T21:54:51,921][INFO ][o.e.e.NodeEnvironment    ] [nwthU-R] using [1] data paths, mounts [[/ (/dev/disk1)]], net usable_space [35.7gb], net total_space [111.8gb], spins? [unknown], types [hfs]
[2017-01-19T21:54:51,922][INFO ][o.e.e.NodeEnvironment    ] [nwthU-R] heap size [1.9gb], compressed ordinary object pointers [true]
[2017-01-19T21:54:52,041][INFO ][o.e.n.Node               ] [nwthU-R] node name [nwthU-R] derived from node ID; set [node.name] to override
[2017-01-19T21:54:52,047][INFO ][o.e.n.Node               ] [nwthU-R] version[5.0.1], pid[3032], build[080bb47/2016-11-11T22:08:49.812Z], OS[Mac OS X/10.12.2/x86_64], JVM[Oracle Corporation/Java HotSpot(TM) 64-Bit Server VM/1.8.0_111/25.111-b14]
[2017-01-19T21:54:53,529][INFO ][o.e.p.PluginsService     ] [nwthU-R] loaded module [aggs-matrix-stats]
[2017-01-19T21:54:53,529][INFO ][o.e.p.PluginsService     ] [nwthU-R] loaded module [ingest-common]
[2017-01-19T21:54:53,530][INFO ][o.e.p.PluginsService     ] [nwthU-R] loaded module [lang-expression]
[2017-01-19T21:54:53,530][INFO ][o.e.p.PluginsService     ] [nwthU-R] loaded module [lang-groovy]
[2017-01-19T21:54:53,530][INFO ][o.e.p.PluginsService     ] [nwthU-R] loaded module [lang-mustache]
[2017-01-19T21:54:53,531][INFO ][o.e.p.PluginsService     ] [nwthU-R] loaded module [lang-painless]
[2017-01-19T21:54:53,531][INFO ][o.e.p.PluginsService     ] [nwthU-R] loaded module [percolator]
[2017-01-19T21:54:53,531][INFO ][o.e.p.PluginsService     ] [nwthU-R] loaded module [reindex]
[2017-01-19T21:54:53,531][INFO ][o.e.p.PluginsService     ] [nwthU-R] loaded module [transport-netty3]
[2017-01-19T21:54:53,531][INFO ][o.e.p.PluginsService     ] [nwthU-R] loaded module [transport-netty4]
[2017-01-19T21:54:53,532][INFO ][o.e.p.PluginsService     ] [nwthU-R] no plugins loaded
[2017-01-19T21:54:56,636][INFO ][o.e.n.Node               ] [nwthU-R] initialized
[2017-01-19T21:54:56,636][INFO ][o.e.n.Node               ] [nwthU-R] starting ...
[2017-01-19T21:55:01,853][INFO ][o.e.t.TransportService   ] [nwthU-R] publish_address {127.0.0.1:9300}, bound_addresses {[fe80::1]:9300}, {[::1]:9300}, {127.0.0.1:9300}
[2017-01-19T21:55:04,920][INFO ][o.e.c.s.ClusterService   ] [nwthU-R] new_master {nwthU-R}{nwthU-RSRJmrdHRK1B-nHg}{FCGQ6ESHRZWdz248eikRyQ}{127.0.0.1}{127.0.0.1:9300}, reason: zen-disco-elected-as-master ([0] nodes joined)
[2017-01-19T21:55:04,943][INFO ][o.e.h.HttpServer         ] [nwthU-R] publish_address {127.0.0.1:9200}, bound_addresses {[fe80::1]:9200}, {[::1]:9200}, {127.0.0.1:9200}
[2017-01-19T21:55:04,944][INFO ][o.e.n.Node               ] [nwthU-R] started
[2017-01-19T21:55:05,284][INFO ][o.e.g.GatewayService     ] [nwthU-R] recovered [9] indices into cluster_state
[2017-01-19T21:55:06,463][INFO ][o.e.c.r.a.AllocationService] [nwthU-R] Cluster health status changed from [RED] to [YELLOW] (reason: [shards started [[footballdata][2]] ...]).
[2017-01-19T23:19:26,882][INFO ][o.e.c.m.MetaDataCreateIndexService] [nwthU-R] [footballnews-prueba2] creating index, cause [api], templates [], shards [5]/[1], mappings []
[2017-01-19T23:19:26,998][INFO ][o.e.c.s.IndexScopedSettings] [nwthU-R] updating [index.refresh_interval] from [1s] to [-1]
[2017-01-19T23:19:27,000][INFO ][o.e.c.s.IndexScopedSettings] [nwthU-R] updating [index.refresh_interval] from [1s] to [-1]
[2017-01-19T23:19:27,101][INFO ][o.e.c.m.MetaDataMappingService] [nwthU-R] [footballnews-prueba2/_glTP5XERIyPiEatjoKx9g] create_mapping [sentiments]
[2017-01-19T23:19:27,225][INFO ][o.e.c.s.IndexScopedSettings] [nwthU-R] updating [index.refresh_interval] from [-1] to [1s]
[2017-01-19T23:19:27,227][INFO ][o.e.c.s.IndexScopedSettings] [nwthU-R] updating [index.refresh_interval] from [-1] to [1s]
[2017-01-19T23:22:21,657][INFO ][o.e.c.m.MetaDataCreateIndexService] [nwthU-R] [footballnews-prueba3] creating index, cause [api], templates [], shards [5]/[1], mappings []
[2017-01-19T23:22:21,738][INFO ][o.e.c.s.IndexScopedSettings] [nwthU-R] updating [index.refresh_interval] from [1s] to [-1]
[2017-01-19T23:22:21,739][INFO ][o.e.c.s.IndexScopedSettings] [nwthU-R] updating [index.refresh_interval] from [1s] to [-1]
[2017-01-19T23:22:21,789][INFO ][o.e.c.m.MetaDataMappingService] [nwthU-R] [footballnews-prueba3/AokDxxJ_TYefrFx5Nn3y9w] create_mapping [sentiments]
[2017-01-19T23:22:21,846][INFO ][o.e.c.s.IndexScopedSettings] [nwthU-R] updating [index.refresh_interval] from [-1] to [1s]
[2017-01-19T23:22:21,849][INFO ][o.e.c.s.IndexScopedSettings] [nwthU-R] updating [index.refresh_interval] from [-1] to [1s]
[2017-01-19T23:40:47,583][INFO ][o.e.c.m.MetaDataCreateIndexService] [nwthU-R] [footballnews-prueba4] creating index, cause [api], templates [], shards [5]/[1], mappings []
[2017-01-19T23:40:47,664][INFO ][o.e.c.s.IndexScopedSettings] [nwthU-R] updating [index.refresh_interval] from [1s] to [-1]
[2017-01-19T23:40:47,666][INFO ][o.e.c.s.IndexScopedSettings] [nwthU-R] updating [index.refresh_interval] from [1s] to [-1]
[2017-01-19T23:40:47,722][INFO ][o.e.c.m.MetaDataMappingService] [nwthU-R] [footballnews-prueba4/vwoYdV_iRNe1J8_D0UTCRQ] create_mapping [sentiments]
[2017-01-19T23:40:47,915][INFO ][o.e.c.s.IndexScopedSettings] [nwthU-R] updating [index.refresh_interval] from [-1] to [1s]
[2017-01-19T23:40:47,917][INFO ][o.e.c.s.IndexScopedSettings] [nwthU-R] updating [index.refresh_interval] from [-1] to [1s]
[2017-01-19T23:48:02,284][INFO ][o.e.c.m.MetaDataCreateIndexService] [nwthU-R] [footballnews-prueba5] creating index, cause [api], templates [], shards [5]/[1], mappings []
[2017-01-19T23:48:02,365][INFO ][o.e.c.s.IndexScopedSettings] [nwthU-R] updating [index.refresh_interval] from [1s] to [-1]
[2017-01-19T23:48:02,367][INFO ][o.e.c.s.IndexScopedSettings] [nwthU-R] updating [index.refresh_interval] from [1s] to [-1]
[2017-01-19T23:48:02,439][INFO ][o.e.c.m.MetaDataMappingService] [nwthU-R] [footballnews-prueba5/RoIzJte3QF-qpPIiaMUi4g] create_mapping [sentiments]
[2017-01-19T23:48:02,465][INFO ][o.e.c.m.MetaDataMappingService] [nwthU-R] [footballnews-prueba5/RoIzJte3QF-qpPIiaMUi4g] update_mapping [sentiments]
[2017-01-19T23:48:02,534][INFO ][o.e.c.m.MetaDataMappingService] [nwthU-R] [footballnews-prueba5/RoIzJte3QF-qpPIiaMUi4g] update_mapping [sentiments]
[2017-01-19T23:48:02,747][INFO ][o.e.c.s.IndexScopedSettings] [nwthU-R] updating [index.refresh_interval] from [-1] to [1s]
[2017-01-19T23:48:02,748][INFO ][o.e.c.s.IndexScopedSettings] [nwthU-R] updating [index.refresh_interval] from [-1] to [1s]
[2017-01-19T23:54:25,286][INFO ][o.e.n.Node               ] [nwthU-R] stopping ...
[2017-01-19T23:54:25,477][INFO ][o.e.n.Node               ] [nwthU-R] stopped
[2017-01-19T23:54:25,477][INFO ][o.e.n.Node               ] [nwthU-R] closing ...
[2017-01-19T23:54:25,490][INFO ][o.e.n.Node               ] [nwthU-R] closed
