[2016-11-20T13:04:32,849][INFO ][o.e.n.Node               ] [] initializing ...
[2016-11-20T13:04:32,952][INFO ][o.e.e.NodeEnvironment    ] [nwthU-R] using [1] data paths, mounts [[/ (/dev/disk1)]], net usable_space [43gb], net total_space [111.8gb], spins? [unknown], types [hfs]
[2016-11-20T13:04:32,953][INFO ][o.e.e.NodeEnvironment    ] [nwthU-R] heap size [1.9gb], compressed ordinary object pointers [true]
[2016-11-20T13:04:32,954][INFO ][o.e.n.Node               ] [nwthU-R] node name [nwthU-R] derived from node ID; set [node.name] to override
[2016-11-20T13:04:32,956][INFO ][o.e.n.Node               ] [nwthU-R] version[5.0.1], pid[1005], build[080bb47/2016-11-11T22:08:49.812Z], OS[Mac OS X/10.12.1/x86_64], JVM[Oracle Corporation/Java HotSpot(TM) 64-Bit Server VM/1.8.0_111/25.111-b14]
[2016-11-20T13:04:34,407][INFO ][o.e.p.PluginsService     ] [nwthU-R] loaded module [aggs-matrix-stats]
[2016-11-20T13:04:34,407][INFO ][o.e.p.PluginsService     ] [nwthU-R] loaded module [ingest-common]
[2016-11-20T13:04:34,407][INFO ][o.e.p.PluginsService     ] [nwthU-R] loaded module [lang-expression]
[2016-11-20T13:04:34,407][INFO ][o.e.p.PluginsService     ] [nwthU-R] loaded module [lang-groovy]
[2016-11-20T13:04:34,408][INFO ][o.e.p.PluginsService     ] [nwthU-R] loaded module [lang-mustache]
[2016-11-20T13:04:34,408][INFO ][o.e.p.PluginsService     ] [nwthU-R] loaded module [lang-painless]
[2016-11-20T13:04:34,408][INFO ][o.e.p.PluginsService     ] [nwthU-R] loaded module [percolator]
[2016-11-20T13:04:34,408][INFO ][o.e.p.PluginsService     ] [nwthU-R] loaded module [reindex]
[2016-11-20T13:04:34,408][INFO ][o.e.p.PluginsService     ] [nwthU-R] loaded module [transport-netty3]
[2016-11-20T13:04:34,408][INFO ][o.e.p.PluginsService     ] [nwthU-R] loaded module [transport-netty4]
[2016-11-20T13:04:34,409][INFO ][o.e.p.PluginsService     ] [nwthU-R] no plugins loaded
[2016-11-20T13:04:37,205][INFO ][o.e.n.Node               ] [nwthU-R] initialized
[2016-11-20T13:04:37,206][INFO ][o.e.n.Node               ] [nwthU-R] starting ...
[2016-11-20T13:04:42,396][INFO ][o.e.t.TransportService   ] [nwthU-R] publish_address {127.0.0.1:9301}, bound_addresses {[fe80::1]:9301}, {[::1]:9301}, {127.0.0.1:9301}
[2016-11-20T13:04:45,589][WARN ][o.e.d.z.p.u.UnicastZenPing] [nwthU-R] [1] failed send ping to {#zen_unicast_6#}{DrMUihMpReu5AkQ5rJcc4g}{::1}{[::1]:9300}
java.lang.IllegalStateException: handshake failed with {#zen_unicast_6#}{DrMUihMpReu5AkQ5rJcc4g}{::1}{[::1]:9300}
	at org.elasticsearch.transport.TransportService.handshake(TransportService.java:364) ~[elasticsearch-5.0.1.jar:5.0.1]
	at org.elasticsearch.transport.TransportService.connectToNodeLightAndHandshake(TransportService.java:339) ~[elasticsearch-5.0.1.jar:5.0.1]
	at org.elasticsearch.transport.TransportService.connectToNodeLightAndHandshake(TransportService.java:313) ~[elasticsearch-5.0.1.jar:5.0.1]
	at org.elasticsearch.discovery.zen.ping.unicast.UnicastZenPing$2.run(UnicastZenPing.java:419) [elasticsearch-5.0.1.jar:5.0.1]
	at org.elasticsearch.common.util.concurrent.ThreadContext$ContextPreservingRunnable.run(ThreadContext.java:451) [elasticsearch-5.0.1.jar:5.0.1]
	at java.util.concurrent.ThreadPoolExecutor.runWorker(ThreadPoolExecutor.java:1142) [?:1.8.0_111]
	at java.util.concurrent.ThreadPoolExecutor$Worker.run(ThreadPoolExecutor.java:617) [?:1.8.0_111]
	at java.lang.Thread.run(Thread.java:745) [?:1.8.0_111]
Caused by: org.elasticsearch.transport.ReceiveTimeoutTransportException: [][[::1]:9300][internal:transport/handshake] request_id [3] timed out after [3002ms]
	at org.elasticsearch.transport.TransportService$TimeoutHandler.run(TransportService.java:840) ~[elasticsearch-5.0.1.jar:5.0.1]
	... 4 more
[2016-11-20T13:04:45,589][WARN ][o.e.d.z.p.u.UnicastZenPing] [nwthU-R] [1] failed send ping to {#zen_unicast_1#}{On3Pf-dGQcC2WldIQeNiVw}{127.0.0.1}{127.0.0.1:9300}
java.lang.IllegalStateException: handshake failed with {#zen_unicast_1#}{On3Pf-dGQcC2WldIQeNiVw}{127.0.0.1}{127.0.0.1:9300}
	at org.elasticsearch.transport.TransportService.handshake(TransportService.java:364) ~[elasticsearch-5.0.1.jar:5.0.1]
	at org.elasticsearch.transport.TransportService.connectToNodeLightAndHandshake(TransportService.java:339) ~[elasticsearch-5.0.1.jar:5.0.1]
	at org.elasticsearch.transport.TransportService.connectToNodeLightAndHandshake(TransportService.java:313) ~[elasticsearch-5.0.1.jar:5.0.1]
	at org.elasticsearch.discovery.zen.ping.unicast.UnicastZenPing$2.run(UnicastZenPing.java:419) [elasticsearch-5.0.1.jar:5.0.1]
	at org.elasticsearch.common.util.concurrent.ThreadContext$ContextPreservingRunnable.run(ThreadContext.java:451) [elasticsearch-5.0.1.jar:5.0.1]
	at java.util.concurrent.ThreadPoolExecutor.runWorker(ThreadPoolExecutor.java:1142) [?:1.8.0_111]
	at java.util.concurrent.ThreadPoolExecutor$Worker.run(ThreadPoolExecutor.java:617) [?:1.8.0_111]
	at java.lang.Thread.run(Thread.java:745) [?:1.8.0_111]
Caused by: org.elasticsearch.transport.ReceiveTimeoutTransportException: [][127.0.0.1:9300][internal:transport/handshake] request_id [4] timed out after [3002ms]
	at org.elasticsearch.transport.TransportService$TimeoutHandler.run(TransportService.java:840) ~[elasticsearch-5.0.1.jar:5.0.1]
	... 4 more
[2016-11-20T13:04:45,603][INFO ][o.e.c.s.ClusterService   ] [nwthU-R] new_master {nwthU-R}{nwthU-RSRJmrdHRK1B-nHg}{Iqu8dUtDToOtXO7uGbF1mw}{127.0.0.1}{127.0.0.1:9301}, reason: zen-disco-elected-as-master ([0] nodes joined)
[2016-11-20T13:04:45,629][INFO ][o.e.h.HttpServer         ] [nwthU-R] publish_address {127.0.0.1:9201}, bound_addresses {[fe80::1]:9201}, {[::1]:9201}, {127.0.0.1:9201}
[2016-11-20T13:04:45,629][INFO ][o.e.n.Node               ] [nwthU-R] started
[2016-11-20T13:04:45,637][INFO ][o.e.g.GatewayService     ] [nwthU-R] recovered [0] indices into cluster_state
[2016-11-20T13:05:45,629][WARN ][o.e.e.NodeEnvironment    ] [nwthU-R] lock assertion failed
java.nio.file.NoSuchFileException: /Users/Javier/Desktop/elasticsearch-5.0.1/data/nodes/0/node.lock
	at sun.nio.fs.UnixException.translateToIOException(UnixException.java:86) ~[?:?]
	at sun.nio.fs.UnixException.rethrowAsIOException(UnixException.java:102) ~[?:?]
	at sun.nio.fs.UnixException.rethrowAsIOException(UnixException.java:107) ~[?:?]
	at sun.nio.fs.UnixFileAttributeViews$Basic.readAttributes(UnixFileAttributeViews.java:55) ~[?:?]
	at sun.nio.fs.UnixFileSystemProvider.readAttributes(UnixFileSystemProvider.java:144) ~[?:?]
	at java.nio.file.Files.readAttributes(Files.java:1737) ~[?:1.8.0_111]
	at org.apache.lucene.store.NativeFSLockFactory$NativeFSLock.ensureValid(NativeFSLockFactory.java:177) ~[lucene-core-6.2.1.jar:6.2.1 43ab70147eb494324a1410f7a9f16a896a59bc6f - shalin - 2016-09-15 05:15:20]
	at org.elasticsearch.env.NodeEnvironment.assertEnvIsLocked(NodeEnvironment.java:901) [elasticsearch-5.0.1.jar:5.0.1]
	at org.elasticsearch.env.NodeEnvironment.nodePaths(NodeEnvironment.java:753) [elasticsearch-5.0.1.jar:5.0.1]
	at org.elasticsearch.monitor.fs.FsProbe.stats(FsProbe.java:55) [elasticsearch-5.0.1.jar:5.0.1]
	at org.elasticsearch.monitor.fs.FsService.stats(FsService.java:60) [elasticsearch-5.0.1.jar:5.0.1]
	at org.elasticsearch.monitor.fs.FsService.access$200(FsService.java:33) [elasticsearch-5.0.1.jar:5.0.1]
	at org.elasticsearch.monitor.fs.FsService$FsInfoCache.refresh(FsService.java:78) [elasticsearch-5.0.1.jar:5.0.1]
	at org.elasticsearch.monitor.fs.FsService$FsInfoCache.refresh(FsService.java:67) [elasticsearch-5.0.1.jar:5.0.1]
	at org.elasticsearch.common.util.SingleObjectCache.getOrRefresh(SingleObjectCache.java:54) [elasticsearch-5.0.1.jar:5.0.1]
	at org.elasticsearch.monitor.fs.FsService.stats(FsService.java:55) [elasticsearch-5.0.1.jar:5.0.1]
	at org.elasticsearch.node.service.NodeService.stats(NodeService.java:114) [elasticsearch-5.0.1.jar:5.0.1]
	at org.elasticsearch.action.admin.cluster.node.stats.TransportNodesStatsAction.nodeOperation(TransportNodesStatsAction.java:77) [elasticsearch-5.0.1.jar:5.0.1]
	at org.elasticsearch.action.admin.cluster.node.stats.TransportNodesStatsAction.nodeOperation(TransportNodesStatsAction.java:42) [elasticsearch-5.0.1.jar:5.0.1]
	at org.elasticsearch.action.support.nodes.TransportNodesAction.nodeOperation(TransportNodesAction.java:145) [elasticsearch-5.0.1.jar:5.0.1]
	at org.elasticsearch.action.support.nodes.TransportNodesAction$NodeTransportHandler.messageReceived(TransportNodesAction.java:270) [elasticsearch-5.0.1.jar:5.0.1]
	at org.elasticsearch.action.support.nodes.TransportNodesAction$NodeTransportHandler.messageReceived(TransportNodesAction.java:266) [elasticsearch-5.0.1.jar:5.0.1]
	at org.elasticsearch.transport.RequestHandlerRegistry.processMessageReceived(RequestHandlerRegistry.java:69) [elasticsearch-5.0.1.jar:5.0.1]
	at org.elasticsearch.transport.TransportService$6.doRun(TransportService.java:548) [elasticsearch-5.0.1.jar:5.0.1]
	at org.elasticsearch.common.util.concurrent.ThreadContext$ContextPreservingAbstractRunnable.doRun(ThreadContext.java:520) [elasticsearch-5.0.1.jar:5.0.1]
	at org.elasticsearch.common.util.concurrent.AbstractRunnable.run(AbstractRunnable.java:37) [elasticsearch-5.0.1.jar:5.0.1]
	at java.util.concurrent.ThreadPoolExecutor.runWorker(ThreadPoolExecutor.java:1142) [?:1.8.0_111]
	at java.util.concurrent.ThreadPoolExecutor$Worker.run(ThreadPoolExecutor.java:617) [?:1.8.0_111]
	at java.lang.Thread.run(Thread.java:745) [?:1.8.0_111]
[2016-11-20T13:05:45,634][DEBUG][o.e.a.a.c.n.s.TransportNodesStatsAction] [nwthU-R] failed to execute on node [nwthU-RSRJmrdHRK1B-nHg]
org.elasticsearch.transport.RemoteTransportException: [nwthU-R][127.0.0.1:9301][cluster:monitor/nodes/stats[n]]
Caused by: java.lang.IllegalStateException: environment is not locked
	at org.elasticsearch.env.NodeEnvironment.assertEnvIsLocked(NodeEnvironment.java:904) ~[elasticsearch-5.0.1.jar:5.0.1]
	at org.elasticsearch.env.NodeEnvironment.nodePaths(NodeEnvironment.java:753) ~[elasticsearch-5.0.1.jar:5.0.1]
	at org.elasticsearch.monitor.fs.FsProbe.stats(FsProbe.java:55) ~[elasticsearch-5.0.1.jar:5.0.1]
	at org.elasticsearch.monitor.fs.FsService.stats(FsService.java:60) ~[elasticsearch-5.0.1.jar:5.0.1]
	at org.elasticsearch.monitor.fs.FsService.access$200(FsService.java:33) ~[elasticsearch-5.0.1.jar:5.0.1]
	at org.elasticsearch.monitor.fs.FsService$FsInfoCache.refresh(FsService.java:78) ~[elasticsearch-5.0.1.jar:5.0.1]
	at org.elasticsearch.monitor.fs.FsService$FsInfoCache.refresh(FsService.java:67) ~[elasticsearch-5.0.1.jar:5.0.1]
	at org.elasticsearch.common.util.SingleObjectCache.getOrRefresh(SingleObjectCache.java:54) ~[elasticsearch-5.0.1.jar:5.0.1]
	at org.elasticsearch.monitor.fs.FsService.stats(FsService.java:55) ~[elasticsearch-5.0.1.jar:5.0.1]
	at org.elasticsearch.node.service.NodeService.stats(NodeService.java:114) ~[elasticsearch-5.0.1.jar:5.0.1]
	at org.elasticsearch.action.admin.cluster.node.stats.TransportNodesStatsAction.nodeOperation(TransportNodesStatsAction.java:77) ~[elasticsearch-5.0.1.jar:5.0.1]
	at org.elasticsearch.action.admin.cluster.node.stats.TransportNodesStatsAction.nodeOperation(TransportNodesStatsAction.java:42) ~[elasticsearch-5.0.1.jar:5.0.1]
	at org.elasticsearch.action.support.nodes.TransportNodesAction.nodeOperation(TransportNodesAction.java:145) ~[elasticsearch-5.0.1.jar:5.0.1]
	at org.elasticsearch.action.support.nodes.TransportNodesAction$NodeTransportHandler.messageReceived(TransportNodesAction.java:270) ~[elasticsearch-5.0.1.jar:5.0.1]
	at org.elasticsearch.action.support.nodes.TransportNodesAction$NodeTransportHandler.messageReceived(TransportNodesAction.java:266) ~[elasticsearch-5.0.1.jar:5.0.1]
	at org.elasticsearch.transport.RequestHandlerRegistry.processMessageReceived(RequestHandlerRegistry.java:69) ~[elasticsearch-5.0.1.jar:5.0.1]
	at org.elasticsearch.transport.TransportService$6.doRun(TransportService.java:548) [elasticsearch-5.0.1.jar:5.0.1]
	at org.elasticsearch.common.util.concurrent.ThreadContext$ContextPreservingAbstractRunnable.doRun(ThreadContext.java:520) [elasticsearch-5.0.1.jar:5.0.1]
	at org.elasticsearch.common.util.concurrent.AbstractRunnable.run(AbstractRunnable.java:37) [elasticsearch-5.0.1.jar:5.0.1]
	at java.util.concurrent.ThreadPoolExecutor.runWorker(ThreadPoolExecutor.java:1142) [?:1.8.0_111]
	at java.util.concurrent.ThreadPoolExecutor$Worker.run(ThreadPoolExecutor.java:617) [?:1.8.0_111]
	at java.lang.Thread.run(Thread.java:745) [?:1.8.0_111]
Caused by: java.nio.file.NoSuchFileException: /Users/Javier/Desktop/elasticsearch-5.0.1/data/nodes/0/node.lock
	at sun.nio.fs.UnixException.translateToIOException(UnixException.java:86) ~[?:?]
	at sun.nio.fs.UnixException.rethrowAsIOException(UnixException.java:102) ~[?:?]
	at sun.nio.fs.UnixException.rethrowAsIOException(UnixException.java:107) ~[?:?]
	at sun.nio.fs.UnixFileAttributeViews$Basic.readAttributes(UnixFileAttributeViews.java:55) ~[?:?]
	at sun.nio.fs.UnixFileSystemProvider.readAttributes(UnixFileSystemProvider.java:144) ~[?:?]
	at java.nio.file.Files.readAttributes(Files.java:1737) ~[?:1.8.0_111]
	at org.apache.lucene.store.NativeFSLockFactory$NativeFSLock.ensureValid(NativeFSLockFactory.java:177) ~[lucene-core-6.2.1.jar:6.2.1 43ab70147eb494324a1410f7a9f16a896a59bc6f - shalin - 2016-09-15 05:15:20]
	at org.elasticsearch.env.NodeEnvironment.assertEnvIsLocked(NodeEnvironment.java:901) ~[elasticsearch-5.0.1.jar:5.0.1]
	at org.elasticsearch.env.NodeEnvironment.nodePaths(NodeEnvironment.java:753) ~[elasticsearch-5.0.1.jar:5.0.1]
	at org.elasticsearch.monitor.fs.FsProbe.stats(FsProbe.java:55) ~[elasticsearch-5.0.1.jar:5.0.1]
	at org.elasticsearch.monitor.fs.FsService.stats(FsService.java:60) ~[elasticsearch-5.0.1.jar:5.0.1]
	at org.elasticsearch.monitor.fs.FsService.access$200(FsService.java:33) ~[elasticsearch-5.0.1.jar:5.0.1]
	at org.elasticsearch.monitor.fs.FsService$FsInfoCache.refresh(FsService.java:78) ~[elasticsearch-5.0.1.jar:5.0.1]
	at org.elasticsearch.monitor.fs.FsService$FsInfoCache.refresh(FsService.java:67) ~[elasticsearch-5.0.1.jar:5.0.1]
	at org.elasticsearch.common.util.SingleObjectCache.getOrRefresh(SingleObjectCache.java:54) ~[elasticsearch-5.0.1.jar:5.0.1]
	at org.elasticsearch.monitor.fs.FsService.stats(FsService.java:55) ~[elasticsearch-5.0.1.jar:5.0.1]
	at org.elasticsearch.node.service.NodeService.stats(NodeService.java:114) ~[elasticsearch-5.0.1.jar:5.0.1]
	at org.elasticsearch.action.admin.cluster.node.stats.TransportNodesStatsAction.nodeOperation(TransportNodesStatsAction.java:77) ~[elasticsearch-5.0.1.jar:5.0.1]
	at org.elasticsearch.action.admin.cluster.node.stats.TransportNodesStatsAction.nodeOperation(TransportNodesStatsAction.java:42) ~[elasticsearch-5.0.1.jar:5.0.1]
	at org.elasticsearch.action.support.nodes.TransportNodesAction.nodeOperation(TransportNodesAction.java:145) ~[elasticsearch-5.0.1.jar:5.0.1]
	at org.elasticsearch.action.support.nodes.TransportNodesAction$NodeTransportHandler.messageReceived(TransportNodesAction.java:270) ~[elasticsearch-5.0.1.jar:5.0.1]
	at org.elasticsearch.action.support.nodes.TransportNodesAction$NodeTransportHandler.messageReceived(TransportNodesAction.java:266) ~[elasticsearch-5.0.1.jar:5.0.1]
	at org.elasticsearch.transport.RequestHandlerRegistry.processMessageReceived(RequestHandlerRegistry.java:69) ~[elasticsearch-5.0.1.jar:5.0.1]
	at org.elasticsearch.transport.TransportService$6.doRun(TransportService.java:548) ~[elasticsearch-5.0.1.jar:5.0.1]
	at org.elasticsearch.common.util.concurrent.ThreadContext$ContextPreservingAbstractRunnable.doRun(ThreadContext.java:520) ~[elasticsearch-5.0.1.jar:5.0.1]
	at org.elasticsearch.common.util.concurrent.AbstractRunnable.run(AbstractRunnable.java:37) ~[elasticsearch-5.0.1.jar:5.0.1]
	at java.util.concurrent.ThreadPoolExecutor.runWorker(ThreadPoolExecutor.java:1142) ~[?:1.8.0_111]
	at java.util.concurrent.ThreadPoolExecutor$Worker.run(ThreadPoolExecutor.java:617) ~[?:1.8.0_111]
	at java.lang.Thread.run(Thread.java:745) ~[?:1.8.0_111]
[2016-11-20T13:05:45,637][WARN ][o.e.a.a.c.n.s.TransportNodesStatsAction] [nwthU-R] not accumulating exceptions, excluding exception from response
org.elasticsearch.action.FailedNodeException: Failed node [nwthU-RSRJmrdHRK1B-nHg]
	at org.elasticsearch.action.support.nodes.TransportNodesAction$AsyncAction.onFailure(TransportNodesAction.java:247) [elasticsearch-5.0.1.jar:5.0.1]
	at org.elasticsearch.action.support.nodes.TransportNodesAction$AsyncAction.access$300(TransportNodesAction.java:160) [elasticsearch-5.0.1.jar:5.0.1]
	at org.elasticsearch.action.support.nodes.TransportNodesAction$AsyncAction$1.handleException(TransportNodesAction.java:219) [elasticsearch-5.0.1.jar:5.0.1]
	at org.elasticsearch.transport.TransportService$ContextRestoreResponseHandler.handleException(TransportService.java:955) [elasticsearch-5.0.1.jar:5.0.1]
	at org.elasticsearch.transport.TransportService$DirectResponseChannel.processException(TransportService.java:1062) [elasticsearch-5.0.1.jar:5.0.1]
	at org.elasticsearch.transport.TransportService$DirectResponseChannel.sendResponse(TransportService.java:1040) [elasticsearch-5.0.1.jar:5.0.1]
	at org.elasticsearch.transport.TransportService$6.onFailure(TransportService.java:559) [elasticsearch-5.0.1.jar:5.0.1]
	at org.elasticsearch.common.util.concurrent.ThreadContext$ContextPreservingAbstractRunnable.onFailure(ThreadContext.java:505) [elasticsearch-5.0.1.jar:5.0.1]
	at org.elasticsearch.common.util.concurrent.AbstractRunnable.run(AbstractRunnable.java:39) [elasticsearch-5.0.1.jar:5.0.1]
	at java.util.concurrent.ThreadPoolExecutor.runWorker(ThreadPoolExecutor.java:1142) [?:1.8.0_111]
	at java.util.concurrent.ThreadPoolExecutor$Worker.run(ThreadPoolExecutor.java:617) [?:1.8.0_111]
	at java.lang.Thread.run(Thread.java:745) [?:1.8.0_111]
Caused by: org.elasticsearch.transport.RemoteTransportException: [nwthU-R][127.0.0.1:9301][cluster:monitor/nodes/stats[n]]
Caused by: java.lang.IllegalStateException: environment is not locked
	at org.elasticsearch.env.NodeEnvironment.assertEnvIsLocked(NodeEnvironment.java:904) ~[elasticsearch-5.0.1.jar:5.0.1]
	at org.elasticsearch.env.NodeEnvironment.nodePaths(NodeEnvironment.java:753) ~[elasticsearch-5.0.1.jar:5.0.1]
	at org.elasticsearch.monitor.fs.FsProbe.stats(FsProbe.java:55) ~[elasticsearch-5.0.1.jar:5.0.1]
	at org.elasticsearch.monitor.fs.FsService.stats(FsService.java:60) ~[elasticsearch-5.0.1.jar:5.0.1]
	at org.elasticsearch.monitor.fs.FsService.access$200(FsService.java:33) ~[elasticsearch-5.0.1.jar:5.0.1]
	at org.elasticsearch.monitor.fs.FsService$FsInfoCache.refresh(FsService.java:78) ~[elasticsearch-5.0.1.jar:5.0.1]
	at org.elasticsearch.monitor.fs.FsService$FsInfoCache.refresh(FsService.java:67) ~[elasticsearch-5.0.1.jar:5.0.1]
	at org.elasticsearch.common.util.SingleObjectCache.getOrRefresh(SingleObjectCache.java:54) ~[elasticsearch-5.0.1.jar:5.0.1]
	at org.elasticsearch.monitor.fs.FsService.stats(FsService.java:55) ~[elasticsearch-5.0.1.jar:5.0.1]
	at org.elasticsearch.node.service.NodeService.stats(NodeService.java:114) ~[elasticsearch-5.0.1.jar:5.0.1]
	at org.elasticsearch.action.admin.cluster.node.stats.TransportNodesStatsAction.nodeOperation(TransportNodesStatsAction.java:77) ~[elasticsearch-5.0.1.jar:5.0.1]
	at org.elasticsearch.action.admin.cluster.node.stats.TransportNodesStatsAction.nodeOperation(TransportNodesStatsAction.java:42) ~[elasticsearch-5.0.1.jar:5.0.1]
	at org.elasticsearch.action.support.nodes.TransportNodesAction.nodeOperation(TransportNodesAction.java:145) ~[elasticsearch-5.0.1.jar:5.0.1]
	at org.elasticsearch.action.support.nodes.TransportNodesAction$NodeTransportHandler.messageReceived(TransportNodesAction.java:270) ~[elasticsearch-5.0.1.jar:5.0.1]
	at org.elasticsearch.action.support.nodes.TransportNodesAction$NodeTransportHandler.messageReceived(TransportNodesAction.java:266) ~[elasticsearch-5.0.1.jar:5.0.1]
	at org.elasticsearch.transport.RequestHandlerRegistry.processMessageReceived(RequestHandlerRegistry.java:69) ~[elasticsearch-5.0.1.jar:5.0.1]
	at org.elasticsearch.transport.TransportService$6.doRun(TransportService.java:548) ~[elasticsearch-5.0.1.jar:5.0.1]
	at org.elasticsearch.common.util.concurrent.ThreadContext$ContextPreservingAbstractRunnable.doRun(ThreadContext.java:520) ~[elasticsearch-5.0.1.jar:5.0.1]
	at org.elasticsearch.common.util.concurrent.AbstractRunnable.run(AbstractRunnable.java:37) ~[elasticsearch-5.0.1.jar:5.0.1]
	... 3 more
Caused by: java.nio.file.NoSuchFileException: /Users/Javier/Desktop/elasticsearch-5.0.1/data/nodes/0/node.lock
	at sun.nio.fs.UnixException.translateToIOException(UnixException.java:86) ~[?:?]
	at sun.nio.fs.UnixException.rethrowAsIOException(UnixException.java:102) ~[?:?]
	at sun.nio.fs.UnixException.rethrowAsIOException(UnixException.java:107) ~[?:?]
	at sun.nio.fs.UnixFileAttributeViews$Basic.readAttributes(UnixFileAttributeViews.java:55) ~[?:?]
	at sun.nio.fs.UnixFileSystemProvider.readAttributes(UnixFileSystemProvider.java:144) ~[?:?]
	at java.nio.file.Files.readAttributes(Files.java:1737) ~[?:1.8.0_111]
	at org.apache.lucene.store.NativeFSLockFactory$NativeFSLock.ensureValid(NativeFSLockFactory.java:177) ~[lucene-core-6.2.1.jar:6.2.1 43ab70147eb494324a1410f7a9f16a896a59bc6f - shalin - 2016-09-15 05:15:20]
	at org.elasticsearch.env.NodeEnvironment.assertEnvIsLocked(NodeEnvironment.java:901) ~[elasticsearch-5.0.1.jar:5.0.1]
	at org.elasticsearch.env.NodeEnvironment.nodePaths(NodeEnvironment.java:753) ~[elasticsearch-5.0.1.jar:5.0.1]
	at org.elasticsearch.monitor.fs.FsProbe.stats(FsProbe.java:55) ~[elasticsearch-5.0.1.jar:5.0.1]
	at org.elasticsearch.monitor.fs.FsService.stats(FsService.java:60) ~[elasticsearch-5.0.1.jar:5.0.1]
	at org.elasticsearch.monitor.fs.FsService.access$200(FsService.java:33) ~[elasticsearch-5.0.1.jar:5.0.1]
	at org.elasticsearch.monitor.fs.FsService$FsInfoCache.refresh(FsService.java:78) ~[elasticsearch-5.0.1.jar:5.0.1]
	at org.elasticsearch.monitor.fs.FsService$FsInfoCache.refresh(FsService.java:67) ~[elasticsearch-5.0.1.jar:5.0.1]
	at org.elasticsearch.common.util.SingleObjectCache.getOrRefresh(SingleObjectCache.java:54) ~[elasticsearch-5.0.1.jar:5.0.1]
	at org.elasticsearch.monitor.fs.FsService.stats(FsService.java:55) ~[elasticsearch-5.0.1.jar:5.0.1]
	at org.elasticsearch.node.service.NodeService.stats(NodeService.java:114) ~[elasticsearch-5.0.1.jar:5.0.1]
	at org.elasticsearch.action.admin.cluster.node.stats.TransportNodesStatsAction.nodeOperation(TransportNodesStatsAction.java:77) ~[elasticsearch-5.0.1.jar:5.0.1]
	at org.elasticsearch.action.admin.cluster.node.stats.TransportNodesStatsAction.nodeOperation(TransportNodesStatsAction.java:42) ~[elasticsearch-5.0.1.jar:5.0.1]
	at org.elasticsearch.action.support.nodes.TransportNodesAction.nodeOperation(TransportNodesAction.java:145) ~[elasticsearch-5.0.1.jar:5.0.1]
	at org.elasticsearch.action.support.nodes.TransportNodesAction$NodeTransportHandler.messageReceived(TransportNodesAction.java:270) ~[elasticsearch-5.0.1.jar:5.0.1]
	at org.elasticsearch.action.support.nodes.TransportNodesAction$NodeTransportHandler.messageReceived(TransportNodesAction.java:266) ~[elasticsearch-5.0.1.jar:5.0.1]
	at org.elasticsearch.transport.RequestHandlerRegistry.processMessageReceived(RequestHandlerRegistry.java:69) ~[elasticsearch-5.0.1.jar:5.0.1]
	at org.elasticsearch.transport.TransportService$6.doRun(TransportService.java:548) ~[elasticsearch-5.0.1.jar:5.0.1]
	at org.elasticsearch.common.util.concurrent.ThreadContext$ContextPreservingAbstractRunnable.doRun(ThreadContext.java:520) ~[elasticsearch-5.0.1.jar:5.0.1]
	at org.elasticsearch.common.util.concurrent.AbstractRunnable.run(AbstractRunnable.java:37) ~[elasticsearch-5.0.1.jar:5.0.1]
	... 3 more
