[2017-01-20T17:03:00,488][INFO ][o.e.n.Node               ] [] initializing ...
[2017-01-20T17:03:00,599][INFO ][o.e.e.NodeEnvironment    ] [nwthU-R] using [1] data paths, mounts [[/ (/dev/disk1)]], net usable_space [37.4gb], net total_space [111.8gb], spins? [unknown], types [hfs]
[2017-01-20T17:03:00,600][INFO ][o.e.e.NodeEnvironment    ] [nwthU-R] heap size [1.9gb], compressed ordinary object pointers [true]
[2017-01-20T17:03:00,733][INFO ][o.e.n.Node               ] [nwthU-R] node name [nwthU-R] derived from node ID; set [node.name] to override
[2017-01-20T17:03:00,737][INFO ][o.e.n.Node               ] [nwthU-R] version[5.0.1], pid[862], build[080bb47/2016-11-11T22:08:49.812Z], OS[Mac OS X/10.12.2/x86_64], JVM[Oracle Corporation/Java HotSpot(TM) 64-Bit Server VM/1.8.0_111/25.111-b14]
[2017-01-20T17:03:02,267][INFO ][o.e.p.PluginsService     ] [nwthU-R] loaded module [aggs-matrix-stats]
[2017-01-20T17:03:02,267][INFO ][o.e.p.PluginsService     ] [nwthU-R] loaded module [ingest-common]
[2017-01-20T17:03:02,267][INFO ][o.e.p.PluginsService     ] [nwthU-R] loaded module [lang-expression]
[2017-01-20T17:03:02,268][INFO ][o.e.p.PluginsService     ] [nwthU-R] loaded module [lang-groovy]
[2017-01-20T17:03:02,268][INFO ][o.e.p.PluginsService     ] [nwthU-R] loaded module [lang-mustache]
[2017-01-20T17:03:02,268][INFO ][o.e.p.PluginsService     ] [nwthU-R] loaded module [lang-painless]
[2017-01-20T17:03:02,268][INFO ][o.e.p.PluginsService     ] [nwthU-R] loaded module [percolator]
[2017-01-20T17:03:02,268][INFO ][o.e.p.PluginsService     ] [nwthU-R] loaded module [reindex]
[2017-01-20T17:03:02,269][INFO ][o.e.p.PluginsService     ] [nwthU-R] loaded module [transport-netty3]
[2017-01-20T17:03:02,269][INFO ][o.e.p.PluginsService     ] [nwthU-R] loaded module [transport-netty4]
[2017-01-20T17:03:02,270][INFO ][o.e.p.PluginsService     ] [nwthU-R] no plugins loaded
[2017-01-20T17:03:04,844][INFO ][o.e.n.Node               ] [nwthU-R] initialized
[2017-01-20T17:03:04,844][INFO ][o.e.n.Node               ] [nwthU-R] starting ...
[2017-01-20T17:03:10,033][INFO ][o.e.t.TransportService   ] [nwthU-R] publish_address {127.0.0.1:9300}, bound_addresses {[fe80::1]:9300}, {[::1]:9300}, {127.0.0.1:9300}
[2017-01-20T17:03:13,092][INFO ][o.e.c.s.ClusterService   ] [nwthU-R] new_master {nwthU-R}{nwthU-RSRJmrdHRK1B-nHg}{Cmq2y-8CQpGf2O23Ori1zQ}{127.0.0.1}{127.0.0.1:9300}, reason: zen-disco-elected-as-master ([0] nodes joined)
[2017-01-20T17:03:13,115][INFO ][o.e.h.HttpServer         ] [nwthU-R] publish_address {127.0.0.1:9200}, bound_addresses {[fe80::1]:9200}, {[::1]:9200}, {127.0.0.1:9200}
[2017-01-20T17:03:13,116][INFO ][o.e.n.Node               ] [nwthU-R] started
[2017-01-20T17:03:13,539][INFO ][o.e.g.GatewayService     ] [nwthU-R] recovered [11] indices into cluster_state
[2017-01-20T17:03:14,987][INFO ][o.e.c.r.a.AllocationService] [nwthU-R] Cluster health status changed from [RED] to [YELLOW] (reason: [shards started [[footballdata][4], [footballdata][3]] ...]).
[2017-01-20T17:12:21,773][INFO ][o.e.c.m.MetaDataCreateIndexService] [nwthU-R] [footballnews-prueba1] creating index, cause [api], templates [], shards [5]/[1], mappings []
[2017-01-20T17:12:21,847][INFO ][o.e.c.s.IndexScopedSettings] [nwthU-R] updating [index.refresh_interval] from [1s] to [-1]
[2017-01-20T17:12:21,849][INFO ][o.e.c.s.IndexScopedSettings] [nwthU-R] updating [index.refresh_interval] from [1s] to [-1]
[2017-01-20T17:12:21,955][INFO ][o.e.c.m.MetaDataMappingService] [nwthU-R] [footballnews-prueba1/5j9uuHbIRK-oEwighDMtlA] create_mapping [sentiments]
[2017-01-20T17:12:21,962][INFO ][o.e.c.m.MetaDataMappingService] [nwthU-R] [footballnews-prueba1/5j9uuHbIRK-oEwighDMtlA] update_mapping [sentiments]
[2017-01-20T17:12:22,094][INFO ][o.e.c.m.MetaDataMappingService] [nwthU-R] [footballnews-prueba1/5j9uuHbIRK-oEwighDMtlA] update_mapping [sentiments]
[2017-01-20T17:12:22,106][INFO ][o.e.c.m.MetaDataMappingService] [nwthU-R] [footballnews-prueba1/5j9uuHbIRK-oEwighDMtlA] update_mapping [sentiments]
[2017-01-20T17:12:22,349][INFO ][o.e.c.s.IndexScopedSettings] [nwthU-R] updating [index.refresh_interval] from [-1] to [1s]
[2017-01-20T17:12:22,353][INFO ][o.e.c.s.IndexScopedSettings] [nwthU-R] updating [index.refresh_interval] from [-1] to [1s]
[2017-01-20T18:14:43,985][INFO ][o.e.c.m.MetaDataCreateIndexService] [nwthU-R] [footballnews1] creating index, cause [api], templates [], shards [5]/[1], mappings []
[2017-01-20T18:14:44,070][INFO ][o.e.c.s.IndexScopedSettings] [nwthU-R] updating [index.refresh_interval] from [1s] to [-1]
[2017-01-20T18:14:44,072][INFO ][o.e.c.s.IndexScopedSettings] [nwthU-R] updating [index.refresh_interval] from [1s] to [-1]
[2017-01-20T18:14:44,111][INFO ][o.e.c.m.MetaDataMappingService] [nwthU-R] [footballnews1/Y6MyA1aSSgCfPKM0iV1t8A] create_mapping [sentiments]
[2017-01-20T18:14:44,123][INFO ][o.e.c.m.MetaDataMappingService] [nwthU-R] [footballnews1/Y6MyA1aSSgCfPKM0iV1t8A] update_mapping [sentiments]
[2017-01-20T18:14:44,209][INFO ][o.e.c.s.IndexScopedSettings] [nwthU-R] updating [index.refresh_interval] from [-1] to [1s]
[2017-01-20T18:14:44,210][INFO ][o.e.c.s.IndexScopedSettings] [nwthU-R] updating [index.refresh_interval] from [-1] to [1s]
[2017-01-20T18:41:10,742][INFO ][o.e.n.Node               ] [nwthU-R] stopping ...
[2017-01-20T18:41:10,807][INFO ][o.e.n.Node               ] [nwthU-R] stopped
[2017-01-20T18:41:10,808][INFO ][o.e.n.Node               ] [nwthU-R] closing ...
[2017-01-20T18:41:10,816][INFO ][o.e.n.Node               ] [nwthU-R] closed
