[2016-12-01T16:41:03,115][INFO ][o.e.n.Node               ] [] initializing ...
[2016-12-01T16:41:03,226][INFO ][o.e.e.NodeEnvironment    ] [nwthU-R] using [1] data paths, mounts [[/ (/dev/disk1)]], net usable_space [41.8gb], net total_space [111.8gb], spins? [unknown], types [hfs]
[2016-12-01T16:41:03,227][INFO ][o.e.e.NodeEnvironment    ] [nwthU-R] heap size [1.9gb], compressed ordinary object pointers [true]
[2016-12-01T16:41:03,229][INFO ][o.e.n.Node               ] [nwthU-R] node name [nwthU-R] derived from node ID; set [node.name] to override
[2016-12-01T16:41:03,233][INFO ][o.e.n.Node               ] [nwthU-R] version[5.0.1], pid[855], build[080bb47/2016-11-11T22:08:49.812Z], OS[Mac OS X/10.12.1/x86_64], JVM[Oracle Corporation/Java HotSpot(TM) 64-Bit Server VM/1.8.0_111/25.111-b14]
[2016-12-01T16:41:04,621][INFO ][o.e.p.PluginsService     ] [nwthU-R] loaded module [aggs-matrix-stats]
[2016-12-01T16:41:04,621][INFO ][o.e.p.PluginsService     ] [nwthU-R] loaded module [ingest-common]
[2016-12-01T16:41:04,621][INFO ][o.e.p.PluginsService     ] [nwthU-R] loaded module [lang-expression]
[2016-12-01T16:41:04,622][INFO ][o.e.p.PluginsService     ] [nwthU-R] loaded module [lang-groovy]
[2016-12-01T16:41:04,622][INFO ][o.e.p.PluginsService     ] [nwthU-R] loaded module [lang-mustache]
[2016-12-01T16:41:04,622][INFO ][o.e.p.PluginsService     ] [nwthU-R] loaded module [lang-painless]
[2016-12-01T16:41:04,622][INFO ][o.e.p.PluginsService     ] [nwthU-R] loaded module [percolator]
[2016-12-01T16:41:04,622][INFO ][o.e.p.PluginsService     ] [nwthU-R] loaded module [reindex]
[2016-12-01T16:41:04,622][INFO ][o.e.p.PluginsService     ] [nwthU-R] loaded module [transport-netty3]
[2016-12-01T16:41:04,622][INFO ][o.e.p.PluginsService     ] [nwthU-R] loaded module [transport-netty4]
[2016-12-01T16:41:04,623][INFO ][o.e.p.PluginsService     ] [nwthU-R] no plugins loaded
[2016-12-01T16:41:07,907][INFO ][o.e.n.Node               ] [nwthU-R] initialized
[2016-12-01T16:41:07,907][INFO ][o.e.n.Node               ] [nwthU-R] starting ...
[2016-12-01T16:41:13,307][INFO ][o.e.t.TransportService   ] [nwthU-R] publish_address {127.0.0.1:9300}, bound_addresses {[fe80::1]:9300}, {[::1]:9300}, {127.0.0.1:9300}
[2016-12-01T16:41:16,381][INFO ][o.e.c.s.ClusterService   ] [nwthU-R] new_master {nwthU-R}{nwthU-RSRJmrdHRK1B-nHg}{7a7b3uZCSbSBaTt3uUV4jw}{127.0.0.1}{127.0.0.1:9300}, reason: zen-disco-elected-as-master ([0] nodes joined)
[2016-12-01T16:41:16,407][INFO ][o.e.h.HttpServer         ] [nwthU-R] publish_address {127.0.0.1:9200}, bound_addresses {[fe80::1]:9200}, {[::1]:9200}, {127.0.0.1:9200}
[2016-12-01T16:41:16,408][INFO ][o.e.n.Node               ] [nwthU-R] started
[2016-12-01T16:41:16,417][INFO ][o.e.g.GatewayService     ] [nwthU-R] recovered [0] indices into cluster_state
[2016-12-01T16:47:36,381][INFO ][o.e.n.Node               ] [nwthU-R] stopping ...
[2016-12-01T16:47:36,405][INFO ][o.e.n.Node               ] [nwthU-R] stopped
[2016-12-01T16:47:36,406][INFO ][o.e.n.Node               ] [nwthU-R] closing ...
[2016-12-01T16:47:36,418][INFO ][o.e.n.Node               ] [nwthU-R] closed
[2016-12-01T16:54:01,145][INFO ][o.e.n.Node               ] [] initializing ...
[2016-12-01T16:54:01,249][INFO ][o.e.e.NodeEnvironment    ] [nwthU-R] using [1] data paths, mounts [[/ (/dev/disk1)]], net usable_space [41.8gb], net total_space [111.8gb], spins? [unknown], types [hfs]
[2016-12-01T16:54:01,250][INFO ][o.e.e.NodeEnvironment    ] [nwthU-R] heap size [1.9gb], compressed ordinary object pointers [true]
[2016-12-01T16:54:01,252][INFO ][o.e.n.Node               ] [nwthU-R] node name [nwthU-R] derived from node ID; set [node.name] to override
[2016-12-01T16:54:01,257][INFO ][o.e.n.Node               ] [nwthU-R] version[5.0.1], pid[723], build[080bb47/2016-11-11T22:08:49.812Z], OS[Mac OS X/10.12.1/x86_64], JVM[Oracle Corporation/Java HotSpot(TM) 64-Bit Server VM/1.8.0_111/25.111-b14]
[2016-12-01T16:54:02,587][INFO ][o.e.p.PluginsService     ] [nwthU-R] loaded module [aggs-matrix-stats]
[2016-12-01T16:54:02,587][INFO ][o.e.p.PluginsService     ] [nwthU-R] loaded module [ingest-common]
[2016-12-01T16:54:02,588][INFO ][o.e.p.PluginsService     ] [nwthU-R] loaded module [lang-expression]
[2016-12-01T16:54:02,588][INFO ][o.e.p.PluginsService     ] [nwthU-R] loaded module [lang-groovy]
[2016-12-01T16:54:02,588][INFO ][o.e.p.PluginsService     ] [nwthU-R] loaded module [lang-mustache]
[2016-12-01T16:54:02,588][INFO ][o.e.p.PluginsService     ] [nwthU-R] loaded module [lang-painless]
[2016-12-01T16:54:02,588][INFO ][o.e.p.PluginsService     ] [nwthU-R] loaded module [percolator]
[2016-12-01T16:54:02,588][INFO ][o.e.p.PluginsService     ] [nwthU-R] loaded module [reindex]
[2016-12-01T16:54:02,589][INFO ][o.e.p.PluginsService     ] [nwthU-R] loaded module [transport-netty3]
[2016-12-01T16:54:02,589][INFO ][o.e.p.PluginsService     ] [nwthU-R] loaded module [transport-netty4]
[2016-12-01T16:54:02,590][INFO ][o.e.p.PluginsService     ] [nwthU-R] no plugins loaded
[2016-12-01T16:54:05,252][INFO ][o.e.n.Node               ] [nwthU-R] initialized
[2016-12-01T16:54:05,252][INFO ][o.e.n.Node               ] [nwthU-R] starting ...
[2016-12-01T16:54:10,455][INFO ][o.e.t.TransportService   ] [nwthU-R] publish_address {127.0.0.1:9300}, bound_addresses {[fe80::1]:9300}, {[::1]:9300}, {127.0.0.1:9300}
[2016-12-01T16:54:13,515][INFO ][o.e.c.s.ClusterService   ] [nwthU-R] new_master {nwthU-R}{nwthU-RSRJmrdHRK1B-nHg}{RAGlib_PSAif7lNZ5iDxWQ}{127.0.0.1}{127.0.0.1:9300}, reason: zen-disco-elected-as-master ([0] nodes joined)
[2016-12-01T16:54:13,538][INFO ][o.e.h.HttpServer         ] [nwthU-R] publish_address {127.0.0.1:9200}, bound_addresses {[fe80::1]:9200}, {[::1]:9200}, {127.0.0.1:9200}
[2016-12-01T16:54:13,539][INFO ][o.e.n.Node               ] [nwthU-R] started
[2016-12-01T16:54:13,549][INFO ][o.e.g.GatewayService     ] [nwthU-R] recovered [0] indices into cluster_state
[2016-12-01T17:35:26,840][INFO ][o.e.c.m.MetaDataCreateIndexService] [nwthU-R] [reviews] creating index, cause [api], templates [], shards [5]/[1], mappings []
[2016-12-01T17:35:27,095][INFO ][o.e.c.s.IndexScopedSettings] [nwthU-R] updating [index.refresh_interval] from [1s] to [-1]
[2016-12-01T17:35:27,098][INFO ][o.e.c.s.IndexScopedSettings] [nwthU-R] updating [index.refresh_interval] from [1s] to [-1]
[2016-12-01T17:35:27,481][INFO ][o.e.c.m.MetaDataMappingService] [nwthU-R] [reviews/Nd1XCRfhTP6iZiauojTSsQ] create_mapping [sentiments]
[2016-12-01T17:35:27,800][INFO ][o.e.c.s.IndexScopedSettings] [nwthU-R] updating [index.refresh_interval] from [-1] to [1s]
[2016-12-01T17:35:27,803][INFO ][o.e.c.s.IndexScopedSettings] [nwthU-R] updating [index.refresh_interval] from [-1] to [1s]
[2016-12-01T17:35:28,226][INFO ][o.e.c.m.MetaDataCreateIndexService] [nwthU-R] [update_log] creating index, cause [api], templates [], shards [5]/[1], mappings []
[2016-12-01T17:35:28,306][INFO ][o.e.c.m.MetaDataMappingService] [nwthU-R] [update_log/8Hmv-iKFS8OcakJbAgNh8w] create_mapping [entry]
[2016-12-01T17:46:46,541][INFO ][o.e.c.m.MetaDataCreateIndexService] [nwthU-R] [test] creating index, cause [api], templates [], shards [5]/[1], mappings []
[2016-12-01T17:46:46,631][INFO ][o.e.c.s.IndexScopedSettings] [nwthU-R] updating [index.refresh_interval] from [1s] to [-1]
[2016-12-01T17:46:46,632][INFO ][o.e.c.s.IndexScopedSettings] [nwthU-R] updating [index.refresh_interval] from [1s] to [-1]
[2016-12-01T17:46:46,772][INFO ][o.e.c.m.MetaDataMappingService] [nwthU-R] [test/0SUty_PTTY-DSofL4dFs-A] create_mapping [sentiments]
[2016-12-01T17:46:46,890][INFO ][o.e.c.s.IndexScopedSettings] [nwthU-R] updating [index.refresh_interval] from [-1] to [1s]
[2016-12-01T17:46:46,891][INFO ][o.e.c.s.IndexScopedSettings] [nwthU-R] updating [index.refresh_interval] from [-1] to [1s]
[2016-12-01T17:46:46,983][INFO ][o.e.c.m.MetaDataCreateIndexService] [nwthU-R] [update_log] creating index, cause [api], templates [], shards [5]/[1], mappings []
[2016-12-01T17:46:47,039][INFO ][o.e.c.m.MetaDataMappingService] [nwthU-R] [update_log/GGLk4GCESZq-qaxWeNwg5A] create_mapping [entry]
[2016-12-01T17:51:45,473][INFO ][o.e.c.m.MetaDataCreateIndexService] [nwthU-R] [marca] creating index, cause [api], templates [], shards [5]/[1], mappings []
[2016-12-01T17:51:45,551][INFO ][o.e.c.s.IndexScopedSettings] [nwthU-R] updating [index.refresh_interval] from [1s] to [-1]
[2016-12-01T17:51:45,553][INFO ][o.e.c.s.IndexScopedSettings] [nwthU-R] updating [index.refresh_interval] from [1s] to [-1]
[2016-12-01T17:51:45,660][INFO ][o.e.c.m.MetaDataMappingService] [nwthU-R] [marca/RttOrS0GRhCpWiWyVPbI0w] create_mapping [sentiments]
[2016-12-01T17:51:45,801][INFO ][o.e.c.s.IndexScopedSettings] [nwthU-R] updating [index.refresh_interval] from [-1] to [1s]
[2016-12-01T17:51:45,803][INFO ][o.e.c.s.IndexScopedSettings] [nwthU-R] updating [index.refresh_interval] from [-1] to [1s]
[2016-12-01T17:56:44,535][INFO ][o.e.n.Node               ] [nwthU-R] stopping ...
[2016-12-01T17:56:44,570][INFO ][o.e.n.Node               ] [nwthU-R] stopped
[2016-12-01T17:56:44,571][INFO ][o.e.n.Node               ] [nwthU-R] closing ...
[2016-12-01T17:56:44,581][INFO ][o.e.n.Node               ] [nwthU-R] closed
