[2016-11-29T17:24:59,450][INFO ][o.e.n.Node               ] [] initializing ...
[2016-11-29T17:24:59,554][INFO ][o.e.e.NodeEnvironment    ] [nwthU-R] using [1] data paths, mounts [[/ (/dev/disk1)]], net usable_space [41.4gb], net total_space [111.8gb], spins? [unknown], types [hfs]
[2016-11-29T17:24:59,554][INFO ][o.e.e.NodeEnvironment    ] [nwthU-R] heap size [1.9gb], compressed ordinary object pointers [true]
[2016-11-29T17:24:59,570][INFO ][o.e.n.Node               ] [nwthU-R] node name [nwthU-R] derived from node ID; set [node.name] to override
[2016-11-29T17:24:59,574][INFO ][o.e.n.Node               ] [nwthU-R] version[5.0.1], pid[1021], build[080bb47/2016-11-11T22:08:49.812Z], OS[Mac OS X/10.12.1/x86_64], JVM[Oracle Corporation/Java HotSpot(TM) 64-Bit Server VM/1.8.0_111/25.111-b14]
[2016-11-29T17:25:00,944][INFO ][o.e.p.PluginsService     ] [nwthU-R] loaded module [aggs-matrix-stats]
[2016-11-29T17:25:00,944][INFO ][o.e.p.PluginsService     ] [nwthU-R] loaded module [ingest-common]
[2016-11-29T17:25:00,944][INFO ][o.e.p.PluginsService     ] [nwthU-R] loaded module [lang-expression]
[2016-11-29T17:25:00,944][INFO ][o.e.p.PluginsService     ] [nwthU-R] loaded module [lang-groovy]
[2016-11-29T17:25:00,944][INFO ][o.e.p.PluginsService     ] [nwthU-R] loaded module [lang-mustache]
[2016-11-29T17:25:00,944][INFO ][o.e.p.PluginsService     ] [nwthU-R] loaded module [lang-painless]
[2016-11-29T17:25:00,944][INFO ][o.e.p.PluginsService     ] [nwthU-R] loaded module [percolator]
[2016-11-29T17:25:00,944][INFO ][o.e.p.PluginsService     ] [nwthU-R] loaded module [reindex]
[2016-11-29T17:25:00,945][INFO ][o.e.p.PluginsService     ] [nwthU-R] loaded module [transport-netty3]
[2016-11-29T17:25:00,945][INFO ][o.e.p.PluginsService     ] [nwthU-R] loaded module [transport-netty4]
[2016-11-29T17:25:00,945][INFO ][o.e.p.PluginsService     ] [nwthU-R] no plugins loaded
[2016-11-29T17:25:04,445][INFO ][o.e.n.Node               ] [nwthU-R] initialized
[2016-11-29T17:25:04,445][INFO ][o.e.n.Node               ] [nwthU-R] starting ...
[2016-11-29T17:25:09,716][INFO ][o.e.t.TransportService   ] [nwthU-R] publish_address {127.0.0.1:9300}, bound_addresses {[fe80::1]:9300}, {[::1]:9300}, {127.0.0.1:9300}
[2016-11-29T17:25:12,259][INFO ][o.e.n.Node               ] [nwthU-R] stopping ...
[2016-11-29T17:25:12,280][INFO ][o.e.n.Node               ] [nwthU-R] stopped
[2016-11-29T17:25:12,280][INFO ][o.e.n.Node               ] [nwthU-R] closing ...
[2016-11-29T17:25:12,281][INFO ][o.e.h.HttpServer         ] [nwthU-R] publish_address {127.0.0.1:9200}, bound_addresses {[fe80::1]:9200}, {[::1]:9200}, {127.0.0.1:9200}
[2016-11-29T17:25:12,281][INFO ][o.e.n.Node               ] [nwthU-R] started
[2016-11-29T17:25:12,294][INFO ][o.e.n.Node               ] [nwthU-R] closed
[2016-11-29T17:25:31,241][INFO ][o.e.n.Node               ] [] initializing ...
[2016-11-29T17:25:31,320][INFO ][o.e.e.NodeEnvironment    ] [nwthU-R] using [1] data paths, mounts [[/ (/dev/disk1)]], net usable_space [41.4gb], net total_space [111.8gb], spins? [unknown], types [hfs]
[2016-11-29T17:25:31,321][INFO ][o.e.e.NodeEnvironment    ] [nwthU-R] heap size [1.9gb], compressed ordinary object pointers [true]
[2016-11-29T17:25:31,322][INFO ][o.e.n.Node               ] [nwthU-R] node name [nwthU-R] derived from node ID; set [node.name] to override
[2016-11-29T17:25:31,324][INFO ][o.e.n.Node               ] [nwthU-R] version[5.0.1], pid[1043], build[080bb47/2016-11-11T22:08:49.812Z], OS[Mac OS X/10.12.1/x86_64], JVM[Oracle Corporation/Java HotSpot(TM) 64-Bit Server VM/1.8.0_111/25.111-b14]
[2016-11-29T17:25:32,541][INFO ][o.e.p.PluginsService     ] [nwthU-R] loaded module [aggs-matrix-stats]
[2016-11-29T17:25:32,541][INFO ][o.e.p.PluginsService     ] [nwthU-R] loaded module [ingest-common]
[2016-11-29T17:25:32,542][INFO ][o.e.p.PluginsService     ] [nwthU-R] loaded module [lang-expression]
[2016-11-29T17:25:32,542][INFO ][o.e.p.PluginsService     ] [nwthU-R] loaded module [lang-groovy]
[2016-11-29T17:25:32,542][INFO ][o.e.p.PluginsService     ] [nwthU-R] loaded module [lang-mustache]
[2016-11-29T17:25:32,542][INFO ][o.e.p.PluginsService     ] [nwthU-R] loaded module [lang-painless]
[2016-11-29T17:25:32,542][INFO ][o.e.p.PluginsService     ] [nwthU-R] loaded module [percolator]
[2016-11-29T17:25:32,543][INFO ][o.e.p.PluginsService     ] [nwthU-R] loaded module [reindex]
[2016-11-29T17:25:32,543][INFO ][o.e.p.PluginsService     ] [nwthU-R] loaded module [transport-netty3]
[2016-11-29T17:25:32,544][INFO ][o.e.p.PluginsService     ] [nwthU-R] loaded module [transport-netty4]
[2016-11-29T17:25:32,545][INFO ][o.e.p.PluginsService     ] [nwthU-R] no plugins loaded
[2016-11-29T17:25:35,200][INFO ][o.e.n.Node               ] [nwthU-R] initialized
[2016-11-29T17:25:35,201][INFO ][o.e.n.Node               ] [nwthU-R] starting ...
[2016-11-29T17:25:40,487][INFO ][o.e.t.TransportService   ] [nwthU-R] publish_address {127.0.0.1:9300}, bound_addresses {[fe80::1]:9300}, {[::1]:9300}, {127.0.0.1:9300}
[2016-11-29T17:25:43,551][INFO ][o.e.c.s.ClusterService   ] [nwthU-R] new_master {nwthU-R}{nwthU-RSRJmrdHRK1B-nHg}{0-WLEtqQT3WckpEbrCuaMw}{127.0.0.1}{127.0.0.1:9300}, reason: zen-disco-elected-as-master ([0] nodes joined)
[2016-11-29T17:25:43,580][INFO ][o.e.h.HttpServer         ] [nwthU-R] publish_address {127.0.0.1:9200}, bound_addresses {[fe80::1]:9200}, {[::1]:9200}, {127.0.0.1:9200}
[2016-11-29T17:25:43,580][INFO ][o.e.n.Node               ] [nwthU-R] started
[2016-11-29T17:25:43,588][INFO ][o.e.g.GatewayService     ] [nwthU-R] recovered [0] indices into cluster_state
[2016-11-29T17:26:38,707][INFO ][o.e.c.m.MetaDataCreateIndexService] [nwthU-R] [marca] creating index, cause [api], templates [], shards [5]/[1], mappings []
[2016-11-29T17:26:38,943][INFO ][o.e.c.s.IndexScopedSettings] [nwthU-R] updating [index.refresh_interval] from [1s] to [-1]
[2016-11-29T17:26:38,946][INFO ][o.e.c.s.IndexScopedSettings] [nwthU-R] updating [index.refresh_interval] from [1s] to [-1]
[2016-11-29T17:51:03,470][INFO ][o.e.n.Node               ] [nwthU-R] stopping ...
[2016-11-29T17:51:03,496][INFO ][o.e.n.Node               ] [nwthU-R] stopped
[2016-11-29T17:51:03,496][INFO ][o.e.n.Node               ] [nwthU-R] closing ...
[2016-11-29T17:51:03,505][INFO ][o.e.n.Node               ] [nwthU-R] closed
[2016-11-29T17:52:27,884][INFO ][o.e.n.Node               ] [] initializing ...
[2016-11-29T17:52:27,990][INFO ][o.e.e.NodeEnvironment    ] [nwthU-R] using [1] data paths, mounts [[/ (/dev/disk1)]], net usable_space [41.2gb], net total_space [111.8gb], spins? [unknown], types [hfs]
[2016-11-29T17:52:27,990][INFO ][o.e.e.NodeEnvironment    ] [nwthU-R] heap size [1.9gb], compressed ordinary object pointers [true]
[2016-11-29T17:52:28,008][INFO ][o.e.n.Node               ] [nwthU-R] node name [nwthU-R] derived from node ID; set [node.name] to override
[2016-11-29T17:52:28,012][INFO ][o.e.n.Node               ] [nwthU-R] version[5.0.1], pid[1254], build[080bb47/2016-11-11T22:08:49.812Z], OS[Mac OS X/10.12.1/x86_64], JVM[Oracle Corporation/Java HotSpot(TM) 64-Bit Server VM/1.8.0_111/25.111-b14]
[2016-11-29T17:52:29,303][INFO ][o.e.p.PluginsService     ] [nwthU-R] loaded module [aggs-matrix-stats]
[2016-11-29T17:52:29,304][INFO ][o.e.p.PluginsService     ] [nwthU-R] loaded module [ingest-common]
[2016-11-29T17:52:29,304][INFO ][o.e.p.PluginsService     ] [nwthU-R] loaded module [lang-expression]
[2016-11-29T17:52:29,304][INFO ][o.e.p.PluginsService     ] [nwthU-R] loaded module [lang-groovy]
[2016-11-29T17:52:29,304][INFO ][o.e.p.PluginsService     ] [nwthU-R] loaded module [lang-mustache]
[2016-11-29T17:52:29,304][INFO ][o.e.p.PluginsService     ] [nwthU-R] loaded module [lang-painless]
[2016-11-29T17:52:29,304][INFO ][o.e.p.PluginsService     ] [nwthU-R] loaded module [percolator]
[2016-11-29T17:52:29,304][INFO ][o.e.p.PluginsService     ] [nwthU-R] loaded module [reindex]
[2016-11-29T17:52:29,306][INFO ][o.e.p.PluginsService     ] [nwthU-R] loaded module [transport-netty3]
[2016-11-29T17:52:29,306][INFO ][o.e.p.PluginsService     ] [nwthU-R] loaded module [transport-netty4]
[2016-11-29T17:52:29,307][INFO ][o.e.p.PluginsService     ] [nwthU-R] no plugins loaded
[2016-11-29T17:52:32,118][INFO ][o.e.n.Node               ] [nwthU-R] initialized
[2016-11-29T17:52:32,118][INFO ][o.e.n.Node               ] [nwthU-R] starting ...
[2016-11-29T17:52:37,331][INFO ][o.e.t.TransportService   ] [nwthU-R] publish_address {127.0.0.1:9300}, bound_addresses {[fe80::1]:9300}, {[::1]:9300}, {127.0.0.1:9300}
[2016-11-29T17:52:40,419][INFO ][o.e.c.s.ClusterService   ] [nwthU-R] new_master {nwthU-R}{nwthU-RSRJmrdHRK1B-nHg}{7hRJOw-9QZuL-v3-30Kpew}{127.0.0.1}{127.0.0.1:9300}, reason: zen-disco-elected-as-master ([0] nodes joined)
[2016-11-29T17:52:40,443][INFO ][o.e.h.HttpServer         ] [nwthU-R] publish_address {127.0.0.1:9200}, bound_addresses {[fe80::1]:9200}, {[::1]:9200}, {127.0.0.1:9200}
[2016-11-29T17:52:40,443][INFO ][o.e.n.Node               ] [nwthU-R] started
[2016-11-29T17:52:40,541][INFO ][o.e.g.GatewayService     ] [nwthU-R] recovered [1] indices into cluster_state
[2016-11-29T17:52:40,733][INFO ][o.e.c.r.a.AllocationService] [nwthU-R] Cluster health status changed from [RED] to [YELLOW] (reason: [shards started [[marca][1]] ...]).
[2016-11-29T17:55:56,926][INFO ][o.e.c.m.MetaDataCreateIndexService] [nwthU-R] [marca] creating index, cause [api], templates [], shards [5]/[1], mappings []
[2016-11-29T17:55:57,012][INFO ][o.e.c.s.IndexScopedSettings] [nwthU-R] updating [index.refresh_interval] from [1s] to [-1]
[2016-11-29T17:55:57,015][INFO ][o.e.c.s.IndexScopedSettings] [nwthU-R] updating [index.refresh_interval] from [1s] to [-1]
[2016-11-29T18:00:30,031][INFO ][o.e.c.m.MetaDataCreateIndexService] [nwthU-R] [marca] creating index, cause [api], templates [], shards [5]/[1], mappings []
[2016-11-29T18:00:30,121][INFO ][o.e.c.s.IndexScopedSettings] [nwthU-R] updating [index.refresh_interval] from [1s] to [-1]
[2016-11-29T18:00:30,124][INFO ][o.e.c.s.IndexScopedSettings] [nwthU-R] updating [index.refresh_interval] from [1s] to [-1]
[2016-11-29T18:00:52,938][WARN ][r.suppressed             ] path: /_settings, params: {}
org.elasticsearch.common.settings.SettingsException: Failed to load settings from [{"index.routing.allocation.disable_allocation": false}v]
	at org.elasticsearch.common.settings.Settings$Builder.loadFromSource(Settings.java:916) ~[elasticsearch-5.0.1.jar:5.0.1]
	at org.elasticsearch.rest.action.admin.indices.RestUpdateSettingsAction.prepareRequest(RestUpdateSettingsAction.java:73) ~[elasticsearch-5.0.1.jar:5.0.1]
	at org.elasticsearch.rest.BaseRestHandler.handleRequest(BaseRestHandler.java:66) ~[elasticsearch-5.0.1.jar:5.0.1]
	at org.elasticsearch.rest.RestController.executeHandler(RestController.java:243) ~[elasticsearch-5.0.1.jar:5.0.1]
	at org.elasticsearch.rest.RestController.dispatchRequest(RestController.java:200) [elasticsearch-5.0.1.jar:5.0.1]
	at org.elasticsearch.http.HttpServer.dispatchRequest(HttpServer.java:116) [elasticsearch-5.0.1.jar:5.0.1]
	at org.elasticsearch.http.netty4.Netty4HttpServerTransport.dispatchRequest(Netty4HttpServerTransport.java:509) [transport-netty4-5.0.1.jar:5.0.1]
	at org.elasticsearch.http.netty4.Netty4HttpRequestHandler.channelRead0(Netty4HttpRequestHandler.java:68) [transport-netty4-5.0.1.jar:5.0.1]
	at io.netty.channel.SimpleChannelInboundHandler.channelRead(SimpleChannelInboundHandler.java:105) [netty-transport-4.1.5.Final.jar:4.1.5.Final]
	at io.netty.channel.AbstractChannelHandlerContext.invokeChannelRead(AbstractChannelHandlerContext.java:372) [netty-transport-4.1.5.Final.jar:4.1.5.Final]
	at io.netty.channel.AbstractChannelHandlerContext.invokeChannelRead(AbstractChannelHandlerContext.java:358) [netty-transport-4.1.5.Final.jar:4.1.5.Final]
	at io.netty.channel.AbstractChannelHandlerContext.fireChannelRead(AbstractChannelHandlerContext.java:350) [netty-transport-4.1.5.Final.jar:4.1.5.Final]
	at org.elasticsearch.http.netty4.pipelining.HttpPipeliningHandler.channelRead(HttpPipeliningHandler.java:66) [transport-netty4-5.0.1.jar:5.0.1]
	at io.netty.channel.AbstractChannelHandlerContext.invokeChannelRead(AbstractChannelHandlerContext.java:372) [netty-transport-4.1.5.Final.jar:4.1.5.Final]
	at io.netty.channel.AbstractChannelHandlerContext.invokeChannelRead(AbstractChannelHandlerContext.java:358) [netty-transport-4.1.5.Final.jar:4.1.5.Final]
	at io.netty.channel.AbstractChannelHandlerContext.fireChannelRead(AbstractChannelHandlerContext.java:350) [netty-transport-4.1.5.Final.jar:4.1.5.Final]
	at org.elasticsearch.http.netty4.cors.Netty4CorsHandler.channelRead(Netty4CorsHandler.java:76) [transport-netty4-5.0.1.jar:5.0.1]
	at io.netty.channel.AbstractChannelHandlerContext.invokeChannelRead(AbstractChannelHandlerContext.java:372) [netty-transport-4.1.5.Final.jar:4.1.5.Final]
	at io.netty.channel.AbstractChannelHandlerContext.invokeChannelRead(AbstractChannelHandlerContext.java:358) [netty-transport-4.1.5.Final.jar:4.1.5.Final]
	at io.netty.channel.AbstractChannelHandlerContext.fireChannelRead(AbstractChannelHandlerContext.java:350) [netty-transport-4.1.5.Final.jar:4.1.5.Final]
	at io.netty.handler.codec.MessageToMessageDecoder.channelRead(MessageToMessageDecoder.java:102) [netty-codec-4.1.5.Final.jar:4.1.5.Final]
	at io.netty.handler.codec.MessageToMessageCodec.channelRead(MessageToMessageCodec.java:111) [netty-codec-4.1.5.Final.jar:4.1.5.Final]
	at io.netty.channel.AbstractChannelHandlerContext.invokeChannelRead(AbstractChannelHandlerContext.java:372) [netty-transport-4.1.5.Final.jar:4.1.5.Final]
	at io.netty.channel.AbstractChannelHandlerContext.invokeChannelRead(AbstractChannelHandlerContext.java:358) [netty-transport-4.1.5.Final.jar:4.1.5.Final]
	at io.netty.channel.AbstractChannelHandlerContext.fireChannelRead(AbstractChannelHandlerContext.java:350) [netty-transport-4.1.5.Final.jar:4.1.5.Final]
	at io.netty.handler.codec.MessageToMessageDecoder.channelRead(MessageToMessageDecoder.java:102) [netty-codec-4.1.5.Final.jar:4.1.5.Final]
	at io.netty.channel.AbstractChannelHandlerContext.invokeChannelRead(AbstractChannelHandlerContext.java:372) [netty-transport-4.1.5.Final.jar:4.1.5.Final]
	at io.netty.channel.AbstractChannelHandlerContext.invokeChannelRead(AbstractChannelHandlerContext.java:358) [netty-transport-4.1.5.Final.jar:4.1.5.Final]
	at io.netty.channel.AbstractChannelHandlerContext.fireChannelRead(AbstractChannelHandlerContext.java:350) [netty-transport-4.1.5.Final.jar:4.1.5.Final]
	at io.netty.handler.codec.MessageToMessageDecoder.channelRead(MessageToMessageDecoder.java:102) [netty-codec-4.1.5.Final.jar:4.1.5.Final]
	at io.netty.channel.AbstractChannelHandlerContext.invokeChannelRead(AbstractChannelHandlerContext.java:372) [netty-transport-4.1.5.Final.jar:4.1.5.Final]
	at io.netty.channel.AbstractChannelHandlerContext.invokeChannelRead(AbstractChannelHandlerContext.java:358) [netty-transport-4.1.5.Final.jar:4.1.5.Final]
	at io.netty.channel.AbstractChannelHandlerContext.fireChannelRead(AbstractChannelHandlerContext.java:350) [netty-transport-4.1.5.Final.jar:4.1.5.Final]
	at io.netty.handler.codec.ByteToMessageDecoder.fireChannelRead(ByteToMessageDecoder.java:293) [netty-codec-4.1.5.Final.jar:4.1.5.Final]
	at io.netty.handler.codec.ByteToMessageDecoder.channelRead(ByteToMessageDecoder.java:267) [netty-codec-4.1.5.Final.jar:4.1.5.Final]
	at io.netty.channel.AbstractChannelHandlerContext.invokeChannelRead(AbstractChannelHandlerContext.java:372) [netty-transport-4.1.5.Final.jar:4.1.5.Final]
	at io.netty.channel.AbstractChannelHandlerContext.invokeChannelRead(AbstractChannelHandlerContext.java:358) [netty-transport-4.1.5.Final.jar:4.1.5.Final]
	at io.netty.channel.AbstractChannelHandlerContext.fireChannelRead(AbstractChannelHandlerContext.java:350) [netty-transport-4.1.5.Final.jar:4.1.5.Final]
	at io.netty.channel.ChannelInboundHandlerAdapter.channelRead(ChannelInboundHandlerAdapter.java:86) [netty-transport-4.1.5.Final.jar:4.1.5.Final]
	at io.netty.channel.AbstractChannelHandlerContext.invokeChannelRead(AbstractChannelHandlerContext.java:372) [netty-transport-4.1.5.Final.jar:4.1.5.Final]
	at io.netty.channel.AbstractChannelHandlerContext.invokeChannelRead(AbstractChannelHandlerContext.java:358) [netty-transport-4.1.5.Final.jar:4.1.5.Final]
	at io.netty.channel.AbstractChannelHandlerContext.fireChannelRead(AbstractChannelHandlerContext.java:350) [netty-transport-4.1.5.Final.jar:4.1.5.Final]
	at io.netty.channel.DefaultChannelPipeline$HeadContext.channelRead(DefaultChannelPipeline.java:1334) [netty-transport-4.1.5.Final.jar:4.1.5.Final]
	at io.netty.channel.AbstractChannelHandlerContext.invokeChannelRead(AbstractChannelHandlerContext.java:372) [netty-transport-4.1.5.Final.jar:4.1.5.Final]
	at io.netty.channel.AbstractChannelHandlerContext.invokeChannelRead(AbstractChannelHandlerContext.java:358) [netty-transport-4.1.5.Final.jar:4.1.5.Final]
	at io.netty.channel.DefaultChannelPipeline.fireChannelRead(DefaultChannelPipeline.java:926) [netty-transport-4.1.5.Final.jar:4.1.5.Final]
	at io.netty.channel.nio.AbstractNioByteChannel$NioByteUnsafe.read(AbstractNioByteChannel.java:129) [netty-transport-4.1.5.Final.jar:4.1.5.Final]
	at io.netty.channel.nio.NioEventLoop.processSelectedKey(NioEventLoop.java:610) [netty-transport-4.1.5.Final.jar:4.1.5.Final]
	at io.netty.channel.nio.NioEventLoop.processSelectedKeysPlain(NioEventLoop.java:513) [netty-transport-4.1.5.Final.jar:4.1.5.Final]
	at io.netty.channel.nio.NioEventLoop.processSelectedKeys(NioEventLoop.java:467) [netty-transport-4.1.5.Final.jar:4.1.5.Final]
	at io.netty.channel.nio.NioEventLoop.run(NioEventLoop.java:437) [netty-transport-4.1.5.Final.jar:4.1.5.Final]
	at io.netty.util.concurrent.SingleThreadEventExecutor$5.run(SingleThreadEventExecutor.java:873) [netty-common-4.1.5.Final.jar:4.1.5.Final]
	at java.lang.Thread.run(Thread.java:745) [?:1.8.0_111]
Caused by: org.elasticsearch.ElasticsearchParseException: malformed, expected end of settings but encountered additional content starting at line number: [1], column number: [55]
	at org.elasticsearch.common.settings.loader.XContentSettingsLoader.load(XContentSettingsLoader.java:82) ~[elasticsearch-5.0.1.jar:5.0.1]
	at org.elasticsearch.common.settings.loader.XContentSettingsLoader.load(XContentSettingsLoader.java:50) ~[elasticsearch-5.0.1.jar:5.0.1]
	at org.elasticsearch.common.settings.Settings$Builder.loadFromSource(Settings.java:913) ~[elasticsearch-5.0.1.jar:5.0.1]
	... 52 more
Caused by: com.fasterxml.jackson.core.JsonParseException: Unrecognized token 'v': was expecting ('true', 'false' or 'null')
 at [Source: {"index.routing.allocation.disable_allocation": false}v; line: 1, column: 111]
	at com.fasterxml.jackson.core.JsonParser._constructError(JsonParser.java:1702) ~[jackson-core-2.8.1.jar:2.8.1]
	at com.fasterxml.jackson.core.base.ParserMinimalBase._reportError(ParserMinimalBase.java:558) ~[jackson-core-2.8.1.jar:2.8.1]
	at com.fasterxml.jackson.core.json.ReaderBasedJsonParser._reportInvalidToken(ReaderBasedJsonParser.java:2836) ~[jackson-core-2.8.1.jar:2.8.1]
	at com.fasterxml.jackson.core.json.ReaderBasedJsonParser._handleOddValue(ReaderBasedJsonParser.java:1899) ~[jackson-core-2.8.1.jar:2.8.1]
	at com.fasterxml.jackson.core.json.ReaderBasedJsonParser.nextToken(ReaderBasedJsonParser.java:749) ~[jackson-core-2.8.1.jar:2.8.1]
	at org.elasticsearch.common.xcontent.json.JsonXContentParser.nextToken(JsonXContentParser.java:52) ~[elasticsearch-5.0.1.jar:5.0.1]
	at org.elasticsearch.common.settings.loader.XContentSettingsLoader.load(XContentSettingsLoader.java:77) ~[elasticsearch-5.0.1.jar:5.0.1]
	at org.elasticsearch.common.settings.loader.XContentSettingsLoader.load(XContentSettingsLoader.java:50) ~[elasticsearch-5.0.1.jar:5.0.1]
	at org.elasticsearch.common.settings.Settings$Builder.loadFromSource(Settings.java:913) ~[elasticsearch-5.0.1.jar:5.0.1]
	... 52 more
[2016-11-29T18:05:32,328][INFO ][o.e.c.m.MetaDataUpdateSettingsService] [nwthU-R] updating number_of_replicas to [3] for indices [marca]
[2016-11-29T18:05:46,685][INFO ][o.e.c.m.MetaDataUpdateSettingsService] [nwthU-R] updating number_of_replicas to [0] for indices [marca]
[2016-11-29T18:06:38,068][INFO ][o.e.c.m.MetaDataCreateIndexService] [nwthU-R] [marca] creating index, cause [api], templates [], shards [5]/[1], mappings []
[2016-11-29T18:06:38,156][INFO ][o.e.c.s.IndexScopedSettings] [nwthU-R] updating [index.refresh_interval] from [1s] to [-1]
[2016-11-29T18:06:38,158][INFO ][o.e.c.s.IndexScopedSettings] [nwthU-R] updating [index.refresh_interval] from [1s] to [-1]
[2016-11-29T18:47:29,406][INFO ][o.e.c.m.MetaDataCreateIndexService] [nwthU-R] [marca] creating index, cause [api], templates [], shards [5]/[1], mappings []
[2016-11-29T18:47:29,468][INFO ][o.e.c.s.IndexScopedSettings] [nwthU-R] updating [index.refresh_interval] from [1s] to [-1]
[2016-11-29T18:47:29,470][INFO ][o.e.c.s.IndexScopedSettings] [nwthU-R] updating [index.refresh_interval] from [1s] to [-1]
[2016-11-29T20:32:28,676][INFO ][o.e.n.Node               ] [nwthU-R] stopping ...
[2016-11-29T20:32:28,728][INFO ][o.e.n.Node               ] [nwthU-R] stopped
[2016-11-29T20:32:28,728][INFO ][o.e.n.Node               ] [nwthU-R] closing ...
[2016-11-29T20:32:28,741][INFO ][o.e.n.Node               ] [nwthU-R] closed
