[2016-12-14T17:15:53,404][INFO ][o.e.n.Node               ] [] initializing ...
[2016-12-14T17:15:53,518][INFO ][o.e.e.NodeEnvironment    ] [nwthU-R] using [1] data paths, mounts [[/ (/dev/disk1)]], net usable_space [37.6gb], net total_space [111.8gb], spins? [unknown], types [hfs]
[2016-12-14T17:15:53,518][INFO ][o.e.e.NodeEnvironment    ] [nwthU-R] heap size [1.9gb], compressed ordinary object pointers [true]
[2016-12-14T17:15:53,542][INFO ][o.e.n.Node               ] [nwthU-R] node name [nwthU-R] derived from node ID; set [node.name] to override
[2016-12-14T17:15:53,546][INFO ][o.e.n.Node               ] [nwthU-R] version[5.0.1], pid[1200], build[080bb47/2016-11-11T22:08:49.812Z], OS[Mac OS X/10.12.1/x86_64], JVM[Oracle Corporation/Java HotSpot(TM) 64-Bit Server VM/1.8.0_111/25.111-b14]
[2016-12-14T17:15:54,937][INFO ][o.e.p.PluginsService     ] [nwthU-R] loaded module [aggs-matrix-stats]
[2016-12-14T17:15:54,937][INFO ][o.e.p.PluginsService     ] [nwthU-R] loaded module [ingest-common]
[2016-12-14T17:15:54,937][INFO ][o.e.p.PluginsService     ] [nwthU-R] loaded module [lang-expression]
[2016-12-14T17:15:54,938][INFO ][o.e.p.PluginsService     ] [nwthU-R] loaded module [lang-groovy]
[2016-12-14T17:15:54,938][INFO ][o.e.p.PluginsService     ] [nwthU-R] loaded module [lang-mustache]
[2016-12-14T17:15:54,938][INFO ][o.e.p.PluginsService     ] [nwthU-R] loaded module [lang-painless]
[2016-12-14T17:15:54,938][INFO ][o.e.p.PluginsService     ] [nwthU-R] loaded module [percolator]
[2016-12-14T17:15:54,938][INFO ][o.e.p.PluginsService     ] [nwthU-R] loaded module [reindex]
[2016-12-14T17:15:54,938][INFO ][o.e.p.PluginsService     ] [nwthU-R] loaded module [transport-netty3]
[2016-12-14T17:15:54,938][INFO ][o.e.p.PluginsService     ] [nwthU-R] loaded module [transport-netty4]
[2016-12-14T17:15:54,939][INFO ][o.e.p.PluginsService     ] [nwthU-R] no plugins loaded
[2016-12-14T17:15:58,590][INFO ][o.e.n.Node               ] [nwthU-R] initialized
[2016-12-14T17:15:58,590][INFO ][o.e.n.Node               ] [nwthU-R] starting ...
[2016-12-14T17:16:03,816][INFO ][o.e.t.TransportService   ] [nwthU-R] publish_address {127.0.0.1:9300}, bound_addresses {[fe80::1]:9300}, {[::1]:9300}, {127.0.0.1:9300}
[2016-12-14T17:16:06,880][INFO ][o.e.c.s.ClusterService   ] [nwthU-R] new_master {nwthU-R}{nwthU-RSRJmrdHRK1B-nHg}{RLswYX-CRCySLUwlQgIP2A}{127.0.0.1}{127.0.0.1:9300}, reason: zen-disco-elected-as-master ([0] nodes joined)
[2016-12-14T17:16:06,911][INFO ][o.e.h.HttpServer         ] [nwthU-R] publish_address {127.0.0.1:9200}, bound_addresses {[fe80::1]:9200}, {[::1]:9200}, {127.0.0.1:9200}
[2016-12-14T17:16:06,911][INFO ][o.e.n.Node               ] [nwthU-R] started
[2016-12-14T17:16:07,127][INFO ][o.e.g.GatewayService     ] [nwthU-R] recovered [2] indices into cluster_state
[2016-12-14T17:16:07,416][INFO ][o.e.c.r.a.AllocationService] [nwthU-R] Cluster health status changed from [RED] to [YELLOW] (reason: [shards started [[marca][3]] ...]).
[2016-12-14T17:34:17,375][INFO ][o.e.c.m.MetaDataCreateIndexService] [nwthU-R] [as-atm-s] creating index, cause [api], templates [], shards [5]/[1], mappings []
[2016-12-14T17:34:17,452][INFO ][o.e.c.s.IndexScopedSettings] [nwthU-R] updating [index.refresh_interval] from [1s] to [-1]
[2016-12-14T17:34:17,454][INFO ][o.e.c.s.IndexScopedSettings] [nwthU-R] updating [index.refresh_interval] from [1s] to [-1]
[2016-12-14T17:34:17,550][INFO ][o.e.c.m.MetaDataMappingService] [nwthU-R] [as-atm-s/r6crOIubRBGYEUxNFWU0fA] create_mapping [sentiments]
[2016-12-14T17:34:17,558][INFO ][o.e.c.m.MetaDataMappingService] [nwthU-R] [as-atm-s/r6crOIubRBGYEUxNFWU0fA] update_mapping [sentiments]
[2016-12-14T17:34:17,745][INFO ][o.e.c.s.IndexScopedSettings] [nwthU-R] updating [index.refresh_interval] from [-1] to [1s]
[2016-12-14T17:34:17,747][INFO ][o.e.c.s.IndexScopedSettings] [nwthU-R] updating [index.refresh_interval] from [-1] to [1s]
[2016-12-14T17:46:26,728][INFO ][o.e.c.m.MetaDataCreateIndexService] [nwthU-R] [marca-atm-s] creating index, cause [api], templates [], shards [5]/[1], mappings []
[2016-12-14T17:46:26,792][INFO ][o.e.c.s.IndexScopedSettings] [nwthU-R] updating [index.refresh_interval] from [1s] to [-1]
[2016-12-14T17:46:26,794][INFO ][o.e.c.s.IndexScopedSettings] [nwthU-R] updating [index.refresh_interval] from [1s] to [-1]
[2016-12-14T17:46:26,856][INFO ][o.e.c.m.MetaDataMappingService] [nwthU-R] [marca-atm-s/BBVFscmrSLWt8gl_c-kbNw] create_mapping [sentiments]
[2016-12-14T17:46:27,034][INFO ][o.e.c.s.IndexScopedSettings] [nwthU-R] updating [index.refresh_interval] from [-1] to [1s]
[2016-12-14T17:46:27,035][INFO ][o.e.c.s.IndexScopedSettings] [nwthU-R] updating [index.refresh_interval] from [-1] to [1s]
[2016-12-14T17:48:22,278][INFO ][o.e.n.Node               ] [nwthU-R] stopping ...
[2016-12-14T17:48:22,329][INFO ][o.e.n.Node               ] [nwthU-R] stopped
[2016-12-14T17:48:22,330][INFO ][o.e.n.Node               ] [nwthU-R] closing ...
[2016-12-14T17:48:22,338][INFO ][o.e.n.Node               ] [nwthU-R] closed
[2016-12-14T17:48:43,251][INFO ][o.e.n.Node               ] [] initializing ...
[2016-12-14T17:48:43,321][INFO ][o.e.e.NodeEnvironment    ] [nwthU-R] using [1] data paths, mounts [[/ (/dev/disk1)]], net usable_space [37.6gb], net total_space [111.8gb], spins? [unknown], types [hfs]
[2016-12-14T17:48:43,322][INFO ][o.e.e.NodeEnvironment    ] [nwthU-R] heap size [1.9gb], compressed ordinary object pointers [true]
[2016-12-14T17:48:43,351][INFO ][o.e.n.Node               ] [nwthU-R] node name [nwthU-R] derived from node ID; set [node.name] to override
[2016-12-14T17:48:43,353][INFO ][o.e.n.Node               ] [nwthU-R] version[5.0.1], pid[1514], build[080bb47/2016-11-11T22:08:49.812Z], OS[Mac OS X/10.12.1/x86_64], JVM[Oracle Corporation/Java HotSpot(TM) 64-Bit Server VM/1.8.0_111/25.111-b14]
[2016-12-14T17:48:44,404][INFO ][o.e.p.PluginsService     ] [nwthU-R] loaded module [aggs-matrix-stats]
[2016-12-14T17:48:44,405][INFO ][o.e.p.PluginsService     ] [nwthU-R] loaded module [ingest-common]
[2016-12-14T17:48:44,405][INFO ][o.e.p.PluginsService     ] [nwthU-R] loaded module [lang-expression]
[2016-12-14T17:48:44,405][INFO ][o.e.p.PluginsService     ] [nwthU-R] loaded module [lang-groovy]
[2016-12-14T17:48:44,405][INFO ][o.e.p.PluginsService     ] [nwthU-R] loaded module [lang-mustache]
[2016-12-14T17:48:44,405][INFO ][o.e.p.PluginsService     ] [nwthU-R] loaded module [lang-painless]
[2016-12-14T17:48:44,405][INFO ][o.e.p.PluginsService     ] [nwthU-R] loaded module [percolator]
[2016-12-14T17:48:44,405][INFO ][o.e.p.PluginsService     ] [nwthU-R] loaded module [reindex]
[2016-12-14T17:48:44,406][INFO ][o.e.p.PluginsService     ] [nwthU-R] loaded module [transport-netty3]
[2016-12-14T17:48:44,406][INFO ][o.e.p.PluginsService     ] [nwthU-R] loaded module [transport-netty4]
[2016-12-14T17:48:44,406][INFO ][o.e.p.PluginsService     ] [nwthU-R] no plugins loaded
[2016-12-14T17:48:48,327][INFO ][o.e.n.Node               ] [nwthU-R] initialized
[2016-12-14T17:48:48,327][INFO ][o.e.n.Node               ] [nwthU-R] starting ...
[2016-12-14T17:48:53,591][INFO ][o.e.t.TransportService   ] [nwthU-R] publish_address {127.0.0.1:9300}, bound_addresses {[fe80::1]:9300}, {[::1]:9300}, {127.0.0.1:9300}
[2016-12-14T17:48:56,657][INFO ][o.e.c.s.ClusterService   ] [nwthU-R] new_master {nwthU-R}{nwthU-RSRJmrdHRK1B-nHg}{gdwYOR13TWeGZxoQoukXfw}{127.0.0.1}{127.0.0.1:9300}, reason: zen-disco-elected-as-master ([0] nodes joined)
[2016-12-14T17:48:56,694][INFO ][o.e.h.HttpServer         ] [nwthU-R] publish_address {127.0.0.1:9200}, bound_addresses {[fe80::1]:9200}, {[::1]:9200}, {127.0.0.1:9200}
[2016-12-14T17:48:56,706][INFO ][o.e.n.Node               ] [nwthU-R] started
[2016-12-14T17:48:57,132][INFO ][o.e.g.GatewayService     ] [nwthU-R] recovered [3] indices into cluster_state
[2016-12-14T17:48:57,768][INFO ][o.e.c.r.a.AllocationService] [nwthU-R] Cluster health status changed from [RED] to [YELLOW] (reason: [shards started [[marca][2], [marca][0]] ...]).
[2016-12-14T17:50:19,479][INFO ][o.e.c.m.MetaDataCreateIndexService] [nwthU-R] [as-bar-s] creating index, cause [api], templates [], shards [5]/[1], mappings []
[2016-12-14T17:50:19,582][INFO ][o.e.c.s.IndexScopedSettings] [nwthU-R] updating [index.refresh_interval] from [1s] to [-1]
[2016-12-14T17:50:19,584][INFO ][o.e.c.s.IndexScopedSettings] [nwthU-R] updating [index.refresh_interval] from [1s] to [-1]
[2016-12-14T17:50:19,684][INFO ][o.e.c.m.MetaDataMappingService] [nwthU-R] [as-bar-s/AHvNA46uQyWQS84qNCZ1_g] create_mapping [sentiments]
[2016-12-14T17:50:20,070][INFO ][o.e.c.s.IndexScopedSettings] [nwthU-R] updating [index.refresh_interval] from [-1] to [1s]
[2016-12-14T17:50:20,071][INFO ][o.e.c.s.IndexScopedSettings] [nwthU-R] updating [index.refresh_interval] from [-1] to [1s]
[2016-12-14T17:56:27,141][INFO ][o.e.c.m.MetaDataCreateIndexService] [nwthU-R] [marca-bar-s] creating index, cause [api], templates [], shards [5]/[1], mappings []
[2016-12-14T17:56:27,220][INFO ][o.e.c.s.IndexScopedSettings] [nwthU-R] updating [index.refresh_interval] from [1s] to [-1]
[2016-12-14T17:56:27,222][INFO ][o.e.c.s.IndexScopedSettings] [nwthU-R] updating [index.refresh_interval] from [1s] to [-1]
[2016-12-14T17:56:27,244][INFO ][o.e.c.m.MetaDataMappingService] [nwthU-R] [marca-bar-s/rQ-bFXKJQL2VNHZ_k2YNrA] create_mapping [sentiments]
[2016-12-14T17:56:27,321][INFO ][o.e.c.s.IndexScopedSettings] [nwthU-R] updating [index.refresh_interval] from [-1] to [1s]
[2016-12-14T17:56:27,324][INFO ][o.e.c.s.IndexScopedSettings] [nwthU-R] updating [index.refresh_interval] from [-1] to [1s]
[2016-12-14T17:57:02,666][INFO ][o.e.c.m.MetaDataCreateIndexService] [nwthU-R] [as-rma-s] creating index, cause [api], templates [], shards [5]/[1], mappings []
[2016-12-14T17:57:02,743][INFO ][o.e.c.s.IndexScopedSettings] [nwthU-R] updating [index.refresh_interval] from [1s] to [-1]
[2016-12-14T17:57:02,745][INFO ][o.e.c.s.IndexScopedSettings] [nwthU-R] updating [index.refresh_interval] from [1s] to [-1]
[2016-12-14T17:57:02,760][INFO ][o.e.c.m.MetaDataMappingService] [nwthU-R] [as-rma-s/GUNjhgQhSlKSkLHBC73HQA] create_mapping [sentiments]
[2016-12-14T17:57:02,817][INFO ][o.e.c.s.IndexScopedSettings] [nwthU-R] updating [index.refresh_interval] from [-1] to [1s]
[2016-12-14T17:57:02,819][INFO ][o.e.c.s.IndexScopedSettings] [nwthU-R] updating [index.refresh_interval] from [-1] to [1s]
[2016-12-14T19:10:01,756][INFO ][o.e.n.Node               ] [nwthU-R] stopping ...
[2016-12-14T19:10:01,797][INFO ][o.e.n.Node               ] [nwthU-R] stopped
[2016-12-14T19:10:01,798][INFO ][o.e.n.Node               ] [nwthU-R] closing ...
[2016-12-14T19:10:01,809][INFO ][o.e.n.Node               ] [nwthU-R] closed
[2016-12-14T19:27:42,806][INFO ][o.e.n.Node               ] [] initializing ...
[2016-12-14T19:27:42,895][INFO ][o.e.e.NodeEnvironment    ] [nwthU-R] using [1] data paths, mounts [[/ (/dev/disk1)]], net usable_space [38.6gb], net total_space [111.8gb], spins? [unknown], types [hfs]
[2016-12-14T19:27:42,895][INFO ][o.e.e.NodeEnvironment    ] [nwthU-R] heap size [1.9gb], compressed ordinary object pointers [true]
[2016-12-14T19:27:42,897][INFO ][o.e.n.Node               ] [nwthU-R] node name [nwthU-R] derived from node ID; set [node.name] to override
[2016-12-14T19:27:42,901][INFO ][o.e.n.Node               ] [nwthU-R] version[5.0.1], pid[639], build[080bb47/2016-11-11T22:08:49.812Z], OS[Mac OS X/10.12.1/x86_64], JVM[Oracle Corporation/Java HotSpot(TM) 64-Bit Server VM/1.8.0_111/25.111-b14]
[2016-12-14T19:27:43,958][INFO ][o.e.p.PluginsService     ] [nwthU-R] loaded module [aggs-matrix-stats]
[2016-12-14T19:27:43,958][INFO ][o.e.p.PluginsService     ] [nwthU-R] loaded module [ingest-common]
[2016-12-14T19:27:43,958][INFO ][o.e.p.PluginsService     ] [nwthU-R] loaded module [lang-expression]
[2016-12-14T19:27:43,958][INFO ][o.e.p.PluginsService     ] [nwthU-R] loaded module [lang-groovy]
[2016-12-14T19:27:43,958][INFO ][o.e.p.PluginsService     ] [nwthU-R] loaded module [lang-mustache]
[2016-12-14T19:27:43,958][INFO ][o.e.p.PluginsService     ] [nwthU-R] loaded module [lang-painless]
[2016-12-14T19:27:43,959][INFO ][o.e.p.PluginsService     ] [nwthU-R] loaded module [percolator]
[2016-12-14T19:27:43,959][INFO ][o.e.p.PluginsService     ] [nwthU-R] loaded module [reindex]
[2016-12-14T19:27:43,959][INFO ][o.e.p.PluginsService     ] [nwthU-R] loaded module [transport-netty3]
[2016-12-14T19:27:43,959][INFO ][o.e.p.PluginsService     ] [nwthU-R] loaded module [transport-netty4]
[2016-12-14T19:27:43,960][INFO ][o.e.p.PluginsService     ] [nwthU-R] no plugins loaded
[2016-12-14T19:27:46,433][INFO ][o.e.n.Node               ] [nwthU-R] initialized
[2016-12-14T19:27:46,434][INFO ][o.e.n.Node               ] [nwthU-R] starting ...
[2016-12-14T19:27:51,631][INFO ][o.e.t.TransportService   ] [nwthU-R] publish_address {127.0.0.1:9300}, bound_addresses {[fe80::1]:9300}, {[::1]:9300}, {127.0.0.1:9300}
[2016-12-14T19:27:54,699][INFO ][o.e.c.s.ClusterService   ] [nwthU-R] new_master {nwthU-R}{nwthU-RSRJmrdHRK1B-nHg}{yNHnaVNDRRiRKEBeGykJ6w}{127.0.0.1}{127.0.0.1:9300}, reason: zen-disco-elected-as-master ([0] nodes joined)
[2016-12-14T19:27:54,722][INFO ][o.e.h.HttpServer         ] [nwthU-R] publish_address {127.0.0.1:9200}, bound_addresses {[fe80::1]:9200}, {[::1]:9200}, {127.0.0.1:9200}
[2016-12-14T19:27:54,722][INFO ][o.e.n.Node               ] [nwthU-R] started
[2016-12-14T19:27:54,740][INFO ][o.e.g.GatewayService     ] [nwthU-R] recovered [0] indices into cluster_state
[2016-12-14T19:30:37,929][INFO ][o.e.c.m.MetaDataCreateIndexService] [nwthU-R] [marca-atm-s] creating index, cause [api], templates [], shards [5]/[1], mappings []
[2016-12-14T19:30:38,146][INFO ][o.e.c.s.IndexScopedSettings] [nwthU-R] updating [index.refresh_interval] from [1s] to [-1]
[2016-12-14T19:30:38,148][INFO ][o.e.c.s.IndexScopedSettings] [nwthU-R] updating [index.refresh_interval] from [1s] to [-1]
[2016-12-14T19:30:38,318][INFO ][o.e.c.m.MetaDataMappingService] [nwthU-R] [marca-atm-s/yJ7kpBJyQRK-wIVYmDhPdg] create_mapping [sentiments]
[2016-12-14T19:30:38,354][INFO ][o.e.c.m.MetaDataMappingService] [nwthU-R] [marca-atm-s/yJ7kpBJyQRK-wIVYmDhPdg] update_mapping [sentiments]
[2016-12-14T19:30:38,555][INFO ][o.e.c.s.IndexScopedSettings] [nwthU-R] updating [index.refresh_interval] from [-1] to [1s]
[2016-12-14T19:30:38,557][INFO ][o.e.c.s.IndexScopedSettings] [nwthU-R] updating [index.refresh_interval] from [-1] to [1s]
[2016-12-14T19:30:38,887][INFO ][o.e.c.m.MetaDataCreateIndexService] [nwthU-R] [update_log] creating index, cause [api], templates [], shards [5]/[1], mappings []
[2016-12-14T19:30:38,959][INFO ][o.e.c.m.MetaDataMappingService] [nwthU-R] [update_log/US-KkqcHT7ytcryPRbn1Sw] create_mapping [entry]
[2016-12-14T19:41:56,533][INFO ][o.e.c.m.MetaDataCreateIndexService] [nwthU-R] [marca-bar-s] creating index, cause [api], templates [], shards [5]/[1], mappings []
[2016-12-14T19:41:56,609][INFO ][o.e.c.s.IndexScopedSettings] [nwthU-R] updating [index.refresh_interval] from [1s] to [-1]
[2016-12-14T19:41:56,611][INFO ][o.e.c.s.IndexScopedSettings] [nwthU-R] updating [index.refresh_interval] from [1s] to [-1]
[2016-12-14T19:41:56,654][INFO ][o.e.c.m.MetaDataMappingService] [nwthU-R] [marca-bar-s/jQHdHf7aSei-89yArG_7BQ] create_mapping [sentiments]
[2016-12-14T19:41:56,669][INFO ][o.e.c.m.MetaDataMappingService] [nwthU-R] [marca-bar-s/jQHdHf7aSei-89yArG_7BQ] update_mapping [sentiments]
[2016-12-14T19:41:56,734][INFO ][o.e.c.s.IndexScopedSettings] [nwthU-R] updating [index.refresh_interval] from [-1] to [1s]
[2016-12-14T19:41:56,736][INFO ][o.e.c.s.IndexScopedSettings] [nwthU-R] updating [index.refresh_interval] from [-1] to [1s]
[2016-12-14T19:45:56,883][INFO ][o.e.c.m.MetaDataCreateIndexService] [nwthU-R] [as-bar-s] creating index, cause [api], templates [], shards [5]/[1], mappings []
[2016-12-14T19:45:56,964][INFO ][o.e.c.s.IndexScopedSettings] [nwthU-R] updating [index.refresh_interval] from [1s] to [-1]
[2016-12-14T19:45:56,966][INFO ][o.e.c.s.IndexScopedSettings] [nwthU-R] updating [index.refresh_interval] from [1s] to [-1]
[2016-12-14T19:45:56,987][INFO ][o.e.c.m.MetaDataMappingService] [nwthU-R] [as-bar-s/1h2zx9KVQdKLqe5CXh-c5w] create_mapping [sentiments]
[2016-12-14T19:45:57,057][INFO ][o.e.c.s.IndexScopedSettings] [nwthU-R] updating [index.refresh_interval] from [-1] to [1s]
[2016-12-14T19:45:57,058][INFO ][o.e.c.s.IndexScopedSettings] [nwthU-R] updating [index.refresh_interval] from [-1] to [1s]
[2016-12-14T19:46:22,965][INFO ][o.e.c.m.MetaDataCreateIndexService] [nwthU-R] [as-rma-s] creating index, cause [api], templates [], shards [5]/[1], mappings []
[2016-12-14T19:46:23,036][INFO ][o.e.c.s.IndexScopedSettings] [nwthU-R] updating [index.refresh_interval] from [1s] to [-1]
[2016-12-14T19:46:23,038][INFO ][o.e.c.s.IndexScopedSettings] [nwthU-R] updating [index.refresh_interval] from [1s] to [-1]
[2016-12-14T19:46:23,054][INFO ][o.e.c.m.MetaDataMappingService] [nwthU-R] [as-rma-s/zadQ3NzsT3eeX8lOaSZ3vA] create_mapping [sentiments]
[2016-12-14T19:46:23,117][INFO ][o.e.c.s.IndexScopedSettings] [nwthU-R] updating [index.refresh_interval] from [-1] to [1s]
[2016-12-14T19:46:23,119][INFO ][o.e.c.s.IndexScopedSettings] [nwthU-R] updating [index.refresh_interval] from [-1] to [1s]
[2016-12-14T19:46:51,350][INFO ][o.e.c.m.MetaDataCreateIndexService] [nwthU-R] [marca-atm-e] creating index, cause [api], templates [], shards [5]/[1], mappings []
[2016-12-14T19:46:51,418][INFO ][o.e.c.s.IndexScopedSettings] [nwthU-R] updating [index.refresh_interval] from [1s] to [-1]
[2016-12-14T19:46:51,420][INFO ][o.e.c.s.IndexScopedSettings] [nwthU-R] updating [index.refresh_interval] from [1s] to [-1]
[2016-12-14T19:46:51,443][INFO ][o.e.c.m.MetaDataMappingService] [nwthU-R] [marca-atm-e/20uQeGFHS-KgU0Y8KkeOVw] create_mapping [emotions]
[2016-12-14T19:46:51,453][INFO ][o.e.c.m.MetaDataMappingService] [nwthU-R] [marca-atm-e/20uQeGFHS-KgU0Y8KkeOVw] update_mapping [emotions]
[2016-12-14T19:46:51,509][INFO ][o.e.c.s.IndexScopedSettings] [nwthU-R] updating [index.refresh_interval] from [-1] to [1s]
[2016-12-14T19:46:51,510][INFO ][o.e.c.s.IndexScopedSettings] [nwthU-R] updating [index.refresh_interval] from [-1] to [1s]
[2016-12-14T19:47:05,088][INFO ][o.e.c.m.MetaDataCreateIndexService] [nwthU-R] [marca-bar-e] creating index, cause [api], templates [], shards [5]/[1], mappings []
[2016-12-14T19:47:05,156][INFO ][o.e.c.s.IndexScopedSettings] [nwthU-R] updating [index.refresh_interval] from [1s] to [-1]
[2016-12-14T19:47:05,158][INFO ][o.e.c.s.IndexScopedSettings] [nwthU-R] updating [index.refresh_interval] from [1s] to [-1]
[2016-12-14T19:47:05,177][INFO ][o.e.c.m.MetaDataMappingService] [nwthU-R] [marca-bar-e/ZoKKJH0GSRWVH3TzOiAWFg] create_mapping [emotions]
[2016-12-14T19:47:05,217][INFO ][o.e.c.m.MetaDataMappingService] [nwthU-R] [marca-bar-e/ZoKKJH0GSRWVH3TzOiAWFg] update_mapping [emotions]
[2016-12-14T19:47:05,268][INFO ][o.e.c.s.IndexScopedSettings] [nwthU-R] updating [index.refresh_interval] from [-1] to [1s]
[2016-12-14T19:47:05,270][INFO ][o.e.c.s.IndexScopedSettings] [nwthU-R] updating [index.refresh_interval] from [-1] to [1s]
[2016-12-14T19:47:27,735][INFO ][o.e.c.m.MetaDataCreateIndexService] [nwthU-R] [as-bar-e] creating index, cause [api], templates [], shards [5]/[1], mappings []
[2016-12-14T19:47:27,802][INFO ][o.e.c.s.IndexScopedSettings] [nwthU-R] updating [index.refresh_interval] from [1s] to [-1]
[2016-12-14T19:47:27,804][INFO ][o.e.c.s.IndexScopedSettings] [nwthU-R] updating [index.refresh_interval] from [1s] to [-1]
[2016-12-14T19:47:27,820][INFO ][o.e.c.m.MetaDataMappingService] [nwthU-R] [as-bar-e/CU1HBcWDQmKnwg0P1I3e-g] create_mapping [emotions]
[2016-12-14T19:47:27,824][INFO ][o.e.c.m.MetaDataMappingService] [nwthU-R] [as-bar-e/CU1HBcWDQmKnwg0P1I3e-g] update_mapping [emotions]
[2016-12-14T19:47:27,866][INFO ][o.e.c.s.IndexScopedSettings] [nwthU-R] updating [index.refresh_interval] from [-1] to [1s]
[2016-12-14T19:47:27,867][INFO ][o.e.c.s.IndexScopedSettings] [nwthU-R] updating [index.refresh_interval] from [-1] to [1s]
[2016-12-14T19:47:37,946][INFO ][o.e.c.m.MetaDataCreateIndexService] [nwthU-R] [as-rma-e] creating index, cause [api], templates [], shards [5]/[1], mappings []
[2016-12-14T19:47:38,011][INFO ][o.e.c.s.IndexScopedSettings] [nwthU-R] updating [index.refresh_interval] from [1s] to [-1]
[2016-12-14T19:47:38,014][INFO ][o.e.c.s.IndexScopedSettings] [nwthU-R] updating [index.refresh_interval] from [1s] to [-1]
[2016-12-14T19:47:38,028][INFO ][o.e.c.m.MetaDataMappingService] [nwthU-R] [as-rma-e/izOxyBXNQ3mjygBd75kuTQ] create_mapping [emotions]
[2016-12-14T19:47:38,075][INFO ][o.e.c.s.IndexScopedSettings] [nwthU-R] updating [index.refresh_interval] from [-1] to [1s]
[2016-12-14T19:47:38,077][INFO ][o.e.c.s.IndexScopedSettings] [nwthU-R] updating [index.refresh_interval] from [-1] to [1s]
[2016-12-14T19:49:37,146][INFO ][o.e.n.Node               ] [nwthU-R] stopping ...
[2016-12-14T19:49:37,263][INFO ][o.e.n.Node               ] [nwthU-R] stopped
[2016-12-14T19:49:37,264][INFO ][o.e.n.Node               ] [nwthU-R] closing ...
[2016-12-14T19:49:37,271][INFO ][o.e.n.Node               ] [nwthU-R] closed
[2016-12-14T23:26:24,736][INFO ][o.e.n.Node               ] [] initializing ...
[2016-12-14T23:26:24,836][INFO ][o.e.e.NodeEnvironment    ] [nwthU-R] using [1] data paths, mounts [[/ (/dev/disk1)]], net usable_space [38.5gb], net total_space [111.8gb], spins? [unknown], types [hfs]
[2016-12-14T23:26:24,837][INFO ][o.e.e.NodeEnvironment    ] [nwthU-R] heap size [1.9gb], compressed ordinary object pointers [true]
[2016-12-14T23:26:24,839][INFO ][o.e.n.Node               ] [nwthU-R] node name [nwthU-R] derived from node ID; set [node.name] to override
[2016-12-14T23:26:24,843][INFO ][o.e.n.Node               ] [nwthU-R] version[5.0.1], pid[749], build[080bb47/2016-11-11T22:08:49.812Z], OS[Mac OS X/10.12.1/x86_64], JVM[Oracle Corporation/Java HotSpot(TM) 64-Bit Server VM/1.8.0_111/25.111-b14]
[2016-12-14T23:26:26,230][INFO ][o.e.p.PluginsService     ] [nwthU-R] loaded module [aggs-matrix-stats]
[2016-12-14T23:26:26,230][INFO ][o.e.p.PluginsService     ] [nwthU-R] loaded module [ingest-common]
[2016-12-14T23:26:26,230][INFO ][o.e.p.PluginsService     ] [nwthU-R] loaded module [lang-expression]
[2016-12-14T23:26:26,230][INFO ][o.e.p.PluginsService     ] [nwthU-R] loaded module [lang-groovy]
[2016-12-14T23:26:26,230][INFO ][o.e.p.PluginsService     ] [nwthU-R] loaded module [lang-mustache]
[2016-12-14T23:26:26,230][INFO ][o.e.p.PluginsService     ] [nwthU-R] loaded module [lang-painless]
[2016-12-14T23:26:26,231][INFO ][o.e.p.PluginsService     ] [nwthU-R] loaded module [percolator]
[2016-12-14T23:26:26,231][INFO ][o.e.p.PluginsService     ] [nwthU-R] loaded module [reindex]
[2016-12-14T23:26:26,231][INFO ][o.e.p.PluginsService     ] [nwthU-R] loaded module [transport-netty3]
[2016-12-14T23:26:26,231][INFO ][o.e.p.PluginsService     ] [nwthU-R] loaded module [transport-netty4]
[2016-12-14T23:26:26,232][INFO ][o.e.p.PluginsService     ] [nwthU-R] no plugins loaded
[2016-12-14T23:26:28,854][INFO ][o.e.n.Node               ] [nwthU-R] initialized
[2016-12-14T23:26:28,854][INFO ][o.e.n.Node               ] [nwthU-R] starting ...
[2016-12-14T23:26:34,180][INFO ][o.e.t.TransportService   ] [nwthU-R] publish_address {127.0.0.1:9300}, bound_addresses {[fe80::1]:9300}, {[::1]:9300}, {127.0.0.1:9300}
[2016-12-14T23:26:37,249][INFO ][o.e.c.s.ClusterService   ] [nwthU-R] new_master {nwthU-R}{nwthU-RSRJmrdHRK1B-nHg}{Lsu1XutkT0i7F7j7aw7BdA}{127.0.0.1}{127.0.0.1:9300}, reason: zen-disco-elected-as-master ([0] nodes joined)
[2016-12-14T23:26:37,277][INFO ][o.e.h.HttpServer         ] [nwthU-R] publish_address {127.0.0.1:9200}, bound_addresses {[fe80::1]:9200}, {[::1]:9200}, {127.0.0.1:9200}
[2016-12-14T23:26:37,277][INFO ][o.e.n.Node               ] [nwthU-R] started
[2016-12-14T23:26:37,292][INFO ][o.e.g.GatewayService     ] [nwthU-R] recovered [0] indices into cluster_state
[2016-12-14T23:28:27,720][INFO ][o.e.c.m.MetaDataCreateIndexService] [nwthU-R] [as-rma-s] creating index, cause [api], templates [], shards [5]/[1], mappings []
[2016-12-14T23:28:27,939][INFO ][o.e.c.s.IndexScopedSettings] [nwthU-R] updating [index.refresh_interval] from [1s] to [-1]
[2016-12-14T23:28:27,941][INFO ][o.e.c.s.IndexScopedSettings] [nwthU-R] updating [index.refresh_interval] from [1s] to [-1]
[2016-12-14T23:28:28,082][INFO ][o.e.c.m.MetaDataMappingService] [nwthU-R] [as-rma-s/tnEIBnvERGqpx0GQ9oRSyA] create_mapping [sentiments]
[2016-12-14T23:28:28,091][INFO ][o.e.c.m.MetaDataMappingService] [nwthU-R] [as-rma-s/tnEIBnvERGqpx0GQ9oRSyA] update_mapping [sentiments]
[2016-12-14T23:28:28,248][INFO ][o.e.c.s.IndexScopedSettings] [nwthU-R] updating [index.refresh_interval] from [-1] to [1s]
[2016-12-14T23:28:28,250][INFO ][o.e.c.s.IndexScopedSettings] [nwthU-R] updating [index.refresh_interval] from [-1] to [1s]
[2016-12-14T23:28:28,540][INFO ][o.e.c.m.MetaDataCreateIndexService] [nwthU-R] [update_log] creating index, cause [api], templates [], shards [5]/[1], mappings []
[2016-12-14T23:28:28,603][INFO ][o.e.c.m.MetaDataMappingService] [nwthU-R] [update_log/y5n8hrjBSH21so6dZ2LfrQ] create_mapping [entry]
[2016-12-14T23:33:47,608][INFO ][o.e.c.m.MetaDataCreateIndexService] [nwthU-R] [marca] creating index, cause [api], templates [], shards [5]/[1], mappings []
[2016-12-14T23:33:47,687][INFO ][o.e.c.s.IndexScopedSettings] [nwthU-R] updating [index.refresh_interval] from [1s] to [-1]
[2016-12-14T23:33:47,689][INFO ][o.e.c.s.IndexScopedSettings] [nwthU-R] updating [index.refresh_interval] from [1s] to [-1]
[2016-12-14T23:33:47,720][INFO ][o.e.c.m.MetaDataMappingService] [nwthU-R] [marca/EGxj9qwGRRyiT9EMYkKxNg] create_mapping [sentiments]
[2016-12-14T23:33:47,739][INFO ][o.e.c.m.MetaDataMappingService] [nwthU-R] [marca/EGxj9qwGRRyiT9EMYkKxNg] update_mapping [sentiments]
[2016-12-14T23:33:47,951][INFO ][o.e.c.s.IndexScopedSettings] [nwthU-R] updating [index.refresh_interval] from [-1] to [1s]
[2016-12-14T23:33:47,953][INFO ][o.e.c.s.IndexScopedSettings] [nwthU-R] updating [index.refresh_interval] from [-1] to [1s]
[2016-12-14T23:40:52,265][INFO ][o.e.n.Node               ] [nwthU-R] stopping ...
[2016-12-14T23:40:52,298][INFO ][o.e.n.Node               ] [nwthU-R] stopped
[2016-12-14T23:40:52,299][INFO ][o.e.n.Node               ] [nwthU-R] closing ...
[2016-12-14T23:40:52,306][INFO ][o.e.n.Node               ] [nwthU-R] closed
