[2017-01-27T17:18:27,301][INFO ][o.e.n.Node               ] [] initializing ...
[2017-01-27T17:18:27,407][INFO ][o.e.e.NodeEnvironment    ] [nwthU-R] using [1] data paths, mounts [[/ (/dev/disk1)]], net usable_space [19.9gb], net total_space [111.8gb], spins? [unknown], types [hfs]
[2017-01-27T17:18:27,408][INFO ][o.e.e.NodeEnvironment    ] [nwthU-R] heap size [1.9gb], compressed ordinary object pointers [true]
[2017-01-27T17:18:27,556][INFO ][o.e.n.Node               ] [nwthU-R] node name [nwthU-R] derived from node ID; set [node.name] to override
[2017-01-27T17:18:27,560][INFO ][o.e.n.Node               ] [nwthU-R] version[5.0.1], pid[853], build[080bb47/2016-11-11T22:08:49.812Z], OS[Mac OS X/10.12.2/x86_64], JVM[Oracle Corporation/Java HotSpot(TM) 64-Bit Server VM/1.8.0_111/25.111-b14]
[2017-01-27T17:18:28,680][INFO ][o.e.p.PluginsService     ] [nwthU-R] loaded module [aggs-matrix-stats]
[2017-01-27T17:18:28,680][INFO ][o.e.p.PluginsService     ] [nwthU-R] loaded module [ingest-common]
[2017-01-27T17:18:28,680][INFO ][o.e.p.PluginsService     ] [nwthU-R] loaded module [lang-expression]
[2017-01-27T17:18:28,680][INFO ][o.e.p.PluginsService     ] [nwthU-R] loaded module [lang-groovy]
[2017-01-27T17:18:28,680][INFO ][o.e.p.PluginsService     ] [nwthU-R] loaded module [lang-mustache]
[2017-01-27T17:18:28,681][INFO ][o.e.p.PluginsService     ] [nwthU-R] loaded module [lang-painless]
[2017-01-27T17:18:28,681][INFO ][o.e.p.PluginsService     ] [nwthU-R] loaded module [percolator]
[2017-01-27T17:18:28,681][INFO ][o.e.p.PluginsService     ] [nwthU-R] loaded module [reindex]
[2017-01-27T17:18:28,682][INFO ][o.e.p.PluginsService     ] [nwthU-R] loaded module [transport-netty3]
[2017-01-27T17:18:28,682][INFO ][o.e.p.PluginsService     ] [nwthU-R] loaded module [transport-netty4]
[2017-01-27T17:18:28,683][INFO ][o.e.p.PluginsService     ] [nwthU-R] no plugins loaded
[2017-01-27T17:18:32,624][INFO ][o.e.n.Node               ] [nwthU-R] initialized
[2017-01-27T17:18:32,625][INFO ][o.e.n.Node               ] [nwthU-R] starting ...
[2017-01-27T17:18:38,036][INFO ][o.e.t.TransportService   ] [nwthU-R] publish_address {127.0.0.1:9300}, bound_addresses {[fe80::1]:9300}, {[::1]:9300}, {127.0.0.1:9300}
[2017-01-27T17:18:41,115][INFO ][o.e.c.s.ClusterService   ] [nwthU-R] new_master {nwthU-R}{nwthU-RSRJmrdHRK1B-nHg}{2oc6Cc-2RuKLEO3ZMeCqiQ}{127.0.0.1}{127.0.0.1:9300}, reason: zen-disco-elected-as-master ([0] nodes joined)
[2017-01-27T17:18:41,140][INFO ][o.e.h.HttpServer         ] [nwthU-R] publish_address {127.0.0.1:9200}, bound_addresses {[fe80::1]:9200}, {[::1]:9200}, {127.0.0.1:9200}
[2017-01-27T17:18:41,141][INFO ][o.e.n.Node               ] [nwthU-R] started
[2017-01-27T17:18:41,543][INFO ][o.e.g.GatewayService     ] [nwthU-R] recovered [9] indices into cluster_state
[2017-01-27T17:18:42,753][INFO ][o.e.c.r.a.AllocationService] [nwthU-R] Cluster health status changed from [RED] to [YELLOW] (reason: [shards started [[footballdata][4], [footballdata][3], [footballdata][2]] ...]).
[2017-01-27T17:51:24,320][ERROR][i.n.u.ResourceLeakDetector] LEAK: ByteBuf.release() was not called before it's garbage-collected. Enable advanced leak reporting to find out where the leak occurred. To enable advanced leak reporting, specify the JVM option '-Dio.netty.leakDetection.level=advanced' or call ResourceLeakDetector.setLevel() See http://netty.io/wiki/reference-counted-objects.html for more information.
[2017-01-27T20:16:02,742][INFO ][o.e.c.r.a.DiskThresholdMonitor] [nwthU-R] low disk watermark [85%] exceeded on [nwthU-RSRJmrdHRK1B-nHg][nwthU-R][/Users/Javier/Desktop/elasticsearch-5.0.1/data/nodes/0] free: 16.2gb[14.5%], replicas will not be assigned to this node
[2017-01-27T20:16:32,887][INFO ][o.e.c.r.a.DiskThresholdMonitor] [nwthU-R] low disk watermark [85%] exceeded on [nwthU-RSRJmrdHRK1B-nHg][nwthU-R][/Users/Javier/Desktop/elasticsearch-5.0.1/data/nodes/0] free: 16.1gb[14.4%], replicas will not be assigned to this node
[2017-01-27T20:17:02,954][INFO ][o.e.c.r.a.DiskThresholdMonitor] [nwthU-R] low disk watermark [85%] exceeded on [nwthU-RSRJmrdHRK1B-nHg][nwthU-R][/Users/Javier/Desktop/elasticsearch-5.0.1/data/nodes/0] free: 16.1gb[14.3%], replicas will not be assigned to this node
[2017-01-27T20:17:33,011][INFO ][o.e.c.r.a.DiskThresholdMonitor] [nwthU-R] low disk watermark [85%] exceeded on [nwthU-RSRJmrdHRK1B-nHg][nwthU-R][/Users/Javier/Desktop/elasticsearch-5.0.1/data/nodes/0] free: 16gb[14.3%], replicas will not be assigned to this node
[2017-01-27T20:18:03,097][INFO ][o.e.c.r.a.DiskThresholdMonitor] [nwthU-R] low disk watermark [85%] exceeded on [nwthU-RSRJmrdHRK1B-nHg][nwthU-R][/Users/Javier/Desktop/elasticsearch-5.0.1/data/nodes/0] free: 15.9gb[14.2%], replicas will not be assigned to this node
[2017-01-27T20:18:33,305][INFO ][o.e.c.r.a.DiskThresholdMonitor] [nwthU-R] low disk watermark [85%] exceeded on [nwthU-RSRJmrdHRK1B-nHg][nwthU-R][/Users/Javier/Desktop/elasticsearch-5.0.1/data/nodes/0] free: 15.9gb[14.2%], replicas will not be assigned to this node
[2017-01-27T20:19:03,430][INFO ][o.e.c.r.a.DiskThresholdMonitor] [nwthU-R] low disk watermark [85%] exceeded on [nwthU-RSRJmrdHRK1B-nHg][nwthU-R][/Users/Javier/Desktop/elasticsearch-5.0.1/data/nodes/0] free: 15.9gb[14.2%], replicas will not be assigned to this node
[2017-01-27T20:19:33,526][INFO ][o.e.c.r.a.DiskThresholdMonitor] [nwthU-R] low disk watermark [85%] exceeded on [nwthU-RSRJmrdHRK1B-nHg][nwthU-R][/Users/Javier/Desktop/elasticsearch-5.0.1/data/nodes/0] free: 15.8gb[14.1%], replicas will not be assigned to this node
[2017-01-27T20:20:03,602][INFO ][o.e.c.r.a.DiskThresholdMonitor] [nwthU-R] low disk watermark [85%] exceeded on [nwthU-RSRJmrdHRK1B-nHg][nwthU-R][/Users/Javier/Desktop/elasticsearch-5.0.1/data/nodes/0] free: 15.7gb[14%], replicas will not be assigned to this node
[2017-01-27T20:20:33,678][INFO ][o.e.c.r.a.DiskThresholdMonitor] [nwthU-R] low disk watermark [85%] exceeded on [nwthU-RSRJmrdHRK1B-nHg][nwthU-R][/Users/Javier/Desktop/elasticsearch-5.0.1/data/nodes/0] free: 15.6gb[14%], replicas will not be assigned to this node
[2017-01-27T20:21:03,763][INFO ][o.e.c.r.a.DiskThresholdMonitor] [nwthU-R] low disk watermark [85%] exceeded on [nwthU-RSRJmrdHRK1B-nHg][nwthU-R][/Users/Javier/Desktop/elasticsearch-5.0.1/data/nodes/0] free: 15.6gb[13.9%], replicas will not be assigned to this node
[2017-01-27T20:21:33,847][INFO ][o.e.c.r.a.DiskThresholdMonitor] [nwthU-R] low disk watermark [85%] exceeded on [nwthU-RSRJmrdHRK1B-nHg][nwthU-R][/Users/Javier/Desktop/elasticsearch-5.0.1/data/nodes/0] free: 15.5gb[13.8%], replicas will not be assigned to this node
[2017-01-27T20:22:03,918][INFO ][o.e.c.r.a.DiskThresholdMonitor] [nwthU-R] low disk watermark [85%] exceeded on [nwthU-RSRJmrdHRK1B-nHg][nwthU-R][/Users/Javier/Desktop/elasticsearch-5.0.1/data/nodes/0] free: 15.4gb[13.8%], replicas will not be assigned to this node
[2017-01-27T20:22:33,989][INFO ][o.e.c.r.a.DiskThresholdMonitor] [nwthU-R] low disk watermark [85%] exceeded on [nwthU-RSRJmrdHRK1B-nHg][nwthU-R][/Users/Javier/Desktop/elasticsearch-5.0.1/data/nodes/0] free: 15.3gb[13.7%], replicas will not be assigned to this node
[2017-01-27T20:23:04,067][INFO ][o.e.c.r.a.DiskThresholdMonitor] [nwthU-R] low disk watermark [85%] exceeded on [nwthU-RSRJmrdHRK1B-nHg][nwthU-R][/Users/Javier/Desktop/elasticsearch-5.0.1/data/nodes/0] free: 15.2gb[13.6%], replicas will not be assigned to this node
[2017-01-27T20:23:34,147][INFO ][o.e.c.r.a.DiskThresholdMonitor] [nwthU-R] low disk watermark [85%] exceeded on [nwthU-RSRJmrdHRK1B-nHg][nwthU-R][/Users/Javier/Desktop/elasticsearch-5.0.1/data/nodes/0] free: 15.2gb[13.5%], replicas will not be assigned to this node
[2017-01-27T20:24:04,182][INFO ][o.e.c.r.a.DiskThresholdMonitor] [nwthU-R] low disk watermark [85%] exceeded on [nwthU-RSRJmrdHRK1B-nHg][nwthU-R][/Users/Javier/Desktop/elasticsearch-5.0.1/data/nodes/0] free: 15.1gb[13.5%], replicas will not be assigned to this node
[2017-01-27T20:24:34,208][INFO ][o.e.c.r.a.DiskThresholdMonitor] [nwthU-R] low disk watermark [85%] exceeded on [nwthU-RSRJmrdHRK1B-nHg][nwthU-R][/Users/Javier/Desktop/elasticsearch-5.0.1/data/nodes/0] free: 15.1gb[13.5%], replicas will not be assigned to this node
[2017-01-27T20:25:04,237][INFO ][o.e.c.r.a.DiskThresholdMonitor] [nwthU-R] low disk watermark [85%] exceeded on [nwthU-RSRJmrdHRK1B-nHg][nwthU-R][/Users/Javier/Desktop/elasticsearch-5.0.1/data/nodes/0] free: 15.1gb[13.5%], replicas will not be assigned to this node
[2017-01-27T20:25:34,265][INFO ][o.e.c.r.a.DiskThresholdMonitor] [nwthU-R] low disk watermark [85%] exceeded on [nwthU-RSRJmrdHRK1B-nHg][nwthU-R][/Users/Javier/Desktop/elasticsearch-5.0.1/data/nodes/0] free: 15.1gb[13.5%], replicas will not be assigned to this node
[2017-01-27T20:26:04,298][INFO ][o.e.c.r.a.DiskThresholdMonitor] [nwthU-R] low disk watermark [85%] exceeded on [nwthU-RSRJmrdHRK1B-nHg][nwthU-R][/Users/Javier/Desktop/elasticsearch-5.0.1/data/nodes/0] free: 16.1gb[14.4%], replicas will not be assigned to this node
[2017-01-27T20:26:34,330][INFO ][o.e.c.r.a.DiskThresholdMonitor] [nwthU-R] low disk watermark [85%] exceeded on [nwthU-RSRJmrdHRK1B-nHg][nwthU-R][/Users/Javier/Desktop/elasticsearch-5.0.1/data/nodes/0] free: 16.1gb[14.4%], replicas will not be assigned to this node
[2017-01-27T20:27:04,358][INFO ][o.e.c.r.a.DiskThresholdMonitor] [nwthU-R] low disk watermark [85%] exceeded on [nwthU-RSRJmrdHRK1B-nHg][nwthU-R][/Users/Javier/Desktop/elasticsearch-5.0.1/data/nodes/0] free: 16.1gb[14.4%], replicas will not be assigned to this node
[2017-01-27T20:27:34,388][INFO ][o.e.c.r.a.DiskThresholdMonitor] [nwthU-R] low disk watermark [85%] exceeded on [nwthU-RSRJmrdHRK1B-nHg][nwthU-R][/Users/Javier/Desktop/elasticsearch-5.0.1/data/nodes/0] free: 16.1gb[14.4%], replicas will not be assigned to this node
[2017-01-27T20:28:04,447][INFO ][o.e.c.r.a.DiskThresholdMonitor] [nwthU-R] low disk watermark [85%] exceeded on [nwthU-RSRJmrdHRK1B-nHg][nwthU-R][/Users/Javier/Desktop/elasticsearch-5.0.1/data/nodes/0] free: 16.1gb[14.4%], replicas will not be assigned to this node
[2017-01-27T20:28:34,562][INFO ][o.e.c.r.a.DiskThresholdMonitor] [nwthU-R] low disk watermark [85%] exceeded on [nwthU-RSRJmrdHRK1B-nHg][nwthU-R][/Users/Javier/Desktop/elasticsearch-5.0.1/data/nodes/0] free: 16gb[14.3%], replicas will not be assigned to this node
[2017-01-27T20:29:04,636][INFO ][o.e.c.r.a.DiskThresholdMonitor] [nwthU-R] low disk watermark [85%] exceeded on [nwthU-RSRJmrdHRK1B-nHg][nwthU-R][/Users/Javier/Desktop/elasticsearch-5.0.1/data/nodes/0] free: 15.9gb[14.2%], replicas will not be assigned to this node
[2017-01-27T20:29:34,677][INFO ][o.e.c.r.a.DiskThresholdMonitor] [nwthU-R] low disk watermark [85%] exceeded on [nwthU-RSRJmrdHRK1B-nHg][nwthU-R][/Users/Javier/Desktop/elasticsearch-5.0.1/data/nodes/0] free: 15.9gb[14.2%], replicas will not be assigned to this node
[2017-01-27T20:30:04,730][INFO ][o.e.c.r.a.DiskThresholdMonitor] [nwthU-R] low disk watermark [85%] exceeded on [nwthU-RSRJmrdHRK1B-nHg][nwthU-R][/Users/Javier/Desktop/elasticsearch-5.0.1/data/nodes/0] free: 15.8gb[14.1%], replicas will not be assigned to this node
[2017-01-27T20:30:34,772][INFO ][o.e.c.r.a.DiskThresholdMonitor] [nwthU-R] low disk watermark [85%] exceeded on [nwthU-RSRJmrdHRK1B-nHg][nwthU-R][/Users/Javier/Desktop/elasticsearch-5.0.1/data/nodes/0] free: 15.8gb[14.1%], replicas will not be assigned to this node
[2017-01-27T20:31:04,820][INFO ][o.e.c.r.a.DiskThresholdMonitor] [nwthU-R] low disk watermark [85%] exceeded on [nwthU-RSRJmrdHRK1B-nHg][nwthU-R][/Users/Javier/Desktop/elasticsearch-5.0.1/data/nodes/0] free: 15.7gb[14%], replicas will not be assigned to this node
[2017-01-27T20:31:34,869][INFO ][o.e.c.r.a.DiskThresholdMonitor] [nwthU-R] low disk watermark [85%] exceeded on [nwthU-RSRJmrdHRK1B-nHg][nwthU-R][/Users/Javier/Desktop/elasticsearch-5.0.1/data/nodes/0] free: 15.6gb[14%], replicas will not be assigned to this node
[2017-01-27T20:32:04,919][INFO ][o.e.c.r.a.DiskThresholdMonitor] [nwthU-R] low disk watermark [85%] exceeded on [nwthU-RSRJmrdHRK1B-nHg][nwthU-R][/Users/Javier/Desktop/elasticsearch-5.0.1/data/nodes/0] free: 15.6gb[13.9%], replicas will not be assigned to this node
[2017-01-27T20:32:34,989][INFO ][o.e.c.r.a.DiskThresholdMonitor] [nwthU-R] low disk watermark [85%] exceeded on [nwthU-RSRJmrdHRK1B-nHg][nwthU-R][/Users/Javier/Desktop/elasticsearch-5.0.1/data/nodes/0] free: 15.5gb[13.9%], replicas will not be assigned to this node
[2017-01-27T20:33:05,048][INFO ][o.e.c.r.a.DiskThresholdMonitor] [nwthU-R] low disk watermark [85%] exceeded on [nwthU-RSRJmrdHRK1B-nHg][nwthU-R][/Users/Javier/Desktop/elasticsearch-5.0.1/data/nodes/0] free: 15.5gb[13.8%], replicas will not be assigned to this node
[2017-01-27T20:33:35,089][INFO ][o.e.c.r.a.DiskThresholdMonitor] [nwthU-R] low disk watermark [85%] exceeded on [nwthU-RSRJmrdHRK1B-nHg][nwthU-R][/Users/Javier/Desktop/elasticsearch-5.0.1/data/nodes/0] free: 15.4gb[13.8%], replicas will not be assigned to this node
[2017-01-27T20:34:05,139][INFO ][o.e.c.r.a.DiskThresholdMonitor] [nwthU-R] low disk watermark [85%] exceeded on [nwthU-RSRJmrdHRK1B-nHg][nwthU-R][/Users/Javier/Desktop/elasticsearch-5.0.1/data/nodes/0] free: 15.4gb[13.7%], replicas will not be assigned to this node
[2017-01-27T20:34:35,198][INFO ][o.e.c.r.a.DiskThresholdMonitor] [nwthU-R] low disk watermark [85%] exceeded on [nwthU-RSRJmrdHRK1B-nHg][nwthU-R][/Users/Javier/Desktop/elasticsearch-5.0.1/data/nodes/0] free: 15.3gb[13.7%], replicas will not be assigned to this node
[2017-01-27T20:35:05,258][INFO ][o.e.c.r.a.DiskThresholdMonitor] [nwthU-R] low disk watermark [85%] exceeded on [nwthU-RSRJmrdHRK1B-nHg][nwthU-R][/Users/Javier/Desktop/elasticsearch-5.0.1/data/nodes/0] free: 15.2gb[13.6%], replicas will not be assigned to this node
[2017-01-27T20:35:35,296][INFO ][o.e.c.r.a.DiskThresholdMonitor] [nwthU-R] low disk watermark [85%] exceeded on [nwthU-RSRJmrdHRK1B-nHg][nwthU-R][/Users/Javier/Desktop/elasticsearch-5.0.1/data/nodes/0] free: 14.9gb[13.3%], replicas will not be assigned to this node
[2017-01-27T20:36:05,327][INFO ][o.e.c.r.a.DiskThresholdMonitor] [nwthU-R] low disk watermark [85%] exceeded on [nwthU-RSRJmrdHRK1B-nHg][nwthU-R][/Users/Javier/Desktop/elasticsearch-5.0.1/data/nodes/0] free: 14.8gb[13.3%], replicas will not be assigned to this node
[2017-01-27T20:36:35,449][INFO ][o.e.c.r.a.DiskThresholdMonitor] [nwthU-R] low disk watermark [85%] exceeded on [nwthU-RSRJmrdHRK1B-nHg][nwthU-R][/Users/Javier/Desktop/elasticsearch-5.0.1/data/nodes/0] free: 14.8gb[13.2%], replicas will not be assigned to this node
[2017-01-27T20:37:05,547][INFO ][o.e.c.r.a.DiskThresholdMonitor] [nwthU-R] low disk watermark [85%] exceeded on [nwthU-RSRJmrdHRK1B-nHg][nwthU-R][/Users/Javier/Desktop/elasticsearch-5.0.1/data/nodes/0] free: 14.8gb[13.2%], replicas will not be assigned to this node
[2017-01-27T20:37:35,575][INFO ][o.e.c.r.a.DiskThresholdMonitor] [nwthU-R] low disk watermark [85%] exceeded on [nwthU-RSRJmrdHRK1B-nHg][nwthU-R][/Users/Javier/Desktop/elasticsearch-5.0.1/data/nodes/0] free: 14.8gb[13.2%], replicas will not be assigned to this node
[2017-01-27T20:38:05,620][INFO ][o.e.c.r.a.DiskThresholdMonitor] [nwthU-R] low disk watermark [85%] exceeded on [nwthU-RSRJmrdHRK1B-nHg][nwthU-R][/Users/Javier/Desktop/elasticsearch-5.0.1/data/nodes/0] free: 14.8gb[13.2%], replicas will not be assigned to this node
[2017-01-27T20:38:35,648][INFO ][o.e.c.r.a.DiskThresholdMonitor] [nwthU-R] low disk watermark [85%] exceeded on [nwthU-RSRJmrdHRK1B-nHg][nwthU-R][/Users/Javier/Desktop/elasticsearch-5.0.1/data/nodes/0] free: 14.8gb[13.3%], replicas will not be assigned to this node
[2017-01-27T20:39:05,676][INFO ][o.e.c.r.a.DiskThresholdMonitor] [nwthU-R] low disk watermark [85%] exceeded on [nwthU-RSRJmrdHRK1B-nHg][nwthU-R][/Users/Javier/Desktop/elasticsearch-5.0.1/data/nodes/0] free: 14.8gb[13.3%], replicas will not be assigned to this node
[2017-01-27T20:39:35,706][INFO ][o.e.c.r.a.DiskThresholdMonitor] [nwthU-R] low disk watermark [85%] exceeded on [nwthU-RSRJmrdHRK1B-nHg][nwthU-R][/Users/Javier/Desktop/elasticsearch-5.0.1/data/nodes/0] free: 16.1gb[14.4%], replicas will not be assigned to this node
[2017-01-27T20:40:05,769][INFO ][o.e.c.r.a.DiskThresholdMonitor] [nwthU-R] low disk watermark [85%] exceeded on [nwthU-RSRJmrdHRK1B-nHg][nwthU-R][/Users/Javier/Desktop/elasticsearch-5.0.1/data/nodes/0] free: 16gb[14.3%], replicas will not be assigned to this node
[2017-01-27T20:40:35,823][INFO ][o.e.c.r.a.DiskThresholdMonitor] [nwthU-R] low disk watermark [85%] exceeded on [nwthU-RSRJmrdHRK1B-nHg][nwthU-R][/Users/Javier/Desktop/elasticsearch-5.0.1/data/nodes/0] free: 16gb[14.3%], replicas will not be assigned to this node
[2017-01-27T20:41:05,880][INFO ][o.e.c.r.a.DiskThresholdMonitor] [nwthU-R] low disk watermark [85%] exceeded on [nwthU-RSRJmrdHRK1B-nHg][nwthU-R][/Users/Javier/Desktop/elasticsearch-5.0.1/data/nodes/0] free: 15.9gb[14.2%], replicas will not be assigned to this node
[2017-01-27T20:41:35,921][INFO ][o.e.c.r.a.DiskThresholdMonitor] [nwthU-R] low disk watermark [85%] exceeded on [nwthU-RSRJmrdHRK1B-nHg][nwthU-R][/Users/Javier/Desktop/elasticsearch-5.0.1/data/nodes/0] free: 15.9gb[14.2%], replicas will not be assigned to this node
[2017-01-27T20:42:05,973][INFO ][o.e.c.r.a.DiskThresholdMonitor] [nwthU-R] low disk watermark [85%] exceeded on [nwthU-RSRJmrdHRK1B-nHg][nwthU-R][/Users/Javier/Desktop/elasticsearch-5.0.1/data/nodes/0] free: 15.8gb[14.1%], replicas will not be assigned to this node
[2017-01-27T20:42:36,047][INFO ][o.e.c.r.a.DiskThresholdMonitor] [nwthU-R] low disk watermark [85%] exceeded on [nwthU-RSRJmrdHRK1B-nHg][nwthU-R][/Users/Javier/Desktop/elasticsearch-5.0.1/data/nodes/0] free: 15.7gb[14.1%], replicas will not be assigned to this node
[2017-01-27T20:43:06,107][INFO ][o.e.c.r.a.DiskThresholdMonitor] [nwthU-R] low disk watermark [85%] exceeded on [nwthU-RSRJmrdHRK1B-nHg][nwthU-R][/Users/Javier/Desktop/elasticsearch-5.0.1/data/nodes/0] free: 15.7gb[14%], replicas will not be assigned to this node
[2017-01-27T20:43:36,143][INFO ][o.e.c.r.a.DiskThresholdMonitor] [nwthU-R] low disk watermark [85%] exceeded on [nwthU-RSRJmrdHRK1B-nHg][nwthU-R][/Users/Javier/Desktop/elasticsearch-5.0.1/data/nodes/0] free: 15.6gb[14%], replicas will not be assigned to this node
[2017-01-27T20:44:06,215][INFO ][o.e.c.r.a.DiskThresholdMonitor] [nwthU-R] low disk watermark [85%] exceeded on [nwthU-RSRJmrdHRK1B-nHg][nwthU-R][/Users/Javier/Desktop/elasticsearch-5.0.1/data/nodes/0] free: 15.6gb[13.9%], replicas will not be assigned to this node
[2017-01-27T20:44:36,283][INFO ][o.e.c.r.a.DiskThresholdMonitor] [nwthU-R] low disk watermark [85%] exceeded on [nwthU-RSRJmrdHRK1B-nHg][nwthU-R][/Users/Javier/Desktop/elasticsearch-5.0.1/data/nodes/0] free: 15.5gb[13.9%], replicas will not be assigned to this node
[2017-01-27T20:45:06,333][INFO ][o.e.c.r.a.DiskThresholdMonitor] [nwthU-R] low disk watermark [85%] exceeded on [nwthU-RSRJmrdHRK1B-nHg][nwthU-R][/Users/Javier/Desktop/elasticsearch-5.0.1/data/nodes/0] free: 15.4gb[13.8%], replicas will not be assigned to this node
[2017-01-27T20:45:36,400][INFO ][o.e.c.r.a.DiskThresholdMonitor] [nwthU-R] low disk watermark [85%] exceeded on [nwthU-RSRJmrdHRK1B-nHg][nwthU-R][/Users/Javier/Desktop/elasticsearch-5.0.1/data/nodes/0] free: 15.4gb[13.7%], replicas will not be assigned to this node
[2017-01-27T20:46:06,465][INFO ][o.e.c.r.a.DiskThresholdMonitor] [nwthU-R] low disk watermark [85%] exceeded on [nwthU-RSRJmrdHRK1B-nHg][nwthU-R][/Users/Javier/Desktop/elasticsearch-5.0.1/data/nodes/0] free: 15.3gb[13.7%], replicas will not be assigned to this node
[2017-01-27T20:46:36,516][INFO ][o.e.c.r.a.DiskThresholdMonitor] [nwthU-R] low disk watermark [85%] exceeded on [nwthU-RSRJmrdHRK1B-nHg][nwthU-R][/Users/Javier/Desktop/elasticsearch-5.0.1/data/nodes/0] free: 15.3gb[13.6%], replicas will not be assigned to this node
[2017-01-27T20:47:06,551][INFO ][o.e.c.r.a.DiskThresholdMonitor] [nwthU-R] low disk watermark [85%] exceeded on [nwthU-RSRJmrdHRK1B-nHg][nwthU-R][/Users/Javier/Desktop/elasticsearch-5.0.1/data/nodes/0] free: 15.2gb[13.6%], replicas will not be assigned to this node
[2017-01-27T20:47:36,582][INFO ][o.e.c.r.a.DiskThresholdMonitor] [nwthU-R] low disk watermark [85%] exceeded on [nwthU-RSRJmrdHRK1B-nHg][nwthU-R][/Users/Javier/Desktop/elasticsearch-5.0.1/data/nodes/0] free: 15.2gb[13.6%], replicas will not be assigned to this node
[2017-01-27T20:48:06,622][INFO ][o.e.c.r.a.DiskThresholdMonitor] [nwthU-R] low disk watermark [85%] exceeded on [nwthU-RSRJmrdHRK1B-nHg][nwthU-R][/Users/Javier/Desktop/elasticsearch-5.0.1/data/nodes/0] free: 15.2gb[13.6%], replicas will not be assigned to this node
[2017-01-27T20:55:01,924][INFO ][o.e.c.r.a.DiskThresholdMonitor] [nwthU-R] low disk watermark [85%] exceeded on [nwthU-RSRJmrdHRK1B-nHg][nwthU-R][/Users/Javier/Desktop/elasticsearch-5.0.1/data/nodes/0] free: 15.2gb[13.6%], replicas will not be assigned to this node
[2017-01-27T23:48:13,980][INFO ][o.e.c.r.a.DiskThresholdMonitor] [nwthU-R] low disk watermark [85%] exceeded on [nwthU-RSRJmrdHRK1B-nHg][nwthU-R][/Users/Javier/Desktop/elasticsearch-5.0.1/data/nodes/0] free: 15.2gb[13.6%], replicas will not be assigned to this node
[2017-01-27T23:53:41,781][INFO ][o.e.c.r.a.DiskThresholdMonitor] [nwthU-R] low disk watermark [85%] exceeded on [nwthU-RSRJmrdHRK1B-nHg][nwthU-R][/Users/Javier/Desktop/elasticsearch-5.0.1/data/nodes/0] free: 14.2gb[12.7%], replicas will not be assigned to this node
[2017-01-27T23:54:11,809][INFO ][o.e.c.r.a.DiskThresholdMonitor] [nwthU-R] low disk watermark [85%] exceeded on [nwthU-RSRJmrdHRK1B-nHg][nwthU-R][/Users/Javier/Desktop/elasticsearch-5.0.1/data/nodes/0] free: 14.2gb[12.7%], replicas will not be assigned to this node
[2017-01-27T23:54:41,843][INFO ][o.e.c.r.a.DiskThresholdMonitor] [nwthU-R] low disk watermark [85%] exceeded on [nwthU-RSRJmrdHRK1B-nHg][nwthU-R][/Users/Javier/Desktop/elasticsearch-5.0.1/data/nodes/0] free: 14.2gb[12.7%], replicas will not be assigned to this node
[2017-01-27T23:55:11,878][INFO ][o.e.c.r.a.DiskThresholdMonitor] [nwthU-R] low disk watermark [85%] exceeded on [nwthU-RSRJmrdHRK1B-nHg][nwthU-R][/Users/Javier/Desktop/elasticsearch-5.0.1/data/nodes/0] free: 14.2gb[12.7%], replicas will not be assigned to this node
[2017-01-27T23:55:41,917][INFO ][o.e.c.r.a.DiskThresholdMonitor] [nwthU-R] low disk watermark [85%] exceeded on [nwthU-RSRJmrdHRK1B-nHg][nwthU-R][/Users/Javier/Desktop/elasticsearch-5.0.1/data/nodes/0] free: 15.2gb[13.6%], replicas will not be assigned to this node
[2017-01-27T23:56:11,946][INFO ][o.e.c.r.a.DiskThresholdMonitor] [nwthU-R] low disk watermark [85%] exceeded on [nwthU-RSRJmrdHRK1B-nHg][nwthU-R][/Users/Javier/Desktop/elasticsearch-5.0.1/data/nodes/0] free: 15.2gb[13.6%], replicas will not be assigned to this node
[2017-01-27T23:56:41,979][INFO ][o.e.c.r.a.DiskThresholdMonitor] [nwthU-R] low disk watermark [85%] exceeded on [nwthU-RSRJmrdHRK1B-nHg][nwthU-R][/Users/Javier/Desktop/elasticsearch-5.0.1/data/nodes/0] free: 15.2gb[13.6%], replicas will not be assigned to this node
