[2017-01-14T12:33:22,031][INFO ][o.e.n.Node               ] [] initializing ...
[2017-01-14T12:33:22,137][INFO ][o.e.e.NodeEnvironment    ] [nwthU-R] using [1] data paths, mounts [[/ (/dev/disk1)]], net usable_space [37.5gb], net total_space [111.8gb], spins? [unknown], types [hfs]
[2017-01-14T12:33:22,137][INFO ][o.e.e.NodeEnvironment    ] [nwthU-R] heap size [1.9gb], compressed ordinary object pointers [true]
[2017-01-14T12:33:22,238][INFO ][o.e.n.Node               ] [nwthU-R] node name [nwthU-R] derived from node ID; set [node.name] to override
[2017-01-14T12:33:22,242][INFO ][o.e.n.Node               ] [nwthU-R] version[5.0.1], pid[985], build[080bb47/2016-11-11T22:08:49.812Z], OS[Mac OS X/10.12.2/x86_64], JVM[Oracle Corporation/Java HotSpot(TM) 64-Bit Server VM/1.8.0_111/25.111-b14]
[2017-01-14T12:33:23,600][INFO ][o.e.p.PluginsService     ] [nwthU-R] loaded module [aggs-matrix-stats]
[2017-01-14T12:33:23,600][INFO ][o.e.p.PluginsService     ] [nwthU-R] loaded module [ingest-common]
[2017-01-14T12:33:23,600][INFO ][o.e.p.PluginsService     ] [nwthU-R] loaded module [lang-expression]
[2017-01-14T12:33:23,600][INFO ][o.e.p.PluginsService     ] [nwthU-R] loaded module [lang-groovy]
[2017-01-14T12:33:23,600][INFO ][o.e.p.PluginsService     ] [nwthU-R] loaded module [lang-mustache]
[2017-01-14T12:33:23,601][INFO ][o.e.p.PluginsService     ] [nwthU-R] loaded module [lang-painless]
[2017-01-14T12:33:23,601][INFO ][o.e.p.PluginsService     ] [nwthU-R] loaded module [percolator]
[2017-01-14T12:33:23,601][INFO ][o.e.p.PluginsService     ] [nwthU-R] loaded module [reindex]
[2017-01-14T12:33:23,601][INFO ][o.e.p.PluginsService     ] [nwthU-R] loaded module [transport-netty3]
[2017-01-14T12:33:23,602][INFO ][o.e.p.PluginsService     ] [nwthU-R] loaded module [transport-netty4]
[2017-01-14T12:33:23,602][INFO ][o.e.p.PluginsService     ] [nwthU-R] no plugins loaded
[2017-01-14T12:33:26,827][INFO ][o.e.n.Node               ] [nwthU-R] initialized
[2017-01-14T12:33:26,828][INFO ][o.e.n.Node               ] [nwthU-R] starting ...
[2017-01-14T12:33:32,094][INFO ][o.e.t.TransportService   ] [nwthU-R] publish_address {127.0.0.1:9300}, bound_addresses {[fe80::1]:9300}, {[::1]:9300}, {127.0.0.1:9300}
[2017-01-14T12:33:35,215][INFO ][o.e.c.s.ClusterService   ] [nwthU-R] new_master {nwthU-R}{nwthU-RSRJmrdHRK1B-nHg}{p54Hh4OkTC6WiOoRidNttg}{127.0.0.1}{127.0.0.1:9300}, reason: zen-disco-elected-as-master ([0] nodes joined)
[2017-01-14T12:33:35,241][INFO ][o.e.h.HttpServer         ] [nwthU-R] publish_address {127.0.0.1:9200}, bound_addresses {[fe80::1]:9200}, {[::1]:9200}, {127.0.0.1:9200}
[2017-01-14T12:33:35,241][INFO ][o.e.n.Node               ] [nwthU-R] started
[2017-01-14T12:33:35,590][INFO ][o.e.g.GatewayService     ] [nwthU-R] recovered [9] indices into cluster_state
[2017-01-14T12:33:37,127][INFO ][o.e.c.r.a.AllocationService] [nwthU-R] Cluster health status changed from [RED] to [YELLOW] (reason: [shards started [[footballdata][3], [footballdata][0]] ...]).
[2017-01-14T16:22:00,570][INFO ][o.e.c.m.MetaDataCreateIndexService] [nwthU-R] [footballnews-prueba] creating index, cause [api], templates [], shards [5]/[1], mappings []
[2017-01-14T16:22:00,646][INFO ][o.e.c.s.IndexScopedSettings] [nwthU-R] updating [index.refresh_interval] from [1s] to [-1]
[2017-01-14T16:22:00,651][INFO ][o.e.c.s.IndexScopedSettings] [nwthU-R] updating [index.refresh_interval] from [1s] to [-1]
[2017-01-14T16:22:00,768][INFO ][o.e.c.m.MetaDataMappingService] [nwthU-R] [footballnews-prueba/5oVW9DOwQV2Uglu_YpvlkQ] create_mapping [sentiments]
[2017-01-14T16:22:00,782][INFO ][o.e.c.m.MetaDataMappingService] [nwthU-R] [footballnews-prueba/5oVW9DOwQV2Uglu_YpvlkQ] update_mapping [sentiments]
[2017-01-14T16:22:00,878][INFO ][o.e.c.m.MetaDataMappingService] [nwthU-R] [footballnews-prueba/5oVW9DOwQV2Uglu_YpvlkQ] update_mapping [sentiments]
[2017-01-14T16:22:00,894][INFO ][o.e.c.m.MetaDataMappingService] [nwthU-R] [footballnews-prueba/5oVW9DOwQV2Uglu_YpvlkQ] update_mapping [sentiments]
[2017-01-14T16:22:01,123][INFO ][o.e.c.s.IndexScopedSettings] [nwthU-R] updating [index.refresh_interval] from [-1] to [1s]
[2017-01-14T16:22:01,124][INFO ][o.e.c.s.IndexScopedSettings] [nwthU-R] updating [index.refresh_interval] from [-1] to [1s]
