[2017-01-03T18:37:18,794][INFO ][o.e.n.Node               ] [] initializing ...
[2017-01-03T18:37:18,892][INFO ][o.e.e.NodeEnvironment    ] [nwthU-R] using [1] data paths, mounts [[/ (/dev/disk1)]], net usable_space [37.8gb], net total_space [111.8gb], spins? [unknown], types [hfs]
[2017-01-03T18:37:18,892][INFO ][o.e.e.NodeEnvironment    ] [nwthU-R] heap size [1.9gb], compressed ordinary object pointers [true]
[2017-01-03T18:37:18,966][INFO ][o.e.n.Node               ] [nwthU-R] node name [nwthU-R] derived from node ID; set [node.name] to override
[2017-01-03T18:37:18,970][INFO ][o.e.n.Node               ] [nwthU-R] version[5.0.1], pid[1679], build[080bb47/2016-11-11T22:08:49.812Z], OS[Mac OS X/10.12.1/x86_64], JVM[Oracle Corporation/Java HotSpot(TM) 64-Bit Server VM/1.8.0_111/25.111-b14]
[2017-01-03T18:37:20,056][INFO ][o.e.p.PluginsService     ] [nwthU-R] loaded module [aggs-matrix-stats]
[2017-01-03T18:37:20,056][INFO ][o.e.p.PluginsService     ] [nwthU-R] loaded module [ingest-common]
[2017-01-03T18:37:20,056][INFO ][o.e.p.PluginsService     ] [nwthU-R] loaded module [lang-expression]
[2017-01-03T18:37:20,056][INFO ][o.e.p.PluginsService     ] [nwthU-R] loaded module [lang-groovy]
[2017-01-03T18:37:20,057][INFO ][o.e.p.PluginsService     ] [nwthU-R] loaded module [lang-mustache]
[2017-01-03T18:37:20,057][INFO ][o.e.p.PluginsService     ] [nwthU-R] loaded module [lang-painless]
[2017-01-03T18:37:20,057][INFO ][o.e.p.PluginsService     ] [nwthU-R] loaded module [percolator]
[2017-01-03T18:37:20,057][INFO ][o.e.p.PluginsService     ] [nwthU-R] loaded module [reindex]
[2017-01-03T18:37:20,057][INFO ][o.e.p.PluginsService     ] [nwthU-R] loaded module [transport-netty3]
[2017-01-03T18:37:20,057][INFO ][o.e.p.PluginsService     ] [nwthU-R] loaded module [transport-netty4]
[2017-01-03T18:37:20,058][INFO ][o.e.p.PluginsService     ] [nwthU-R] no plugins loaded
[2017-01-03T18:37:22,844][INFO ][o.e.n.Node               ] [nwthU-R] initialized
[2017-01-03T18:37:22,845][INFO ][o.e.n.Node               ] [nwthU-R] starting ...
[2017-01-03T18:37:28,042][INFO ][o.e.t.TransportService   ] [nwthU-R] publish_address {127.0.0.1:9300}, bound_addresses {[fe80::1]:9300}, {[::1]:9300}, {127.0.0.1:9300}
[2017-01-03T18:37:31,110][INFO ][o.e.c.s.ClusterService   ] [nwthU-R] new_master {nwthU-R}{nwthU-RSRJmrdHRK1B-nHg}{TId9P3YpQLmcDpNIRGkkDQ}{127.0.0.1}{127.0.0.1:9300}, reason: zen-disco-elected-as-master ([0] nodes joined)
[2017-01-03T18:37:31,136][INFO ][o.e.h.HttpServer         ] [nwthU-R] publish_address {127.0.0.1:9200}, bound_addresses {[fe80::1]:9200}, {[::1]:9200}, {127.0.0.1:9200}
[2017-01-03T18:37:31,136][INFO ][o.e.n.Node               ] [nwthU-R] started
[2017-01-03T18:37:31,466][INFO ][o.e.g.GatewayService     ] [nwthU-R] recovered [7] indices into cluster_state
[2017-01-03T18:37:32,335][INFO ][o.e.c.r.a.AllocationService] [nwthU-R] Cluster health status changed from [RED] to [YELLOW] (reason: [shards started [[footballdata][2]] ...]).
[2017-01-03T19:31:32,200][DEBUG][o.e.a.s.TransportSearchAction] [nwthU-R] [marca][3], node[nwthU-RSRJmrdHRK1B-nHg], [P], s[STARTED], a[id=FYom8pe_QlShLKke7MUKFg]: Failed to execute [SearchRequest{searchType=QUERY_THEN_FETCH, indices=[marca], indicesOptions=IndicesOptions[id=38, ignore_unavailable=false, allow_no_indices=true, expand_wildcards_open=true, expand_wildcards_closed=false, allow_alisases_to_multiple_indices=true, forbid_closed_indices=true], types=[sentiments], routing='null', preference='null', requestCache=null, scroll=null, source={
  "size" : 5000,
  "query" : {
    "match_all" : {
      "boost" : 1.0
    }
  },
  "_source" : {
    "includes" : [ ],
    "excludes" : [ ]
  },
  "stored_fields" : [
    "polarity",
    "@timestamp"
  ],
  "sort" : [
    {
      "@timestamp" : {
        "order" : "desc"
      }
    }
  ],
  "ext" : { }
}}] lastShard [true]
org.elasticsearch.transport.RemoteTransportException: [nwthU-R][127.0.0.1:9300][indices:data/read/search[phase/query]]
Caused by: org.elasticsearch.index.query.QueryShardException: No mapping found for [@timestamp] in order to sort on
	at org.elasticsearch.search.sort.FieldSortBuilder.build(FieldSortBuilder.java:266) ~[elasticsearch-5.0.1.jar:5.0.1]
	at org.elasticsearch.search.sort.SortBuilder.buildSort(SortBuilder.java:151) ~[elasticsearch-5.0.1.jar:5.0.1]
	at org.elasticsearch.search.SearchService.parseSource(SearchService.java:678) ~[elasticsearch-5.0.1.jar:5.0.1]
	at org.elasticsearch.search.SearchService.createContext(SearchService.java:536) ~[elasticsearch-5.0.1.jar:5.0.1]
	at org.elasticsearch.search.SearchService.createAndPutContext(SearchService.java:502) ~[elasticsearch-5.0.1.jar:5.0.1]
	at org.elasticsearch.search.SearchService.executeQueryPhase(SearchService.java:243) ~[elasticsearch-5.0.1.jar:5.0.1]
	at org.elasticsearch.action.search.SearchTransportService.lambda$registerRequestHandler$6(SearchTransportService.java:276) ~[elasticsearch-5.0.1.jar:5.0.1]
	at org.elasticsearch.transport.TransportRequestHandler.messageReceived(TransportRequestHandler.java:33) ~[elasticsearch-5.0.1.jar:5.0.1]
	at org.elasticsearch.transport.RequestHandlerRegistry.processMessageReceived(RequestHandlerRegistry.java:69) ~[elasticsearch-5.0.1.jar:5.0.1]
	at org.elasticsearch.transport.TransportService$6.doRun(TransportService.java:548) [elasticsearch-5.0.1.jar:5.0.1]
	at org.elasticsearch.common.util.concurrent.ThreadContext$ContextPreservingAbstractRunnable.doRun(ThreadContext.java:520) [elasticsearch-5.0.1.jar:5.0.1]
	at org.elasticsearch.common.util.concurrent.AbstractRunnable.run(AbstractRunnable.java:37) [elasticsearch-5.0.1.jar:5.0.1]
	at java.util.concurrent.ThreadPoolExecutor.runWorker(ThreadPoolExecutor.java:1142) [?:1.8.0_111]
	at java.util.concurrent.ThreadPoolExecutor$Worker.run(ThreadPoolExecutor.java:617) [?:1.8.0_111]
	at java.lang.Thread.run(Thread.java:745) [?:1.8.0_111]
[2017-01-03T19:31:32,200][DEBUG][o.e.a.s.TransportSearchAction] [nwthU-R] [marca][4], node[nwthU-RSRJmrdHRK1B-nHg], [P], s[STARTED], a[id=5V2C6K-pTjmU9Yk58mMefA]: Failed to execute [SearchRequest{searchType=QUERY_THEN_FETCH, indices=[marca], indicesOptions=IndicesOptions[id=38, ignore_unavailable=false, allow_no_indices=true, expand_wildcards_open=true, expand_wildcards_closed=false, allow_alisases_to_multiple_indices=true, forbid_closed_indices=true], types=[sentiments], routing='null', preference='null', requestCache=null, scroll=null, source={
  "size" : 5000,
  "query" : {
    "match_all" : {
      "boost" : 1.0
    }
  },
  "_source" : {
    "includes" : [ ],
    "excludes" : [ ]
  },
  "stored_fields" : [
    "polarity",
    "@timestamp"
  ],
  "sort" : [
    {
      "@timestamp" : {
        "order" : "desc"
      }
    }
  ],
  "ext" : { }
}}] lastShard [true]
org.elasticsearch.transport.RemoteTransportException: [nwthU-R][127.0.0.1:9300][indices:data/read/search[phase/query]]
Caused by: org.elasticsearch.index.query.QueryShardException: No mapping found for [@timestamp] in order to sort on
	at org.elasticsearch.search.sort.FieldSortBuilder.build(FieldSortBuilder.java:266) ~[elasticsearch-5.0.1.jar:5.0.1]
	at org.elasticsearch.search.sort.SortBuilder.buildSort(SortBuilder.java:151) ~[elasticsearch-5.0.1.jar:5.0.1]
	at org.elasticsearch.search.SearchService.parseSource(SearchService.java:678) ~[elasticsearch-5.0.1.jar:5.0.1]
	at org.elasticsearch.search.SearchService.createContext(SearchService.java:536) ~[elasticsearch-5.0.1.jar:5.0.1]
	at org.elasticsearch.search.SearchService.createAndPutContext(SearchService.java:502) ~[elasticsearch-5.0.1.jar:5.0.1]
	at org.elasticsearch.search.SearchService.executeQueryPhase(SearchService.java:243) ~[elasticsearch-5.0.1.jar:5.0.1]
	at org.elasticsearch.action.search.SearchTransportService.lambda$registerRequestHandler$6(SearchTransportService.java:276) ~[elasticsearch-5.0.1.jar:5.0.1]
	at org.elasticsearch.transport.TransportRequestHandler.messageReceived(TransportRequestHandler.java:33) ~[elasticsearch-5.0.1.jar:5.0.1]
	at org.elasticsearch.transport.RequestHandlerRegistry.processMessageReceived(RequestHandlerRegistry.java:69) ~[elasticsearch-5.0.1.jar:5.0.1]
	at org.elasticsearch.transport.TransportService$6.doRun(TransportService.java:548) [elasticsearch-5.0.1.jar:5.0.1]
	at org.elasticsearch.common.util.concurrent.ThreadContext$ContextPreservingAbstractRunnable.doRun(ThreadContext.java:520) [elasticsearch-5.0.1.jar:5.0.1]
	at org.elasticsearch.common.util.concurrent.AbstractRunnable.run(AbstractRunnable.java:37) [elasticsearch-5.0.1.jar:5.0.1]
	at java.util.concurrent.ThreadPoolExecutor.runWorker(ThreadPoolExecutor.java:1142) [?:1.8.0_111]
	at java.util.concurrent.ThreadPoolExecutor$Worker.run(ThreadPoolExecutor.java:617) [?:1.8.0_111]
	at java.lang.Thread.run(Thread.java:745) [?:1.8.0_111]
[2017-01-03T19:31:32,201][DEBUG][o.e.a.s.TransportSearchAction] [nwthU-R] [marca][1], node[nwthU-RSRJmrdHRK1B-nHg], [P], s[STARTED], a[id=58hvANIKSpu2Hex6CZ35FA]: Failed to execute [SearchRequest{searchType=QUERY_THEN_FETCH, indices=[marca], indicesOptions=IndicesOptions[id=38, ignore_unavailable=false, allow_no_indices=true, expand_wildcards_open=true, expand_wildcards_closed=false, allow_alisases_to_multiple_indices=true, forbid_closed_indices=true], types=[sentiments], routing='null', preference='null', requestCache=null, scroll=null, source={
  "size" : 5000,
  "query" : {
    "match_all" : {
      "boost" : 1.0
    }
  },
  "_source" : {
    "includes" : [ ],
    "excludes" : [ ]
  },
  "stored_fields" : [
    "polarity",
    "@timestamp"
  ],
  "sort" : [
    {
      "@timestamp" : {
        "order" : "desc"
      }
    }
  ],
  "ext" : { }
}}]
org.elasticsearch.transport.RemoteTransportException: [nwthU-R][127.0.0.1:9300][indices:data/read/search[phase/query]]
Caused by: org.elasticsearch.index.query.QueryShardException: No mapping found for [@timestamp] in order to sort on
	at org.elasticsearch.search.sort.FieldSortBuilder.build(FieldSortBuilder.java:266) ~[elasticsearch-5.0.1.jar:5.0.1]
	at org.elasticsearch.search.sort.SortBuilder.buildSort(SortBuilder.java:151) ~[elasticsearch-5.0.1.jar:5.0.1]
	at org.elasticsearch.search.SearchService.parseSource(SearchService.java:678) ~[elasticsearch-5.0.1.jar:5.0.1]
	at org.elasticsearch.search.SearchService.createContext(SearchService.java:536) ~[elasticsearch-5.0.1.jar:5.0.1]
	at org.elasticsearch.search.SearchService.createAndPutContext(SearchService.java:502) ~[elasticsearch-5.0.1.jar:5.0.1]
	at org.elasticsearch.search.SearchService.executeQueryPhase(SearchService.java:243) ~[elasticsearch-5.0.1.jar:5.0.1]
	at org.elasticsearch.action.search.SearchTransportService.lambda$registerRequestHandler$6(SearchTransportService.java:276) ~[elasticsearch-5.0.1.jar:5.0.1]
	at org.elasticsearch.transport.TransportRequestHandler.messageReceived(TransportRequestHandler.java:33) ~[elasticsearch-5.0.1.jar:5.0.1]
	at org.elasticsearch.transport.RequestHandlerRegistry.processMessageReceived(RequestHandlerRegistry.java:69) ~[elasticsearch-5.0.1.jar:5.0.1]
	at org.elasticsearch.transport.TransportService$6.doRun(TransportService.java:548) [elasticsearch-5.0.1.jar:5.0.1]
	at org.elasticsearch.common.util.concurrent.ThreadContext$ContextPreservingAbstractRunnable.doRun(ThreadContext.java:520) [elasticsearch-5.0.1.jar:5.0.1]
	at org.elasticsearch.common.util.concurrent.AbstractRunnable.run(AbstractRunnable.java:37) [elasticsearch-5.0.1.jar:5.0.1]
	at java.util.concurrent.ThreadPoolExecutor.runWorker(ThreadPoolExecutor.java:1142) [?:1.8.0_111]
	at java.util.concurrent.ThreadPoolExecutor$Worker.run(ThreadPoolExecutor.java:617) [?:1.8.0_111]
	at java.lang.Thread.run(Thread.java:745) [?:1.8.0_111]
[2017-01-03T19:31:32,201][DEBUG][o.e.a.s.TransportSearchAction] [nwthU-R] [marca][0], node[nwthU-RSRJmrdHRK1B-nHg], [P], s[STARTED], a[id=bjZg21XtTGGcFH0Of9cZ0g]: Failed to execute [SearchRequest{searchType=QUERY_THEN_FETCH, indices=[marca], indicesOptions=IndicesOptions[id=38, ignore_unavailable=false, allow_no_indices=true, expand_wildcards_open=true, expand_wildcards_closed=false, allow_alisases_to_multiple_indices=true, forbid_closed_indices=true], types=[sentiments], routing='null', preference='null', requestCache=null, scroll=null, source={
  "size" : 5000,
  "query" : {
    "match_all" : {
      "boost" : 1.0
    }
  },
  "_source" : {
    "includes" : [ ],
    "excludes" : [ ]
  },
  "stored_fields" : [
    "polarity",
    "@timestamp"
  ],
  "sort" : [
    {
      "@timestamp" : {
        "order" : "desc"
      }
    }
  ],
  "ext" : { }
}}] lastShard [true]
org.elasticsearch.transport.RemoteTransportException: [nwthU-R][127.0.0.1:9300][indices:data/read/search[phase/query]]
Caused by: org.elasticsearch.index.query.QueryShardException: No mapping found for [@timestamp] in order to sort on
	at org.elasticsearch.search.sort.FieldSortBuilder.build(FieldSortBuilder.java:266) ~[elasticsearch-5.0.1.jar:5.0.1]
	at org.elasticsearch.search.sort.SortBuilder.buildSort(SortBuilder.java:151) ~[elasticsearch-5.0.1.jar:5.0.1]
	at org.elasticsearch.search.SearchService.parseSource(SearchService.java:678) ~[elasticsearch-5.0.1.jar:5.0.1]
	at org.elasticsearch.search.SearchService.createContext(SearchService.java:536) ~[elasticsearch-5.0.1.jar:5.0.1]
	at org.elasticsearch.search.SearchService.createAndPutContext(SearchService.java:502) ~[elasticsearch-5.0.1.jar:5.0.1]
	at org.elasticsearch.search.SearchService.executeQueryPhase(SearchService.java:243) ~[elasticsearch-5.0.1.jar:5.0.1]
	at org.elasticsearch.action.search.SearchTransportService.lambda$registerRequestHandler$6(SearchTransportService.java:276) ~[elasticsearch-5.0.1.jar:5.0.1]
	at org.elasticsearch.transport.TransportRequestHandler.messageReceived(TransportRequestHandler.java:33) ~[elasticsearch-5.0.1.jar:5.0.1]
	at org.elasticsearch.transport.RequestHandlerRegistry.processMessageReceived(RequestHandlerRegistry.java:69) ~[elasticsearch-5.0.1.jar:5.0.1]
	at org.elasticsearch.transport.TransportService$6.doRun(TransportService.java:548) [elasticsearch-5.0.1.jar:5.0.1]
	at org.elasticsearch.common.util.concurrent.ThreadContext$ContextPreservingAbstractRunnable.doRun(ThreadContext.java:520) [elasticsearch-5.0.1.jar:5.0.1]
	at org.elasticsearch.common.util.concurrent.AbstractRunnable.run(AbstractRunnable.java:37) [elasticsearch-5.0.1.jar:5.0.1]
	at java.util.concurrent.ThreadPoolExecutor.runWorker(ThreadPoolExecutor.java:1142) [?:1.8.0_111]
	at java.util.concurrent.ThreadPoolExecutor$Worker.run(ThreadPoolExecutor.java:617) [?:1.8.0_111]
	at java.lang.Thread.run(Thread.java:745) [?:1.8.0_111]
[2017-01-03T19:31:32,199][DEBUG][o.e.a.s.TransportSearchAction] [nwthU-R] [marca][2], node[nwthU-RSRJmrdHRK1B-nHg], [P], s[STARTED], a[id=S33cDvoCSHm5hNOOXJWdEA]: Failed to execute [SearchRequest{searchType=QUERY_THEN_FETCH, indices=[marca], indicesOptions=IndicesOptions[id=38, ignore_unavailable=false, allow_no_indices=true, expand_wildcards_open=true, expand_wildcards_closed=false, allow_alisases_to_multiple_indices=true, forbid_closed_indices=true], types=[sentiments], routing='null', preference='null', requestCache=null, scroll=null, source={
  "size" : 5000,
  "query" : {
    "match_all" : {
      "boost" : 1.0
    }
  },
  "_source" : {
    "includes" : [ ],
    "excludes" : [ ]
  },
  "stored_fields" : [
    "polarity",
    "@timestamp"
  ],
  "sort" : [
    {
      "@timestamp" : {
        "order" : "desc"
      }
    }
  ],
  "ext" : { }
}}] lastShard [true]
org.elasticsearch.transport.RemoteTransportException: [nwthU-R][127.0.0.1:9300][indices:data/read/search[phase/query]]
Caused by: org.elasticsearch.index.query.QueryShardException: No mapping found for [@timestamp] in order to sort on
	at org.elasticsearch.search.sort.FieldSortBuilder.build(FieldSortBuilder.java:266) ~[elasticsearch-5.0.1.jar:5.0.1]
	at org.elasticsearch.search.sort.SortBuilder.buildSort(SortBuilder.java:151) ~[elasticsearch-5.0.1.jar:5.0.1]
	at org.elasticsearch.search.SearchService.parseSource(SearchService.java:678) ~[elasticsearch-5.0.1.jar:5.0.1]
	at org.elasticsearch.search.SearchService.createContext(SearchService.java:536) ~[elasticsearch-5.0.1.jar:5.0.1]
	at org.elasticsearch.search.SearchService.createAndPutContext(SearchService.java:502) ~[elasticsearch-5.0.1.jar:5.0.1]
	at org.elasticsearch.search.SearchService.executeQueryPhase(SearchService.java:243) ~[elasticsearch-5.0.1.jar:5.0.1]
	at org.elasticsearch.action.search.SearchTransportService.lambda$registerRequestHandler$6(SearchTransportService.java:276) ~[elasticsearch-5.0.1.jar:5.0.1]
	at org.elasticsearch.transport.TransportRequestHandler.messageReceived(TransportRequestHandler.java:33) ~[elasticsearch-5.0.1.jar:5.0.1]
	at org.elasticsearch.transport.RequestHandlerRegistry.processMessageReceived(RequestHandlerRegistry.java:69) ~[elasticsearch-5.0.1.jar:5.0.1]
	at org.elasticsearch.transport.TransportService$6.doRun(TransportService.java:548) [elasticsearch-5.0.1.jar:5.0.1]
	at org.elasticsearch.common.util.concurrent.ThreadContext$ContextPreservingAbstractRunnable.doRun(ThreadContext.java:520) [elasticsearch-5.0.1.jar:5.0.1]
	at org.elasticsearch.common.util.concurrent.AbstractRunnable.run(AbstractRunnable.java:37) [elasticsearch-5.0.1.jar:5.0.1]
	at java.util.concurrent.ThreadPoolExecutor.runWorker(ThreadPoolExecutor.java:1142) [?:1.8.0_111]
	at java.util.concurrent.ThreadPoolExecutor$Worker.run(ThreadPoolExecutor.java:617) [?:1.8.0_111]
	at java.lang.Thread.run(Thread.java:745) [?:1.8.0_111]
[2017-01-03T19:31:32,514][DEBUG][o.e.a.s.TransportSearchAction] [nwthU-R] All shards failed for phase: [query]
org.elasticsearch.transport.RemoteTransportException: [nwthU-R][127.0.0.1:9300][indices:data/read/search[phase/query]]
Caused by: org.elasticsearch.index.query.QueryShardException: No mapping found for [@timestamp] in order to sort on
	at org.elasticsearch.search.sort.FieldSortBuilder.build(FieldSortBuilder.java:266) ~[elasticsearch-5.0.1.jar:5.0.1]
	at org.elasticsearch.search.sort.SortBuilder.buildSort(SortBuilder.java:151) ~[elasticsearch-5.0.1.jar:5.0.1]
	at org.elasticsearch.search.SearchService.parseSource(SearchService.java:678) ~[elasticsearch-5.0.1.jar:5.0.1]
	at org.elasticsearch.search.SearchService.createContext(SearchService.java:536) ~[elasticsearch-5.0.1.jar:5.0.1]
	at org.elasticsearch.search.SearchService.createAndPutContext(SearchService.java:502) ~[elasticsearch-5.0.1.jar:5.0.1]
	at org.elasticsearch.search.SearchService.executeQueryPhase(SearchService.java:243) ~[elasticsearch-5.0.1.jar:5.0.1]
	at org.elasticsearch.action.search.SearchTransportService.lambda$registerRequestHandler$6(SearchTransportService.java:276) ~[elasticsearch-5.0.1.jar:5.0.1]
	at org.elasticsearch.transport.TransportRequestHandler.messageReceived(TransportRequestHandler.java:33) ~[elasticsearch-5.0.1.jar:5.0.1]
	at org.elasticsearch.transport.RequestHandlerRegistry.processMessageReceived(RequestHandlerRegistry.java:69) ~[elasticsearch-5.0.1.jar:5.0.1]
	at org.elasticsearch.transport.TransportService$6.doRun(TransportService.java:548) [elasticsearch-5.0.1.jar:5.0.1]
	at org.elasticsearch.common.util.concurrent.ThreadContext$ContextPreservingAbstractRunnable.doRun(ThreadContext.java:520) [elasticsearch-5.0.1.jar:5.0.1]
	at org.elasticsearch.common.util.concurrent.AbstractRunnable.run(AbstractRunnable.java:37) [elasticsearch-5.0.1.jar:5.0.1]
	at java.util.concurrent.ThreadPoolExecutor.runWorker(ThreadPoolExecutor.java:1142) [?:1.8.0_111]
	at java.util.concurrent.ThreadPoolExecutor$Worker.run(ThreadPoolExecutor.java:617) [?:1.8.0_111]
	at java.lang.Thread.run(Thread.java:745) [?:1.8.0_111]
[2017-01-03T19:31:34,047][DEBUG][o.e.a.s.TransportSearchAction] [nwthU-R] [marca][1], node[nwthU-RSRJmrdHRK1B-nHg], [P], s[STARTED], a[id=58hvANIKSpu2Hex6CZ35FA]: Failed to execute [SearchRequest{searchType=QUERY_THEN_FETCH, indices=[marca], indicesOptions=IndicesOptions[id=38, ignore_unavailable=false, allow_no_indices=true, expand_wildcards_open=true, expand_wildcards_closed=false, allow_alisases_to_multiple_indices=true, forbid_closed_indices=true], types=[sentiments], routing='null', preference='null', requestCache=null, scroll=null, source={
  "size" : 5000,
  "query" : {
    "match_all" : {
      "boost" : 1.0
    }
  },
  "_source" : {
    "includes" : [ ],
    "excludes" : [ ]
  },
  "stored_fields" : [
    "polarity",
    "@timestamp"
  ],
  "sort" : [
    {
      "@timestamp" : {
        "order" : "desc"
      }
    }
  ],
  "ext" : { }
}}] lastShard [true]
org.elasticsearch.transport.RemoteTransportException: [nwthU-R][127.0.0.1:9300][indices:data/read/search[phase/query]]
Caused by: org.elasticsearch.index.query.QueryShardException: No mapping found for [@timestamp] in order to sort on
	at org.elasticsearch.search.sort.FieldSortBuilder.build(FieldSortBuilder.java:266) ~[elasticsearch-5.0.1.jar:5.0.1]
	at org.elasticsearch.search.sort.SortBuilder.buildSort(SortBuilder.java:151) ~[elasticsearch-5.0.1.jar:5.0.1]
	at org.elasticsearch.search.SearchService.parseSource(SearchService.java:678) ~[elasticsearch-5.0.1.jar:5.0.1]
	at org.elasticsearch.search.SearchService.createContext(SearchService.java:536) ~[elasticsearch-5.0.1.jar:5.0.1]
	at org.elasticsearch.search.SearchService.createAndPutContext(SearchService.java:502) ~[elasticsearch-5.0.1.jar:5.0.1]
	at org.elasticsearch.search.SearchService.executeQueryPhase(SearchService.java:243) ~[elasticsearch-5.0.1.jar:5.0.1]
	at org.elasticsearch.action.search.SearchTransportService.lambda$registerRequestHandler$6(SearchTransportService.java:276) ~[elasticsearch-5.0.1.jar:5.0.1]
	at org.elasticsearch.transport.TransportRequestHandler.messageReceived(TransportRequestHandler.java:33) ~[elasticsearch-5.0.1.jar:5.0.1]
	at org.elasticsearch.transport.RequestHandlerRegistry.processMessageReceived(RequestHandlerRegistry.java:69) ~[elasticsearch-5.0.1.jar:5.0.1]
	at org.elasticsearch.transport.TransportService$6.doRun(TransportService.java:548) [elasticsearch-5.0.1.jar:5.0.1]
	at org.elasticsearch.common.util.concurrent.ThreadContext$ContextPreservingAbstractRunnable.doRun(ThreadContext.java:520) [elasticsearch-5.0.1.jar:5.0.1]
	at org.elasticsearch.common.util.concurrent.AbstractRunnable.run(AbstractRunnable.java:37) [elasticsearch-5.0.1.jar:5.0.1]
	at java.util.concurrent.ThreadPoolExecutor.runWorker(ThreadPoolExecutor.java:1142) [?:1.8.0_111]
	at java.util.concurrent.ThreadPoolExecutor$Worker.run(ThreadPoolExecutor.java:617) [?:1.8.0_111]
	at java.lang.Thread.run(Thread.java:745) [?:1.8.0_111]
[2017-01-03T19:31:34,048][DEBUG][o.e.a.s.TransportSearchAction] [nwthU-R] [marca][3], node[nwthU-RSRJmrdHRK1B-nHg], [P], s[STARTED], a[id=FYom8pe_QlShLKke7MUKFg]: Failed to execute [SearchRequest{searchType=QUERY_THEN_FETCH, indices=[marca], indicesOptions=IndicesOptions[id=38, ignore_unavailable=false, allow_no_indices=true, expand_wildcards_open=true, expand_wildcards_closed=false, allow_alisases_to_multiple_indices=true, forbid_closed_indices=true], types=[sentiments], routing='null', preference='null', requestCache=null, scroll=null, source={
  "size" : 5000,
  "query" : {
    "match_all" : {
      "boost" : 1.0
    }
  },
  "_source" : {
    "includes" : [ ],
    "excludes" : [ ]
  },
  "stored_fields" : [
    "polarity",
    "@timestamp"
  ],
  "sort" : [
    {
      "@timestamp" : {
        "order" : "desc"
      }
    }
  ],
  "ext" : { }
}}] lastShard [true]
org.elasticsearch.transport.RemoteTransportException: [nwthU-R][127.0.0.1:9300][indices:data/read/search[phase/query]]
Caused by: org.elasticsearch.index.query.QueryShardException: No mapping found for [@timestamp] in order to sort on
	at org.elasticsearch.search.sort.FieldSortBuilder.build(FieldSortBuilder.java:266) ~[elasticsearch-5.0.1.jar:5.0.1]
	at org.elasticsearch.search.sort.SortBuilder.buildSort(SortBuilder.java:151) ~[elasticsearch-5.0.1.jar:5.0.1]
	at org.elasticsearch.search.SearchService.parseSource(SearchService.java:678) ~[elasticsearch-5.0.1.jar:5.0.1]
	at org.elasticsearch.search.SearchService.createContext(SearchService.java:536) ~[elasticsearch-5.0.1.jar:5.0.1]
	at org.elasticsearch.search.SearchService.createAndPutContext(SearchService.java:502) ~[elasticsearch-5.0.1.jar:5.0.1]
	at org.elasticsearch.search.SearchService.executeQueryPhase(SearchService.java:243) ~[elasticsearch-5.0.1.jar:5.0.1]
	at org.elasticsearch.action.search.SearchTransportService.lambda$registerRequestHandler$6(SearchTransportService.java:276) ~[elasticsearch-5.0.1.jar:5.0.1]
	at org.elasticsearch.transport.TransportRequestHandler.messageReceived(TransportRequestHandler.java:33) ~[elasticsearch-5.0.1.jar:5.0.1]
	at org.elasticsearch.transport.RequestHandlerRegistry.processMessageReceived(RequestHandlerRegistry.java:69) ~[elasticsearch-5.0.1.jar:5.0.1]
	at org.elasticsearch.transport.TransportService$6.doRun(TransportService.java:548) [elasticsearch-5.0.1.jar:5.0.1]
	at org.elasticsearch.common.util.concurrent.ThreadContext$ContextPreservingAbstractRunnable.doRun(ThreadContext.java:520) [elasticsearch-5.0.1.jar:5.0.1]
	at org.elasticsearch.common.util.concurrent.AbstractRunnable.run(AbstractRunnable.java:37) [elasticsearch-5.0.1.jar:5.0.1]
	at java.util.concurrent.ThreadPoolExecutor.runWorker(ThreadPoolExecutor.java:1142) [?:1.8.0_111]
	at java.util.concurrent.ThreadPoolExecutor$Worker.run(ThreadPoolExecutor.java:617) [?:1.8.0_111]
	at java.lang.Thread.run(Thread.java:745) [?:1.8.0_111]
[2017-01-03T19:31:34,048][DEBUG][o.e.a.s.TransportSearchAction] [nwthU-R] [marca][4], node[nwthU-RSRJmrdHRK1B-nHg], [P], s[STARTED], a[id=5V2C6K-pTjmU9Yk58mMefA]: Failed to execute [SearchRequest{searchType=QUERY_THEN_FETCH, indices=[marca], indicesOptions=IndicesOptions[id=38, ignore_unavailable=false, allow_no_indices=true, expand_wildcards_open=true, expand_wildcards_closed=false, allow_alisases_to_multiple_indices=true, forbid_closed_indices=true], types=[sentiments], routing='null', preference='null', requestCache=null, scroll=null, source={
  "size" : 5000,
  "query" : {
    "match_all" : {
      "boost" : 1.0
    }
  },
  "_source" : {
    "includes" : [ ],
    "excludes" : [ ]
  },
  "stored_fields" : [
    "polarity",
    "@timestamp"
  ],
  "sort" : [
    {
      "@timestamp" : {
        "order" : "desc"
      }
    }
  ],
  "ext" : { }
}}]
org.elasticsearch.transport.RemoteTransportException: [nwthU-R][127.0.0.1:9300][indices:data/read/search[phase/query]]
Caused by: org.elasticsearch.index.query.QueryShardException: No mapping found for [@timestamp] in order to sort on
	at org.elasticsearch.search.sort.FieldSortBuilder.build(FieldSortBuilder.java:266) ~[elasticsearch-5.0.1.jar:5.0.1]
	at org.elasticsearch.search.sort.SortBuilder.buildSort(SortBuilder.java:151) ~[elasticsearch-5.0.1.jar:5.0.1]
	at org.elasticsearch.search.SearchService.parseSource(SearchService.java:678) ~[elasticsearch-5.0.1.jar:5.0.1]
	at org.elasticsearch.search.SearchService.createContext(SearchService.java:536) ~[elasticsearch-5.0.1.jar:5.0.1]
	at org.elasticsearch.search.SearchService.createAndPutContext(SearchService.java:502) ~[elasticsearch-5.0.1.jar:5.0.1]
	at org.elasticsearch.search.SearchService.executeQueryPhase(SearchService.java:243) ~[elasticsearch-5.0.1.jar:5.0.1]
	at org.elasticsearch.action.search.SearchTransportService.lambda$registerRequestHandler$6(SearchTransportService.java:276) ~[elasticsearch-5.0.1.jar:5.0.1]
	at org.elasticsearch.transport.TransportRequestHandler.messageReceived(TransportRequestHandler.java:33) ~[elasticsearch-5.0.1.jar:5.0.1]
	at org.elasticsearch.transport.RequestHandlerRegistry.processMessageReceived(RequestHandlerRegistry.java:69) ~[elasticsearch-5.0.1.jar:5.0.1]
	at org.elasticsearch.transport.TransportService$6.doRun(TransportService.java:548) [elasticsearch-5.0.1.jar:5.0.1]
	at org.elasticsearch.common.util.concurrent.ThreadContext$ContextPreservingAbstractRunnable.doRun(ThreadContext.java:520) [elasticsearch-5.0.1.jar:5.0.1]
	at org.elasticsearch.common.util.concurrent.AbstractRunnable.run(AbstractRunnable.java:37) [elasticsearch-5.0.1.jar:5.0.1]
	at java.util.concurrent.ThreadPoolExecutor.runWorker(ThreadPoolExecutor.java:1142) [?:1.8.0_111]
	at java.util.concurrent.ThreadPoolExecutor$Worker.run(ThreadPoolExecutor.java:617) [?:1.8.0_111]
	at java.lang.Thread.run(Thread.java:745) [?:1.8.0_111]
[2017-01-03T19:31:34,049][DEBUG][o.e.a.s.TransportSearchAction] [nwthU-R] [marca][0], node[nwthU-RSRJmrdHRK1B-nHg], [P], s[STARTED], a[id=bjZg21XtTGGcFH0Of9cZ0g]: Failed to execute [SearchRequest{searchType=QUERY_THEN_FETCH, indices=[marca], indicesOptions=IndicesOptions[id=38, ignore_unavailable=false, allow_no_indices=true, expand_wildcards_open=true, expand_wildcards_closed=false, allow_alisases_to_multiple_indices=true, forbid_closed_indices=true], types=[sentiments], routing='null', preference='null', requestCache=null, scroll=null, source={
  "size" : 5000,
  "query" : {
    "match_all" : {
      "boost" : 1.0
    }
  },
  "_source" : {
    "includes" : [ ],
    "excludes" : [ ]
  },
  "stored_fields" : [
    "polarity",
    "@timestamp"
  ],
  "sort" : [
    {
      "@timestamp" : {
        "order" : "desc"
      }
    }
  ],
  "ext" : { }
}}] lastShard [true]
org.elasticsearch.transport.RemoteTransportException: [nwthU-R][127.0.0.1:9300][indices:data/read/search[phase/query]]
Caused by: org.elasticsearch.index.query.QueryShardException: No mapping found for [@timestamp] in order to sort on
	at org.elasticsearch.search.sort.FieldSortBuilder.build(FieldSortBuilder.java:266) ~[elasticsearch-5.0.1.jar:5.0.1]
	at org.elasticsearch.search.sort.SortBuilder.buildSort(SortBuilder.java:151) ~[elasticsearch-5.0.1.jar:5.0.1]
	at org.elasticsearch.search.SearchService.parseSource(SearchService.java:678) ~[elasticsearch-5.0.1.jar:5.0.1]
	at org.elasticsearch.search.SearchService.createContext(SearchService.java:536) ~[elasticsearch-5.0.1.jar:5.0.1]
	at org.elasticsearch.search.SearchService.createAndPutContext(SearchService.java:502) ~[elasticsearch-5.0.1.jar:5.0.1]
	at org.elasticsearch.search.SearchService.executeQueryPhase(SearchService.java:243) ~[elasticsearch-5.0.1.jar:5.0.1]
	at org.elasticsearch.action.search.SearchTransportService.lambda$registerRequestHandler$6(SearchTransportService.java:276) ~[elasticsearch-5.0.1.jar:5.0.1]
	at org.elasticsearch.transport.TransportRequestHandler.messageReceived(TransportRequestHandler.java:33) ~[elasticsearch-5.0.1.jar:5.0.1]
	at org.elasticsearch.transport.RequestHandlerRegistry.processMessageReceived(RequestHandlerRegistry.java:69) ~[elasticsearch-5.0.1.jar:5.0.1]
	at org.elasticsearch.transport.TransportService$6.doRun(TransportService.java:548) [elasticsearch-5.0.1.jar:5.0.1]
	at org.elasticsearch.common.util.concurrent.ThreadContext$ContextPreservingAbstractRunnable.doRun(ThreadContext.java:520) [elasticsearch-5.0.1.jar:5.0.1]
	at org.elasticsearch.common.util.concurrent.AbstractRunnable.run(AbstractRunnable.java:37) [elasticsearch-5.0.1.jar:5.0.1]
	at java.util.concurrent.ThreadPoolExecutor.runWorker(ThreadPoolExecutor.java:1142) [?:1.8.0_111]
	at java.util.concurrent.ThreadPoolExecutor$Worker.run(ThreadPoolExecutor.java:617) [?:1.8.0_111]
	at java.lang.Thread.run(Thread.java:745) [?:1.8.0_111]
[2017-01-03T19:31:34,051][DEBUG][o.e.a.s.TransportSearchAction] [nwthU-R] All shards failed for phase: [query]
org.elasticsearch.transport.RemoteTransportException: [nwthU-R][127.0.0.1:9300][indices:data/read/search[phase/query]]
Caused by: org.elasticsearch.index.query.QueryShardException: No mapping found for [@timestamp] in order to sort on
	at org.elasticsearch.search.sort.FieldSortBuilder.build(FieldSortBuilder.java:266) ~[elasticsearch-5.0.1.jar:5.0.1]
	at org.elasticsearch.search.sort.SortBuilder.buildSort(SortBuilder.java:151) ~[elasticsearch-5.0.1.jar:5.0.1]
	at org.elasticsearch.search.SearchService.parseSource(SearchService.java:678) ~[elasticsearch-5.0.1.jar:5.0.1]
	at org.elasticsearch.search.SearchService.createContext(SearchService.java:536) ~[elasticsearch-5.0.1.jar:5.0.1]
	at org.elasticsearch.search.SearchService.createAndPutContext(SearchService.java:502) ~[elasticsearch-5.0.1.jar:5.0.1]
	at org.elasticsearch.search.SearchService.executeQueryPhase(SearchService.java:243) ~[elasticsearch-5.0.1.jar:5.0.1]
	at org.elasticsearch.action.search.SearchTransportService.lambda$registerRequestHandler$6(SearchTransportService.java:276) ~[elasticsearch-5.0.1.jar:5.0.1]
	at org.elasticsearch.transport.TransportRequestHandler.messageReceived(TransportRequestHandler.java:33) ~[elasticsearch-5.0.1.jar:5.0.1]
	at org.elasticsearch.transport.RequestHandlerRegistry.processMessageReceived(RequestHandlerRegistry.java:69) ~[elasticsearch-5.0.1.jar:5.0.1]
	at org.elasticsearch.transport.TransportService$6.doRun(TransportService.java:548) [elasticsearch-5.0.1.jar:5.0.1]
	at org.elasticsearch.common.util.concurrent.ThreadContext$ContextPreservingAbstractRunnable.doRun(ThreadContext.java:520) [elasticsearch-5.0.1.jar:5.0.1]
	at org.elasticsearch.common.util.concurrent.AbstractRunnable.run(AbstractRunnable.java:37) [elasticsearch-5.0.1.jar:5.0.1]
	at java.util.concurrent.ThreadPoolExecutor.runWorker(ThreadPoolExecutor.java:1142) [?:1.8.0_111]
	at java.util.concurrent.ThreadPoolExecutor$Worker.run(ThreadPoolExecutor.java:617) [?:1.8.0_111]
	at java.lang.Thread.run(Thread.java:745) [?:1.8.0_111]
[2017-01-03T19:31:34,047][DEBUG][o.e.a.s.TransportSearchAction] [nwthU-R] [marca][2], node[nwthU-RSRJmrdHRK1B-nHg], [P], s[STARTED], a[id=S33cDvoCSHm5hNOOXJWdEA]: Failed to execute [SearchRequest{searchType=QUERY_THEN_FETCH, indices=[marca], indicesOptions=IndicesOptions[id=38, ignore_unavailable=false, allow_no_indices=true, expand_wildcards_open=true, expand_wildcards_closed=false, allow_alisases_to_multiple_indices=true, forbid_closed_indices=true], types=[sentiments], routing='null', preference='null', requestCache=null, scroll=null, source={
  "size" : 5000,
  "query" : {
    "match_all" : {
      "boost" : 1.0
    }
  },
  "_source" : {
    "includes" : [ ],
    "excludes" : [ ]
  },
  "stored_fields" : [
    "polarity",
    "@timestamp"
  ],
  "sort" : [
    {
      "@timestamp" : {
        "order" : "desc"
      }
    }
  ],
  "ext" : { }
}}] lastShard [true]
org.elasticsearch.transport.RemoteTransportException: [nwthU-R][127.0.0.1:9300][indices:data/read/search[phase/query]]
Caused by: org.elasticsearch.index.query.QueryShardException: No mapping found for [@timestamp] in order to sort on
	at org.elasticsearch.search.sort.FieldSortBuilder.build(FieldSortBuilder.java:266) ~[elasticsearch-5.0.1.jar:5.0.1]
	at org.elasticsearch.search.sort.SortBuilder.buildSort(SortBuilder.java:151) ~[elasticsearch-5.0.1.jar:5.0.1]
	at org.elasticsearch.search.SearchService.parseSource(SearchService.java:678) ~[elasticsearch-5.0.1.jar:5.0.1]
	at org.elasticsearch.search.SearchService.createContext(SearchService.java:536) ~[elasticsearch-5.0.1.jar:5.0.1]
	at org.elasticsearch.search.SearchService.createAndPutContext(SearchService.java:502) ~[elasticsearch-5.0.1.jar:5.0.1]
	at org.elasticsearch.search.SearchService.executeQueryPhase(SearchService.java:243) ~[elasticsearch-5.0.1.jar:5.0.1]
	at org.elasticsearch.action.search.SearchTransportService.lambda$registerRequestHandler$6(SearchTransportService.java:276) ~[elasticsearch-5.0.1.jar:5.0.1]
	at org.elasticsearch.transport.TransportRequestHandler.messageReceived(TransportRequestHandler.java:33) ~[elasticsearch-5.0.1.jar:5.0.1]
	at org.elasticsearch.transport.RequestHandlerRegistry.processMessageReceived(RequestHandlerRegistry.java:69) ~[elasticsearch-5.0.1.jar:5.0.1]
	at org.elasticsearch.transport.TransportService$6.doRun(TransportService.java:548) [elasticsearch-5.0.1.jar:5.0.1]
	at org.elasticsearch.common.util.concurrent.ThreadContext$ContextPreservingAbstractRunnable.doRun(ThreadContext.java:520) [elasticsearch-5.0.1.jar:5.0.1]
	at org.elasticsearch.common.util.concurrent.AbstractRunnable.run(AbstractRunnable.java:37) [elasticsearch-5.0.1.jar:5.0.1]
	at java.util.concurrent.ThreadPoolExecutor.runWorker(ThreadPoolExecutor.java:1142) [?:1.8.0_111]
	at java.util.concurrent.ThreadPoolExecutor$Worker.run(ThreadPoolExecutor.java:617) [?:1.8.0_111]
	at java.lang.Thread.run(Thread.java:745) [?:1.8.0_111]
[2017-01-03T19:31:36,215][DEBUG][o.e.a.s.TransportSearchAction] [nwthU-R] [marca][1], node[nwthU-RSRJmrdHRK1B-nHg], [P], s[STARTED], a[id=58hvANIKSpu2Hex6CZ35FA]: Failed to execute [SearchRequest{searchType=QUERY_THEN_FETCH, indices=[marca], indicesOptions=IndicesOptions[id=38, ignore_unavailable=false, allow_no_indices=true, expand_wildcards_open=true, expand_wildcards_closed=false, allow_alisases_to_multiple_indices=true, forbid_closed_indices=true], types=[sentiments], routing='null', preference='null', requestCache=null, scroll=null, source={
  "size" : 5000,
  "query" : {
    "match_all" : {
      "boost" : 1.0
    }
  },
  "_source" : {
    "includes" : [ ],
    "excludes" : [ ]
  },
  "stored_fields" : [
    "polarity",
    "@timestamp"
  ],
  "sort" : [
    {
      "@timestamp" : {
        "order" : "desc"
      }
    }
  ],
  "ext" : { }
}}] lastShard [true]
org.elasticsearch.transport.RemoteTransportException: [nwthU-R][127.0.0.1:9300][indices:data/read/search[phase/query]]
Caused by: org.elasticsearch.index.query.QueryShardException: No mapping found for [@timestamp] in order to sort on
	at org.elasticsearch.search.sort.FieldSortBuilder.build(FieldSortBuilder.java:266) ~[elasticsearch-5.0.1.jar:5.0.1]
	at org.elasticsearch.search.sort.SortBuilder.buildSort(SortBuilder.java:151) ~[elasticsearch-5.0.1.jar:5.0.1]
	at org.elasticsearch.search.SearchService.parseSource(SearchService.java:678) ~[elasticsearch-5.0.1.jar:5.0.1]
	at org.elasticsearch.search.SearchService.createContext(SearchService.java:536) ~[elasticsearch-5.0.1.jar:5.0.1]
	at org.elasticsearch.search.SearchService.createAndPutContext(SearchService.java:502) ~[elasticsearch-5.0.1.jar:5.0.1]
	at org.elasticsearch.search.SearchService.executeQueryPhase(SearchService.java:243) ~[elasticsearch-5.0.1.jar:5.0.1]
	at org.elasticsearch.action.search.SearchTransportService.lambda$registerRequestHandler$6(SearchTransportService.java:276) ~[elasticsearch-5.0.1.jar:5.0.1]
	at org.elasticsearch.transport.TransportRequestHandler.messageReceived(TransportRequestHandler.java:33) ~[elasticsearch-5.0.1.jar:5.0.1]
	at org.elasticsearch.transport.RequestHandlerRegistry.processMessageReceived(RequestHandlerRegistry.java:69) ~[elasticsearch-5.0.1.jar:5.0.1]
	at org.elasticsearch.transport.TransportService$6.doRun(TransportService.java:548) [elasticsearch-5.0.1.jar:5.0.1]
	at org.elasticsearch.common.util.concurrent.ThreadContext$ContextPreservingAbstractRunnable.doRun(ThreadContext.java:520) [elasticsearch-5.0.1.jar:5.0.1]
	at org.elasticsearch.common.util.concurrent.AbstractRunnable.run(AbstractRunnable.java:37) [elasticsearch-5.0.1.jar:5.0.1]
	at java.util.concurrent.ThreadPoolExecutor.runWorker(ThreadPoolExecutor.java:1142) [?:1.8.0_111]
	at java.util.concurrent.ThreadPoolExecutor$Worker.run(ThreadPoolExecutor.java:617) [?:1.8.0_111]
	at java.lang.Thread.run(Thread.java:745) [?:1.8.0_111]
[2017-01-03T19:31:36,216][DEBUG][o.e.a.s.TransportSearchAction] [nwthU-R] [marca][2], node[nwthU-RSRJmrdHRK1B-nHg], [P], s[STARTED], a[id=S33cDvoCSHm5hNOOXJWdEA]: Failed to execute [SearchRequest{searchType=QUERY_THEN_FETCH, indices=[marca], indicesOptions=IndicesOptions[id=38, ignore_unavailable=false, allow_no_indices=true, expand_wildcards_open=true, expand_wildcards_closed=false, allow_alisases_to_multiple_indices=true, forbid_closed_indices=true], types=[sentiments], routing='null', preference='null', requestCache=null, scroll=null, source={
  "size" : 5000,
  "query" : {
    "match_all" : {
      "boost" : 1.0
    }
  },
  "_source" : {
    "includes" : [ ],
    "excludes" : [ ]
  },
  "stored_fields" : [
    "polarity",
    "@timestamp"
  ],
  "sort" : [
    {
      "@timestamp" : {
        "order" : "desc"
      }
    }
  ],
  "ext" : { }
}}] lastShard [true]
org.elasticsearch.transport.RemoteTransportException: [nwthU-R][127.0.0.1:9300][indices:data/read/search[phase/query]]
Caused by: org.elasticsearch.index.query.QueryShardException: No mapping found for [@timestamp] in order to sort on
	at org.elasticsearch.search.sort.FieldSortBuilder.build(FieldSortBuilder.java:266) ~[elasticsearch-5.0.1.jar:5.0.1]
	at org.elasticsearch.search.sort.SortBuilder.buildSort(SortBuilder.java:151) ~[elasticsearch-5.0.1.jar:5.0.1]
	at org.elasticsearch.search.SearchService.parseSource(SearchService.java:678) ~[elasticsearch-5.0.1.jar:5.0.1]
	at org.elasticsearch.search.SearchService.createContext(SearchService.java:536) ~[elasticsearch-5.0.1.jar:5.0.1]
	at org.elasticsearch.search.SearchService.createAndPutContext(SearchService.java:502) ~[elasticsearch-5.0.1.jar:5.0.1]
	at org.elasticsearch.search.SearchService.executeQueryPhase(SearchService.java:243) ~[elasticsearch-5.0.1.jar:5.0.1]
	at org.elasticsearch.action.search.SearchTransportService.lambda$registerRequestHandler$6(SearchTransportService.java:276) ~[elasticsearch-5.0.1.jar:5.0.1]
	at org.elasticsearch.transport.TransportRequestHandler.messageReceived(TransportRequestHandler.java:33) ~[elasticsearch-5.0.1.jar:5.0.1]
	at org.elasticsearch.transport.RequestHandlerRegistry.processMessageReceived(RequestHandlerRegistry.java:69) ~[elasticsearch-5.0.1.jar:5.0.1]
	at org.elasticsearch.transport.TransportService$6.doRun(TransportService.java:548) [elasticsearch-5.0.1.jar:5.0.1]
	at org.elasticsearch.common.util.concurrent.ThreadContext$ContextPreservingAbstractRunnable.doRun(ThreadContext.java:520) [elasticsearch-5.0.1.jar:5.0.1]
	at org.elasticsearch.common.util.concurrent.AbstractRunnable.run(AbstractRunnable.java:37) [elasticsearch-5.0.1.jar:5.0.1]
	at java.util.concurrent.ThreadPoolExecutor.runWorker(ThreadPoolExecutor.java:1142) [?:1.8.0_111]
	at java.util.concurrent.ThreadPoolExecutor$Worker.run(ThreadPoolExecutor.java:617) [?:1.8.0_111]
	at java.lang.Thread.run(Thread.java:745) [?:1.8.0_111]
[2017-01-03T19:31:36,216][DEBUG][o.e.a.s.TransportSearchAction] [nwthU-R] [marca][4], node[nwthU-RSRJmrdHRK1B-nHg], [P], s[STARTED], a[id=5V2C6K-pTjmU9Yk58mMefA]: Failed to execute [SearchRequest{searchType=QUERY_THEN_FETCH, indices=[marca], indicesOptions=IndicesOptions[id=38, ignore_unavailable=false, allow_no_indices=true, expand_wildcards_open=true, expand_wildcards_closed=false, allow_alisases_to_multiple_indices=true, forbid_closed_indices=true], types=[sentiments], routing='null', preference='null', requestCache=null, scroll=null, source={
  "size" : 5000,
  "query" : {
    "match_all" : {
      "boost" : 1.0
    }
  },
  "_source" : {
    "includes" : [ ],
    "excludes" : [ ]
  },
  "stored_fields" : [
    "polarity",
    "@timestamp"
  ],
  "sort" : [
    {
      "@timestamp" : {
        "order" : "desc"
      }
    }
  ],
  "ext" : { }
}}]
org.elasticsearch.transport.RemoteTransportException: [nwthU-R][127.0.0.1:9300][indices:data/read/search[phase/query]]
Caused by: org.elasticsearch.index.query.QueryShardException: No mapping found for [@timestamp] in order to sort on
	at org.elasticsearch.search.sort.FieldSortBuilder.build(FieldSortBuilder.java:266) ~[elasticsearch-5.0.1.jar:5.0.1]
	at org.elasticsearch.search.sort.SortBuilder.buildSort(SortBuilder.java:151) ~[elasticsearch-5.0.1.jar:5.0.1]
	at org.elasticsearch.search.SearchService.parseSource(SearchService.java:678) ~[elasticsearch-5.0.1.jar:5.0.1]
	at org.elasticsearch.search.SearchService.createContext(SearchService.java:536) ~[elasticsearch-5.0.1.jar:5.0.1]
	at org.elasticsearch.search.SearchService.createAndPutContext(SearchService.java:502) ~[elasticsearch-5.0.1.jar:5.0.1]
	at org.elasticsearch.search.SearchService.executeQueryPhase(SearchService.java:243) ~[elasticsearch-5.0.1.jar:5.0.1]
	at org.elasticsearch.action.search.SearchTransportService.lambda$registerRequestHandler$6(SearchTransportService.java:276) ~[elasticsearch-5.0.1.jar:5.0.1]
	at org.elasticsearch.transport.TransportRequestHandler.messageReceived(TransportRequestHandler.java:33) ~[elasticsearch-5.0.1.jar:5.0.1]
	at org.elasticsearch.transport.RequestHandlerRegistry.processMessageReceived(RequestHandlerRegistry.java:69) ~[elasticsearch-5.0.1.jar:5.0.1]
	at org.elasticsearch.transport.TransportService$6.doRun(TransportService.java:548) [elasticsearch-5.0.1.jar:5.0.1]
	at org.elasticsearch.common.util.concurrent.ThreadContext$ContextPreservingAbstractRunnable.doRun(ThreadContext.java:520) [elasticsearch-5.0.1.jar:5.0.1]
	at org.elasticsearch.common.util.concurrent.AbstractRunnable.run(AbstractRunnable.java:37) [elasticsearch-5.0.1.jar:5.0.1]
	at java.util.concurrent.ThreadPoolExecutor.runWorker(ThreadPoolExecutor.java:1142) [?:1.8.0_111]
	at java.util.concurrent.ThreadPoolExecutor$Worker.run(ThreadPoolExecutor.java:617) [?:1.8.0_111]
	at java.lang.Thread.run(Thread.java:745) [?:1.8.0_111]
[2017-01-03T19:31:36,220][DEBUG][o.e.a.s.TransportSearchAction] [nwthU-R] All shards failed for phase: [query]
org.elasticsearch.transport.RemoteTransportException: [nwthU-R][127.0.0.1:9300][indices:data/read/search[phase/query]]
Caused by: org.elasticsearch.index.query.QueryShardException: No mapping found for [@timestamp] in order to sort on
	at org.elasticsearch.search.sort.FieldSortBuilder.build(FieldSortBuilder.java:266) ~[elasticsearch-5.0.1.jar:5.0.1]
	at org.elasticsearch.search.sort.SortBuilder.buildSort(SortBuilder.java:151) ~[elasticsearch-5.0.1.jar:5.0.1]
	at org.elasticsearch.search.SearchService.parseSource(SearchService.java:678) ~[elasticsearch-5.0.1.jar:5.0.1]
	at org.elasticsearch.search.SearchService.createContext(SearchService.java:536) ~[elasticsearch-5.0.1.jar:5.0.1]
	at org.elasticsearch.search.SearchService.createAndPutContext(SearchService.java:502) ~[elasticsearch-5.0.1.jar:5.0.1]
	at org.elasticsearch.search.SearchService.executeQueryPhase(SearchService.java:243) ~[elasticsearch-5.0.1.jar:5.0.1]
	at org.elasticsearch.action.search.SearchTransportService.lambda$registerRequestHandler$6(SearchTransportService.java:276) ~[elasticsearch-5.0.1.jar:5.0.1]
	at org.elasticsearch.transport.TransportRequestHandler.messageReceived(TransportRequestHandler.java:33) ~[elasticsearch-5.0.1.jar:5.0.1]
	at org.elasticsearch.transport.RequestHandlerRegistry.processMessageReceived(RequestHandlerRegistry.java:69) ~[elasticsearch-5.0.1.jar:5.0.1]
	at org.elasticsearch.transport.TransportService$6.doRun(TransportService.java:548) [elasticsearch-5.0.1.jar:5.0.1]
	at org.elasticsearch.common.util.concurrent.ThreadContext$ContextPreservingAbstractRunnable.doRun(ThreadContext.java:520) [elasticsearch-5.0.1.jar:5.0.1]
	at org.elasticsearch.common.util.concurrent.AbstractRunnable.run(AbstractRunnable.java:37) [elasticsearch-5.0.1.jar:5.0.1]
	at java.util.concurrent.ThreadPoolExecutor.runWorker(ThreadPoolExecutor.java:1142) [?:1.8.0_111]
	at java.util.concurrent.ThreadPoolExecutor$Worker.run(ThreadPoolExecutor.java:617) [?:1.8.0_111]
	at java.lang.Thread.run(Thread.java:745) [?:1.8.0_111]
[2017-01-03T19:31:36,215][DEBUG][o.e.a.s.TransportSearchAction] [nwthU-R] [marca][3], node[nwthU-RSRJmrdHRK1B-nHg], [P], s[STARTED], a[id=FYom8pe_QlShLKke7MUKFg]: Failed to execute [SearchRequest{searchType=QUERY_THEN_FETCH, indices=[marca], indicesOptions=IndicesOptions[id=38, ignore_unavailable=false, allow_no_indices=true, expand_wildcards_open=true, expand_wildcards_closed=false, allow_alisases_to_multiple_indices=true, forbid_closed_indices=true], types=[sentiments], routing='null', preference='null', requestCache=null, scroll=null, source={
  "size" : 5000,
  "query" : {
    "match_all" : {
      "boost" : 1.0
    }
  },
  "_source" : {
    "includes" : [ ],
    "excludes" : [ ]
  },
  "stored_fields" : [
    "polarity",
    "@timestamp"
  ],
  "sort" : [
    {
      "@timestamp" : {
        "order" : "desc"
      }
    }
  ],
  "ext" : { }
}}] lastShard [true]
org.elasticsearch.transport.RemoteTransportException: [nwthU-R][127.0.0.1:9300][indices:data/read/search[phase/query]]
Caused by: org.elasticsearch.index.query.QueryShardException: No mapping found for [@timestamp] in order to sort on
	at org.elasticsearch.search.sort.FieldSortBuilder.build(FieldSortBuilder.java:266) ~[elasticsearch-5.0.1.jar:5.0.1]
	at org.elasticsearch.search.sort.SortBuilder.buildSort(SortBuilder.java:151) ~[elasticsearch-5.0.1.jar:5.0.1]
	at org.elasticsearch.search.SearchService.parseSource(SearchService.java:678) ~[elasticsearch-5.0.1.jar:5.0.1]
	at org.elasticsearch.search.SearchService.createContext(SearchService.java:536) ~[elasticsearch-5.0.1.jar:5.0.1]
	at org.elasticsearch.search.SearchService.createAndPutContext(SearchService.java:502) ~[elasticsearch-5.0.1.jar:5.0.1]
	at org.elasticsearch.search.SearchService.executeQueryPhase(SearchService.java:243) ~[elasticsearch-5.0.1.jar:5.0.1]
	at org.elasticsearch.action.search.SearchTransportService.lambda$registerRequestHandler$6(SearchTransportService.java:276) ~[elasticsearch-5.0.1.jar:5.0.1]
	at org.elasticsearch.transport.TransportRequestHandler.messageReceived(TransportRequestHandler.java:33) ~[elasticsearch-5.0.1.jar:5.0.1]
	at org.elasticsearch.transport.RequestHandlerRegistry.processMessageReceived(RequestHandlerRegistry.java:69) ~[elasticsearch-5.0.1.jar:5.0.1]
	at org.elasticsearch.transport.TransportService$6.doRun(TransportService.java:548) [elasticsearch-5.0.1.jar:5.0.1]
	at org.elasticsearch.common.util.concurrent.ThreadContext$ContextPreservingAbstractRunnable.doRun(ThreadContext.java:520) [elasticsearch-5.0.1.jar:5.0.1]
	at org.elasticsearch.common.util.concurrent.AbstractRunnable.run(AbstractRunnable.java:37) [elasticsearch-5.0.1.jar:5.0.1]
	at java.util.concurrent.ThreadPoolExecutor.runWorker(ThreadPoolExecutor.java:1142) [?:1.8.0_111]
	at java.util.concurrent.ThreadPoolExecutor$Worker.run(ThreadPoolExecutor.java:617) [?:1.8.0_111]
	at java.lang.Thread.run(Thread.java:745) [?:1.8.0_111]
[2017-01-03T19:31:36,215][DEBUG][o.e.a.s.TransportSearchAction] [nwthU-R] [marca][0], node[nwthU-RSRJmrdHRK1B-nHg], [P], s[STARTED], a[id=bjZg21XtTGGcFH0Of9cZ0g]: Failed to execute [SearchRequest{searchType=QUERY_THEN_FETCH, indices=[marca], indicesOptions=IndicesOptions[id=38, ignore_unavailable=false, allow_no_indices=true, expand_wildcards_open=true, expand_wildcards_closed=false, allow_alisases_to_multiple_indices=true, forbid_closed_indices=true], types=[sentiments], routing='null', preference='null', requestCache=null, scroll=null, source={
  "size" : 5000,
  "query" : {
    "match_all" : {
      "boost" : 1.0
    }
  },
  "_source" : {
    "includes" : [ ],
    "excludes" : [ ]
  },
  "stored_fields" : [
    "polarity",
    "@timestamp"
  ],
  "sort" : [
    {
      "@timestamp" : {
        "order" : "desc"
      }
    }
  ],
  "ext" : { }
}}] lastShard [true]
org.elasticsearch.transport.RemoteTransportException: [nwthU-R][127.0.0.1:9300][indices:data/read/search[phase/query]]
Caused by: org.elasticsearch.index.query.QueryShardException: No mapping found for [@timestamp] in order to sort on
	at org.elasticsearch.search.sort.FieldSortBuilder.build(FieldSortBuilder.java:266) ~[elasticsearch-5.0.1.jar:5.0.1]
	at org.elasticsearch.search.sort.SortBuilder.buildSort(SortBuilder.java:151) ~[elasticsearch-5.0.1.jar:5.0.1]
	at org.elasticsearch.search.SearchService.parseSource(SearchService.java:678) ~[elasticsearch-5.0.1.jar:5.0.1]
	at org.elasticsearch.search.SearchService.createContext(SearchService.java:536) ~[elasticsearch-5.0.1.jar:5.0.1]
	at org.elasticsearch.search.SearchService.createAndPutContext(SearchService.java:502) ~[elasticsearch-5.0.1.jar:5.0.1]
	at org.elasticsearch.search.SearchService.executeQueryPhase(SearchService.java:243) ~[elasticsearch-5.0.1.jar:5.0.1]
	at org.elasticsearch.action.search.SearchTransportService.lambda$registerRequestHandler$6(SearchTransportService.java:276) ~[elasticsearch-5.0.1.jar:5.0.1]
	at org.elasticsearch.transport.TransportRequestHandler.messageReceived(TransportRequestHandler.java:33) ~[elasticsearch-5.0.1.jar:5.0.1]
	at org.elasticsearch.transport.RequestHandlerRegistry.processMessageReceived(RequestHandlerRegistry.java:69) ~[elasticsearch-5.0.1.jar:5.0.1]
	at org.elasticsearch.transport.TransportService$6.doRun(TransportService.java:548) [elasticsearch-5.0.1.jar:5.0.1]
	at org.elasticsearch.common.util.concurrent.ThreadContext$ContextPreservingAbstractRunnable.doRun(ThreadContext.java:520) [elasticsearch-5.0.1.jar:5.0.1]
	at org.elasticsearch.common.util.concurrent.AbstractRunnable.run(AbstractRunnable.java:37) [elasticsearch-5.0.1.jar:5.0.1]
	at java.util.concurrent.ThreadPoolExecutor.runWorker(ThreadPoolExecutor.java:1142) [?:1.8.0_111]
	at java.util.concurrent.ThreadPoolExecutor$Worker.run(ThreadPoolExecutor.java:617) [?:1.8.0_111]
	at java.lang.Thread.run(Thread.java:745) [?:1.8.0_111]
[2017-01-03T19:31:37,018][DEBUG][o.e.a.s.TransportSearchAction] [nwthU-R] [marca][2], node[nwthU-RSRJmrdHRK1B-nHg], [P], s[STARTED], a[id=S33cDvoCSHm5hNOOXJWdEA]: Failed to execute [SearchRequest{searchType=QUERY_THEN_FETCH, indices=[marca], indicesOptions=IndicesOptions[id=38, ignore_unavailable=false, allow_no_indices=true, expand_wildcards_open=true, expand_wildcards_closed=false, allow_alisases_to_multiple_indices=true, forbid_closed_indices=true], types=[sentiments], routing='null', preference='null', requestCache=null, scroll=null, source={
  "size" : 5000,
  "query" : {
    "match_all" : {
      "boost" : 1.0
    }
  },
  "_source" : {
    "includes" : [ ],
    "excludes" : [ ]
  },
  "stored_fields" : [
    "polarity",
    "@timestamp"
  ],
  "sort" : [
    {
      "@timestamp" : {
        "order" : "desc"
      }
    }
  ],
  "ext" : { }
}}] lastShard [true]
org.elasticsearch.transport.RemoteTransportException: [nwthU-R][127.0.0.1:9300][indices:data/read/search[phase/query]]
Caused by: org.elasticsearch.index.query.QueryShardException: No mapping found for [@timestamp] in order to sort on
	at org.elasticsearch.search.sort.FieldSortBuilder.build(FieldSortBuilder.java:266) ~[elasticsearch-5.0.1.jar:5.0.1]
	at org.elasticsearch.search.sort.SortBuilder.buildSort(SortBuilder.java:151) ~[elasticsearch-5.0.1.jar:5.0.1]
	at org.elasticsearch.search.SearchService.parseSource(SearchService.java:678) ~[elasticsearch-5.0.1.jar:5.0.1]
	at org.elasticsearch.search.SearchService.createContext(SearchService.java:536) ~[elasticsearch-5.0.1.jar:5.0.1]
	at org.elasticsearch.search.SearchService.createAndPutContext(SearchService.java:502) ~[elasticsearch-5.0.1.jar:5.0.1]
	at org.elasticsearch.search.SearchService.executeQueryPhase(SearchService.java:243) ~[elasticsearch-5.0.1.jar:5.0.1]
	at org.elasticsearch.action.search.SearchTransportService.lambda$registerRequestHandler$6(SearchTransportService.java:276) ~[elasticsearch-5.0.1.jar:5.0.1]
	at org.elasticsearch.transport.TransportRequestHandler.messageReceived(TransportRequestHandler.java:33) ~[elasticsearch-5.0.1.jar:5.0.1]
	at org.elasticsearch.transport.RequestHandlerRegistry.processMessageReceived(RequestHandlerRegistry.java:69) ~[elasticsearch-5.0.1.jar:5.0.1]
	at org.elasticsearch.transport.TransportService$6.doRun(TransportService.java:548) [elasticsearch-5.0.1.jar:5.0.1]
	at org.elasticsearch.common.util.concurrent.ThreadContext$ContextPreservingAbstractRunnable.doRun(ThreadContext.java:520) [elasticsearch-5.0.1.jar:5.0.1]
	at org.elasticsearch.common.util.concurrent.AbstractRunnable.run(AbstractRunnable.java:37) [elasticsearch-5.0.1.jar:5.0.1]
	at java.util.concurrent.ThreadPoolExecutor.runWorker(ThreadPoolExecutor.java:1142) [?:1.8.0_111]
	at java.util.concurrent.ThreadPoolExecutor$Worker.run(ThreadPoolExecutor.java:617) [?:1.8.0_111]
	at java.lang.Thread.run(Thread.java:745) [?:1.8.0_111]
[2017-01-03T19:31:37,019][DEBUG][o.e.a.s.TransportSearchAction] [nwthU-R] [marca][1], node[nwthU-RSRJmrdHRK1B-nHg], [P], s[STARTED], a[id=58hvANIKSpu2Hex6CZ35FA]: Failed to execute [SearchRequest{searchType=QUERY_THEN_FETCH, indices=[marca], indicesOptions=IndicesOptions[id=38, ignore_unavailable=false, allow_no_indices=true, expand_wildcards_open=true, expand_wildcards_closed=false, allow_alisases_to_multiple_indices=true, forbid_closed_indices=true], types=[sentiments], routing='null', preference='null', requestCache=null, scroll=null, source={
  "size" : 5000,
  "query" : {
    "match_all" : {
      "boost" : 1.0
    }
  },
  "_source" : {
    "includes" : [ ],
    "excludes" : [ ]
  },
  "stored_fields" : [
    "polarity",
    "@timestamp"
  ],
  "sort" : [
    {
      "@timestamp" : {
        "order" : "desc"
      }
    }
  ],
  "ext" : { }
}}] lastShard [true]
org.elasticsearch.transport.RemoteTransportException: [nwthU-R][127.0.0.1:9300][indices:data/read/search[phase/query]]
Caused by: org.elasticsearch.index.query.QueryShardException: No mapping found for [@timestamp] in order to sort on
	at org.elasticsearch.search.sort.FieldSortBuilder.build(FieldSortBuilder.java:266) ~[elasticsearch-5.0.1.jar:5.0.1]
	at org.elasticsearch.search.sort.SortBuilder.buildSort(SortBuilder.java:151) ~[elasticsearch-5.0.1.jar:5.0.1]
	at org.elasticsearch.search.SearchService.parseSource(SearchService.java:678) ~[elasticsearch-5.0.1.jar:5.0.1]
	at org.elasticsearch.search.SearchService.createContext(SearchService.java:536) ~[elasticsearch-5.0.1.jar:5.0.1]
	at org.elasticsearch.search.SearchService.createAndPutContext(SearchService.java:502) ~[elasticsearch-5.0.1.jar:5.0.1]
	at org.elasticsearch.search.SearchService.executeQueryPhase(SearchService.java:243) ~[elasticsearch-5.0.1.jar:5.0.1]
	at org.elasticsearch.action.search.SearchTransportService.lambda$registerRequestHandler$6(SearchTransportService.java:276) ~[elasticsearch-5.0.1.jar:5.0.1]
	at org.elasticsearch.transport.TransportRequestHandler.messageReceived(TransportRequestHandler.java:33) ~[elasticsearch-5.0.1.jar:5.0.1]
	at org.elasticsearch.transport.RequestHandlerRegistry.processMessageReceived(RequestHandlerRegistry.java:69) ~[elasticsearch-5.0.1.jar:5.0.1]
	at org.elasticsearch.transport.TransportService$6.doRun(TransportService.java:548) [elasticsearch-5.0.1.jar:5.0.1]
	at org.elasticsearch.common.util.concurrent.ThreadContext$ContextPreservingAbstractRunnable.doRun(ThreadContext.java:520) [elasticsearch-5.0.1.jar:5.0.1]
	at org.elasticsearch.common.util.concurrent.AbstractRunnable.run(AbstractRunnable.java:37) [elasticsearch-5.0.1.jar:5.0.1]
	at java.util.concurrent.ThreadPoolExecutor.runWorker(ThreadPoolExecutor.java:1142) [?:1.8.0_111]
	at java.util.concurrent.ThreadPoolExecutor$Worker.run(ThreadPoolExecutor.java:617) [?:1.8.0_111]
	at java.lang.Thread.run(Thread.java:745) [?:1.8.0_111]
[2017-01-03T19:31:37,019][DEBUG][o.e.a.s.TransportSearchAction] [nwthU-R] [marca][0], node[nwthU-RSRJmrdHRK1B-nHg], [P], s[STARTED], a[id=bjZg21XtTGGcFH0Of9cZ0g]: Failed to execute [SearchRequest{searchType=QUERY_THEN_FETCH, indices=[marca], indicesOptions=IndicesOptions[id=38, ignore_unavailable=false, allow_no_indices=true, expand_wildcards_open=true, expand_wildcards_closed=false, allow_alisases_to_multiple_indices=true, forbid_closed_indices=true], types=[sentiments], routing='null', preference='null', requestCache=null, scroll=null, source={
  "size" : 5000,
  "query" : {
    "match_all" : {
      "boost" : 1.0
    }
  },
  "_source" : {
    "includes" : [ ],
    "excludes" : [ ]
  },
  "stored_fields" : [
    "polarity",
    "@timestamp"
  ],
  "sort" : [
    {
      "@timestamp" : {
        "order" : "desc"
      }
    }
  ],
  "ext" : { }
}}] lastShard [true]
org.elasticsearch.transport.RemoteTransportException: [nwthU-R][127.0.0.1:9300][indices:data/read/search[phase/query]]
Caused by: org.elasticsearch.index.query.QueryShardException: No mapping found for [@timestamp] in order to sort on
	at org.elasticsearch.search.sort.FieldSortBuilder.build(FieldSortBuilder.java:266) ~[elasticsearch-5.0.1.jar:5.0.1]
	at org.elasticsearch.search.sort.SortBuilder.buildSort(SortBuilder.java:151) ~[elasticsearch-5.0.1.jar:5.0.1]
	at org.elasticsearch.search.SearchService.parseSource(SearchService.java:678) ~[elasticsearch-5.0.1.jar:5.0.1]
	at org.elasticsearch.search.SearchService.createContext(SearchService.java:536) ~[elasticsearch-5.0.1.jar:5.0.1]
	at org.elasticsearch.search.SearchService.createAndPutContext(SearchService.java:502) ~[elasticsearch-5.0.1.jar:5.0.1]
	at org.elasticsearch.search.SearchService.executeQueryPhase(SearchService.java:243) ~[elasticsearch-5.0.1.jar:5.0.1]
	at org.elasticsearch.action.search.SearchTransportService.lambda$registerRequestHandler$6(SearchTransportService.java:276) ~[elasticsearch-5.0.1.jar:5.0.1]
	at org.elasticsearch.transport.TransportRequestHandler.messageReceived(TransportRequestHandler.java:33) ~[elasticsearch-5.0.1.jar:5.0.1]
	at org.elasticsearch.transport.RequestHandlerRegistry.processMessageReceived(RequestHandlerRegistry.java:69) ~[elasticsearch-5.0.1.jar:5.0.1]
	at org.elasticsearch.transport.TransportService$6.doRun(TransportService.java:548) [elasticsearch-5.0.1.jar:5.0.1]
	at org.elasticsearch.common.util.concurrent.ThreadContext$ContextPreservingAbstractRunnable.doRun(ThreadContext.java:520) [elasticsearch-5.0.1.jar:5.0.1]
	at org.elasticsearch.common.util.concurrent.AbstractRunnable.run(AbstractRunnable.java:37) [elasticsearch-5.0.1.jar:5.0.1]
	at java.util.concurrent.ThreadPoolExecutor.runWorker(ThreadPoolExecutor.java:1142) [?:1.8.0_111]
	at java.util.concurrent.ThreadPoolExecutor$Worker.run(ThreadPoolExecutor.java:617) [?:1.8.0_111]
	at java.lang.Thread.run(Thread.java:745) [?:1.8.0_111]
[2017-01-03T19:31:37,018][DEBUG][o.e.a.s.TransportSearchAction] [nwthU-R] [marca][3], node[nwthU-RSRJmrdHRK1B-nHg], [P], s[STARTED], a[id=FYom8pe_QlShLKke7MUKFg]: Failed to execute [SearchRequest{searchType=QUERY_THEN_FETCH, indices=[marca], indicesOptions=IndicesOptions[id=38, ignore_unavailable=false, allow_no_indices=true, expand_wildcards_open=true, expand_wildcards_closed=false, allow_alisases_to_multiple_indices=true, forbid_closed_indices=true], types=[sentiments], routing='null', preference='null', requestCache=null, scroll=null, source={
  "size" : 5000,
  "query" : {
    "match_all" : {
      "boost" : 1.0
    }
  },
  "_source" : {
    "includes" : [ ],
    "excludes" : [ ]
  },
  "stored_fields" : [
    "polarity",
    "@timestamp"
  ],
  "sort" : [
    {
      "@timestamp" : {
        "order" : "desc"
      }
    }
  ],
  "ext" : { }
}}] lastShard [true]
org.elasticsearch.transport.RemoteTransportException: [nwthU-R][127.0.0.1:9300][indices:data/read/search[phase/query]]
Caused by: org.elasticsearch.index.query.QueryShardException: No mapping found for [@timestamp] in order to sort on
	at org.elasticsearch.search.sort.FieldSortBuilder.build(FieldSortBuilder.java:266) ~[elasticsearch-5.0.1.jar:5.0.1]
	at org.elasticsearch.search.sort.SortBuilder.buildSort(SortBuilder.java:151) ~[elasticsearch-5.0.1.jar:5.0.1]
	at org.elasticsearch.search.SearchService.parseSource(SearchService.java:678) ~[elasticsearch-5.0.1.jar:5.0.1]
	at org.elasticsearch.search.SearchService.createContext(SearchService.java:536) ~[elasticsearch-5.0.1.jar:5.0.1]
	at org.elasticsearch.search.SearchService.createAndPutContext(SearchService.java:502) ~[elasticsearch-5.0.1.jar:5.0.1]
	at org.elasticsearch.search.SearchService.executeQueryPhase(SearchService.java:243) ~[elasticsearch-5.0.1.jar:5.0.1]
	at org.elasticsearch.action.search.SearchTransportService.lambda$registerRequestHandler$6(SearchTransportService.java:276) ~[elasticsearch-5.0.1.jar:5.0.1]
	at org.elasticsearch.transport.TransportRequestHandler.messageReceived(TransportRequestHandler.java:33) ~[elasticsearch-5.0.1.jar:5.0.1]
	at org.elasticsearch.transport.RequestHandlerRegistry.processMessageReceived(RequestHandlerRegistry.java:69) ~[elasticsearch-5.0.1.jar:5.0.1]
	at org.elasticsearch.transport.TransportService$6.doRun(TransportService.java:548) [elasticsearch-5.0.1.jar:5.0.1]
	at org.elasticsearch.common.util.concurrent.ThreadContext$ContextPreservingAbstractRunnable.doRun(ThreadContext.java:520) [elasticsearch-5.0.1.jar:5.0.1]
	at org.elasticsearch.common.util.concurrent.AbstractRunnable.run(AbstractRunnable.java:37) [elasticsearch-5.0.1.jar:5.0.1]
	at java.util.concurrent.ThreadPoolExecutor.runWorker(ThreadPoolExecutor.java:1142) [?:1.8.0_111]
	at java.util.concurrent.ThreadPoolExecutor$Worker.run(ThreadPoolExecutor.java:617) [?:1.8.0_111]
	at java.lang.Thread.run(Thread.java:745) [?:1.8.0_111]
[2017-01-03T19:31:37,018][DEBUG][o.e.a.s.TransportSearchAction] [nwthU-R] [marca][4], node[nwthU-RSRJmrdHRK1B-nHg], [P], s[STARTED], a[id=5V2C6K-pTjmU9Yk58mMefA]: Failed to execute [SearchRequest{searchType=QUERY_THEN_FETCH, indices=[marca], indicesOptions=IndicesOptions[id=38, ignore_unavailable=false, allow_no_indices=true, expand_wildcards_open=true, expand_wildcards_closed=false, allow_alisases_to_multiple_indices=true, forbid_closed_indices=true], types=[sentiments], routing='null', preference='null', requestCache=null, scroll=null, source={
  "size" : 5000,
  "query" : {
    "match_all" : {
      "boost" : 1.0
    }
  },
  "_source" : {
    "includes" : [ ],
    "excludes" : [ ]
  },
  "stored_fields" : [
    "polarity",
    "@timestamp"
  ],
  "sort" : [
    {
      "@timestamp" : {
        "order" : "desc"
      }
    }
  ],
  "ext" : { }
}}]
org.elasticsearch.transport.RemoteTransportException: [nwthU-R][127.0.0.1:9300][indices:data/read/search[phase/query]]
Caused by: org.elasticsearch.index.query.QueryShardException: No mapping found for [@timestamp] in order to sort on
	at org.elasticsearch.search.sort.FieldSortBuilder.build(FieldSortBuilder.java:266) ~[elasticsearch-5.0.1.jar:5.0.1]
	at org.elasticsearch.search.sort.SortBuilder.buildSort(SortBuilder.java:151) ~[elasticsearch-5.0.1.jar:5.0.1]
	at org.elasticsearch.search.SearchService.parseSource(SearchService.java:678) ~[elasticsearch-5.0.1.jar:5.0.1]
	at org.elasticsearch.search.SearchService.createContext(SearchService.java:536) ~[elasticsearch-5.0.1.jar:5.0.1]
	at org.elasticsearch.search.SearchService.createAndPutContext(SearchService.java:502) ~[elasticsearch-5.0.1.jar:5.0.1]
	at org.elasticsearch.search.SearchService.executeQueryPhase(SearchService.java:243) ~[elasticsearch-5.0.1.jar:5.0.1]
	at org.elasticsearch.action.search.SearchTransportService.lambda$registerRequestHandler$6(SearchTransportService.java:276) ~[elasticsearch-5.0.1.jar:5.0.1]
	at org.elasticsearch.transport.TransportRequestHandler.messageReceived(TransportRequestHandler.java:33) ~[elasticsearch-5.0.1.jar:5.0.1]
	at org.elasticsearch.transport.RequestHandlerRegistry.processMessageReceived(RequestHandlerRegistry.java:69) ~[elasticsearch-5.0.1.jar:5.0.1]
	at org.elasticsearch.transport.TransportService$6.doRun(TransportService.java:548) [elasticsearch-5.0.1.jar:5.0.1]
	at org.elasticsearch.common.util.concurrent.ThreadContext$ContextPreservingAbstractRunnable.doRun(ThreadContext.java:520) [elasticsearch-5.0.1.jar:5.0.1]
	at org.elasticsearch.common.util.concurrent.AbstractRunnable.run(AbstractRunnable.java:37) [elasticsearch-5.0.1.jar:5.0.1]
	at java.util.concurrent.ThreadPoolExecutor.runWorker(ThreadPoolExecutor.java:1142) [?:1.8.0_111]
	at java.util.concurrent.ThreadPoolExecutor$Worker.run(ThreadPoolExecutor.java:617) [?:1.8.0_111]
	at java.lang.Thread.run(Thread.java:745) [?:1.8.0_111]
[2017-01-03T19:31:37,023][DEBUG][o.e.a.s.TransportSearchAction] [nwthU-R] All shards failed for phase: [query]
org.elasticsearch.transport.RemoteTransportException: [nwthU-R][127.0.0.1:9300][indices:data/read/search[phase/query]]
Caused by: org.elasticsearch.index.query.QueryShardException: No mapping found for [@timestamp] in order to sort on
	at org.elasticsearch.search.sort.FieldSortBuilder.build(FieldSortBuilder.java:266) ~[elasticsearch-5.0.1.jar:5.0.1]
	at org.elasticsearch.search.sort.SortBuilder.buildSort(SortBuilder.java:151) ~[elasticsearch-5.0.1.jar:5.0.1]
	at org.elasticsearch.search.SearchService.parseSource(SearchService.java:678) ~[elasticsearch-5.0.1.jar:5.0.1]
	at org.elasticsearch.search.SearchService.createContext(SearchService.java:536) ~[elasticsearch-5.0.1.jar:5.0.1]
	at org.elasticsearch.search.SearchService.createAndPutContext(SearchService.java:502) ~[elasticsearch-5.0.1.jar:5.0.1]
	at org.elasticsearch.search.SearchService.executeQueryPhase(SearchService.java:243) ~[elasticsearch-5.0.1.jar:5.0.1]
	at org.elasticsearch.action.search.SearchTransportService.lambda$registerRequestHandler$6(SearchTransportService.java:276) ~[elasticsearch-5.0.1.jar:5.0.1]
	at org.elasticsearch.transport.TransportRequestHandler.messageReceived(TransportRequestHandler.java:33) ~[elasticsearch-5.0.1.jar:5.0.1]
	at org.elasticsearch.transport.RequestHandlerRegistry.processMessageReceived(RequestHandlerRegistry.java:69) ~[elasticsearch-5.0.1.jar:5.0.1]
	at org.elasticsearch.transport.TransportService$6.doRun(TransportService.java:548) [elasticsearch-5.0.1.jar:5.0.1]
	at org.elasticsearch.common.util.concurrent.ThreadContext$ContextPreservingAbstractRunnable.doRun(ThreadContext.java:520) [elasticsearch-5.0.1.jar:5.0.1]
	at org.elasticsearch.common.util.concurrent.AbstractRunnable.run(AbstractRunnable.java:37) [elasticsearch-5.0.1.jar:5.0.1]
	at java.util.concurrent.ThreadPoolExecutor.runWorker(ThreadPoolExecutor.java:1142) [?:1.8.0_111]
	at java.util.concurrent.ThreadPoolExecutor$Worker.run(ThreadPoolExecutor.java:617) [?:1.8.0_111]
	at java.lang.Thread.run(Thread.java:745) [?:1.8.0_111]
[2017-01-03T22:58:16,366][INFO ][o.e.n.Node               ] [nwthU-R] stopping ...
[2017-01-03T22:58:16,467][INFO ][o.e.n.Node               ] [nwthU-R] stopped
[2017-01-03T22:58:16,467][INFO ][o.e.n.Node               ] [nwthU-R] closing ...
[2017-01-03T22:58:16,481][INFO ][o.e.n.Node               ] [nwthU-R] closed
